<?xml version="1.0" encoding="UTF-8"?>
<testExecutions version="1">
  <file path="/home/osarugue-enehizena/Documents/code-projects/work/creativeferry/forage/forage-stores-backend/test/admin.e2e-spec.ts">
    <testCase name="Admin Module (e2e) Admin Authentication &amp; Registration should register admin user successfully" duration="138">
      <failure message="Error: expected 201 &quot;Created&quot;, got 400 &quot;Bad Request&quot;"><![CDATA[Error: expected 201 "Created", got 400 "Bad Request"
    at Object.<anonymous> (/home/osarugue-enehizena/Documents/code-projects/work/creativeferry/forage/forage-stores-backend/test/admin.e2e-spec.ts:103:10)
    at Promise.then.completed (/home/osarugue-enehizena/Documents/code-projects/work/creativeferry/forage/forage-stores-backend/node_modules/jest-circus/build/utils.js:298:28)
    at new Promise (<anonymous>)
    at callAsyncCircusFn (/home/osarugue-enehizena/Documents/code-projects/work/creativeferry/forage/forage-stores-backend/node_modules/jest-circus/build/utils.js:231:10)
    at _callCircusTest (/home/osarugue-enehizena/Documents/code-projects/work/creativeferry/forage/forage-stores-backend/node_modules/jest-circus/build/run.js:316:40)
    at processTicksAndRejections (node:internal/process/task_queues:95:5)
    at _runTest (/home/osarugue-enehizena/Documents/code-projects/work/creativeferry/forage/forage-stores-backend/node_modules/jest-circus/build/run.js:252:3)
    at _runTestsForDescribeBlock (/home/osarugue-enehizena/Documents/code-projects/work/creativeferry/forage/forage-stores-backend/node_modules/jest-circus/build/run.js:126:9)
    at _runTestsForDescribeBlock (/home/osarugue-enehizena/Documents/code-projects/work/creativeferry/forage/forage-stores-backend/node_modules/jest-circus/build/run.js:121:9)
    at _runTestsForDescribeBlock (/home/osarugue-enehizena/Documents/code-projects/work/creativeferry/forage/forage-stores-backend/node_modules/jest-circus/build/run.js:121:9)
    at run (/home/osarugue-enehizena/Documents/code-projects/work/creativeferry/forage/forage-stores-backend/node_modules/jest-circus/build/run.js:71:3)
    at runAndTransformResultsToJestFormat (/home/osarugue-enehizena/Documents/code-projects/work/creativeferry/forage/forage-stores-backend/node_modules/jest-circus/build/legacy-code-todo-rewrite/jestAdapterInit.js:122:21)
    at jestAdapter (/home/osarugue-enehizena/Documents/code-projects/work/creativeferry/forage/forage-stores-backend/node_modules/jest-circus/build/legacy-code-todo-rewrite/jestAdapter.js:79:19)
    at runTestInternal (/home/osarugue-enehizena/Documents/code-projects/work/creativeferry/forage/forage-stores-backend/node_modules/jest-runner/build/runTest.js:367:16)
    at runTest (/home/osarugue-enehizena/Documents/code-projects/work/creativeferry/forage/forage-stores-backend/node_modules/jest-runner/build/runTest.js:444:34)
    at Object.worker (/home/osarugue-enehizena/Documents/code-projects/work/creativeferry/forage/forage-stores-backend/node_modules/jest-runner/build/testWorker.js:106:12)
----
    at Test._assertStatus (/home/osarugue-enehizena/Documents/code-projects/work/creativeferry/forage/forage-stores-backend/node_modules/supertest/lib/test.js:252:14)
    at /home/osarugue-enehizena/Documents/code-projects/work/creativeferry/forage/forage-stores-backend/node_modules/supertest/lib/test.js:308:13
    at Test._assertFunction (/home/osarugue-enehizena/Documents/code-projects/work/creativeferry/forage/forage-stores-backend/node_modules/supertest/lib/test.js:285:13)
    at Test.assert (/home/osarugue-enehizena/Documents/code-projects/work/creativeferry/forage/forage-stores-backend/node_modules/supertest/lib/test.js:164:23)
    at Server.localAssert (/home/osarugue-enehizena/Documents/code-projects/work/creativeferry/forage/forage-stores-backend/node_modules/supertest/lib/test.js:120:14)
    at Object.onceWrapper (node:events:631:28)
    at Server.emit (node:events:517:28)
    at emitCloseNT (node:net:2215:8)
    at processTicksAndRejections (node:internal/process/task_queues:81:21)]]></failure>
    </testCase>
    <testCase name="Admin Module (e2e) Admin Authentication &amp; Registration should register regular user for testing" duration="44">
      <failure message="Error: expected 201 &quot;Created&quot;, got 400 &quot;Bad Request&quot;"><![CDATA[Error: expected 201 "Created", got 400 "Bad Request"
    at Object.<anonymous> (/home/osarugue-enehizena/Documents/code-projects/work/creativeferry/forage/forage-stores-backend/test/admin.e2e-spec.ts:117:10)
    at Promise.then.completed (/home/osarugue-enehizena/Documents/code-projects/work/creativeferry/forage/forage-stores-backend/node_modules/jest-circus/build/utils.js:298:28)
    at new Promise (<anonymous>)
    at callAsyncCircusFn (/home/osarugue-enehizena/Documents/code-projects/work/creativeferry/forage/forage-stores-backend/node_modules/jest-circus/build/utils.js:231:10)
    at _callCircusTest (/home/osarugue-enehizena/Documents/code-projects/work/creativeferry/forage/forage-stores-backend/node_modules/jest-circus/build/run.js:316:40)
    at processTicksAndRejections (node:internal/process/task_queues:95:5)
    at _runTest (/home/osarugue-enehizena/Documents/code-projects/work/creativeferry/forage/forage-stores-backend/node_modules/jest-circus/build/run.js:252:3)
    at _runTestsForDescribeBlock (/home/osarugue-enehizena/Documents/code-projects/work/creativeferry/forage/forage-stores-backend/node_modules/jest-circus/build/run.js:126:9)
    at _runTestsForDescribeBlock (/home/osarugue-enehizena/Documents/code-projects/work/creativeferry/forage/forage-stores-backend/node_modules/jest-circus/build/run.js:121:9)
    at _runTestsForDescribeBlock (/home/osarugue-enehizena/Documents/code-projects/work/creativeferry/forage/forage-stores-backend/node_modules/jest-circus/build/run.js:121:9)
    at run (/home/osarugue-enehizena/Documents/code-projects/work/creativeferry/forage/forage-stores-backend/node_modules/jest-circus/build/run.js:71:3)
    at runAndTransformResultsToJestFormat (/home/osarugue-enehizena/Documents/code-projects/work/creativeferry/forage/forage-stores-backend/node_modules/jest-circus/build/legacy-code-todo-rewrite/jestAdapterInit.js:122:21)
    at jestAdapter (/home/osarugue-enehizena/Documents/code-projects/work/creativeferry/forage/forage-stores-backend/node_modules/jest-circus/build/legacy-code-todo-rewrite/jestAdapter.js:79:19)
    at runTestInternal (/home/osarugue-enehizena/Documents/code-projects/work/creativeferry/forage/forage-stores-backend/node_modules/jest-runner/build/runTest.js:367:16)
    at runTest (/home/osarugue-enehizena/Documents/code-projects/work/creativeferry/forage/forage-stores-backend/node_modules/jest-runner/build/runTest.js:444:34)
    at Object.worker (/home/osarugue-enehizena/Documents/code-projects/work/creativeferry/forage/forage-stores-backend/node_modules/jest-runner/build/testWorker.js:106:12)
----
    at Test._assertStatus (/home/osarugue-enehizena/Documents/code-projects/work/creativeferry/forage/forage-stores-backend/node_modules/supertest/lib/test.js:252:14)
    at /home/osarugue-enehizena/Documents/code-projects/work/creativeferry/forage/forage-stores-backend/node_modules/supertest/lib/test.js:308:13
    at Test._assertFunction (/home/osarugue-enehizena/Documents/code-projects/work/creativeferry/forage/forage-stores-backend/node_modules/supertest/lib/test.js:285:13)
    at Test.assert (/home/osarugue-enehizena/Documents/code-projects/work/creativeferry/forage/forage-stores-backend/node_modules/supertest/lib/test.js:164:23)
    at Server.localAssert (/home/osarugue-enehizena/Documents/code-projects/work/creativeferry/forage/forage-stores-backend/node_modules/supertest/lib/test.js:120:14)
    at Object.onceWrapper (node:events:631:28)
    at Server.emit (node:events:517:28)
    at emitCloseNT (node:net:2215:8)
    at processTicksAndRejections (node:internal/process/task_queues:81:21)]]></failure>
    </testCase>
    <testCase name="Admin Module (e2e) Admin Authentication &amp; Registration should register growth associate for testing" duration="35">
      <failure message="Error: expected 201 &quot;Created&quot;, got 400 &quot;Bad Request&quot;"><![CDATA[Error: expected 201 "Created", got 400 "Bad Request"
    at Object.<anonymous> (/home/osarugue-enehizena/Documents/code-projects/work/creativeferry/forage/forage-stores-backend/test/admin.e2e-spec.ts:127:10)
    at Promise.then.completed (/home/osarugue-enehizena/Documents/code-projects/work/creativeferry/forage/forage-stores-backend/node_modules/jest-circus/build/utils.js:298:28)
    at new Promise (<anonymous>)
    at callAsyncCircusFn (/home/osarugue-enehizena/Documents/code-projects/work/creativeferry/forage/forage-stores-backend/node_modules/jest-circus/build/utils.js:231:10)
    at _callCircusTest (/home/osarugue-enehizena/Documents/code-projects/work/creativeferry/forage/forage-stores-backend/node_modules/jest-circus/build/run.js:316:40)
    at processTicksAndRejections (node:internal/process/task_queues:95:5)
    at _runTest (/home/osarugue-enehizena/Documents/code-projects/work/creativeferry/forage/forage-stores-backend/node_modules/jest-circus/build/run.js:252:3)
    at _runTestsForDescribeBlock (/home/osarugue-enehizena/Documents/code-projects/work/creativeferry/forage/forage-stores-backend/node_modules/jest-circus/build/run.js:126:9)
    at _runTestsForDescribeBlock (/home/osarugue-enehizena/Documents/code-projects/work/creativeferry/forage/forage-stores-backend/node_modules/jest-circus/build/run.js:121:9)
    at _runTestsForDescribeBlock (/home/osarugue-enehizena/Documents/code-projects/work/creativeferry/forage/forage-stores-backend/node_modules/jest-circus/build/run.js:121:9)
    at run (/home/osarugue-enehizena/Documents/code-projects/work/creativeferry/forage/forage-stores-backend/node_modules/jest-circus/build/run.js:71:3)
    at runAndTransformResultsToJestFormat (/home/osarugue-enehizena/Documents/code-projects/work/creativeferry/forage/forage-stores-backend/node_modules/jest-circus/build/legacy-code-todo-rewrite/jestAdapterInit.js:122:21)
    at jestAdapter (/home/osarugue-enehizena/Documents/code-projects/work/creativeferry/forage/forage-stores-backend/node_modules/jest-circus/build/legacy-code-todo-rewrite/jestAdapter.js:79:19)
    at runTestInternal (/home/osarugue-enehizena/Documents/code-projects/work/creativeferry/forage/forage-stores-backend/node_modules/jest-runner/build/runTest.js:367:16)
    at runTest (/home/osarugue-enehizena/Documents/code-projects/work/creativeferry/forage/forage-stores-backend/node_modules/jest-runner/build/runTest.js:444:34)
    at Object.worker (/home/osarugue-enehizena/Documents/code-projects/work/creativeferry/forage/forage-stores-backend/node_modules/jest-runner/build/testWorker.js:106:12)
----
    at Test._assertStatus (/home/osarugue-enehizena/Documents/code-projects/work/creativeferry/forage/forage-stores-backend/node_modules/supertest/lib/test.js:252:14)
    at /home/osarugue-enehizena/Documents/code-projects/work/creativeferry/forage/forage-stores-backend/node_modules/supertest/lib/test.js:308:13
    at Test._assertFunction (/home/osarugue-enehizena/Documents/code-projects/work/creativeferry/forage/forage-stores-backend/node_modules/supertest/lib/test.js:285:13)
    at Test.assert (/home/osarugue-enehizena/Documents/code-projects/work/creativeferry/forage/forage-stores-backend/node_modules/supertest/lib/test.js:164:23)
    at Server.localAssert (/home/osarugue-enehizena/Documents/code-projects/work/creativeferry/forage/forage-stores-backend/node_modules/supertest/lib/test.js:120:14)
    at Object.onceWrapper (node:events:631:28)
    at Server.emit (node:events:517:28)
    at emitCloseNT (node:net:2215:8)
    at processTicksAndRejections (node:internal/process/task_queues:81:21)]]></failure>
    </testCase>
    <testCase name="Admin Module (e2e) Admin Authentication &amp; Registration should login admin successfully" duration="44">
      <failure message="Error: expected 200 &quot;OK&quot;, got 401 &quot;Unauthorized&quot;"><![CDATA[Error: expected 200 "OK", got 401 "Unauthorized"
    at Object.<anonymous> (/home/osarugue-enehizena/Documents/code-projects/work/creativeferry/forage/forage-stores-backend/test/admin.e2e-spec.ts:139:10)
    at Promise.then.completed (/home/osarugue-enehizena/Documents/code-projects/work/creativeferry/forage/forage-stores-backend/node_modules/jest-circus/build/utils.js:298:28)
    at new Promise (<anonymous>)
    at callAsyncCircusFn (/home/osarugue-enehizena/Documents/code-projects/work/creativeferry/forage/forage-stores-backend/node_modules/jest-circus/build/utils.js:231:10)
    at _callCircusTest (/home/osarugue-enehizena/Documents/code-projects/work/creativeferry/forage/forage-stores-backend/node_modules/jest-circus/build/run.js:316:40)
    at processTicksAndRejections (node:internal/process/task_queues:95:5)
    at _runTest (/home/osarugue-enehizena/Documents/code-projects/work/creativeferry/forage/forage-stores-backend/node_modules/jest-circus/build/run.js:252:3)
    at _runTestsForDescribeBlock (/home/osarugue-enehizena/Documents/code-projects/work/creativeferry/forage/forage-stores-backend/node_modules/jest-circus/build/run.js:126:9)
    at _runTestsForDescribeBlock (/home/osarugue-enehizena/Documents/code-projects/work/creativeferry/forage/forage-stores-backend/node_modules/jest-circus/build/run.js:121:9)
    at _runTestsForDescribeBlock (/home/osarugue-enehizena/Documents/code-projects/work/creativeferry/forage/forage-stores-backend/node_modules/jest-circus/build/run.js:121:9)
    at run (/home/osarugue-enehizena/Documents/code-projects/work/creativeferry/forage/forage-stores-backend/node_modules/jest-circus/build/run.js:71:3)
    at runAndTransformResultsToJestFormat (/home/osarugue-enehizena/Documents/code-projects/work/creativeferry/forage/forage-stores-backend/node_modules/jest-circus/build/legacy-code-todo-rewrite/jestAdapterInit.js:122:21)
    at jestAdapter (/home/osarugue-enehizena/Documents/code-projects/work/creativeferry/forage/forage-stores-backend/node_modules/jest-circus/build/legacy-code-todo-rewrite/jestAdapter.js:79:19)
    at runTestInternal (/home/osarugue-enehizena/Documents/code-projects/work/creativeferry/forage/forage-stores-backend/node_modules/jest-runner/build/runTest.js:367:16)
    at runTest (/home/osarugue-enehizena/Documents/code-projects/work/creativeferry/forage/forage-stores-backend/node_modules/jest-runner/build/runTest.js:444:34)
    at Object.worker (/home/osarugue-enehizena/Documents/code-projects/work/creativeferry/forage/forage-stores-backend/node_modules/jest-runner/build/testWorker.js:106:12)
----
    at Test._assertStatus (/home/osarugue-enehizena/Documents/code-projects/work/creativeferry/forage/forage-stores-backend/node_modules/supertest/lib/test.js:252:14)
    at /home/osarugue-enehizena/Documents/code-projects/work/creativeferry/forage/forage-stores-backend/node_modules/supertest/lib/test.js:308:13
    at Test._assertFunction (/home/osarugue-enehizena/Documents/code-projects/work/creativeferry/forage/forage-stores-backend/node_modules/supertest/lib/test.js:285:13)
    at Test.assert (/home/osarugue-enehizena/Documents/code-projects/work/creativeferry/forage/forage-stores-backend/node_modules/supertest/lib/test.js:164:23)
    at Server.localAssert (/home/osarugue-enehizena/Documents/code-projects/work/creativeferry/forage/forage-stores-backend/node_modules/supertest/lib/test.js:120:14)
    at Object.onceWrapper (node:events:631:28)
    at Server.emit (node:events:517:28)
    at emitCloseNT (node:net:2215:8)
    at processTicksAndRejections (node:internal/process/task_queues:81:21)]]></failure>
    </testCase>
    <testCase name="Admin Module (e2e) Admin Authentication &amp; Registration should not allow non-admin to access admin endpoints" duration="22">
      <failure message="Error: expected 403 &quot;Forbidden&quot;, got 401 &quot;Unauthorized&quot;"><![CDATA[Error: expected 403 "Forbidden", got 401 "Unauthorized"
    at Object.<anonymous> (/home/osarugue-enehizena/Documents/code-projects/work/creativeferry/forage/forage-stores-backend/test/admin.e2e-spec.ts:149:10)
    at Promise.then.completed (/home/osarugue-enehizena/Documents/code-projects/work/creativeferry/forage/forage-stores-backend/node_modules/jest-circus/build/utils.js:298:28)
    at new Promise (<anonymous>)
    at callAsyncCircusFn (/home/osarugue-enehizena/Documents/code-projects/work/creativeferry/forage/forage-stores-backend/node_modules/jest-circus/build/utils.js:231:10)
    at _callCircusTest (/home/osarugue-enehizena/Documents/code-projects/work/creativeferry/forage/forage-stores-backend/node_modules/jest-circus/build/run.js:316:40)
    at processTicksAndRejections (node:internal/process/task_queues:95:5)
    at _runTest (/home/osarugue-enehizena/Documents/code-projects/work/creativeferry/forage/forage-stores-backend/node_modules/jest-circus/build/run.js:252:3)
    at _runTestsForDescribeBlock (/home/osarugue-enehizena/Documents/code-projects/work/creativeferry/forage/forage-stores-backend/node_modules/jest-circus/build/run.js:126:9)
    at _runTestsForDescribeBlock (/home/osarugue-enehizena/Documents/code-projects/work/creativeferry/forage/forage-stores-backend/node_modules/jest-circus/build/run.js:121:9)
    at _runTestsForDescribeBlock (/home/osarugue-enehizena/Documents/code-projects/work/creativeferry/forage/forage-stores-backend/node_modules/jest-circus/build/run.js:121:9)
    at run (/home/osarugue-enehizena/Documents/code-projects/work/creativeferry/forage/forage-stores-backend/node_modules/jest-circus/build/run.js:71:3)
    at runAndTransformResultsToJestFormat (/home/osarugue-enehizena/Documents/code-projects/work/creativeferry/forage/forage-stores-backend/node_modules/jest-circus/build/legacy-code-todo-rewrite/jestAdapterInit.js:122:21)
    at jestAdapter (/home/osarugue-enehizena/Documents/code-projects/work/creativeferry/forage/forage-stores-backend/node_modules/jest-circus/build/legacy-code-todo-rewrite/jestAdapter.js:79:19)
    at runTestInternal (/home/osarugue-enehizena/Documents/code-projects/work/creativeferry/forage/forage-stores-backend/node_modules/jest-runner/build/runTest.js:367:16)
    at runTest (/home/osarugue-enehizena/Documents/code-projects/work/creativeferry/forage/forage-stores-backend/node_modules/jest-runner/build/runTest.js:444:34)
    at Object.worker (/home/osarugue-enehizena/Documents/code-projects/work/creativeferry/forage/forage-stores-backend/node_modules/jest-runner/build/testWorker.js:106:12)
----
    at Test._assertStatus (/home/osarugue-enehizena/Documents/code-projects/work/creativeferry/forage/forage-stores-backend/node_modules/supertest/lib/test.js:252:14)
    at /home/osarugue-enehizena/Documents/code-projects/work/creativeferry/forage/forage-stores-backend/node_modules/supertest/lib/test.js:308:13
    at Test._assertFunction (/home/osarugue-enehizena/Documents/code-projects/work/creativeferry/forage/forage-stores-backend/node_modules/supertest/lib/test.js:285:13)
    at Test.assert (/home/osarugue-enehizena/Documents/code-projects/work/creativeferry/forage/forage-stores-backend/node_modules/supertest/lib/test.js:164:23)
    at Server.localAssert (/home/osarugue-enehizena/Documents/code-projects/work/creativeferry/forage/forage-stores-backend/node_modules/supertest/lib/test.js:120:14)
    at Object.onceWrapper (node:events:631:28)
    at Server.emit (node:events:517:28)
    at emitCloseNT (node:net:2215:8)
    at processTicksAndRejections (node:internal/process/task_queues:81:21)]]></failure>
    </testCase>
    <testCase name="Admin Module (e2e) User Management should get all users (admin only)" duration="15">
      <failure message="Error: expected 200 &quot;OK&quot;, got 401 &quot;Unauthorized&quot;"><![CDATA[Error: expected 200 "OK", got 401 "Unauthorized"
    at Object.<anonymous> (/home/osarugue-enehizena/Documents/code-projects/work/creativeferry/forage/forage-stores-backend/test/admin.e2e-spec.ts:158:10)
    at Promise.then.completed (/home/osarugue-enehizena/Documents/code-projects/work/creativeferry/forage/forage-stores-backend/node_modules/jest-circus/build/utils.js:298:28)
    at new Promise (<anonymous>)
    at callAsyncCircusFn (/home/osarugue-enehizena/Documents/code-projects/work/creativeferry/forage/forage-stores-backend/node_modules/jest-circus/build/utils.js:231:10)
    at _callCircusTest (/home/osarugue-enehizena/Documents/code-projects/work/creativeferry/forage/forage-stores-backend/node_modules/jest-circus/build/run.js:316:40)
    at processTicksAndRejections (node:internal/process/task_queues:95:5)
    at _runTest (/home/osarugue-enehizena/Documents/code-projects/work/creativeferry/forage/forage-stores-backend/node_modules/jest-circus/build/run.js:252:3)
    at _runTestsForDescribeBlock (/home/osarugue-enehizena/Documents/code-projects/work/creativeferry/forage/forage-stores-backend/node_modules/jest-circus/build/run.js:126:9)
    at _runTestsForDescribeBlock (/home/osarugue-enehizena/Documents/code-projects/work/creativeferry/forage/forage-stores-backend/node_modules/jest-circus/build/run.js:121:9)
    at _runTestsForDescribeBlock (/home/osarugue-enehizena/Documents/code-projects/work/creativeferry/forage/forage-stores-backend/node_modules/jest-circus/build/run.js:121:9)
    at run (/home/osarugue-enehizena/Documents/code-projects/work/creativeferry/forage/forage-stores-backend/node_modules/jest-circus/build/run.js:71:3)
    at runAndTransformResultsToJestFormat (/home/osarugue-enehizena/Documents/code-projects/work/creativeferry/forage/forage-stores-backend/node_modules/jest-circus/build/legacy-code-todo-rewrite/jestAdapterInit.js:122:21)
    at jestAdapter (/home/osarugue-enehizena/Documents/code-projects/work/creativeferry/forage/forage-stores-backend/node_modules/jest-circus/build/legacy-code-todo-rewrite/jestAdapter.js:79:19)
    at runTestInternal (/home/osarugue-enehizena/Documents/code-projects/work/creativeferry/forage/forage-stores-backend/node_modules/jest-runner/build/runTest.js:367:16)
    at runTest (/home/osarugue-enehizena/Documents/code-projects/work/creativeferry/forage/forage-stores-backend/node_modules/jest-runner/build/runTest.js:444:34)
    at Object.worker (/home/osarugue-enehizena/Documents/code-projects/work/creativeferry/forage/forage-stores-backend/node_modules/jest-runner/build/testWorker.js:106:12)
----
    at Test._assertStatus (/home/osarugue-enehizena/Documents/code-projects/work/creativeferry/forage/forage-stores-backend/node_modules/supertest/lib/test.js:252:14)
    at /home/osarugue-enehizena/Documents/code-projects/work/creativeferry/forage/forage-stores-backend/node_modules/supertest/lib/test.js:308:13
    at Test._assertFunction (/home/osarugue-enehizena/Documents/code-projects/work/creativeferry/forage/forage-stores-backend/node_modules/supertest/lib/test.js:285:13)
    at Test.assert (/home/osarugue-enehizena/Documents/code-projects/work/creativeferry/forage/forage-stores-backend/node_modules/supertest/lib/test.js:164:23)
    at Server.localAssert (/home/osarugue-enehizena/Documents/code-projects/work/creativeferry/forage/forage-stores-backend/node_modules/supertest/lib/test.js:120:14)
    at Object.onceWrapper (node:events:631:28)
    at Server.emit (node:events:517:28)
    at emitCloseNT (node:net:2215:8)
    at processTicksAndRejections (node:internal/process/task_queues:81:21)]]></failure>
    </testCase>
    <testCase name="Admin Module (e2e) User Management should get user by ID" duration="7">
      <failure message="Error: expected 200 &quot;OK&quot;, got 401 &quot;Unauthorized&quot;"><![CDATA[Error: expected 200 "OK", got 401 "Unauthorized"
    at Object.<anonymous> (/home/osarugue-enehizena/Documents/code-projects/work/creativeferry/forage/forage-stores-backend/test/admin.e2e-spec.ts:168:10)
    at Promise.then.completed (/home/osarugue-enehizena/Documents/code-projects/work/creativeferry/forage/forage-stores-backend/node_modules/jest-circus/build/utils.js:298:28)
    at new Promise (<anonymous>)
    at callAsyncCircusFn (/home/osarugue-enehizena/Documents/code-projects/work/creativeferry/forage/forage-stores-backend/node_modules/jest-circus/build/utils.js:231:10)
    at _callCircusTest (/home/osarugue-enehizena/Documents/code-projects/work/creativeferry/forage/forage-stores-backend/node_modules/jest-circus/build/run.js:316:40)
    at processTicksAndRejections (node:internal/process/task_queues:95:5)
    at _runTest (/home/osarugue-enehizena/Documents/code-projects/work/creativeferry/forage/forage-stores-backend/node_modules/jest-circus/build/run.js:252:3)
    at _runTestsForDescribeBlock (/home/osarugue-enehizena/Documents/code-projects/work/creativeferry/forage/forage-stores-backend/node_modules/jest-circus/build/run.js:126:9)
    at _runTestsForDescribeBlock (/home/osarugue-enehizena/Documents/code-projects/work/creativeferry/forage/forage-stores-backend/node_modules/jest-circus/build/run.js:121:9)
    at _runTestsForDescribeBlock (/home/osarugue-enehizena/Documents/code-projects/work/creativeferry/forage/forage-stores-backend/node_modules/jest-circus/build/run.js:121:9)
    at run (/home/osarugue-enehizena/Documents/code-projects/work/creativeferry/forage/forage-stores-backend/node_modules/jest-circus/build/run.js:71:3)
    at runAndTransformResultsToJestFormat (/home/osarugue-enehizena/Documents/code-projects/work/creativeferry/forage/forage-stores-backend/node_modules/jest-circus/build/legacy-code-todo-rewrite/jestAdapterInit.js:122:21)
    at jestAdapter (/home/osarugue-enehizena/Documents/code-projects/work/creativeferry/forage/forage-stores-backend/node_modules/jest-circus/build/legacy-code-todo-rewrite/jestAdapter.js:79:19)
    at runTestInternal (/home/osarugue-enehizena/Documents/code-projects/work/creativeferry/forage/forage-stores-backend/node_modules/jest-runner/build/runTest.js:367:16)
    at runTest (/home/osarugue-enehizena/Documents/code-projects/work/creativeferry/forage/forage-stores-backend/node_modules/jest-runner/build/runTest.js:444:34)
    at Object.worker (/home/osarugue-enehizena/Documents/code-projects/work/creativeferry/forage/forage-stores-backend/node_modules/jest-runner/build/testWorker.js:106:12)
----
    at Test._assertStatus (/home/osarugue-enehizena/Documents/code-projects/work/creativeferry/forage/forage-stores-backend/node_modules/supertest/lib/test.js:252:14)
    at /home/osarugue-enehizena/Documents/code-projects/work/creativeferry/forage/forage-stores-backend/node_modules/supertest/lib/test.js:308:13
    at Test._assertFunction (/home/osarugue-enehizena/Documents/code-projects/work/creativeferry/forage/forage-stores-backend/node_modules/supertest/lib/test.js:285:13)
    at Test.assert (/home/osarugue-enehizena/Documents/code-projects/work/creativeferry/forage/forage-stores-backend/node_modules/supertest/lib/test.js:164:23)
    at Server.localAssert (/home/osarugue-enehizena/Documents/code-projects/work/creativeferry/forage/forage-stores-backend/node_modules/supertest/lib/test.js:120:14)
    at Object.onceWrapper (node:events:631:28)
    at Server.emit (node:events:517:28)
    at emitCloseNT (node:net:2215:8)
    at processTicksAndRejections (node:internal/process/task_queues:81:21)]]></failure>
    </testCase>
    <testCase name="Admin Module (e2e) User Management should return 404 for non-existent user" duration="6">
      <failure message="Error: expected 404 &quot;Not Found&quot;, got 401 &quot;Unauthorized&quot;"><![CDATA[Error: expected 404 "Not Found", got 401 "Unauthorized"
    at Object.<anonymous> (/home/osarugue-enehizena/Documents/code-projects/work/creativeferry/forage/forage-stores-backend/test/admin.e2e-spec.ts:180:10)
    at Promise.then.completed (/home/osarugue-enehizena/Documents/code-projects/work/creativeferry/forage/forage-stores-backend/node_modules/jest-circus/build/utils.js:298:28)
    at new Promise (<anonymous>)
    at callAsyncCircusFn (/home/osarugue-enehizena/Documents/code-projects/work/creativeferry/forage/forage-stores-backend/node_modules/jest-circus/build/utils.js:231:10)
    at _callCircusTest (/home/osarugue-enehizena/Documents/code-projects/work/creativeferry/forage/forage-stores-backend/node_modules/jest-circus/build/run.js:316:40)
    at processTicksAndRejections (node:internal/process/task_queues:95:5)
    at _runTest (/home/osarugue-enehizena/Documents/code-projects/work/creativeferry/forage/forage-stores-backend/node_modules/jest-circus/build/run.js:252:3)
    at _runTestsForDescribeBlock (/home/osarugue-enehizena/Documents/code-projects/work/creativeferry/forage/forage-stores-backend/node_modules/jest-circus/build/run.js:126:9)
    at _runTestsForDescribeBlock (/home/osarugue-enehizena/Documents/code-projects/work/creativeferry/forage/forage-stores-backend/node_modules/jest-circus/build/run.js:121:9)
    at _runTestsForDescribeBlock (/home/osarugue-enehizena/Documents/code-projects/work/creativeferry/forage/forage-stores-backend/node_modules/jest-circus/build/run.js:121:9)
    at run (/home/osarugue-enehizena/Documents/code-projects/work/creativeferry/forage/forage-stores-backend/node_modules/jest-circus/build/run.js:71:3)
    at runAndTransformResultsToJestFormat (/home/osarugue-enehizena/Documents/code-projects/work/creativeferry/forage/forage-stores-backend/node_modules/jest-circus/build/legacy-code-todo-rewrite/jestAdapterInit.js:122:21)
    at jestAdapter (/home/osarugue-enehizena/Documents/code-projects/work/creativeferry/forage/forage-stores-backend/node_modules/jest-circus/build/legacy-code-todo-rewrite/jestAdapter.js:79:19)
    at runTestInternal (/home/osarugue-enehizena/Documents/code-projects/work/creativeferry/forage/forage-stores-backend/node_modules/jest-runner/build/runTest.js:367:16)
    at runTest (/home/osarugue-enehizena/Documents/code-projects/work/creativeferry/forage/forage-stores-backend/node_modules/jest-runner/build/runTest.js:444:34)
    at Object.worker (/home/osarugue-enehizena/Documents/code-projects/work/creativeferry/forage/forage-stores-backend/node_modules/jest-runner/build/testWorker.js:106:12)
----
    at Test._assertStatus (/home/osarugue-enehizena/Documents/code-projects/work/creativeferry/forage/forage-stores-backend/node_modules/supertest/lib/test.js:252:14)
    at /home/osarugue-enehizena/Documents/code-projects/work/creativeferry/forage/forage-stores-backend/node_modules/supertest/lib/test.js:308:13
    at Test._assertFunction (/home/osarugue-enehizena/Documents/code-projects/work/creativeferry/forage/forage-stores-backend/node_modules/supertest/lib/test.js:285:13)
    at Test.assert (/home/osarugue-enehizena/Documents/code-projects/work/creativeferry/forage/forage-stores-backend/node_modules/supertest/lib/test.js:164:23)
    at Server.localAssert (/home/osarugue-enehizena/Documents/code-projects/work/creativeferry/forage/forage-stores-backend/node_modules/supertest/lib/test.js:120:14)
    at Object.onceWrapper (node:events:631:28)
    at Server.emit (node:events:517:28)
    at emitCloseNT (node:net:2215:8)
    at processTicksAndRejections (node:internal/process/task_queues:81:21)]]></failure>
    </testCase>
    <testCase name="Admin Module (e2e) Wallet Management should get all wallets" duration="4">
      <failure message="Error: expected 200 &quot;OK&quot;, got 401 &quot;Unauthorized&quot;"><![CDATA[Error: expected 200 "OK", got 401 "Unauthorized"
    at Object.<anonymous> (/home/osarugue-enehizena/Documents/code-projects/work/creativeferry/forage/forage-stores-backend/test/admin.e2e-spec.ts:200:10)
    at Promise.then.completed (/home/osarugue-enehizena/Documents/code-projects/work/creativeferry/forage/forage-stores-backend/node_modules/jest-circus/build/utils.js:298:28)
    at new Promise (<anonymous>)
    at callAsyncCircusFn (/home/osarugue-enehizena/Documents/code-projects/work/creativeferry/forage/forage-stores-backend/node_modules/jest-circus/build/utils.js:231:10)
    at _callCircusTest (/home/osarugue-enehizena/Documents/code-projects/work/creativeferry/forage/forage-stores-backend/node_modules/jest-circus/build/run.js:316:40)
    at processTicksAndRejections (node:internal/process/task_queues:95:5)
    at _runTest (/home/osarugue-enehizena/Documents/code-projects/work/creativeferry/forage/forage-stores-backend/node_modules/jest-circus/build/run.js:252:3)
    at _runTestsForDescribeBlock (/home/osarugue-enehizena/Documents/code-projects/work/creativeferry/forage/forage-stores-backend/node_modules/jest-circus/build/run.js:126:9)
    at _runTestsForDescribeBlock (/home/osarugue-enehizena/Documents/code-projects/work/creativeferry/forage/forage-stores-backend/node_modules/jest-circus/build/run.js:121:9)
    at _runTestsForDescribeBlock (/home/osarugue-enehizena/Documents/code-projects/work/creativeferry/forage/forage-stores-backend/node_modules/jest-circus/build/run.js:121:9)
    at run (/home/osarugue-enehizena/Documents/code-projects/work/creativeferry/forage/forage-stores-backend/node_modules/jest-circus/build/run.js:71:3)
    at runAndTransformResultsToJestFormat (/home/osarugue-enehizena/Documents/code-projects/work/creativeferry/forage/forage-stores-backend/node_modules/jest-circus/build/legacy-code-todo-rewrite/jestAdapterInit.js:122:21)
    at jestAdapter (/home/osarugue-enehizena/Documents/code-projects/work/creativeferry/forage/forage-stores-backend/node_modules/jest-circus/build/legacy-code-todo-rewrite/jestAdapter.js:79:19)
    at runTestInternal (/home/osarugue-enehizena/Documents/code-projects/work/creativeferry/forage/forage-stores-backend/node_modules/jest-runner/build/runTest.js:367:16)
    at runTest (/home/osarugue-enehizena/Documents/code-projects/work/creativeferry/forage/forage-stores-backend/node_modules/jest-runner/build/runTest.js:444:34)
    at Object.worker (/home/osarugue-enehizena/Documents/code-projects/work/creativeferry/forage/forage-stores-backend/node_modules/jest-runner/build/testWorker.js:106:12)
----
    at Test._assertStatus (/home/osarugue-enehizena/Documents/code-projects/work/creativeferry/forage/forage-stores-backend/node_modules/supertest/lib/test.js:252:14)
    at /home/osarugue-enehizena/Documents/code-projects/work/creativeferry/forage/forage-stores-backend/node_modules/supertest/lib/test.js:308:13
    at Test._assertFunction (/home/osarugue-enehizena/Documents/code-projects/work/creativeferry/forage/forage-stores-backend/node_modules/supertest/lib/test.js:285:13)
    at Test.assert (/home/osarugue-enehizena/Documents/code-projects/work/creativeferry/forage/forage-stores-backend/node_modules/supertest/lib/test.js:164:23)
    at Server.localAssert (/home/osarugue-enehizena/Documents/code-projects/work/creativeferry/forage/forage-stores-backend/node_modules/supertest/lib/test.js:120:14)
    at Object.onceWrapper (node:events:631:28)
    at Server.emit (node:events:517:28)
    at emitCloseNT (node:net:2215:8)
    at processTicksAndRejections (node:internal/process/task_queues:81:21)]]></failure>
    </testCase>
    <testCase name="Admin Module (e2e) Wallet Management should get user wallet" duration="4">
      <failure message="Error: expected 200 &quot;OK&quot;, got 401 &quot;Unauthorized&quot;"><![CDATA[Error: expected 200 "OK", got 401 "Unauthorized"
    at Object.<anonymous> (/home/osarugue-enehizena/Documents/code-projects/work/creativeferry/forage/forage-stores-backend/test/admin.e2e-spec.ts:209:10)
    at Promise.then.completed (/home/osarugue-enehizena/Documents/code-projects/work/creativeferry/forage/forage-stores-backend/node_modules/jest-circus/build/utils.js:298:28)
    at new Promise (<anonymous>)
    at callAsyncCircusFn (/home/osarugue-enehizena/Documents/code-projects/work/creativeferry/forage/forage-stores-backend/node_modules/jest-circus/build/utils.js:231:10)
    at _callCircusTest (/home/osarugue-enehizena/Documents/code-projects/work/creativeferry/forage/forage-stores-backend/node_modules/jest-circus/build/run.js:316:40)
    at processTicksAndRejections (node:internal/process/task_queues:95:5)
    at _runTest (/home/osarugue-enehizena/Documents/code-projects/work/creativeferry/forage/forage-stores-backend/node_modules/jest-circus/build/run.js:252:3)
    at _runTestsForDescribeBlock (/home/osarugue-enehizena/Documents/code-projects/work/creativeferry/forage/forage-stores-backend/node_modules/jest-circus/build/run.js:126:9)
    at _runTestsForDescribeBlock (/home/osarugue-enehizena/Documents/code-projects/work/creativeferry/forage/forage-stores-backend/node_modules/jest-circus/build/run.js:121:9)
    at _runTestsForDescribeBlock (/home/osarugue-enehizena/Documents/code-projects/work/creativeferry/forage/forage-stores-backend/node_modules/jest-circus/build/run.js:121:9)
    at run (/home/osarugue-enehizena/Documents/code-projects/work/creativeferry/forage/forage-stores-backend/node_modules/jest-circus/build/run.js:71:3)
    at runAndTransformResultsToJestFormat (/home/osarugue-enehizena/Documents/code-projects/work/creativeferry/forage/forage-stores-backend/node_modules/jest-circus/build/legacy-code-todo-rewrite/jestAdapterInit.js:122:21)
    at jestAdapter (/home/osarugue-enehizena/Documents/code-projects/work/creativeferry/forage/forage-stores-backend/node_modules/jest-circus/build/legacy-code-todo-rewrite/jestAdapter.js:79:19)
    at runTestInternal (/home/osarugue-enehizena/Documents/code-projects/work/creativeferry/forage/forage-stores-backend/node_modules/jest-runner/build/runTest.js:367:16)
    at runTest (/home/osarugue-enehizena/Documents/code-projects/work/creativeferry/forage/forage-stores-backend/node_modules/jest-runner/build/runTest.js:444:34)
    at Object.worker (/home/osarugue-enehizena/Documents/code-projects/work/creativeferry/forage/forage-stores-backend/node_modules/jest-runner/build/testWorker.js:106:12)
----
    at Test._assertStatus (/home/osarugue-enehizena/Documents/code-projects/work/creativeferry/forage/forage-stores-backend/node_modules/supertest/lib/test.js:252:14)
    at /home/osarugue-enehizena/Documents/code-projects/work/creativeferry/forage/forage-stores-backend/node_modules/supertest/lib/test.js:308:13
    at Test._assertFunction (/home/osarugue-enehizena/Documents/code-projects/work/creativeferry/forage/forage-stores-backend/node_modules/supertest/lib/test.js:285:13)
    at Test.assert (/home/osarugue-enehizena/Documents/code-projects/work/creativeferry/forage/forage-stores-backend/node_modules/supertest/lib/test.js:164:23)
    at Server.localAssert (/home/osarugue-enehizena/Documents/code-projects/work/creativeferry/forage/forage-stores-backend/node_modules/supertest/lib/test.js:120:14)
    at Object.onceWrapper (node:events:631:28)
    at Server.emit (node:events:517:28)
    at emitCloseNT (node:net:2215:8)
    at processTicksAndRejections (node:internal/process/task_queues:81:21)]]></failure>
    </testCase>
    <testCase name="Admin Module (e2e) Wallet Management should fund user wallet with valid admin password" duration="5">
      <failure message="Error: expected 201 &quot;Created&quot;, got 401 &quot;Unauthorized&quot;"><![CDATA[Error: expected 201 "Created", got 401 "Unauthorized"
    at Object.<anonymous> (/home/osarugue-enehizena/Documents/code-projects/work/creativeferry/forage/forage-stores-backend/test/admin.e2e-spec.ts:229:10)
    at Promise.then.completed (/home/osarugue-enehizena/Documents/code-projects/work/creativeferry/forage/forage-stores-backend/node_modules/jest-circus/build/utils.js:298:28)
    at new Promise (<anonymous>)
    at callAsyncCircusFn (/home/osarugue-enehizena/Documents/code-projects/work/creativeferry/forage/forage-stores-backend/node_modules/jest-circus/build/utils.js:231:10)
    at _callCircusTest (/home/osarugue-enehizena/Documents/code-projects/work/creativeferry/forage/forage-stores-backend/node_modules/jest-circus/build/run.js:316:40)
    at processTicksAndRejections (node:internal/process/task_queues:95:5)
    at _runTest (/home/osarugue-enehizena/Documents/code-projects/work/creativeferry/forage/forage-stores-backend/node_modules/jest-circus/build/run.js:252:3)
    at _runTestsForDescribeBlock (/home/osarugue-enehizena/Documents/code-projects/work/creativeferry/forage/forage-stores-backend/node_modules/jest-circus/build/run.js:126:9)
    at _runTestsForDescribeBlock (/home/osarugue-enehizena/Documents/code-projects/work/creativeferry/forage/forage-stores-backend/node_modules/jest-circus/build/run.js:121:9)
    at _runTestsForDescribeBlock (/home/osarugue-enehizena/Documents/code-projects/work/creativeferry/forage/forage-stores-backend/node_modules/jest-circus/build/run.js:121:9)
    at run (/home/osarugue-enehizena/Documents/code-projects/work/creativeferry/forage/forage-stores-backend/node_modules/jest-circus/build/run.js:71:3)
    at runAndTransformResultsToJestFormat (/home/osarugue-enehizena/Documents/code-projects/work/creativeferry/forage/forage-stores-backend/node_modules/jest-circus/build/legacy-code-todo-rewrite/jestAdapterInit.js:122:21)
    at jestAdapter (/home/osarugue-enehizena/Documents/code-projects/work/creativeferry/forage/forage-stores-backend/node_modules/jest-circus/build/legacy-code-todo-rewrite/jestAdapter.js:79:19)
    at runTestInternal (/home/osarugue-enehizena/Documents/code-projects/work/creativeferry/forage/forage-stores-backend/node_modules/jest-runner/build/runTest.js:367:16)
    at runTest (/home/osarugue-enehizena/Documents/code-projects/work/creativeferry/forage/forage-stores-backend/node_modules/jest-runner/build/runTest.js:444:34)
    at Object.worker (/home/osarugue-enehizena/Documents/code-projects/work/creativeferry/forage/forage-stores-backend/node_modules/jest-runner/build/testWorker.js:106:12)
----
    at Test._assertStatus (/home/osarugue-enehizena/Documents/code-projects/work/creativeferry/forage/forage-stores-backend/node_modules/supertest/lib/test.js:252:14)
    at /home/osarugue-enehizena/Documents/code-projects/work/creativeferry/forage/forage-stores-backend/node_modules/supertest/lib/test.js:308:13
    at Test._assertFunction (/home/osarugue-enehizena/Documents/code-projects/work/creativeferry/forage/forage-stores-backend/node_modules/supertest/lib/test.js:285:13)
    at Test.assert (/home/osarugue-enehizena/Documents/code-projects/work/creativeferry/forage/forage-stores-backend/node_modules/supertest/lib/test.js:164:23)
    at Server.localAssert (/home/osarugue-enehizena/Documents/code-projects/work/creativeferry/forage/forage-stores-backend/node_modules/supertest/lib/test.js:120:14)
    at Object.onceWrapper (node:events:631:28)
    at Server.emit (node:events:517:28)
    at emitCloseNT (node:net:2215:8)
    at processTicksAndRejections (node:internal/process/task_queues:81:21)]]></failure>
    </testCase>
    <testCase name="Admin Module (e2e) Wallet Management should not fund wallet with invalid admin password" duration="4"/>
    <testCase name="Admin Module (e2e) Wallet Management should wipe user wallet with valid admin password" duration="5">
      <failure message="Error: expected 201 &quot;Created&quot;, got 401 &quot;Unauthorized&quot;"><![CDATA[Error: expected 201 "Created", got 401 "Unauthorized"
    at Object.<anonymous> (/home/osarugue-enehizena/Documents/code-projects/work/creativeferry/forage/forage-stores-backend/test/admin.e2e-spec.ts:263:10)
    at Promise.then.completed (/home/osarugue-enehizena/Documents/code-projects/work/creativeferry/forage/forage-stores-backend/node_modules/jest-circus/build/utils.js:298:28)
    at new Promise (<anonymous>)
    at callAsyncCircusFn (/home/osarugue-enehizena/Documents/code-projects/work/creativeferry/forage/forage-stores-backend/node_modules/jest-circus/build/utils.js:231:10)
    at _callCircusTest (/home/osarugue-enehizena/Documents/code-projects/work/creativeferry/forage/forage-stores-backend/node_modules/jest-circus/build/run.js:316:40)
    at processTicksAndRejections (node:internal/process/task_queues:95:5)
    at _runTest (/home/osarugue-enehizena/Documents/code-projects/work/creativeferry/forage/forage-stores-backend/node_modules/jest-circus/build/run.js:252:3)
    at _runTestsForDescribeBlock (/home/osarugue-enehizena/Documents/code-projects/work/creativeferry/forage/forage-stores-backend/node_modules/jest-circus/build/run.js:126:9)
    at _runTestsForDescribeBlock (/home/osarugue-enehizena/Documents/code-projects/work/creativeferry/forage/forage-stores-backend/node_modules/jest-circus/build/run.js:121:9)
    at _runTestsForDescribeBlock (/home/osarugue-enehizena/Documents/code-projects/work/creativeferry/forage/forage-stores-backend/node_modules/jest-circus/build/run.js:121:9)
    at run (/home/osarugue-enehizena/Documents/code-projects/work/creativeferry/forage/forage-stores-backend/node_modules/jest-circus/build/run.js:71:3)
    at runAndTransformResultsToJestFormat (/home/osarugue-enehizena/Documents/code-projects/work/creativeferry/forage/forage-stores-backend/node_modules/jest-circus/build/legacy-code-todo-rewrite/jestAdapterInit.js:122:21)
    at jestAdapter (/home/osarugue-enehizena/Documents/code-projects/work/creativeferry/forage/forage-stores-backend/node_modules/jest-circus/build/legacy-code-todo-rewrite/jestAdapter.js:79:19)
    at runTestInternal (/home/osarugue-enehizena/Documents/code-projects/work/creativeferry/forage/forage-stores-backend/node_modules/jest-runner/build/runTest.js:367:16)
    at runTest (/home/osarugue-enehizena/Documents/code-projects/work/creativeferry/forage/forage-stores-backend/node_modules/jest-runner/build/runTest.js:444:34)
    at Object.worker (/home/osarugue-enehizena/Documents/code-projects/work/creativeferry/forage/forage-stores-backend/node_modules/jest-runner/build/testWorker.js:106:12)
----
    at Test._assertStatus (/home/osarugue-enehizena/Documents/code-projects/work/creativeferry/forage/forage-stores-backend/node_modules/supertest/lib/test.js:252:14)
    at /home/osarugue-enehizena/Documents/code-projects/work/creativeferry/forage/forage-stores-backend/node_modules/supertest/lib/test.js:308:13
    at Test._assertFunction (/home/osarugue-enehizena/Documents/code-projects/work/creativeferry/forage/forage-stores-backend/node_modules/supertest/lib/test.js:285:13)
    at Test.assert (/home/osarugue-enehizena/Documents/code-projects/work/creativeferry/forage/forage-stores-backend/node_modules/supertest/lib/test.js:164:23)
    at Server.localAssert (/home/osarugue-enehizena/Documents/code-projects/work/creativeferry/forage/forage-stores-backend/node_modules/supertest/lib/test.js:120:14)
    at Object.onceWrapper (node:events:631:28)
    at Server.emit (node:events:517:28)
    at emitCloseNT (node:net:2215:8)
    at processTicksAndRejections (node:internal/process/task_queues:81:21)]]></failure>
    </testCase>
    <testCase name="Admin Module (e2e) Analytics Management should get orders analytics" duration="6">
      <failure message="Error: expected 200 &quot;OK&quot;, got 401 &quot;Unauthorized&quot;"><![CDATA[Error: expected 200 "OK", got 401 "Unauthorized"
    at Object.<anonymous> (/home/osarugue-enehizena/Documents/code-projects/work/creativeferry/forage/forage-stores-backend/test/admin.e2e-spec.ts:279:10)
    at Promise.then.completed (/home/osarugue-enehizena/Documents/code-projects/work/creativeferry/forage/forage-stores-backend/node_modules/jest-circus/build/utils.js:298:28)
    at new Promise (<anonymous>)
    at callAsyncCircusFn (/home/osarugue-enehizena/Documents/code-projects/work/creativeferry/forage/forage-stores-backend/node_modules/jest-circus/build/utils.js:231:10)
    at _callCircusTest (/home/osarugue-enehizena/Documents/code-projects/work/creativeferry/forage/forage-stores-backend/node_modules/jest-circus/build/run.js:316:40)
    at processTicksAndRejections (node:internal/process/task_queues:95:5)
    at _runTest (/home/osarugue-enehizena/Documents/code-projects/work/creativeferry/forage/forage-stores-backend/node_modules/jest-circus/build/run.js:252:3)
    at _runTestsForDescribeBlock (/home/osarugue-enehizena/Documents/code-projects/work/creativeferry/forage/forage-stores-backend/node_modules/jest-circus/build/run.js:126:9)
    at _runTestsForDescribeBlock (/home/osarugue-enehizena/Documents/code-projects/work/creativeferry/forage/forage-stores-backend/node_modules/jest-circus/build/run.js:121:9)
    at _runTestsForDescribeBlock (/home/osarugue-enehizena/Documents/code-projects/work/creativeferry/forage/forage-stores-backend/node_modules/jest-circus/build/run.js:121:9)
    at run (/home/osarugue-enehizena/Documents/code-projects/work/creativeferry/forage/forage-stores-backend/node_modules/jest-circus/build/run.js:71:3)
    at runAndTransformResultsToJestFormat (/home/osarugue-enehizena/Documents/code-projects/work/creativeferry/forage/forage-stores-backend/node_modules/jest-circus/build/legacy-code-todo-rewrite/jestAdapterInit.js:122:21)
    at jestAdapter (/home/osarugue-enehizena/Documents/code-projects/work/creativeferry/forage/forage-stores-backend/node_modules/jest-circus/build/legacy-code-todo-rewrite/jestAdapter.js:79:19)
    at runTestInternal (/home/osarugue-enehizena/Documents/code-projects/work/creativeferry/forage/forage-stores-backend/node_modules/jest-runner/build/runTest.js:367:16)
    at runTest (/home/osarugue-enehizena/Documents/code-projects/work/creativeferry/forage/forage-stores-backend/node_modules/jest-runner/build/runTest.js:444:34)
    at Object.worker (/home/osarugue-enehizena/Documents/code-projects/work/creativeferry/forage/forage-stores-backend/node_modules/jest-runner/build/testWorker.js:106:12)
----
    at Test._assertStatus (/home/osarugue-enehizena/Documents/code-projects/work/creativeferry/forage/forage-stores-backend/node_modules/supertest/lib/test.js:252:14)
    at /home/osarugue-enehizena/Documents/code-projects/work/creativeferry/forage/forage-stores-backend/node_modules/supertest/lib/test.js:308:13
    at Test._assertFunction (/home/osarugue-enehizena/Documents/code-projects/work/creativeferry/forage/forage-stores-backend/node_modules/supertest/lib/test.js:285:13)
    at Test.assert (/home/osarugue-enehizena/Documents/code-projects/work/creativeferry/forage/forage-stores-backend/node_modules/supertest/lib/test.js:164:23)
    at Server.localAssert (/home/osarugue-enehizena/Documents/code-projects/work/creativeferry/forage/forage-stores-backend/node_modules/supertest/lib/test.js:120:14)
    at Object.onceWrapper (node:events:631:28)
    at Server.emit (node:events:517:28)
    at emitCloseNT (node:net:2215:8)
    at processTicksAndRejections (node:internal/process/task_queues:81:21)]]></failure>
    </testCase>
    <testCase name="Admin Module (e2e) Analytics Management should get subscription analytics" duration="5">
      <failure message="Error: expected 200 &quot;OK&quot;, got 401 &quot;Unauthorized&quot;"><![CDATA[Error: expected 200 "OK", got 401 "Unauthorized"
    at Object.<anonymous> (/home/osarugue-enehizena/Documents/code-projects/work/creativeferry/forage/forage-stores-backend/test/admin.e2e-spec.ts:294:10)
    at Promise.then.completed (/home/osarugue-enehizena/Documents/code-projects/work/creativeferry/forage/forage-stores-backend/node_modules/jest-circus/build/utils.js:298:28)
    at new Promise (<anonymous>)
    at callAsyncCircusFn (/home/osarugue-enehizena/Documents/code-projects/work/creativeferry/forage/forage-stores-backend/node_modules/jest-circus/build/utils.js:231:10)
    at _callCircusTest (/home/osarugue-enehizena/Documents/code-projects/work/creativeferry/forage/forage-stores-backend/node_modules/jest-circus/build/run.js:316:40)
    at processTicksAndRejections (node:internal/process/task_queues:95:5)
    at _runTest (/home/osarugue-enehizena/Documents/code-projects/work/creativeferry/forage/forage-stores-backend/node_modules/jest-circus/build/run.js:252:3)
    at _runTestsForDescribeBlock (/home/osarugue-enehizena/Documents/code-projects/work/creativeferry/forage/forage-stores-backend/node_modules/jest-circus/build/run.js:126:9)
    at _runTestsForDescribeBlock (/home/osarugue-enehizena/Documents/code-projects/work/creativeferry/forage/forage-stores-backend/node_modules/jest-circus/build/run.js:121:9)
    at _runTestsForDescribeBlock (/home/osarugue-enehizena/Documents/code-projects/work/creativeferry/forage/forage-stores-backend/node_modules/jest-circus/build/run.js:121:9)
    at run (/home/osarugue-enehizena/Documents/code-projects/work/creativeferry/forage/forage-stores-backend/node_modules/jest-circus/build/run.js:71:3)
    at runAndTransformResultsToJestFormat (/home/osarugue-enehizena/Documents/code-projects/work/creativeferry/forage/forage-stores-backend/node_modules/jest-circus/build/legacy-code-todo-rewrite/jestAdapterInit.js:122:21)
    at jestAdapter (/home/osarugue-enehizena/Documents/code-projects/work/creativeferry/forage/forage-stores-backend/node_modules/jest-circus/build/legacy-code-todo-rewrite/jestAdapter.js:79:19)
    at runTestInternal (/home/osarugue-enehizena/Documents/code-projects/work/creativeferry/forage/forage-stores-backend/node_modules/jest-runner/build/runTest.js:367:16)
    at runTest (/home/osarugue-enehizena/Documents/code-projects/work/creativeferry/forage/forage-stores-backend/node_modules/jest-runner/build/runTest.js:444:34)
    at Object.worker (/home/osarugue-enehizena/Documents/code-projects/work/creativeferry/forage/forage-stores-backend/node_modules/jest-runner/build/testWorker.js:106:12)
----
    at Test._assertStatus (/home/osarugue-enehizena/Documents/code-projects/work/creativeferry/forage/forage-stores-backend/node_modules/supertest/lib/test.js:252:14)
    at /home/osarugue-enehizena/Documents/code-projects/work/creativeferry/forage/forage-stores-backend/node_modules/supertest/lib/test.js:308:13
    at Test._assertFunction (/home/osarugue-enehizena/Documents/code-projects/work/creativeferry/forage/forage-stores-backend/node_modules/supertest/lib/test.js:285:13)
    at Test.assert (/home/osarugue-enehizena/Documents/code-projects/work/creativeferry/forage/forage-stores-backend/node_modules/supertest/lib/test.js:164:23)
    at Server.localAssert (/home/osarugue-enehizena/Documents/code-projects/work/creativeferry/forage/forage-stores-backend/node_modules/supertest/lib/test.js:120:14)
    at Object.onceWrapper (node:events:631:28)
    at Server.emit (node:events:517:28)
    at emitCloseNT (node:net:2215:8)
    at processTicksAndRejections (node:internal/process/task_queues:81:21)]]></failure>
    </testCase>
    <testCase name="Admin Module (e2e) Analytics Management should get commission analytics" duration="5">
      <failure message="Error: expected 200 &quot;OK&quot;, got 401 &quot;Unauthorized&quot;"><![CDATA[Error: expected 200 "OK", got 401 "Unauthorized"
    at Object.<anonymous> (/home/osarugue-enehizena/Documents/code-projects/work/creativeferry/forage/forage-stores-backend/test/admin.e2e-spec.ts:308:10)
    at Promise.then.completed (/home/osarugue-enehizena/Documents/code-projects/work/creativeferry/forage/forage-stores-backend/node_modules/jest-circus/build/utils.js:298:28)
    at new Promise (<anonymous>)
    at callAsyncCircusFn (/home/osarugue-enehizena/Documents/code-projects/work/creativeferry/forage/forage-stores-backend/node_modules/jest-circus/build/utils.js:231:10)
    at _callCircusTest (/home/osarugue-enehizena/Documents/code-projects/work/creativeferry/forage/forage-stores-backend/node_modules/jest-circus/build/run.js:316:40)
    at processTicksAndRejections (node:internal/process/task_queues:95:5)
    at _runTest (/home/osarugue-enehizena/Documents/code-projects/work/creativeferry/forage/forage-stores-backend/node_modules/jest-circus/build/run.js:252:3)
    at _runTestsForDescribeBlock (/home/osarugue-enehizena/Documents/code-projects/work/creativeferry/forage/forage-stores-backend/node_modules/jest-circus/build/run.js:126:9)
    at _runTestsForDescribeBlock (/home/osarugue-enehizena/Documents/code-projects/work/creativeferry/forage/forage-stores-backend/node_modules/jest-circus/build/run.js:121:9)
    at _runTestsForDescribeBlock (/home/osarugue-enehizena/Documents/code-projects/work/creativeferry/forage/forage-stores-backend/node_modules/jest-circus/build/run.js:121:9)
    at run (/home/osarugue-enehizena/Documents/code-projects/work/creativeferry/forage/forage-stores-backend/node_modules/jest-circus/build/run.js:71:3)
    at runAndTransformResultsToJestFormat (/home/osarugue-enehizena/Documents/code-projects/work/creativeferry/forage/forage-stores-backend/node_modules/jest-circus/build/legacy-code-todo-rewrite/jestAdapterInit.js:122:21)
    at jestAdapter (/home/osarugue-enehizena/Documents/code-projects/work/creativeferry/forage/forage-stores-backend/node_modules/jest-circus/build/legacy-code-todo-rewrite/jestAdapter.js:79:19)
    at runTestInternal (/home/osarugue-enehizena/Documents/code-projects/work/creativeferry/forage/forage-stores-backend/node_modules/jest-runner/build/runTest.js:367:16)
    at runTest (/home/osarugue-enehizena/Documents/code-projects/work/creativeferry/forage/forage-stores-backend/node_modules/jest-runner/build/runTest.js:444:34)
    at Object.worker (/home/osarugue-enehizena/Documents/code-projects/work/creativeferry/forage/forage-stores-backend/node_modules/jest-runner/build/testWorker.js:106:12)
----
    at Test._assertStatus (/home/osarugue-enehizena/Documents/code-projects/work/creativeferry/forage/forage-stores-backend/node_modules/supertest/lib/test.js:252:14)
    at /home/osarugue-enehizena/Documents/code-projects/work/creativeferry/forage/forage-stores-backend/node_modules/supertest/lib/test.js:308:13
    at Test._assertFunction (/home/osarugue-enehizena/Documents/code-projects/work/creativeferry/forage/forage-stores-backend/node_modules/supertest/lib/test.js:285:13)
    at Test.assert (/home/osarugue-enehizena/Documents/code-projects/work/creativeferry/forage/forage-stores-backend/node_modules/supertest/lib/test.js:164:23)
    at Server.localAssert (/home/osarugue-enehizena/Documents/code-projects/work/creativeferry/forage/forage-stores-backend/node_modules/supertest/lib/test.js:120:14)
    at Object.onceWrapper (node:events:631:28)
    at Server.emit (node:events:517:28)
    at emitCloseNT (node:net:2215:8)
    at processTicksAndRejections (node:internal/process/task_queues:81:21)]]></failure>
    </testCase>
    <testCase name="Admin Module (e2e) Analytics Management should filter analytics by date range" duration="4">
      <failure message="Error: expected 200 &quot;OK&quot;, got 401 &quot;Unauthorized&quot;"><![CDATA[Error: expected 200 "OK", got 401 "Unauthorized"
    at Object.<anonymous> (/home/osarugue-enehizena/Documents/code-projects/work/creativeferry/forage/forage-stores-backend/test/admin.e2e-spec.ts:322:10)
    at Promise.then.completed (/home/osarugue-enehizena/Documents/code-projects/work/creativeferry/forage/forage-stores-backend/node_modules/jest-circus/build/utils.js:298:28)
    at new Promise (<anonymous>)
    at callAsyncCircusFn (/home/osarugue-enehizena/Documents/code-projects/work/creativeferry/forage/forage-stores-backend/node_modules/jest-circus/build/utils.js:231:10)
    at _callCircusTest (/home/osarugue-enehizena/Documents/code-projects/work/creativeferry/forage/forage-stores-backend/node_modules/jest-circus/build/run.js:316:40)
    at processTicksAndRejections (node:internal/process/task_queues:95:5)
    at _runTest (/home/osarugue-enehizena/Documents/code-projects/work/creativeferry/forage/forage-stores-backend/node_modules/jest-circus/build/run.js:252:3)
    at _runTestsForDescribeBlock (/home/osarugue-enehizena/Documents/code-projects/work/creativeferry/forage/forage-stores-backend/node_modules/jest-circus/build/run.js:126:9)
    at _runTestsForDescribeBlock (/home/osarugue-enehizena/Documents/code-projects/work/creativeferry/forage/forage-stores-backend/node_modules/jest-circus/build/run.js:121:9)
    at _runTestsForDescribeBlock (/home/osarugue-enehizena/Documents/code-projects/work/creativeferry/forage/forage-stores-backend/node_modules/jest-circus/build/run.js:121:9)
    at run (/home/osarugue-enehizena/Documents/code-projects/work/creativeferry/forage/forage-stores-backend/node_modules/jest-circus/build/run.js:71:3)
    at runAndTransformResultsToJestFormat (/home/osarugue-enehizena/Documents/code-projects/work/creativeferry/forage/forage-stores-backend/node_modules/jest-circus/build/legacy-code-todo-rewrite/jestAdapterInit.js:122:21)
    at jestAdapter (/home/osarugue-enehizena/Documents/code-projects/work/creativeferry/forage/forage-stores-backend/node_modules/jest-circus/build/legacy-code-todo-rewrite/jestAdapter.js:79:19)
    at runTestInternal (/home/osarugue-enehizena/Documents/code-projects/work/creativeferry/forage/forage-stores-backend/node_modules/jest-runner/build/runTest.js:367:16)
    at runTest (/home/osarugue-enehizena/Documents/code-projects/work/creativeferry/forage/forage-stores-backend/node_modules/jest-runner/build/runTest.js:444:34)
    at Object.worker (/home/osarugue-enehizena/Documents/code-projects/work/creativeferry/forage/forage-stores-backend/node_modules/jest-runner/build/testWorker.js:106:12)
----
    at Test._assertStatus (/home/osarugue-enehizena/Documents/code-projects/work/creativeferry/forage/forage-stores-backend/node_modules/supertest/lib/test.js:252:14)
    at /home/osarugue-enehizena/Documents/code-projects/work/creativeferry/forage/forage-stores-backend/node_modules/supertest/lib/test.js:308:13
    at Test._assertFunction (/home/osarugue-enehizena/Documents/code-projects/work/creativeferry/forage/forage-stores-backend/node_modules/supertest/lib/test.js:285:13)
    at Test.assert (/home/osarugue-enehizena/Documents/code-projects/work/creativeferry/forage/forage-stores-backend/node_modules/supertest/lib/test.js:164:23)
    at Server.localAssert (/home/osarugue-enehizena/Documents/code-projects/work/creativeferry/forage/forage-stores-backend/node_modules/supertest/lib/test.js:120:14)
    at Object.onceWrapper (node:events:631:28)
    at Server.emit (node:events:517:28)
    at emitCloseNT (node:net:2215:8)
    at processTicksAndRejections (node:internal/process/task_queues:81:21)]]></failure>
    </testCase>
    <testCase name="Admin Module (e2e) Category Management should create a new category" duration="5">
      <failure message="Error: expected 201 &quot;Created&quot;, got 401 &quot;Unauthorized&quot;"><![CDATA[Error: expected 201 "Created", got 401 "Unauthorized"
    at Object.<anonymous> (/home/osarugue-enehizena/Documents/code-projects/work/creativeferry/forage/forage-stores-backend/test/admin.e2e-spec.ts:335:10)
    at Promise.then.completed (/home/osarugue-enehizena/Documents/code-projects/work/creativeferry/forage/forage-stores-backend/node_modules/jest-circus/build/utils.js:298:28)
    at new Promise (<anonymous>)
    at callAsyncCircusFn (/home/osarugue-enehizena/Documents/code-projects/work/creativeferry/forage/forage-stores-backend/node_modules/jest-circus/build/utils.js:231:10)
    at _callCircusTest (/home/osarugue-enehizena/Documents/code-projects/work/creativeferry/forage/forage-stores-backend/node_modules/jest-circus/build/run.js:316:40)
    at processTicksAndRejections (node:internal/process/task_queues:95:5)
    at _runTest (/home/osarugue-enehizena/Documents/code-projects/work/creativeferry/forage/forage-stores-backend/node_modules/jest-circus/build/run.js:252:3)
    at _runTestsForDescribeBlock (/home/osarugue-enehizena/Documents/code-projects/work/creativeferry/forage/forage-stores-backend/node_modules/jest-circus/build/run.js:126:9)
    at _runTestsForDescribeBlock (/home/osarugue-enehizena/Documents/code-projects/work/creativeferry/forage/forage-stores-backend/node_modules/jest-circus/build/run.js:121:9)
    at _runTestsForDescribeBlock (/home/osarugue-enehizena/Documents/code-projects/work/creativeferry/forage/forage-stores-backend/node_modules/jest-circus/build/run.js:121:9)
    at run (/home/osarugue-enehizena/Documents/code-projects/work/creativeferry/forage/forage-stores-backend/node_modules/jest-circus/build/run.js:71:3)
    at runAndTransformResultsToJestFormat (/home/osarugue-enehizena/Documents/code-projects/work/creativeferry/forage/forage-stores-backend/node_modules/jest-circus/build/legacy-code-todo-rewrite/jestAdapterInit.js:122:21)
    at jestAdapter (/home/osarugue-enehizena/Documents/code-projects/work/creativeferry/forage/forage-stores-backend/node_modules/jest-circus/build/legacy-code-todo-rewrite/jestAdapter.js:79:19)
    at runTestInternal (/home/osarugue-enehizena/Documents/code-projects/work/creativeferry/forage/forage-stores-backend/node_modules/jest-runner/build/runTest.js:367:16)
    at runTest (/home/osarugue-enehizena/Documents/code-projects/work/creativeferry/forage/forage-stores-backend/node_modules/jest-runner/build/runTest.js:444:34)
    at Object.worker (/home/osarugue-enehizena/Documents/code-projects/work/creativeferry/forage/forage-stores-backend/node_modules/jest-runner/build/testWorker.js:106:12)
----
    at Test._assertStatus (/home/osarugue-enehizena/Documents/code-projects/work/creativeferry/forage/forage-stores-backend/node_modules/supertest/lib/test.js:252:14)
    at /home/osarugue-enehizena/Documents/code-projects/work/creativeferry/forage/forage-stores-backend/node_modules/supertest/lib/test.js:308:13
    at Test._assertFunction (/home/osarugue-enehizena/Documents/code-projects/work/creativeferry/forage/forage-stores-backend/node_modules/supertest/lib/test.js:285:13)
    at Test.assert (/home/osarugue-enehizena/Documents/code-projects/work/creativeferry/forage/forage-stores-backend/node_modules/supertest/lib/test.js:164:23)
    at Server.localAssert (/home/osarugue-enehizena/Documents/code-projects/work/creativeferry/forage/forage-stores-backend/node_modules/supertest/lib/test.js:120:14)
    at Object.onceWrapper (node:events:631:28)
    at Server.emit (node:events:517:28)
    at emitCloseNT (node:net:2215:8)
    at processTicksAndRejections (node:internal/process/task_queues:81:21)]]></failure>
    </testCase>
    <testCase name="Admin Module (e2e) Category Management should get all categories" duration="3">
      <failure message="Error: expected 200 &quot;OK&quot;, got 401 &quot;Unauthorized&quot;"><![CDATA[Error: expected 200 "OK", got 401 "Unauthorized"
    at Object.<anonymous> (/home/osarugue-enehizena/Documents/code-projects/work/creativeferry/forage/forage-stores-backend/test/admin.e2e-spec.ts:348:10)
    at Promise.then.completed (/home/osarugue-enehizena/Documents/code-projects/work/creativeferry/forage/forage-stores-backend/node_modules/jest-circus/build/utils.js:298:28)
    at new Promise (<anonymous>)
    at callAsyncCircusFn (/home/osarugue-enehizena/Documents/code-projects/work/creativeferry/forage/forage-stores-backend/node_modules/jest-circus/build/utils.js:231:10)
    at _callCircusTest (/home/osarugue-enehizena/Documents/code-projects/work/creativeferry/forage/forage-stores-backend/node_modules/jest-circus/build/run.js:316:40)
    at processTicksAndRejections (node:internal/process/task_queues:95:5)
    at _runTest (/home/osarugue-enehizena/Documents/code-projects/work/creativeferry/forage/forage-stores-backend/node_modules/jest-circus/build/run.js:252:3)
    at _runTestsForDescribeBlock (/home/osarugue-enehizena/Documents/code-projects/work/creativeferry/forage/forage-stores-backend/node_modules/jest-circus/build/run.js:126:9)
    at _runTestsForDescribeBlock (/home/osarugue-enehizena/Documents/code-projects/work/creativeferry/forage/forage-stores-backend/node_modules/jest-circus/build/run.js:121:9)
    at _runTestsForDescribeBlock (/home/osarugue-enehizena/Documents/code-projects/work/creativeferry/forage/forage-stores-backend/node_modules/jest-circus/build/run.js:121:9)
    at run (/home/osarugue-enehizena/Documents/code-projects/work/creativeferry/forage/forage-stores-backend/node_modules/jest-circus/build/run.js:71:3)
    at runAndTransformResultsToJestFormat (/home/osarugue-enehizena/Documents/code-projects/work/creativeferry/forage/forage-stores-backend/node_modules/jest-circus/build/legacy-code-todo-rewrite/jestAdapterInit.js:122:21)
    at jestAdapter (/home/osarugue-enehizena/Documents/code-projects/work/creativeferry/forage/forage-stores-backend/node_modules/jest-circus/build/legacy-code-todo-rewrite/jestAdapter.js:79:19)
    at runTestInternal (/home/osarugue-enehizena/Documents/code-projects/work/creativeferry/forage/forage-stores-backend/node_modules/jest-runner/build/runTest.js:367:16)
    at runTest (/home/osarugue-enehizena/Documents/code-projects/work/creativeferry/forage/forage-stores-backend/node_modules/jest-runner/build/runTest.js:444:34)
    at Object.worker (/home/osarugue-enehizena/Documents/code-projects/work/creativeferry/forage/forage-stores-backend/node_modules/jest-runner/build/testWorker.js:106:12)
----
    at Test._assertStatus (/home/osarugue-enehizena/Documents/code-projects/work/creativeferry/forage/forage-stores-backend/node_modules/supertest/lib/test.js:252:14)
    at /home/osarugue-enehizena/Documents/code-projects/work/creativeferry/forage/forage-stores-backend/node_modules/supertest/lib/test.js:308:13
    at Test._assertFunction (/home/osarugue-enehizena/Documents/code-projects/work/creativeferry/forage/forage-stores-backend/node_modules/supertest/lib/test.js:285:13)
    at Test.assert (/home/osarugue-enehizena/Documents/code-projects/work/creativeferry/forage/forage-stores-backend/node_modules/supertest/lib/test.js:164:23)
    at Server.localAssert (/home/osarugue-enehizena/Documents/code-projects/work/creativeferry/forage/forage-stores-backend/node_modules/supertest/lib/test.js:120:14)
    at Object.onceWrapper (node:events:631:28)
    at Server.emit (node:events:517:28)
    at emitCloseNT (node:net:2215:8)
    at processTicksAndRejections (node:internal/process/task_queues:81:21)]]></failure>
    </testCase>
    <testCase name="Admin Module (e2e) Category Management should get category by ID" duration="4">
      <failure message="Error: expected 200 &quot;OK&quot;, got 401 &quot;Unauthorized&quot;"><![CDATA[Error: expected 200 "OK", got 401 "Unauthorized"
    at Object.<anonymous> (/home/osarugue-enehizena/Documents/code-projects/work/creativeferry/forage/forage-stores-backend/test/admin.e2e-spec.ts:358:10)
    at Promise.then.completed (/home/osarugue-enehizena/Documents/code-projects/work/creativeferry/forage/forage-stores-backend/node_modules/jest-circus/build/utils.js:298:28)
    at new Promise (<anonymous>)
    at callAsyncCircusFn (/home/osarugue-enehizena/Documents/code-projects/work/creativeferry/forage/forage-stores-backend/node_modules/jest-circus/build/utils.js:231:10)
    at _callCircusTest (/home/osarugue-enehizena/Documents/code-projects/work/creativeferry/forage/forage-stores-backend/node_modules/jest-circus/build/run.js:316:40)
    at processTicksAndRejections (node:internal/process/task_queues:95:5)
    at _runTest (/home/osarugue-enehizena/Documents/code-projects/work/creativeferry/forage/forage-stores-backend/node_modules/jest-circus/build/run.js:252:3)
    at _runTestsForDescribeBlock (/home/osarugue-enehizena/Documents/code-projects/work/creativeferry/forage/forage-stores-backend/node_modules/jest-circus/build/run.js:126:9)
    at _runTestsForDescribeBlock (/home/osarugue-enehizena/Documents/code-projects/work/creativeferry/forage/forage-stores-backend/node_modules/jest-circus/build/run.js:121:9)
    at _runTestsForDescribeBlock (/home/osarugue-enehizena/Documents/code-projects/work/creativeferry/forage/forage-stores-backend/node_modules/jest-circus/build/run.js:121:9)
    at run (/home/osarugue-enehizena/Documents/code-projects/work/creativeferry/forage/forage-stores-backend/node_modules/jest-circus/build/run.js:71:3)
    at runAndTransformResultsToJestFormat (/home/osarugue-enehizena/Documents/code-projects/work/creativeferry/forage/forage-stores-backend/node_modules/jest-circus/build/legacy-code-todo-rewrite/jestAdapterInit.js:122:21)
    at jestAdapter (/home/osarugue-enehizena/Documents/code-projects/work/creativeferry/forage/forage-stores-backend/node_modules/jest-circus/build/legacy-code-todo-rewrite/jestAdapter.js:79:19)
    at runTestInternal (/home/osarugue-enehizena/Documents/code-projects/work/creativeferry/forage/forage-stores-backend/node_modules/jest-runner/build/runTest.js:367:16)
    at runTest (/home/osarugue-enehizena/Documents/code-projects/work/creativeferry/forage/forage-stores-backend/node_modules/jest-runner/build/runTest.js:444:34)
    at Object.worker (/home/osarugue-enehizena/Documents/code-projects/work/creativeferry/forage/forage-stores-backend/node_modules/jest-runner/build/testWorker.js:106:12)
----
    at Test._assertStatus (/home/osarugue-enehizena/Documents/code-projects/work/creativeferry/forage/forage-stores-backend/node_modules/supertest/lib/test.js:252:14)
    at /home/osarugue-enehizena/Documents/code-projects/work/creativeferry/forage/forage-stores-backend/node_modules/supertest/lib/test.js:308:13
    at Test._assertFunction (/home/osarugue-enehizena/Documents/code-projects/work/creativeferry/forage/forage-stores-backend/node_modules/supertest/lib/test.js:285:13)
    at Test.assert (/home/osarugue-enehizena/Documents/code-projects/work/creativeferry/forage/forage-stores-backend/node_modules/supertest/lib/test.js:164:23)
    at Server.localAssert (/home/osarugue-enehizena/Documents/code-projects/work/creativeferry/forage/forage-stores-backend/node_modules/supertest/lib/test.js:120:14)
    at Object.onceWrapper (node:events:631:28)
    at Server.emit (node:events:517:28)
    at emitCloseNT (node:net:2215:8)
    at processTicksAndRejections (node:internal/process/task_queues:81:21)]]></failure>
    </testCase>
    <testCase name="Admin Module (e2e) Category Management should update a category" duration="4">
      <failure message="Error: expected 200 &quot;OK&quot;, got 401 &quot;Unauthorized&quot;"><![CDATA[Error: expected 200 "OK", got 401 "Unauthorized"
    at Object.<anonymous> (/home/osarugue-enehizena/Documents/code-projects/work/creativeferry/forage/forage-stores-backend/test/admin.e2e-spec.ts:374:10)
    at Promise.then.completed (/home/osarugue-enehizena/Documents/code-projects/work/creativeferry/forage/forage-stores-backend/node_modules/jest-circus/build/utils.js:298:28)
    at new Promise (<anonymous>)
    at callAsyncCircusFn (/home/osarugue-enehizena/Documents/code-projects/work/creativeferry/forage/forage-stores-backend/node_modules/jest-circus/build/utils.js:231:10)
    at _callCircusTest (/home/osarugue-enehizena/Documents/code-projects/work/creativeferry/forage/forage-stores-backend/node_modules/jest-circus/build/run.js:316:40)
    at processTicksAndRejections (node:internal/process/task_queues:95:5)
    at _runTest (/home/osarugue-enehizena/Documents/code-projects/work/creativeferry/forage/forage-stores-backend/node_modules/jest-circus/build/run.js:252:3)
    at _runTestsForDescribeBlock (/home/osarugue-enehizena/Documents/code-projects/work/creativeferry/forage/forage-stores-backend/node_modules/jest-circus/build/run.js:126:9)
    at _runTestsForDescribeBlock (/home/osarugue-enehizena/Documents/code-projects/work/creativeferry/forage/forage-stores-backend/node_modules/jest-circus/build/run.js:121:9)
    at _runTestsForDescribeBlock (/home/osarugue-enehizena/Documents/code-projects/work/creativeferry/forage/forage-stores-backend/node_modules/jest-circus/build/run.js:121:9)
    at run (/home/osarugue-enehizena/Documents/code-projects/work/creativeferry/forage/forage-stores-backend/node_modules/jest-circus/build/run.js:71:3)
    at runAndTransformResultsToJestFormat (/home/osarugue-enehizena/Documents/code-projects/work/creativeferry/forage/forage-stores-backend/node_modules/jest-circus/build/legacy-code-todo-rewrite/jestAdapterInit.js:122:21)
    at jestAdapter (/home/osarugue-enehizena/Documents/code-projects/work/creativeferry/forage/forage-stores-backend/node_modules/jest-circus/build/legacy-code-todo-rewrite/jestAdapter.js:79:19)
    at runTestInternal (/home/osarugue-enehizena/Documents/code-projects/work/creativeferry/forage/forage-stores-backend/node_modules/jest-runner/build/runTest.js:367:16)
    at runTest (/home/osarugue-enehizena/Documents/code-projects/work/creativeferry/forage/forage-stores-backend/node_modules/jest-runner/build/runTest.js:444:34)
    at Object.worker (/home/osarugue-enehizena/Documents/code-projects/work/creativeferry/forage/forage-stores-backend/node_modules/jest-runner/build/testWorker.js:106:12)
----
    at Test._assertStatus (/home/osarugue-enehizena/Documents/code-projects/work/creativeferry/forage/forage-stores-backend/node_modules/supertest/lib/test.js:252:14)
    at /home/osarugue-enehizena/Documents/code-projects/work/creativeferry/forage/forage-stores-backend/node_modules/supertest/lib/test.js:308:13
    at Test._assertFunction (/home/osarugue-enehizena/Documents/code-projects/work/creativeferry/forage/forage-stores-backend/node_modules/supertest/lib/test.js:285:13)
    at Test.assert (/home/osarugue-enehizena/Documents/code-projects/work/creativeferry/forage/forage-stores-backend/node_modules/supertest/lib/test.js:164:23)
    at Server.localAssert (/home/osarugue-enehizena/Documents/code-projects/work/creativeferry/forage/forage-stores-backend/node_modules/supertest/lib/test.js:120:14)
    at Object.onceWrapper (node:events:631:28)
    at Server.emit (node:events:517:28)
    at emitCloseNT (node:net:2215:8)
    at processTicksAndRejections (node:internal/process/task_queues:81:21)]]></failure>
    </testCase>
    <testCase name="Admin Module (e2e) Category Management should validate category creation with invalid data" duration="4">
      <failure message="Error: expected 400 &quot;Bad Request&quot;, got 401 &quot;Unauthorized&quot;"><![CDATA[Error: expected 400 "Bad Request", got 401 "Unauthorized"
    at Object.<anonymous> (/home/osarugue-enehizena/Documents/code-projects/work/creativeferry/forage/forage-stores-backend/test/admin.e2e-spec.ts:390:10)
    at Promise.then.completed (/home/osarugue-enehizena/Documents/code-projects/work/creativeferry/forage/forage-stores-backend/node_modules/jest-circus/build/utils.js:298:28)
    at new Promise (<anonymous>)
    at callAsyncCircusFn (/home/osarugue-enehizena/Documents/code-projects/work/creativeferry/forage/forage-stores-backend/node_modules/jest-circus/build/utils.js:231:10)
    at _callCircusTest (/home/osarugue-enehizena/Documents/code-projects/work/creativeferry/forage/forage-stores-backend/node_modules/jest-circus/build/run.js:316:40)
    at processTicksAndRejections (node:internal/process/task_queues:95:5)
    at _runTest (/home/osarugue-enehizena/Documents/code-projects/work/creativeferry/forage/forage-stores-backend/node_modules/jest-circus/build/run.js:252:3)
    at _runTestsForDescribeBlock (/home/osarugue-enehizena/Documents/code-projects/work/creativeferry/forage/forage-stores-backend/node_modules/jest-circus/build/run.js:126:9)
    at _runTestsForDescribeBlock (/home/osarugue-enehizena/Documents/code-projects/work/creativeferry/forage/forage-stores-backend/node_modules/jest-circus/build/run.js:121:9)
    at _runTestsForDescribeBlock (/home/osarugue-enehizena/Documents/code-projects/work/creativeferry/forage/forage-stores-backend/node_modules/jest-circus/build/run.js:121:9)
    at run (/home/osarugue-enehizena/Documents/code-projects/work/creativeferry/forage/forage-stores-backend/node_modules/jest-circus/build/run.js:71:3)
    at runAndTransformResultsToJestFormat (/home/osarugue-enehizena/Documents/code-projects/work/creativeferry/forage/forage-stores-backend/node_modules/jest-circus/build/legacy-code-todo-rewrite/jestAdapterInit.js:122:21)
    at jestAdapter (/home/osarugue-enehizena/Documents/code-projects/work/creativeferry/forage/forage-stores-backend/node_modules/jest-circus/build/legacy-code-todo-rewrite/jestAdapter.js:79:19)
    at runTestInternal (/home/osarugue-enehizena/Documents/code-projects/work/creativeferry/forage/forage-stores-backend/node_modules/jest-runner/build/runTest.js:367:16)
    at runTest (/home/osarugue-enehizena/Documents/code-projects/work/creativeferry/forage/forage-stores-backend/node_modules/jest-runner/build/runTest.js:444:34)
    at Object.worker (/home/osarugue-enehizena/Documents/code-projects/work/creativeferry/forage/forage-stores-backend/node_modules/jest-runner/build/testWorker.js:106:12)
----
    at Test._assertStatus (/home/osarugue-enehizena/Documents/code-projects/work/creativeferry/forage/forage-stores-backend/node_modules/supertest/lib/test.js:252:14)
    at /home/osarugue-enehizena/Documents/code-projects/work/creativeferry/forage/forage-stores-backend/node_modules/supertest/lib/test.js:308:13
    at Test._assertFunction (/home/osarugue-enehizena/Documents/code-projects/work/creativeferry/forage/forage-stores-backend/node_modules/supertest/lib/test.js:285:13)
    at Test.assert (/home/osarugue-enehizena/Documents/code-projects/work/creativeferry/forage/forage-stores-backend/node_modules/supertest/lib/test.js:164:23)
    at Server.localAssert (/home/osarugue-enehizena/Documents/code-projects/work/creativeferry/forage/forage-stores-backend/node_modules/supertest/lib/test.js:120:14)
    at Object.onceWrapper (node:events:631:28)
    at Server.emit (node:events:517:28)
    at emitCloseNT (node:net:2215:8)
    at processTicksAndRejections (node:internal/process/task_queues:81:21)]]></failure>
    </testCase>
    <testCase name="Admin Module (e2e) Price History Management should get product price history" duration="3">
      <failure message="Error: expected 200 &quot;OK&quot;, got 401 &quot;Unauthorized&quot;"><![CDATA[Error: expected 200 "OK", got 401 "Unauthorized"
    at Object.<anonymous> (/home/osarugue-enehizena/Documents/code-projects/work/creativeferry/forage/forage-stores-backend/test/admin.e2e-spec.ts:407:10)
    at Promise.then.completed (/home/osarugue-enehizena/Documents/code-projects/work/creativeferry/forage/forage-stores-backend/node_modules/jest-circus/build/utils.js:298:28)
    at new Promise (<anonymous>)
    at callAsyncCircusFn (/home/osarugue-enehizena/Documents/code-projects/work/creativeferry/forage/forage-stores-backend/node_modules/jest-circus/build/utils.js:231:10)
    at _callCircusTest (/home/osarugue-enehizena/Documents/code-projects/work/creativeferry/forage/forage-stores-backend/node_modules/jest-circus/build/run.js:316:40)
    at processTicksAndRejections (node:internal/process/task_queues:95:5)
    at _runTest (/home/osarugue-enehizena/Documents/code-projects/work/creativeferry/forage/forage-stores-backend/node_modules/jest-circus/build/run.js:252:3)
    at _runTestsForDescribeBlock (/home/osarugue-enehizena/Documents/code-projects/work/creativeferry/forage/forage-stores-backend/node_modules/jest-circus/build/run.js:126:9)
    at _runTestsForDescribeBlock (/home/osarugue-enehizena/Documents/code-projects/work/creativeferry/forage/forage-stores-backend/node_modules/jest-circus/build/run.js:121:9)
    at _runTestsForDescribeBlock (/home/osarugue-enehizena/Documents/code-projects/work/creativeferry/forage/forage-stores-backend/node_modules/jest-circus/build/run.js:121:9)
    at run (/home/osarugue-enehizena/Documents/code-projects/work/creativeferry/forage/forage-stores-backend/node_modules/jest-circus/build/run.js:71:3)
    at runAndTransformResultsToJestFormat (/home/osarugue-enehizena/Documents/code-projects/work/creativeferry/forage/forage-stores-backend/node_modules/jest-circus/build/legacy-code-todo-rewrite/jestAdapterInit.js:122:21)
    at jestAdapter (/home/osarugue-enehizena/Documents/code-projects/work/creativeferry/forage/forage-stores-backend/node_modules/jest-circus/build/legacy-code-todo-rewrite/jestAdapter.js:79:19)
    at runTestInternal (/home/osarugue-enehizena/Documents/code-projects/work/creativeferry/forage/forage-stores-backend/node_modules/jest-runner/build/runTest.js:367:16)
    at runTest (/home/osarugue-enehizena/Documents/code-projects/work/creativeferry/forage/forage-stores-backend/node_modules/jest-runner/build/runTest.js:444:34)
    at Object.worker (/home/osarugue-enehizena/Documents/code-projects/work/creativeferry/forage/forage-stores-backend/node_modules/jest-runner/build/testWorker.js:106:12)
----
    at Test._assertStatus (/home/osarugue-enehizena/Documents/code-projects/work/creativeferry/forage/forage-stores-backend/node_modules/supertest/lib/test.js:252:14)
    at /home/osarugue-enehizena/Documents/code-projects/work/creativeferry/forage/forage-stores-backend/node_modules/supertest/lib/test.js:308:13
    at Test._assertFunction (/home/osarugue-enehizena/Documents/code-projects/work/creativeferry/forage/forage-stores-backend/node_modules/supertest/lib/test.js:285:13)
    at Test.assert (/home/osarugue-enehizena/Documents/code-projects/work/creativeferry/forage/forage-stores-backend/node_modules/supertest/lib/test.js:164:23)
    at Server.localAssert (/home/osarugue-enehizena/Documents/code-projects/work/creativeferry/forage/forage-stores-backend/node_modules/supertest/lib/test.js:120:14)
    at Object.onceWrapper (node:events:631:28)
    at Server.emit (node:events:517:28)
    at emitCloseNT (node:net:2215:8)
    at processTicksAndRejections (node:internal/process/task_queues:81:21)]]></failure>
    </testCase>
    <testCase name="Admin Module (e2e) Price History Management should add price history and update product price" duration="9">
      <failure message="Error: expected 201 &quot;Created&quot;, got 401 &quot;Unauthorized&quot;"><![CDATA[Error: expected 201 "Created", got 401 "Unauthorized"
    at Object.<anonymous> (/home/osarugue-enehizena/Documents/code-projects/work/creativeferry/forage/forage-stores-backend/test/admin.e2e-spec.ts:425:10)
    at Promise.then.completed (/home/osarugue-enehizena/Documents/code-projects/work/creativeferry/forage/forage-stores-backend/node_modules/jest-circus/build/utils.js:298:28)
    at new Promise (<anonymous>)
    at callAsyncCircusFn (/home/osarugue-enehizena/Documents/code-projects/work/creativeferry/forage/forage-stores-backend/node_modules/jest-circus/build/utils.js:231:10)
    at _callCircusTest (/home/osarugue-enehizena/Documents/code-projects/work/creativeferry/forage/forage-stores-backend/node_modules/jest-circus/build/run.js:316:40)
    at processTicksAndRejections (node:internal/process/task_queues:95:5)
    at _runTest (/home/osarugue-enehizena/Documents/code-projects/work/creativeferry/forage/forage-stores-backend/node_modules/jest-circus/build/run.js:252:3)
    at _runTestsForDescribeBlock (/home/osarugue-enehizena/Documents/code-projects/work/creativeferry/forage/forage-stores-backend/node_modules/jest-circus/build/run.js:126:9)
    at _runTestsForDescribeBlock (/home/osarugue-enehizena/Documents/code-projects/work/creativeferry/forage/forage-stores-backend/node_modules/jest-circus/build/run.js:121:9)
    at _runTestsForDescribeBlock (/home/osarugue-enehizena/Documents/code-projects/work/creativeferry/forage/forage-stores-backend/node_modules/jest-circus/build/run.js:121:9)
    at run (/home/osarugue-enehizena/Documents/code-projects/work/creativeferry/forage/forage-stores-backend/node_modules/jest-circus/build/run.js:71:3)
    at runAndTransformResultsToJestFormat (/home/osarugue-enehizena/Documents/code-projects/work/creativeferry/forage/forage-stores-backend/node_modules/jest-circus/build/legacy-code-todo-rewrite/jestAdapterInit.js:122:21)
    at jestAdapter (/home/osarugue-enehizena/Documents/code-projects/work/creativeferry/forage/forage-stores-backend/node_modules/jest-circus/build/legacy-code-todo-rewrite/jestAdapter.js:79:19)
    at runTestInternal (/home/osarugue-enehizena/Documents/code-projects/work/creativeferry/forage/forage-stores-backend/node_modules/jest-runner/build/runTest.js:367:16)
    at runTest (/home/osarugue-enehizena/Documents/code-projects/work/creativeferry/forage/forage-stores-backend/node_modules/jest-runner/build/runTest.js:444:34)
    at Object.worker (/home/osarugue-enehizena/Documents/code-projects/work/creativeferry/forage/forage-stores-backend/node_modules/jest-runner/build/testWorker.js:106:12)
----
    at Test._assertStatus (/home/osarugue-enehizena/Documents/code-projects/work/creativeferry/forage/forage-stores-backend/node_modules/supertest/lib/test.js:252:14)
    at /home/osarugue-enehizena/Documents/code-projects/work/creativeferry/forage/forage-stores-backend/node_modules/supertest/lib/test.js:308:13
    at Test._assertFunction (/home/osarugue-enehizena/Documents/code-projects/work/creativeferry/forage/forage-stores-backend/node_modules/supertest/lib/test.js:285:13)
    at Test.assert (/home/osarugue-enehizena/Documents/code-projects/work/creativeferry/forage/forage-stores-backend/node_modules/supertest/lib/test.js:164:23)
    at Server.localAssert (/home/osarugue-enehizena/Documents/code-projects/work/creativeferry/forage/forage-stores-backend/node_modules/supertest/lib/test.js:120:14)
    at Object.onceWrapper (node:events:631:28)
    at Server.emit (node:events:517:28)
    at emitCloseNT (node:net:2215:8)
    at processTicksAndRejections (node:internal/process/task_queues:81:21)]]></failure>
    </testCase>
    <testCase name="Admin Module (e2e) Growth Users Management should get growth users by city" duration="5">
      <failure message="Error: expected 200 &quot;OK&quot;, got 401 &quot;Unauthorized&quot;"><![CDATA[Error: expected 200 "OK", got 401 "Unauthorized"
    at Object.<anonymous> (/home/osarugue-enehizena/Documents/code-projects/work/creativeferry/forage/forage-stores-backend/test/admin.e2e-spec.ts:442:10)
    at Promise.then.completed (/home/osarugue-enehizena/Documents/code-projects/work/creativeferry/forage/forage-stores-backend/node_modules/jest-circus/build/utils.js:298:28)
    at new Promise (<anonymous>)
    at callAsyncCircusFn (/home/osarugue-enehizena/Documents/code-projects/work/creativeferry/forage/forage-stores-backend/node_modules/jest-circus/build/utils.js:231:10)
    at _callCircusTest (/home/osarugue-enehizena/Documents/code-projects/work/creativeferry/forage/forage-stores-backend/node_modules/jest-circus/build/run.js:316:40)
    at processTicksAndRejections (node:internal/process/task_queues:95:5)
    at _runTest (/home/osarugue-enehizena/Documents/code-projects/work/creativeferry/forage/forage-stores-backend/node_modules/jest-circus/build/run.js:252:3)
    at _runTestsForDescribeBlock (/home/osarugue-enehizena/Documents/code-projects/work/creativeferry/forage/forage-stores-backend/node_modules/jest-circus/build/run.js:126:9)
    at _runTestsForDescribeBlock (/home/osarugue-enehizena/Documents/code-projects/work/creativeferry/forage/forage-stores-backend/node_modules/jest-circus/build/run.js:121:9)
    at _runTestsForDescribeBlock (/home/osarugue-enehizena/Documents/code-projects/work/creativeferry/forage/forage-stores-backend/node_modules/jest-circus/build/run.js:121:9)
    at run (/home/osarugue-enehizena/Documents/code-projects/work/creativeferry/forage/forage-stores-backend/node_modules/jest-circus/build/run.js:71:3)
    at runAndTransformResultsToJestFormat (/home/osarugue-enehizena/Documents/code-projects/work/creativeferry/forage/forage-stores-backend/node_modules/jest-circus/build/legacy-code-todo-rewrite/jestAdapterInit.js:122:21)
    at jestAdapter (/home/osarugue-enehizena/Documents/code-projects/work/creativeferry/forage/forage-stores-backend/node_modules/jest-circus/build/legacy-code-todo-rewrite/jestAdapter.js:79:19)
    at runTestInternal (/home/osarugue-enehizena/Documents/code-projects/work/creativeferry/forage/forage-stores-backend/node_modules/jest-runner/build/runTest.js:367:16)
    at runTest (/home/osarugue-enehizena/Documents/code-projects/work/creativeferry/forage/forage-stores-backend/node_modules/jest-runner/build/runTest.js:444:34)
    at Object.worker (/home/osarugue-enehizena/Documents/code-projects/work/creativeferry/forage/forage-stores-backend/node_modules/jest-runner/build/testWorker.js:106:12)
----
    at Test._assertStatus (/home/osarugue-enehizena/Documents/code-projects/work/creativeferry/forage/forage-stores-backend/node_modules/supertest/lib/test.js:252:14)
    at /home/osarugue-enehizena/Documents/code-projects/work/creativeferry/forage/forage-stores-backend/node_modules/supertest/lib/test.js:308:13
    at Test._assertFunction (/home/osarugue-enehizena/Documents/code-projects/work/creativeferry/forage/forage-stores-backend/node_modules/supertest/lib/test.js:285:13)
    at Test.assert (/home/osarugue-enehizena/Documents/code-projects/work/creativeferry/forage/forage-stores-backend/node_modules/supertest/lib/test.js:164:23)
    at Server.localAssert (/home/osarugue-enehizena/Documents/code-projects/work/creativeferry/forage/forage-stores-backend/node_modules/supertest/lib/test.js:120:14)
    at Object.onceWrapper (node:events:631:28)
    at Server.emit (node:events:517:28)
    at emitCloseNT (node:net:2215:8)
    at processTicksAndRejections (node:internal/process/task_queues:81:21)]]></failure>
    </testCase>
    <testCase name="Admin Module (e2e) Growth Users Management should get detailed stats for a growth user" duration="3">
      <failure message="Error: expected 200 &quot;OK&quot;, got 401 &quot;Unauthorized&quot;"><![CDATA[Error: expected 200 "OK", got 401 "Unauthorized"
    at Object.<anonymous> (/home/osarugue-enehizena/Documents/code-projects/work/creativeferry/forage/forage-stores-backend/test/admin.e2e-spec.ts:454:10)
    at Promise.then.completed (/home/osarugue-enehizena/Documents/code-projects/work/creativeferry/forage/forage-stores-backend/node_modules/jest-circus/build/utils.js:298:28)
    at new Promise (<anonymous>)
    at callAsyncCircusFn (/home/osarugue-enehizena/Documents/code-projects/work/creativeferry/forage/forage-stores-backend/node_modules/jest-circus/build/utils.js:231:10)
    at _callCircusTest (/home/osarugue-enehizena/Documents/code-projects/work/creativeferry/forage/forage-stores-backend/node_modules/jest-circus/build/run.js:316:40)
    at processTicksAndRejections (node:internal/process/task_queues:95:5)
    at _runTest (/home/osarugue-enehizena/Documents/code-projects/work/creativeferry/forage/forage-stores-backend/node_modules/jest-circus/build/run.js:252:3)
    at _runTestsForDescribeBlock (/home/osarugue-enehizena/Documents/code-projects/work/creativeferry/forage/forage-stores-backend/node_modules/jest-circus/build/run.js:126:9)
    at _runTestsForDescribeBlock (/home/osarugue-enehizena/Documents/code-projects/work/creativeferry/forage/forage-stores-backend/node_modules/jest-circus/build/run.js:121:9)
    at _runTestsForDescribeBlock (/home/osarugue-enehizena/Documents/code-projects/work/creativeferry/forage/forage-stores-backend/node_modules/jest-circus/build/run.js:121:9)
    at run (/home/osarugue-enehizena/Documents/code-projects/work/creativeferry/forage/forage-stores-backend/node_modules/jest-circus/build/run.js:71:3)
    at runAndTransformResultsToJestFormat (/home/osarugue-enehizena/Documents/code-projects/work/creativeferry/forage/forage-stores-backend/node_modules/jest-circus/build/legacy-code-todo-rewrite/jestAdapterInit.js:122:21)
    at jestAdapter (/home/osarugue-enehizena/Documents/code-projects/work/creativeferry/forage/forage-stores-backend/node_modules/jest-circus/build/legacy-code-todo-rewrite/jestAdapter.js:79:19)
    at runTestInternal (/home/osarugue-enehizena/Documents/code-projects/work/creativeferry/forage/forage-stores-backend/node_modules/jest-runner/build/runTest.js:367:16)
    at runTest (/home/osarugue-enehizena/Documents/code-projects/work/creativeferry/forage/forage-stores-backend/node_modules/jest-runner/build/runTest.js:444:34)
    at Object.worker (/home/osarugue-enehizena/Documents/code-projects/work/creativeferry/forage/forage-stores-backend/node_modules/jest-runner/build/testWorker.js:106:12)
----
    at Test._assertStatus (/home/osarugue-enehizena/Documents/code-projects/work/creativeferry/forage/forage-stores-backend/node_modules/supertest/lib/test.js:252:14)
    at /home/osarugue-enehizena/Documents/code-projects/work/creativeferry/forage/forage-stores-backend/node_modules/supertest/lib/test.js:308:13
    at Test._assertFunction (/home/osarugue-enehizena/Documents/code-projects/work/creativeferry/forage/forage-stores-backend/node_modules/supertest/lib/test.js:285:13)
    at Test.assert (/home/osarugue-enehizena/Documents/code-projects/work/creativeferry/forage/forage-stores-backend/node_modules/supertest/lib/test.js:164:23)
    at Server.localAssert (/home/osarugue-enehizena/Documents/code-projects/work/creativeferry/forage/forage-stores-backend/node_modules/supertest/lib/test.js:120:14)
    at Object.onceWrapper (node:events:631:28)
    at Server.emit (node:events:517:28)
    at emitCloseNT (node:net:2215:8)
    at processTicksAndRejections (node:internal/process/task_queues:81:21)]]></failure>
    </testCase>
    <testCase name="Admin Module (e2e) Growth Users Management should filter growth users by role" duration="4">
      <failure message="Error: expected 200 &quot;OK&quot;, got 401 &quot;Unauthorized&quot;"><![CDATA[Error: expected 200 "OK", got 401 "Unauthorized"
    at Object.<anonymous> (/home/osarugue-enehizena/Documents/code-projects/work/creativeferry/forage/forage-stores-backend/test/admin.e2e-spec.ts:470:10)
    at Promise.then.completed (/home/osarugue-enehizena/Documents/code-projects/work/creativeferry/forage/forage-stores-backend/node_modules/jest-circus/build/utils.js:298:28)
    at new Promise (<anonymous>)
    at callAsyncCircusFn (/home/osarugue-enehizena/Documents/code-projects/work/creativeferry/forage/forage-stores-backend/node_modules/jest-circus/build/utils.js:231:10)
    at _callCircusTest (/home/osarugue-enehizena/Documents/code-projects/work/creativeferry/forage/forage-stores-backend/node_modules/jest-circus/build/run.js:316:40)
    at processTicksAndRejections (node:internal/process/task_queues:95:5)
    at _runTest (/home/osarugue-enehizena/Documents/code-projects/work/creativeferry/forage/forage-stores-backend/node_modules/jest-circus/build/run.js:252:3)
    at _runTestsForDescribeBlock (/home/osarugue-enehizena/Documents/code-projects/work/creativeferry/forage/forage-stores-backend/node_modules/jest-circus/build/run.js:126:9)
    at _runTestsForDescribeBlock (/home/osarugue-enehizena/Documents/code-projects/work/creativeferry/forage/forage-stores-backend/node_modules/jest-circus/build/run.js:121:9)
    at _runTestsForDescribeBlock (/home/osarugue-enehizena/Documents/code-projects/work/creativeferry/forage/forage-stores-backend/node_modules/jest-circus/build/run.js:121:9)
    at run (/home/osarugue-enehizena/Documents/code-projects/work/creativeferry/forage/forage-stores-backend/node_modules/jest-circus/build/run.js:71:3)
    at runAndTransformResultsToJestFormat (/home/osarugue-enehizena/Documents/code-projects/work/creativeferry/forage/forage-stores-backend/node_modules/jest-circus/build/legacy-code-todo-rewrite/jestAdapterInit.js:122:21)
    at jestAdapter (/home/osarugue-enehizena/Documents/code-projects/work/creativeferry/forage/forage-stores-backend/node_modules/jest-circus/build/legacy-code-todo-rewrite/jestAdapter.js:79:19)
    at runTestInternal (/home/osarugue-enehizena/Documents/code-projects/work/creativeferry/forage/forage-stores-backend/node_modules/jest-runner/build/runTest.js:367:16)
    at runTest (/home/osarugue-enehizena/Documents/code-projects/work/creativeferry/forage/forage-stores-backend/node_modules/jest-runner/build/runTest.js:444:34)
    at Object.worker (/home/osarugue-enehizena/Documents/code-projects/work/creativeferry/forage/forage-stores-backend/node_modules/jest-runner/build/testWorker.js:106:12)
----
    at Test._assertStatus (/home/osarugue-enehizena/Documents/code-projects/work/creativeferry/forage/forage-stores-backend/node_modules/supertest/lib/test.js:252:14)
    at /home/osarugue-enehizena/Documents/code-projects/work/creativeferry/forage/forage-stores-backend/node_modules/supertest/lib/test.js:308:13
    at Test._assertFunction (/home/osarugue-enehizena/Documents/code-projects/work/creativeferry/forage/forage-stores-backend/node_modules/supertest/lib/test.js:285:13)
    at Test.assert (/home/osarugue-enehizena/Documents/code-projects/work/creativeferry/forage/forage-stores-backend/node_modules/supertest/lib/test.js:164:23)
    at Server.localAssert (/home/osarugue-enehizena/Documents/code-projects/work/creativeferry/forage/forage-stores-backend/node_modules/supertest/lib/test.js:120:14)
    at Object.onceWrapper (node:events:631:28)
    at Server.emit (node:events:517:28)
    at emitCloseNT (node:net:2215:8)
    at processTicksAndRejections (node:internal/process/task_queues:81:21)]]></failure>
    </testCase>
    <testCase name="Admin Module (e2e) Nibia Withdrawal Management should get pending withdrawals" duration="4">
      <failure message="Error: expected 200 &quot;OK&quot;, got 401 &quot;Unauthorized&quot;"><![CDATA[Error: expected 200 "OK", got 401 "Unauthorized"
    at Object.<anonymous> (/home/osarugue-enehizena/Documents/code-projects/work/creativeferry/forage/forage-stores-backend/test/admin.e2e-spec.ts:486:10)
    at Promise.then.completed (/home/osarugue-enehizena/Documents/code-projects/work/creativeferry/forage/forage-stores-backend/node_modules/jest-circus/build/utils.js:298:28)
    at new Promise (<anonymous>)
    at callAsyncCircusFn (/home/osarugue-enehizena/Documents/code-projects/work/creativeferry/forage/forage-stores-backend/node_modules/jest-circus/build/utils.js:231:10)
    at _callCircusTest (/home/osarugue-enehizena/Documents/code-projects/work/creativeferry/forage/forage-stores-backend/node_modules/jest-circus/build/run.js:316:40)
    at processTicksAndRejections (node:internal/process/task_queues:95:5)
    at _runTest (/home/osarugue-enehizena/Documents/code-projects/work/creativeferry/forage/forage-stores-backend/node_modules/jest-circus/build/run.js:252:3)
    at _runTestsForDescribeBlock (/home/osarugue-enehizena/Documents/code-projects/work/creativeferry/forage/forage-stores-backend/node_modules/jest-circus/build/run.js:126:9)
    at _runTestsForDescribeBlock (/home/osarugue-enehizena/Documents/code-projects/work/creativeferry/forage/forage-stores-backend/node_modules/jest-circus/build/run.js:121:9)
    at _runTestsForDescribeBlock (/home/osarugue-enehizena/Documents/code-projects/work/creativeferry/forage/forage-stores-backend/node_modules/jest-circus/build/run.js:121:9)
    at run (/home/osarugue-enehizena/Documents/code-projects/work/creativeferry/forage/forage-stores-backend/node_modules/jest-circus/build/run.js:71:3)
    at runAndTransformResultsToJestFormat (/home/osarugue-enehizena/Documents/code-projects/work/creativeferry/forage/forage-stores-backend/node_modules/jest-circus/build/legacy-code-todo-rewrite/jestAdapterInit.js:122:21)
    at jestAdapter (/home/osarugue-enehizena/Documents/code-projects/work/creativeferry/forage/forage-stores-backend/node_modules/jest-circus/build/legacy-code-todo-rewrite/jestAdapter.js:79:19)
    at runTestInternal (/home/osarugue-enehizena/Documents/code-projects/work/creativeferry/forage/forage-stores-backend/node_modules/jest-runner/build/runTest.js:367:16)
    at runTest (/home/osarugue-enehizena/Documents/code-projects/work/creativeferry/forage/forage-stores-backend/node_modules/jest-runner/build/runTest.js:444:34)
    at Object.worker (/home/osarugue-enehizena/Documents/code-projects/work/creativeferry/forage/forage-stores-backend/node_modules/jest-runner/build/testWorker.js:106:12)
----
    at Test._assertStatus (/home/osarugue-enehizena/Documents/code-projects/work/creativeferry/forage/forage-stores-backend/node_modules/supertest/lib/test.js:252:14)
    at /home/osarugue-enehizena/Documents/code-projects/work/creativeferry/forage/forage-stores-backend/node_modules/supertest/lib/test.js:308:13
    at Test._assertFunction (/home/osarugue-enehizena/Documents/code-projects/work/creativeferry/forage/forage-stores-backend/node_modules/supertest/lib/test.js:285:13)
    at Test.assert (/home/osarugue-enehizena/Documents/code-projects/work/creativeferry/forage/forage-stores-backend/node_modules/supertest/lib/test.js:164:23)
    at Server.localAssert (/home/osarugue-enehizena/Documents/code-projects/work/creativeferry/forage/forage-stores-backend/node_modules/supertest/lib/test.js:120:14)
    at Object.onceWrapper (node:events:631:28)
    at Server.emit (node:events:517:28)
    at emitCloseNT (node:net:2215:8)
    at processTicksAndRejections (node:internal/process/task_queues:81:21)]]></failure>
    </testCase>
    <testCase name="Admin Module (e2e) Nibia Withdrawal Management should process withdrawal decision (approve)" duration="8">
      <failure message="Error: expect(received).toContain(expected) // indexOf"><![CDATA[Error: expect(received).toContain(expected) // indexOf

Expected value: 401
Received array: [200, 404]
    at Object.<anonymous> (/home/osarugue-enehizena/Documents/code-projects/work/creativeferry/forage/forage-stores-backend/test/admin.e2e-spec.ts:507:26)
    at processTicksAndRejections (node:internal/process/task_queues:95:5)]]></failure>
    </testCase>
    <testCase name="Admin Module (e2e) Nibia Withdrawal Management should process withdrawal decision (reject)" duration="4">
      <failure message="Error: expect(received).toContain(expected) // indexOf"><![CDATA[Error: expect(received).toContain(expected) // indexOf

Expected value: 401
Received array: [200, 404]
    at Object.<anonymous> (/home/osarugue-enehizena/Documents/code-projects/work/creativeferry/forage/forage-stores-backend/test/admin.e2e-spec.ts:525:26)
    at processTicksAndRejections (node:internal/process/task_queues:95:5)]]></failure>
    </testCase>
    <testCase name="Admin Module (e2e) Nibia Withdrawal Management should bulk process withdrawals" duration="4">
      <failure message="Error: expect(received).toContain(expected) // indexOf"><![CDATA[Error: expect(received).toContain(expected) // indexOf

Expected value: 401
Received array: [200, 400, 404]
    at Object.<anonymous> (/home/osarugue-enehizena/Documents/code-projects/work/creativeferry/forage/forage-stores-backend/test/admin.e2e-spec.ts:542:31)
    at processTicksAndRejections (node:internal/process/task_queues:95:5)]]></failure>
    </testCase>
    <testCase name="Admin Module (e2e) Nibia Withdrawal Management should not process withdrawal with invalid admin password" duration="5">
      <failure message="Error: expected 400 &quot;Bad Request&quot;, got 401 &quot;Unauthorized&quot;"><![CDATA[Error: expected 400 "Bad Request", got 401 "Unauthorized"
    at Object.<anonymous> (/home/osarugue-enehizena/Documents/code-projects/work/creativeferry/forage/forage-stores-backend/test/admin.e2e-spec.ts:558:10)
    at Promise.then.completed (/home/osarugue-enehizena/Documents/code-projects/work/creativeferry/forage/forage-stores-backend/node_modules/jest-circus/build/utils.js:298:28)
    at new Promise (<anonymous>)
    at callAsyncCircusFn (/home/osarugue-enehizena/Documents/code-projects/work/creativeferry/forage/forage-stores-backend/node_modules/jest-circus/build/utils.js:231:10)
    at _callCircusTest (/home/osarugue-enehizena/Documents/code-projects/work/creativeferry/forage/forage-stores-backend/node_modules/jest-circus/build/run.js:316:40)
    at processTicksAndRejections (node:internal/process/task_queues:95:5)
    at _runTest (/home/osarugue-enehizena/Documents/code-projects/work/creativeferry/forage/forage-stores-backend/node_modules/jest-circus/build/run.js:252:3)
    at _runTestsForDescribeBlock (/home/osarugue-enehizena/Documents/code-projects/work/creativeferry/forage/forage-stores-backend/node_modules/jest-circus/build/run.js:126:9)
    at _runTestsForDescribeBlock (/home/osarugue-enehizena/Documents/code-projects/work/creativeferry/forage/forage-stores-backend/node_modules/jest-circus/build/run.js:121:9)
    at _runTestsForDescribeBlock (/home/osarugue-enehizena/Documents/code-projects/work/creativeferry/forage/forage-stores-backend/node_modules/jest-circus/build/run.js:121:9)
    at run (/home/osarugue-enehizena/Documents/code-projects/work/creativeferry/forage/forage-stores-backend/node_modules/jest-circus/build/run.js:71:3)
    at runAndTransformResultsToJestFormat (/home/osarugue-enehizena/Documents/code-projects/work/creativeferry/forage/forage-stores-backend/node_modules/jest-circus/build/legacy-code-todo-rewrite/jestAdapterInit.js:122:21)
    at jestAdapter (/home/osarugue-enehizena/Documents/code-projects/work/creativeferry/forage/forage-stores-backend/node_modules/jest-circus/build/legacy-code-todo-rewrite/jestAdapter.js:79:19)
    at runTestInternal (/home/osarugue-enehizena/Documents/code-projects/work/creativeferry/forage/forage-stores-backend/node_modules/jest-runner/build/runTest.js:367:16)
    at runTest (/home/osarugue-enehizena/Documents/code-projects/work/creativeferry/forage/forage-stores-backend/node_modules/jest-runner/build/runTest.js:444:34)
    at Object.worker (/home/osarugue-enehizena/Documents/code-projects/work/creativeferry/forage/forage-stores-backend/node_modules/jest-runner/build/testWorker.js:106:12)
----
    at Test._assertStatus (/home/osarugue-enehizena/Documents/code-projects/work/creativeferry/forage/forage-stores-backend/node_modules/supertest/lib/test.js:252:14)
    at /home/osarugue-enehizena/Documents/code-projects/work/creativeferry/forage/forage-stores-backend/node_modules/supertest/lib/test.js:308:13
    at Test._assertFunction (/home/osarugue-enehizena/Documents/code-projects/work/creativeferry/forage/forage-stores-backend/node_modules/supertest/lib/test.js:285:13)
    at Test.assert (/home/osarugue-enehizena/Documents/code-projects/work/creativeferry/forage/forage-stores-backend/node_modules/supertest/lib/test.js:164:23)
    at Server.localAssert (/home/osarugue-enehizena/Documents/code-projects/work/creativeferry/forage/forage-stores-backend/node_modules/supertest/lib/test.js:120:14)
    at Object.onceWrapper (node:events:631:28)
    at Server.emit (node:events:517:28)
    at emitCloseNT (node:net:2215:8)
    at processTicksAndRejections (node:internal/process/task_queues:81:21)]]></failure>
    </testCase>
    <testCase name="Admin Module (e2e) Referral Commission Override should override referral commission" duration="4">
      <failure message="Error: expect(received).toContain(expected) // indexOf"><![CDATA[Error: expect(received).toContain(expected) // indexOf

Expected value: 401
Received array: [200, 404]
    at Object.<anonymous> (/home/osarugue-enehizena/Documents/code-projects/work/creativeferry/forage/forage-stores-backend/test/admin.e2e-spec.ts:579:26)
    at processTicksAndRejections (node:internal/process/task_queues:95:5)]]></failure>
    </testCase>
    <testCase name="Admin Module (e2e) Referral Commission Override should get commission override history" duration="4">
      <failure message="Error: expected 200 &quot;OK&quot;, got 401 &quot;Unauthorized&quot;"><![CDATA[Error: expected 200 "OK", got 401 "Unauthorized"
    at Object.<anonymous> (/home/osarugue-enehizena/Documents/code-projects/work/creativeferry/forage/forage-stores-backend/test/admin.e2e-spec.ts:591:10)
    at Promise.then.completed (/home/osarugue-enehizena/Documents/code-projects/work/creativeferry/forage/forage-stores-backend/node_modules/jest-circus/build/utils.js:298:28)
    at new Promise (<anonymous>)
    at callAsyncCircusFn (/home/osarugue-enehizena/Documents/code-projects/work/creativeferry/forage/forage-stores-backend/node_modules/jest-circus/build/utils.js:231:10)
    at _callCircusTest (/home/osarugue-enehizena/Documents/code-projects/work/creativeferry/forage/forage-stores-backend/node_modules/jest-circus/build/run.js:316:40)
    at processTicksAndRejections (node:internal/process/task_queues:95:5)
    at _runTest (/home/osarugue-enehizena/Documents/code-projects/work/creativeferry/forage/forage-stores-backend/node_modules/jest-circus/build/run.js:252:3)
    at _runTestsForDescribeBlock (/home/osarugue-enehizena/Documents/code-projects/work/creativeferry/forage/forage-stores-backend/node_modules/jest-circus/build/run.js:126:9)
    at _runTestsForDescribeBlock (/home/osarugue-enehizena/Documents/code-projects/work/creativeferry/forage/forage-stores-backend/node_modules/jest-circus/build/run.js:121:9)
    at _runTestsForDescribeBlock (/home/osarugue-enehizena/Documents/code-projects/work/creativeferry/forage/forage-stores-backend/node_modules/jest-circus/build/run.js:121:9)
    at run (/home/osarugue-enehizena/Documents/code-projects/work/creativeferry/forage/forage-stores-backend/node_modules/jest-circus/build/run.js:71:3)
    at runAndTransformResultsToJestFormat (/home/osarugue-enehizena/Documents/code-projects/work/creativeferry/forage/forage-stores-backend/node_modules/jest-circus/build/legacy-code-todo-rewrite/jestAdapterInit.js:122:21)
    at jestAdapter (/home/osarugue-enehizena/Documents/code-projects/work/creativeferry/forage/forage-stores-backend/node_modules/jest-circus/build/legacy-code-todo-rewrite/jestAdapter.js:79:19)
    at runTestInternal (/home/osarugue-enehizena/Documents/code-projects/work/creativeferry/forage/forage-stores-backend/node_modules/jest-runner/build/runTest.js:367:16)
    at runTest (/home/osarugue-enehizena/Documents/code-projects/work/creativeferry/forage/forage-stores-backend/node_modules/jest-runner/build/runTest.js:444:34)
    at Object.worker (/home/osarugue-enehizena/Documents/code-projects/work/creativeferry/forage/forage-stores-backend/node_modules/jest-runner/build/testWorker.js:106:12)
----
    at Test._assertStatus (/home/osarugue-enehizena/Documents/code-projects/work/creativeferry/forage/forage-stores-backend/node_modules/supertest/lib/test.js:252:14)
    at /home/osarugue-enehizena/Documents/code-projects/work/creativeferry/forage/forage-stores-backend/node_modules/supertest/lib/test.js:308:13
    at Test._assertFunction (/home/osarugue-enehizena/Documents/code-projects/work/creativeferry/forage/forage-stores-backend/node_modules/supertest/lib/test.js:285:13)
    at Test.assert (/home/osarugue-enehizena/Documents/code-projects/work/creativeferry/forage/forage-stores-backend/node_modules/supertest/lib/test.js:164:23)
    at Server.localAssert (/home/osarugue-enehizena/Documents/code-projects/work/creativeferry/forage/forage-stores-backend/node_modules/supertest/lib/test.js:120:14)
    at Object.onceWrapper (node:events:631:28)
    at Server.emit (node:events:517:28)
    at emitCloseNT (node:net:2215:8)
    at processTicksAndRejections (node:internal/process/task_queues:81:21)]]></failure>
    </testCase>
    <testCase name="Admin Module (e2e) Referral Commission Override should get referral commission history" duration="4">
      <failure message="Error: expected 200 &quot;OK&quot;, got 401 &quot;Unauthorized&quot;"><![CDATA[Error: expected 200 "OK", got 401 "Unauthorized"
    at Object.<anonymous> (/home/osarugue-enehizena/Documents/code-projects/work/creativeferry/forage/forage-stores-backend/test/admin.e2e-spec.ts:604:10)
    at Promise.then.completed (/home/osarugue-enehizena/Documents/code-projects/work/creativeferry/forage/forage-stores-backend/node_modules/jest-circus/build/utils.js:298:28)
    at new Promise (<anonymous>)
    at callAsyncCircusFn (/home/osarugue-enehizena/Documents/code-projects/work/creativeferry/forage/forage-stores-backend/node_modules/jest-circus/build/utils.js:231:10)
    at _callCircusTest (/home/osarugue-enehizena/Documents/code-projects/work/creativeferry/forage/forage-stores-backend/node_modules/jest-circus/build/run.js:316:40)
    at processTicksAndRejections (node:internal/process/task_queues:95:5)
    at _runTest (/home/osarugue-enehizena/Documents/code-projects/work/creativeferry/forage/forage-stores-backend/node_modules/jest-circus/build/run.js:252:3)
    at _runTestsForDescribeBlock (/home/osarugue-enehizena/Documents/code-projects/work/creativeferry/forage/forage-stores-backend/node_modules/jest-circus/build/run.js:126:9)
    at _runTestsForDescribeBlock (/home/osarugue-enehizena/Documents/code-projects/work/creativeferry/forage/forage-stores-backend/node_modules/jest-circus/build/run.js:121:9)
    at _runTestsForDescribeBlock (/home/osarugue-enehizena/Documents/code-projects/work/creativeferry/forage/forage-stores-backend/node_modules/jest-circus/build/run.js:121:9)
    at run (/home/osarugue-enehizena/Documents/code-projects/work/creativeferry/forage/forage-stores-backend/node_modules/jest-circus/build/run.js:71:3)
    at runAndTransformResultsToJestFormat (/home/osarugue-enehizena/Documents/code-projects/work/creativeferry/forage/forage-stores-backend/node_modules/jest-circus/build/legacy-code-todo-rewrite/jestAdapterInit.js:122:21)
    at jestAdapter (/home/osarugue-enehizena/Documents/code-projects/work/creativeferry/forage/forage-stores-backend/node_modules/jest-circus/build/legacy-code-todo-rewrite/jestAdapter.js:79:19)
    at runTestInternal (/home/osarugue-enehizena/Documents/code-projects/work/creativeferry/forage/forage-stores-backend/node_modules/jest-runner/build/runTest.js:367:16)
    at runTest (/home/osarugue-enehizena/Documents/code-projects/work/creativeferry/forage/forage-stores-backend/node_modules/jest-runner/build/runTest.js:444:34)
    at Object.worker (/home/osarugue-enehizena/Documents/code-projects/work/creativeferry/forage/forage-stores-backend/node_modules/jest-runner/build/testWorker.js:106:12)
----
    at Test._assertStatus (/home/osarugue-enehizena/Documents/code-projects/work/creativeferry/forage/forage-stores-backend/node_modules/supertest/lib/test.js:252:14)
    at /home/osarugue-enehizena/Documents/code-projects/work/creativeferry/forage/forage-stores-backend/node_modules/supertest/lib/test.js:308:13
    at Test._assertFunction (/home/osarugue-enehizena/Documents/code-projects/work/creativeferry/forage/forage-stores-backend/node_modules/supertest/lib/test.js:285:13)
    at Test.assert (/home/osarugue-enehizena/Documents/code-projects/work/creativeferry/forage/forage-stores-backend/node_modules/supertest/lib/test.js:164:23)
    at Server.localAssert (/home/osarugue-enehizena/Documents/code-projects/work/creativeferry/forage/forage-stores-backend/node_modules/supertest/lib/test.js:120:14)
    at Object.onceWrapper (node:events:631:28)
    at Server.emit (node:events:517:28)
    at emitCloseNT (node:net:2215:8)
    at processTicksAndRejections (node:internal/process/task_queues:81:21)]]></failure>
    </testCase>
    <testCase name="Admin Module (e2e) Referral Commission Override should validate override with invalid admin password" duration="4">
      <failure message="Error: expected 400 &quot;Bad Request&quot;, got 401 &quot;Unauthorized&quot;"><![CDATA[Error: expected 400 "Bad Request", got 401 "Unauthorized"
    at Object.<anonymous> (/home/osarugue-enehizena/Documents/code-projects/work/creativeferry/forage/forage-stores-backend/test/admin.e2e-spec.ts:623:10)
    at Promise.then.completed (/home/osarugue-enehizena/Documents/code-projects/work/creativeferry/forage/forage-stores-backend/node_modules/jest-circus/build/utils.js:298:28)
    at new Promise (<anonymous>)
    at callAsyncCircusFn (/home/osarugue-enehizena/Documents/code-projects/work/creativeferry/forage/forage-stores-backend/node_modules/jest-circus/build/utils.js:231:10)
    at _callCircusTest (/home/osarugue-enehizena/Documents/code-projects/work/creativeferry/forage/forage-stores-backend/node_modules/jest-circus/build/run.js:316:40)
    at processTicksAndRejections (node:internal/process/task_queues:95:5)
    at _runTest (/home/osarugue-enehizena/Documents/code-projects/work/creativeferry/forage/forage-stores-backend/node_modules/jest-circus/build/run.js:252:3)
    at _runTestsForDescribeBlock (/home/osarugue-enehizena/Documents/code-projects/work/creativeferry/forage/forage-stores-backend/node_modules/jest-circus/build/run.js:126:9)
    at _runTestsForDescribeBlock (/home/osarugue-enehizena/Documents/code-projects/work/creativeferry/forage/forage-stores-backend/node_modules/jest-circus/build/run.js:121:9)
    at _runTestsForDescribeBlock (/home/osarugue-enehizena/Documents/code-projects/work/creativeferry/forage/forage-stores-backend/node_modules/jest-circus/build/run.js:121:9)
    at run (/home/osarugue-enehizena/Documents/code-projects/work/creativeferry/forage/forage-stores-backend/node_modules/jest-circus/build/run.js:71:3)
    at runAndTransformResultsToJestFormat (/home/osarugue-enehizena/Documents/code-projects/work/creativeferry/forage/forage-stores-backend/node_modules/jest-circus/build/legacy-code-todo-rewrite/jestAdapterInit.js:122:21)
    at jestAdapter (/home/osarugue-enehizena/Documents/code-projects/work/creativeferry/forage/forage-stores-backend/node_modules/jest-circus/build/legacy-code-todo-rewrite/jestAdapter.js:79:19)
    at runTestInternal (/home/osarugue-enehizena/Documents/code-projects/work/creativeferry/forage/forage-stores-backend/node_modules/jest-runner/build/runTest.js:367:16)
    at runTest (/home/osarugue-enehizena/Documents/code-projects/work/creativeferry/forage/forage-stores-backend/node_modules/jest-runner/build/runTest.js:444:34)
    at Object.worker (/home/osarugue-enehizena/Documents/code-projects/work/creativeferry/forage/forage-stores-backend/node_modules/jest-runner/build/testWorker.js:106:12)
----
    at Test._assertStatus (/home/osarugue-enehizena/Documents/code-projects/work/creativeferry/forage/forage-stores-backend/node_modules/supertest/lib/test.js:252:14)
    at /home/osarugue-enehizena/Documents/code-projects/work/creativeferry/forage/forage-stores-backend/node_modules/supertest/lib/test.js:308:13
    at Test._assertFunction (/home/osarugue-enehizena/Documents/code-projects/work/creativeferry/forage/forage-stores-backend/node_modules/supertest/lib/test.js:285:13)
    at Test.assert (/home/osarugue-enehizena/Documents/code-projects/work/creativeferry/forage/forage-stores-backend/node_modules/supertest/lib/test.js:164:23)
    at Server.localAssert (/home/osarugue-enehizena/Documents/code-projects/work/creativeferry/forage/forage-stores-backend/node_modules/supertest/lib/test.js:120:14)
    at Object.onceWrapper (node:events:631:28)
    at Server.emit (node:events:517:28)
    at emitCloseNT (node:net:2215:8)
    at processTicksAndRejections (node:internal/process/task_queues:81:21)]]></failure>
    </testCase>
    <testCase name="Admin Module (e2e) Profit Pool Management should get all profit pools" duration="4">
      <failure message="Error: expected 200 &quot;OK&quot;, got 401 &quot;Unauthorized&quot;"><![CDATA[Error: expected 200 "OK", got 401 "Unauthorized"
    at Object.<anonymous> (/home/osarugue-enehizena/Documents/code-projects/work/creativeferry/forage/forage-stores-backend/test/admin.e2e-spec.ts:636:10)
    at Promise.then.completed (/home/osarugue-enehizena/Documents/code-projects/work/creativeferry/forage/forage-stores-backend/node_modules/jest-circus/build/utils.js:298:28)
    at new Promise (<anonymous>)
    at callAsyncCircusFn (/home/osarugue-enehizena/Documents/code-projects/work/creativeferry/forage/forage-stores-backend/node_modules/jest-circus/build/utils.js:231:10)
    at _callCircusTest (/home/osarugue-enehizena/Documents/code-projects/work/creativeferry/forage/forage-stores-backend/node_modules/jest-circus/build/run.js:316:40)
    at processTicksAndRejections (node:internal/process/task_queues:95:5)
    at _runTest (/home/osarugue-enehizena/Documents/code-projects/work/creativeferry/forage/forage-stores-backend/node_modules/jest-circus/build/run.js:252:3)
    at _runTestsForDescribeBlock (/home/osarugue-enehizena/Documents/code-projects/work/creativeferry/forage/forage-stores-backend/node_modules/jest-circus/build/run.js:126:9)
    at _runTestsForDescribeBlock (/home/osarugue-enehizena/Documents/code-projects/work/creativeferry/forage/forage-stores-backend/node_modules/jest-circus/build/run.js:121:9)
    at _runTestsForDescribeBlock (/home/osarugue-enehizena/Documents/code-projects/work/creativeferry/forage/forage-stores-backend/node_modules/jest-circus/build/run.js:121:9)
    at run (/home/osarugue-enehizena/Documents/code-projects/work/creativeferry/forage/forage-stores-backend/node_modules/jest-circus/build/run.js:71:3)
    at runAndTransformResultsToJestFormat (/home/osarugue-enehizena/Documents/code-projects/work/creativeferry/forage/forage-stores-backend/node_modules/jest-circus/build/legacy-code-todo-rewrite/jestAdapterInit.js:122:21)
    at jestAdapter (/home/osarugue-enehizena/Documents/code-projects/work/creativeferry/forage/forage-stores-backend/node_modules/jest-circus/build/legacy-code-todo-rewrite/jestAdapter.js:79:19)
    at runTestInternal (/home/osarugue-enehizena/Documents/code-projects/work/creativeferry/forage/forage-stores-backend/node_modules/jest-runner/build/runTest.js:367:16)
    at runTest (/home/osarugue-enehizena/Documents/code-projects/work/creativeferry/forage/forage-stores-backend/node_modules/jest-runner/build/runTest.js:444:34)
    at Object.worker (/home/osarugue-enehizena/Documents/code-projects/work/creativeferry/forage/forage-stores-backend/node_modules/jest-runner/build/testWorker.js:106:12)
----
    at Test._assertStatus (/home/osarugue-enehizena/Documents/code-projects/work/creativeferry/forage/forage-stores-backend/node_modules/supertest/lib/test.js:252:14)
    at /home/osarugue-enehizena/Documents/code-projects/work/creativeferry/forage/forage-stores-backend/node_modules/supertest/lib/test.js:308:13
    at Test._assertFunction (/home/osarugue-enehizena/Documents/code-projects/work/creativeferry/forage/forage-stores-backend/node_modules/supertest/lib/test.js:285:13)
    at Test.assert (/home/osarugue-enehizena/Documents/code-projects/work/creativeferry/forage/forage-stores-backend/node_modules/supertest/lib/test.js:164:23)
    at Server.localAssert (/home/osarugue-enehizena/Documents/code-projects/work/creativeferry/forage/forage-stores-backend/node_modules/supertest/lib/test.js:120:14)
    at Object.onceWrapper (node:events:631:28)
    at Server.emit (node:events:517:28)
    at emitCloseNT (node:net:2215:8)
    at processTicksAndRejections (node:internal/process/task_queues:81:21)]]></failure>
    </testCase>
    <testCase name="Admin Module (e2e) Profit Pool Management should get profit pool details" duration="3">
      <failure message="Error: expected 200 &quot;OK&quot;, got 401 &quot;Unauthorized&quot;"><![CDATA[Error: expected 200 "OK", got 401 "Unauthorized"
    at Object.<anonymous> (/home/osarugue-enehizena/Documents/code-projects/work/creativeferry/forage/forage-stores-backend/test/admin.e2e-spec.ts:649:10)
    at Promise.then.completed (/home/osarugue-enehizena/Documents/code-projects/work/creativeferry/forage/forage-stores-backend/node_modules/jest-circus/build/utils.js:298:28)
    at new Promise (<anonymous>)
    at callAsyncCircusFn (/home/osarugue-enehizena/Documents/code-projects/work/creativeferry/forage/forage-stores-backend/node_modules/jest-circus/build/utils.js:231:10)
    at _callCircusTest (/home/osarugue-enehizena/Documents/code-projects/work/creativeferry/forage/forage-stores-backend/node_modules/jest-circus/build/run.js:316:40)
    at processTicksAndRejections (node:internal/process/task_queues:95:5)
    at _runTest (/home/osarugue-enehizena/Documents/code-projects/work/creativeferry/forage/forage-stores-backend/node_modules/jest-circus/build/run.js:252:3)
    at _runTestsForDescribeBlock (/home/osarugue-enehizena/Documents/code-projects/work/creativeferry/forage/forage-stores-backend/node_modules/jest-circus/build/run.js:126:9)
    at _runTestsForDescribeBlock (/home/osarugue-enehizena/Documents/code-projects/work/creativeferry/forage/forage-stores-backend/node_modules/jest-circus/build/run.js:121:9)
    at _runTestsForDescribeBlock (/home/osarugue-enehizena/Documents/code-projects/work/creativeferry/forage/forage-stores-backend/node_modules/jest-circus/build/run.js:121:9)
    at run (/home/osarugue-enehizena/Documents/code-projects/work/creativeferry/forage/forage-stores-backend/node_modules/jest-circus/build/run.js:71:3)
    at runAndTransformResultsToJestFormat (/home/osarugue-enehizena/Documents/code-projects/work/creativeferry/forage/forage-stores-backend/node_modules/jest-circus/build/legacy-code-todo-rewrite/jestAdapterInit.js:122:21)
    at jestAdapter (/home/osarugue-enehizena/Documents/code-projects/work/creativeferry/forage/forage-stores-backend/node_modules/jest-circus/build/legacy-code-todo-rewrite/jestAdapter.js:79:19)
    at runTestInternal (/home/osarugue-enehizena/Documents/code-projects/work/creativeferry/forage/forage-stores-backend/node_modules/jest-runner/build/runTest.js:367:16)
    at runTest (/home/osarugue-enehizena/Documents/code-projects/work/creativeferry/forage/forage-stores-backend/node_modules/jest-runner/build/runTest.js:444:34)
    at Object.worker (/home/osarugue-enehizena/Documents/code-projects/work/creativeferry/forage/forage-stores-backend/node_modules/jest-runner/build/testWorker.js:106:12)
----
    at Test._assertStatus (/home/osarugue-enehizena/Documents/code-projects/work/creativeferry/forage/forage-stores-backend/node_modules/supertest/lib/test.js:252:14)
    at /home/osarugue-enehizena/Documents/code-projects/work/creativeferry/forage/forage-stores-backend/node_modules/supertest/lib/test.js:308:13
    at Test._assertFunction (/home/osarugue-enehizena/Documents/code-projects/work/creativeferry/forage/forage-stores-backend/node_modules/supertest/lib/test.js:285:13)
    at Test.assert (/home/osarugue-enehizena/Documents/code-projects/work/creativeferry/forage/forage-stores-backend/node_modules/supertest/lib/test.js:164:23)
    at Server.localAssert (/home/osarugue-enehizena/Documents/code-projects/work/creativeferry/forage/forage-stores-backend/node_modules/supertest/lib/test.js:120:14)
    at Object.onceWrapper (node:events:631:28)
    at Server.emit (node:events:517:28)
    at emitCloseNT (node:net:2215:8)
    at processTicksAndRejections (node:internal/process/task_queues:81:21)]]></failure>
    </testCase>
    <testCase name="Admin Module (e2e) Profit Pool Management should adjust profit pool distribution" duration="4">
      <failure message="Error: expect(received).toContain(expected) // indexOf"><![CDATA[Error: expect(received).toContain(expected) // indexOf

Expected value: 401
Received array: [200, 404]
    at Object.<anonymous> (/home/osarugue-enehizena/Documents/code-projects/work/creativeferry/forage/forage-stores-backend/test/admin.e2e-spec.ts:672:26)
    at processTicksAndRejections (node:internal/process/task_queues:95:5)]]></failure>
    </testCase>
    <testCase name="Admin Module (e2e) Profit Pool Management should generate monthly profit pool report" duration="5">
      <failure message="Error: expected 200 &quot;OK&quot;, got 401 &quot;Unauthorized&quot;"><![CDATA[Error: expected 200 "OK", got 401 "Unauthorized"
    at Object.<anonymous> (/home/osarugue-enehizena/Documents/code-projects/work/creativeferry/forage/forage-stores-backend/test/admin.e2e-spec.ts:684:10)
    at Promise.then.completed (/home/osarugue-enehizena/Documents/code-projects/work/creativeferry/forage/forage-stores-backend/node_modules/jest-circus/build/utils.js:298:28)
    at new Promise (<anonymous>)
    at callAsyncCircusFn (/home/osarugue-enehizena/Documents/code-projects/work/creativeferry/forage/forage-stores-backend/node_modules/jest-circus/build/utils.js:231:10)
    at _callCircusTest (/home/osarugue-enehizena/Documents/code-projects/work/creativeferry/forage/forage-stores-backend/node_modules/jest-circus/build/run.js:316:40)
    at processTicksAndRejections (node:internal/process/task_queues:95:5)
    at _runTest (/home/osarugue-enehizena/Documents/code-projects/work/creativeferry/forage/forage-stores-backend/node_modules/jest-circus/build/run.js:252:3)
    at _runTestsForDescribeBlock (/home/osarugue-enehizena/Documents/code-projects/work/creativeferry/forage/forage-stores-backend/node_modules/jest-circus/build/run.js:126:9)
    at _runTestsForDescribeBlock (/home/osarugue-enehizena/Documents/code-projects/work/creativeferry/forage/forage-stores-backend/node_modules/jest-circus/build/run.js:121:9)
    at _runTestsForDescribeBlock (/home/osarugue-enehizena/Documents/code-projects/work/creativeferry/forage/forage-stores-backend/node_modules/jest-circus/build/run.js:121:9)
    at run (/home/osarugue-enehizena/Documents/code-projects/work/creativeferry/forage/forage-stores-backend/node_modules/jest-circus/build/run.js:71:3)
    at runAndTransformResultsToJestFormat (/home/osarugue-enehizena/Documents/code-projects/work/creativeferry/forage/forage-stores-backend/node_modules/jest-circus/build/legacy-code-todo-rewrite/jestAdapterInit.js:122:21)
    at jestAdapter (/home/osarugue-enehizena/Documents/code-projects/work/creativeferry/forage/forage-stores-backend/node_modules/jest-circus/build/legacy-code-todo-rewrite/jestAdapter.js:79:19)
    at runTestInternal (/home/osarugue-enehizena/Documents/code-projects/work/creativeferry/forage/forage-stores-backend/node_modules/jest-runner/build/runTest.js:367:16)
    at runTest (/home/osarugue-enehizena/Documents/code-projects/work/creativeferry/forage/forage-stores-backend/node_modules/jest-runner/build/runTest.js:444:34)
    at Object.worker (/home/osarugue-enehizena/Documents/code-projects/work/creativeferry/forage/forage-stores-backend/node_modules/jest-runner/build/testWorker.js:106:12)
----
    at Test._assertStatus (/home/osarugue-enehizena/Documents/code-projects/work/creativeferry/forage/forage-stores-backend/node_modules/supertest/lib/test.js:252:14)
    at /home/osarugue-enehizena/Documents/code-projects/work/creativeferry/forage/forage-stores-backend/node_modules/supertest/lib/test.js:308:13
    at Test._assertFunction (/home/osarugue-enehizena/Documents/code-projects/work/creativeferry/forage/forage-stores-backend/node_modules/supertest/lib/test.js:285:13)
    at Test.assert (/home/osarugue-enehizena/Documents/code-projects/work/creativeferry/forage/forage-stores-backend/node_modules/supertest/lib/test.js:164:23)
    at Server.localAssert (/home/osarugue-enehizena/Documents/code-projects/work/creativeferry/forage/forage-stores-backend/node_modules/supertest/lib/test.js:120:14)
    at Object.onceWrapper (node:events:631:28)
    at Server.emit (node:events:517:28)
    at emitCloseNT (node:net:2215:8)
    at processTicksAndRejections (node:internal/process/task_queues:81:21)]]></failure>
    </testCase>
    <testCase name="Admin Module (e2e) Profit Pool Management should force redistribute profit pool" duration="4">
      <failure message="Error: expect(received).toContain(expected) // indexOf"><![CDATA[Error: expect(received).toContain(expected) // indexOf

Expected value: 401
Received array: [200, 404]
    at Object.<anonymous> (/home/osarugue-enehizena/Documents/code-projects/work/creativeferry/forage/forage-stores-backend/test/admin.e2e-spec.ts:701:26)
    at processTicksAndRejections (node:internal/process/task_queues:95:5)]]></failure>
    </testCase>
    <testCase name="Admin Module (e2e) Profit Pool Management should not adjust pool with invalid admin password" duration="4">
      <failure message="Error: expected 400 &quot;Bad Request&quot;, got 401 &quot;Unauthorized&quot;"><![CDATA[Error: expected 400 "Bad Request", got 401 "Unauthorized"
    at Object.<anonymous> (/home/osarugue-enehizena/Documents/code-projects/work/creativeferry/forage/forage-stores-backend/test/admin.e2e-spec.ts:719:10)
    at Promise.then.completed (/home/osarugue-enehizena/Documents/code-projects/work/creativeferry/forage/forage-stores-backend/node_modules/jest-circus/build/utils.js:298:28)
    at new Promise (<anonymous>)
    at callAsyncCircusFn (/home/osarugue-enehizena/Documents/code-projects/work/creativeferry/forage/forage-stores-backend/node_modules/jest-circus/build/utils.js:231:10)
    at _callCircusTest (/home/osarugue-enehizena/Documents/code-projects/work/creativeferry/forage/forage-stores-backend/node_modules/jest-circus/build/run.js:316:40)
    at processTicksAndRejections (node:internal/process/task_queues:95:5)
    at _runTest (/home/osarugue-enehizena/Documents/code-projects/work/creativeferry/forage/forage-stores-backend/node_modules/jest-circus/build/run.js:252:3)
    at _runTestsForDescribeBlock (/home/osarugue-enehizena/Documents/code-projects/work/creativeferry/forage/forage-stores-backend/node_modules/jest-circus/build/run.js:126:9)
    at _runTestsForDescribeBlock (/home/osarugue-enehizena/Documents/code-projects/work/creativeferry/forage/forage-stores-backend/node_modules/jest-circus/build/run.js:121:9)
    at _runTestsForDescribeBlock (/home/osarugue-enehizena/Documents/code-projects/work/creativeferry/forage/forage-stores-backend/node_modules/jest-circus/build/run.js:121:9)
    at run (/home/osarugue-enehizena/Documents/code-projects/work/creativeferry/forage/forage-stores-backend/node_modules/jest-circus/build/run.js:71:3)
    at runAndTransformResultsToJestFormat (/home/osarugue-enehizena/Documents/code-projects/work/creativeferry/forage/forage-stores-backend/node_modules/jest-circus/build/legacy-code-todo-rewrite/jestAdapterInit.js:122:21)
    at jestAdapter (/home/osarugue-enehizena/Documents/code-projects/work/creativeferry/forage/forage-stores-backend/node_modules/jest-circus/build/legacy-code-todo-rewrite/jestAdapter.js:79:19)
    at runTestInternal (/home/osarugue-enehizena/Documents/code-projects/work/creativeferry/forage/forage-stores-backend/node_modules/jest-runner/build/runTest.js:367:16)
    at runTest (/home/osarugue-enehizena/Documents/code-projects/work/creativeferry/forage/forage-stores-backend/node_modules/jest-runner/build/runTest.js:444:34)
    at Object.worker (/home/osarugue-enehizena/Documents/code-projects/work/creativeferry/forage/forage-stores-backend/node_modules/jest-runner/build/testWorker.js:106:12)
----
    at Test._assertStatus (/home/osarugue-enehizena/Documents/code-projects/work/creativeferry/forage/forage-stores-backend/node_modules/supertest/lib/test.js:252:14)
    at /home/osarugue-enehizena/Documents/code-projects/work/creativeferry/forage/forage-stores-backend/node_modules/supertest/lib/test.js:308:13
    at Test._assertFunction (/home/osarugue-enehizena/Documents/code-projects/work/creativeferry/forage/forage-stores-backend/node_modules/supertest/lib/test.js:285:13)
    at Test.assert (/home/osarugue-enehizena/Documents/code-projects/work/creativeferry/forage/forage-stores-backend/node_modules/supertest/lib/test.js:164:23)
    at Server.localAssert (/home/osarugue-enehizena/Documents/code-projects/work/creativeferry/forage/forage-stores-backend/node_modules/supertest/lib/test.js:120:14)
    at Object.onceWrapper (node:events:631:28)
    at Server.emit (node:events:517:28)
    at emitCloseNT (node:net:2215:8)
    at processTicksAndRejections (node:internal/process/task_queues:81:21)]]></failure>
    </testCase>
    <testCase name="Admin Module (e2e) Security &amp; Validation Tests should require authentication for all admin endpoints" duration="16"/>
    <testCase name="Admin Module (e2e) Security &amp; Validation Tests should require admin role for all admin endpoints" duration="4">
      <failure message="Error: expected 403 &quot;Forbidden&quot;, got 429 &quot;Too Many Requests&quot;"><![CDATA[Error: expected 403 "Forbidden", got 429 "Too Many Requests"
    at Object.<anonymous> (/home/osarugue-enehizena/Documents/code-projects/work/creativeferry/forage/forage-stores-backend/test/admin.e2e-spec.ts:752:12)
    at Promise.then.completed (/home/osarugue-enehizena/Documents/code-projects/work/creativeferry/forage/forage-stores-backend/node_modules/jest-circus/build/utils.js:298:28)
    at new Promise (<anonymous>)
    at callAsyncCircusFn (/home/osarugue-enehizena/Documents/code-projects/work/creativeferry/forage/forage-stores-backend/node_modules/jest-circus/build/utils.js:231:10)
    at _callCircusTest (/home/osarugue-enehizena/Documents/code-projects/work/creativeferry/forage/forage-stores-backend/node_modules/jest-circus/build/run.js:316:40)
    at processTicksAndRejections (node:internal/process/task_queues:95:5)
    at _runTest (/home/osarugue-enehizena/Documents/code-projects/work/creativeferry/forage/forage-stores-backend/node_modules/jest-circus/build/run.js:252:3)
    at _runTestsForDescribeBlock (/home/osarugue-enehizena/Documents/code-projects/work/creativeferry/forage/forage-stores-backend/node_modules/jest-circus/build/run.js:126:9)
    at _runTestsForDescribeBlock (/home/osarugue-enehizena/Documents/code-projects/work/creativeferry/forage/forage-stores-backend/node_modules/jest-circus/build/run.js:121:9)
    at _runTestsForDescribeBlock (/home/osarugue-enehizena/Documents/code-projects/work/creativeferry/forage/forage-stores-backend/node_modules/jest-circus/build/run.js:121:9)
    at run (/home/osarugue-enehizena/Documents/code-projects/work/creativeferry/forage/forage-stores-backend/node_modules/jest-circus/build/run.js:71:3)
    at runAndTransformResultsToJestFormat (/home/osarugue-enehizena/Documents/code-projects/work/creativeferry/forage/forage-stores-backend/node_modules/jest-circus/build/legacy-code-todo-rewrite/jestAdapterInit.js:122:21)
    at jestAdapter (/home/osarugue-enehizena/Documents/code-projects/work/creativeferry/forage/forage-stores-backend/node_modules/jest-circus/build/legacy-code-todo-rewrite/jestAdapter.js:79:19)
    at runTestInternal (/home/osarugue-enehizena/Documents/code-projects/work/creativeferry/forage/forage-stores-backend/node_modules/jest-runner/build/runTest.js:367:16)
    at runTest (/home/osarugue-enehizena/Documents/code-projects/work/creativeferry/forage/forage-stores-backend/node_modules/jest-runner/build/runTest.js:444:34)
    at Object.worker (/home/osarugue-enehizena/Documents/code-projects/work/creativeferry/forage/forage-stores-backend/node_modules/jest-runner/build/testWorker.js:106:12)
----
    at Test._assertStatus (/home/osarugue-enehizena/Documents/code-projects/work/creativeferry/forage/forage-stores-backend/node_modules/supertest/lib/test.js:252:14)
    at /home/osarugue-enehizena/Documents/code-projects/work/creativeferry/forage/forage-stores-backend/node_modules/supertest/lib/test.js:308:13
    at Test._assertFunction (/home/osarugue-enehizena/Documents/code-projects/work/creativeferry/forage/forage-stores-backend/node_modules/supertest/lib/test.js:285:13)
    at Test.assert (/home/osarugue-enehizena/Documents/code-projects/work/creativeferry/forage/forage-stores-backend/node_modules/supertest/lib/test.js:164:23)
    at Server.localAssert (/home/osarugue-enehizena/Documents/code-projects/work/creativeferry/forage/forage-stores-backend/node_modules/supertest/lib/test.js:120:14)
    at Object.onceWrapper (node:events:631:28)
    at Server.emit (node:events:517:28)
    at emitCloseNT (node:net:2215:8)
    at processTicksAndRejections (node:internal/process/task_queues:81:21)]]></failure>
    </testCase>
    <testCase name="Admin Module (e2e) Security &amp; Validation Tests should validate request bodies for POST endpoints" duration="4">
      <failure message="Error: expected 400 &quot;Bad Request&quot;, got 401 &quot;Unauthorized&quot;"><![CDATA[Error: expected 400 "Bad Request", got 401 "Unauthorized"
    at Object.<anonymous> (/home/osarugue-enehizena/Documents/code-projects/work/creativeferry/forage/forage-stores-backend/test/admin.e2e-spec.ts:762:10)
    at Promise.then.completed (/home/osarugue-enehizena/Documents/code-projects/work/creativeferry/forage/forage-stores-backend/node_modules/jest-circus/build/utils.js:298:28)
    at new Promise (<anonymous>)
    at callAsyncCircusFn (/home/osarugue-enehizena/Documents/code-projects/work/creativeferry/forage/forage-stores-backend/node_modules/jest-circus/build/utils.js:231:10)
    at _callCircusTest (/home/osarugue-enehizena/Documents/code-projects/work/creativeferry/forage/forage-stores-backend/node_modules/jest-circus/build/run.js:316:40)
    at processTicksAndRejections (node:internal/process/task_queues:95:5)
    at _runTest (/home/osarugue-enehizena/Documents/code-projects/work/creativeferry/forage/forage-stores-backend/node_modules/jest-circus/build/run.js:252:3)
    at _runTestsForDescribeBlock (/home/osarugue-enehizena/Documents/code-projects/work/creativeferry/forage/forage-stores-backend/node_modules/jest-circus/build/run.js:126:9)
    at _runTestsForDescribeBlock (/home/osarugue-enehizena/Documents/code-projects/work/creativeferry/forage/forage-stores-backend/node_modules/jest-circus/build/run.js:121:9)
    at _runTestsForDescribeBlock (/home/osarugue-enehizena/Documents/code-projects/work/creativeferry/forage/forage-stores-backend/node_modules/jest-circus/build/run.js:121:9)
    at run (/home/osarugue-enehizena/Documents/code-projects/work/creativeferry/forage/forage-stores-backend/node_modules/jest-circus/build/run.js:71:3)
    at runAndTransformResultsToJestFormat (/home/osarugue-enehizena/Documents/code-projects/work/creativeferry/forage/forage-stores-backend/node_modules/jest-circus/build/legacy-code-todo-rewrite/jestAdapterInit.js:122:21)
    at jestAdapter (/home/osarugue-enehizena/Documents/code-projects/work/creativeferry/forage/forage-stores-backend/node_modules/jest-circus/build/legacy-code-todo-rewrite/jestAdapter.js:79:19)
    at runTestInternal (/home/osarugue-enehizena/Documents/code-projects/work/creativeferry/forage/forage-stores-backend/node_modules/jest-runner/build/runTest.js:367:16)
    at runTest (/home/osarugue-enehizena/Documents/code-projects/work/creativeferry/forage/forage-stores-backend/node_modules/jest-runner/build/runTest.js:444:34)
    at Object.worker (/home/osarugue-enehizena/Documents/code-projects/work/creativeferry/forage/forage-stores-backend/node_modules/jest-runner/build/testWorker.js:106:12)
----
    at Test._assertStatus (/home/osarugue-enehizena/Documents/code-projects/work/creativeferry/forage/forage-stores-backend/node_modules/supertest/lib/test.js:252:14)
    at /home/osarugue-enehizena/Documents/code-projects/work/creativeferry/forage/forage-stores-backend/node_modules/supertest/lib/test.js:308:13
    at Test._assertFunction (/home/osarugue-enehizena/Documents/code-projects/work/creativeferry/forage/forage-stores-backend/node_modules/supertest/lib/test.js:285:13)
    at Test.assert (/home/osarugue-enehizena/Documents/code-projects/work/creativeferry/forage/forage-stores-backend/node_modules/supertest/lib/test.js:164:23)
    at Server.localAssert (/home/osarugue-enehizena/Documents/code-projects/work/creativeferry/forage/forage-stores-backend/node_modules/supertest/lib/test.js:120:14)
    at Object.onceWrapper (node:events:631:28)
    at Server.emit (node:events:517:28)
    at emitCloseNT (node:net:2215:8)
    at processTicksAndRejections (node:internal/process/task_queues:81:21)]]></failure>
    </testCase>
    <testCase name="Admin Module (e2e) Security &amp; Validation Tests should handle malformed ObjectIds gracefully" duration="3">
      <failure message="Error: expected 400 &quot;Bad Request&quot;, got 401 &quot;Unauthorized&quot;"><![CDATA[Error: expected 400 "Bad Request", got 401 "Unauthorized"
    at Object.<anonymous> (/home/osarugue-enehizena/Documents/code-projects/work/creativeferry/forage/forage-stores-backend/test/admin.e2e-spec.ts:782:10)
    at Promise.then.completed (/home/osarugue-enehizena/Documents/code-projects/work/creativeferry/forage/forage-stores-backend/node_modules/jest-circus/build/utils.js:298:28)
    at new Promise (<anonymous>)
    at callAsyncCircusFn (/home/osarugue-enehizena/Documents/code-projects/work/creativeferry/forage/forage-stores-backend/node_modules/jest-circus/build/utils.js:231:10)
    at _callCircusTest (/home/osarugue-enehizena/Documents/code-projects/work/creativeferry/forage/forage-stores-backend/node_modules/jest-circus/build/run.js:316:40)
    at processTicksAndRejections (node:internal/process/task_queues:95:5)
    at _runTest (/home/osarugue-enehizena/Documents/code-projects/work/creativeferry/forage/forage-stores-backend/node_modules/jest-circus/build/run.js:252:3)
    at _runTestsForDescribeBlock (/home/osarugue-enehizena/Documents/code-projects/work/creativeferry/forage/forage-stores-backend/node_modules/jest-circus/build/run.js:126:9)
    at _runTestsForDescribeBlock (/home/osarugue-enehizena/Documents/code-projects/work/creativeferry/forage/forage-stores-backend/node_modules/jest-circus/build/run.js:121:9)
    at _runTestsForDescribeBlock (/home/osarugue-enehizena/Documents/code-projects/work/creativeferry/forage/forage-stores-backend/node_modules/jest-circus/build/run.js:121:9)
    at run (/home/osarugue-enehizena/Documents/code-projects/work/creativeferry/forage/forage-stores-backend/node_modules/jest-circus/build/run.js:71:3)
    at runAndTransformResultsToJestFormat (/home/osarugue-enehizena/Documents/code-projects/work/creativeferry/forage/forage-stores-backend/node_modules/jest-circus/build/legacy-code-todo-rewrite/jestAdapterInit.js:122:21)
    at jestAdapter (/home/osarugue-enehizena/Documents/code-projects/work/creativeferry/forage/forage-stores-backend/node_modules/jest-circus/build/legacy-code-todo-rewrite/jestAdapter.js:79:19)
    at runTestInternal (/home/osarugue-enehizena/Documents/code-projects/work/creativeferry/forage/forage-stores-backend/node_modules/jest-runner/build/runTest.js:367:16)
    at runTest (/home/osarugue-enehizena/Documents/code-projects/work/creativeferry/forage/forage-stores-backend/node_modules/jest-runner/build/runTest.js:444:34)
    at Object.worker (/home/osarugue-enehizena/Documents/code-projects/work/creativeferry/forage/forage-stores-backend/node_modules/jest-runner/build/testWorker.js:106:12)
----
    at Test._assertStatus (/home/osarugue-enehizena/Documents/code-projects/work/creativeferry/forage/forage-stores-backend/node_modules/supertest/lib/test.js:252:14)
    at /home/osarugue-enehizena/Documents/code-projects/work/creativeferry/forage/forage-stores-backend/node_modules/supertest/lib/test.js:308:13
    at Test._assertFunction (/home/osarugue-enehizena/Documents/code-projects/work/creativeferry/forage/forage-stores-backend/node_modules/supertest/lib/test.js:285:13)
    at Test.assert (/home/osarugue-enehizena/Documents/code-projects/work/creativeferry/forage/forage-stores-backend/node_modules/supertest/lib/test.js:164:23)
    at Server.localAssert (/home/osarugue-enehizena/Documents/code-projects/work/creativeferry/forage/forage-stores-backend/node_modules/supertest/lib/test.js:120:14)
    at Object.onceWrapper (node:events:631:28)
    at Server.emit (node:events:517:28)
    at emitCloseNT (node:net:2215:8)
    at processTicksAndRejections (node:internal/process/task_queues:81:21)]]></failure>
    </testCase>
    <testCase name="Admin Module (e2e) Security &amp; Validation Tests should require admin password for sensitive operations" duration="4">
      <failure message="Error: expected 400 &quot;Bad Request&quot;, got 401 &quot;Unauthorized&quot;"><![CDATA[Error: expected 400 "Bad Request", got 401 "Unauthorized"
    at Object.<anonymous> (/home/osarugue-enehizena/Documents/code-projects/work/creativeferry/forage/forage-stores-backend/test/admin.e2e-spec.ts:813:12)
    at Promise.then.completed (/home/osarugue-enehizena/Documents/code-projects/work/creativeferry/forage/forage-stores-backend/node_modules/jest-circus/build/utils.js:298:28)
    at new Promise (<anonymous>)
    at callAsyncCircusFn (/home/osarugue-enehizena/Documents/code-projects/work/creativeferry/forage/forage-stores-backend/node_modules/jest-circus/build/utils.js:231:10)
    at _callCircusTest (/home/osarugue-enehizena/Documents/code-projects/work/creativeferry/forage/forage-stores-backend/node_modules/jest-circus/build/run.js:316:40)
    at processTicksAndRejections (node:internal/process/task_queues:95:5)
    at _runTest (/home/osarugue-enehizena/Documents/code-projects/work/creativeferry/forage/forage-stores-backend/node_modules/jest-circus/build/run.js:252:3)
    at _runTestsForDescribeBlock (/home/osarugue-enehizena/Documents/code-projects/work/creativeferry/forage/forage-stores-backend/node_modules/jest-circus/build/run.js:126:9)
    at _runTestsForDescribeBlock (/home/osarugue-enehizena/Documents/code-projects/work/creativeferry/forage/forage-stores-backend/node_modules/jest-circus/build/run.js:121:9)
    at _runTestsForDescribeBlock (/home/osarugue-enehizena/Documents/code-projects/work/creativeferry/forage/forage-stores-backend/node_modules/jest-circus/build/run.js:121:9)
    at run (/home/osarugue-enehizena/Documents/code-projects/work/creativeferry/forage/forage-stores-backend/node_modules/jest-circus/build/run.js:71:3)
    at runAndTransformResultsToJestFormat (/home/osarugue-enehizena/Documents/code-projects/work/creativeferry/forage/forage-stores-backend/node_modules/jest-circus/build/legacy-code-todo-rewrite/jestAdapterInit.js:122:21)
    at jestAdapter (/home/osarugue-enehizena/Documents/code-projects/work/creativeferry/forage/forage-stores-backend/node_modules/jest-circus/build/legacy-code-todo-rewrite/jestAdapter.js:79:19)
    at runTestInternal (/home/osarugue-enehizena/Documents/code-projects/work/creativeferry/forage/forage-stores-backend/node_modules/jest-runner/build/runTest.js:367:16)
    at runTest (/home/osarugue-enehizena/Documents/code-projects/work/creativeferry/forage/forage-stores-backend/node_modules/jest-runner/build/runTest.js:444:34)
    at Object.worker (/home/osarugue-enehizena/Documents/code-projects/work/creativeferry/forage/forage-stores-backend/node_modules/jest-runner/build/testWorker.js:106:12)
----
    at Test._assertStatus (/home/osarugue-enehizena/Documents/code-projects/work/creativeferry/forage/forage-stores-backend/node_modules/supertest/lib/test.js:252:14)
    at /home/osarugue-enehizena/Documents/code-projects/work/creativeferry/forage/forage-stores-backend/node_modules/supertest/lib/test.js:308:13
    at Test._assertFunction (/home/osarugue-enehizena/Documents/code-projects/work/creativeferry/forage/forage-stores-backend/node_modules/supertest/lib/test.js:285:13)
    at Test.assert (/home/osarugue-enehizena/Documents/code-projects/work/creativeferry/forage/forage-stores-backend/node_modules/supertest/lib/test.js:164:23)
    at Server.localAssert (/home/osarugue-enehizena/Documents/code-projects/work/creativeferry/forage/forage-stores-backend/node_modules/supertest/lib/test.js:120:14)
    at Object.onceWrapper (node:events:631:28)
    at Server.emit (node:events:517:28)
    at emitCloseNT (node:net:2215:8)
    at processTicksAndRejections (node:internal/process/task_queues:81:21)]]></failure>
    </testCase>
    <testCase name="Admin Module (e2e) Edge Cases &amp; Error Handling should handle concurrent wallet operations" duration="11">
      <failure message="Error: expect(received).toBeGreaterThan(expected)"><![CDATA[Error: expect(received).toBeGreaterThan(expected)

Expected: > 0
Received:   0
    at Object.<anonymous> (/home/osarugue-enehizena/Documents/code-projects/work/creativeferry/forage/forage-stores-backend/test/admin.e2e-spec.ts:840:33)
    at processTicksAndRejections (node:internal/process/task_queues:95:5)]]></failure>
    </testCase>
    <testCase name="Admin Module (e2e) Edge Cases &amp; Error Handling should handle large dataset pagination" duration="19">
      <failure message="Error: expected 200 &quot;OK&quot;, got 429 &quot;Too Many Requests&quot;"><![CDATA[Error: expected 200 "OK", got 429 "Too Many Requests"
    at Object.<anonymous> (/home/osarugue-enehizena/Documents/code-projects/work/creativeferry/forage/forage-stores-backend/test/admin.e2e-spec.ts:851:10)
    at Promise.then.completed (/home/osarugue-enehizena/Documents/code-projects/work/creativeferry/forage/forage-stores-backend/node_modules/jest-circus/build/utils.js:298:28)
    at new Promise (<anonymous>)
    at callAsyncCircusFn (/home/osarugue-enehizena/Documents/code-projects/work/creativeferry/forage/forage-stores-backend/node_modules/jest-circus/build/utils.js:231:10)
    at _callCircusTest (/home/osarugue-enehizena/Documents/code-projects/work/creativeferry/forage/forage-stores-backend/node_modules/jest-circus/build/run.js:316:40)
    at processTicksAndRejections (node:internal/process/task_queues:95:5)
    at _runTest (/home/osarugue-enehizena/Documents/code-projects/work/creativeferry/forage/forage-stores-backend/node_modules/jest-circus/build/run.js:252:3)
    at _runTestsForDescribeBlock (/home/osarugue-enehizena/Documents/code-projects/work/creativeferry/forage/forage-stores-backend/node_modules/jest-circus/build/run.js:126:9)
    at _runTestsForDescribeBlock (/home/osarugue-enehizena/Documents/code-projects/work/creativeferry/forage/forage-stores-backend/node_modules/jest-circus/build/run.js:121:9)
    at _runTestsForDescribeBlock (/home/osarugue-enehizena/Documents/code-projects/work/creativeferry/forage/forage-stores-backend/node_modules/jest-circus/build/run.js:121:9)
    at run (/home/osarugue-enehizena/Documents/code-projects/work/creativeferry/forage/forage-stores-backend/node_modules/jest-circus/build/run.js:71:3)
    at runAndTransformResultsToJestFormat (/home/osarugue-enehizena/Documents/code-projects/work/creativeferry/forage/forage-stores-backend/node_modules/jest-circus/build/legacy-code-todo-rewrite/jestAdapterInit.js:122:21)
    at jestAdapter (/home/osarugue-enehizena/Documents/code-projects/work/creativeferry/forage/forage-stores-backend/node_modules/jest-circus/build/legacy-code-todo-rewrite/jestAdapter.js:79:19)
    at runTestInternal (/home/osarugue-enehizena/Documents/code-projects/work/creativeferry/forage/forage-stores-backend/node_modules/jest-runner/build/runTest.js:367:16)
    at runTest (/home/osarugue-enehizena/Documents/code-projects/work/creativeferry/forage/forage-stores-backend/node_modules/jest-runner/build/runTest.js:444:34)
    at Object.worker (/home/osarugue-enehizena/Documents/code-projects/work/creativeferry/forage/forage-stores-backend/node_modules/jest-runner/build/testWorker.js:106:12)
----
    at Test._assertStatus (/home/osarugue-enehizena/Documents/code-projects/work/creativeferry/forage/forage-stores-backend/node_modules/supertest/lib/test.js:252:14)
    at /home/osarugue-enehizena/Documents/code-projects/work/creativeferry/forage/forage-stores-backend/node_modules/supertest/lib/test.js:308:13
    at Test._assertFunction (/home/osarugue-enehizena/Documents/code-projects/work/creativeferry/forage/forage-stores-backend/node_modules/supertest/lib/test.js:285:13)
    at Test.assert (/home/osarugue-enehizena/Documents/code-projects/work/creativeferry/forage/forage-stores-backend/node_modules/supertest/lib/test.js:164:23)
    at Server.localAssert (/home/osarugue-enehizena/Documents/code-projects/work/creativeferry/forage/forage-stores-backend/node_modules/supertest/lib/test.js:120:14)
    at Object.onceWrapper (node:events:631:28)
    at Server.emit (node:events:517:28)
    at emitCloseNT (node:net:2215:8)
    at processTicksAndRejections (node:internal/process/task_queues:81:21)]]></failure>
    </testCase>
    <testCase name="Admin Module (e2e) Edge Cases &amp; Error Handling should handle invalid date ranges in analytics" duration="3">
      <failure message="Error: expected 400 &quot;Bad Request&quot;, got 429 &quot;Too Many Requests&quot;"><![CDATA[Error: expected 400 "Bad Request", got 429 "Too Many Requests"
    at Object.<anonymous> (/home/osarugue-enehizena/Documents/code-projects/work/creativeferry/forage/forage-stores-backend/test/admin.e2e-spec.ts:864:10)
    at Promise.then.completed (/home/osarugue-enehizena/Documents/code-projects/work/creativeferry/forage/forage-stores-backend/node_modules/jest-circus/build/utils.js:298:28)
    at new Promise (<anonymous>)
    at callAsyncCircusFn (/home/osarugue-enehizena/Documents/code-projects/work/creativeferry/forage/forage-stores-backend/node_modules/jest-circus/build/utils.js:231:10)
    at _callCircusTest (/home/osarugue-enehizena/Documents/code-projects/work/creativeferry/forage/forage-stores-backend/node_modules/jest-circus/build/run.js:316:40)
    at processTicksAndRejections (node:internal/process/task_queues:95:5)
    at _runTest (/home/osarugue-enehizena/Documents/code-projects/work/creativeferry/forage/forage-stores-backend/node_modules/jest-circus/build/run.js:252:3)
    at _runTestsForDescribeBlock (/home/osarugue-enehizena/Documents/code-projects/work/creativeferry/forage/forage-stores-backend/node_modules/jest-circus/build/run.js:126:9)
    at _runTestsForDescribeBlock (/home/osarugue-enehizena/Documents/code-projects/work/creativeferry/forage/forage-stores-backend/node_modules/jest-circus/build/run.js:121:9)
    at _runTestsForDescribeBlock (/home/osarugue-enehizena/Documents/code-projects/work/creativeferry/forage/forage-stores-backend/node_modules/jest-circus/build/run.js:121:9)
    at run (/home/osarugue-enehizena/Documents/code-projects/work/creativeferry/forage/forage-stores-backend/node_modules/jest-circus/build/run.js:71:3)
    at runAndTransformResultsToJestFormat (/home/osarugue-enehizena/Documents/code-projects/work/creativeferry/forage/forage-stores-backend/node_modules/jest-circus/build/legacy-code-todo-rewrite/jestAdapterInit.js:122:21)
    at jestAdapter (/home/osarugue-enehizena/Documents/code-projects/work/creativeferry/forage/forage-stores-backend/node_modules/jest-circus/build/legacy-code-todo-rewrite/jestAdapter.js:79:19)
    at runTestInternal (/home/osarugue-enehizena/Documents/code-projects/work/creativeferry/forage/forage-stores-backend/node_modules/jest-runner/build/runTest.js:367:16)
    at runTest (/home/osarugue-enehizena/Documents/code-projects/work/creativeferry/forage/forage-stores-backend/node_modules/jest-runner/build/runTest.js:444:34)
    at Object.worker (/home/osarugue-enehizena/Documents/code-projects/work/creativeferry/forage/forage-stores-backend/node_modules/jest-runner/build/testWorker.js:106:12)
----
    at Test._assertStatus (/home/osarugue-enehizena/Documents/code-projects/work/creativeferry/forage/forage-stores-backend/node_modules/supertest/lib/test.js:252:14)
    at /home/osarugue-enehizena/Documents/code-projects/work/creativeferry/forage/forage-stores-backend/node_modules/supertest/lib/test.js:308:13
    at Test._assertFunction (/home/osarugue-enehizena/Documents/code-projects/work/creativeferry/forage/forage-stores-backend/node_modules/supertest/lib/test.js:285:13)
    at Test.assert (/home/osarugue-enehizena/Documents/code-projects/work/creativeferry/forage/forage-stores-backend/node_modules/supertest/lib/test.js:164:23)
    at Server.localAssert (/home/osarugue-enehizena/Documents/code-projects/work/creativeferry/forage/forage-stores-backend/node_modules/supertest/lib/test.js:120:14)
    at Object.onceWrapper (node:events:631:28)
    at Server.emit (node:events:517:28)
    at emitCloseNT (node:net:2215:8)
    at processTicksAndRejections (node:internal/process/task_queues:81:21)]]></failure>
    </testCase>
    <testCase name="Admin Module (e2e) Edge Cases &amp; Error Handling should handle database connection errors gracefully" duration="4">
      <failure message="Error: expected 404 &quot;Not Found&quot;, got 429 &quot;Too Many Requests&quot;"><![CDATA[Error: expected 404 "Not Found", got 429 "Too Many Requests"
    at Object.<anonymous> (/home/osarugue-enehizena/Documents/code-projects/work/creativeferry/forage/forage-stores-backend/test/admin.e2e-spec.ts:874:10)
    at Promise.then.completed (/home/osarugue-enehizena/Documents/code-projects/work/creativeferry/forage/forage-stores-backend/node_modules/jest-circus/build/utils.js:298:28)
    at new Promise (<anonymous>)
    at callAsyncCircusFn (/home/osarugue-enehizena/Documents/code-projects/work/creativeferry/forage/forage-stores-backend/node_modules/jest-circus/build/utils.js:231:10)
    at _callCircusTest (/home/osarugue-enehizena/Documents/code-projects/work/creativeferry/forage/forage-stores-backend/node_modules/jest-circus/build/run.js:316:40)
    at processTicksAndRejections (node:internal/process/task_queues:95:5)
    at _runTest (/home/osarugue-enehizena/Documents/code-projects/work/creativeferry/forage/forage-stores-backend/node_modules/jest-circus/build/run.js:252:3)
    at _runTestsForDescribeBlock (/home/osarugue-enehizena/Documents/code-projects/work/creativeferry/forage/forage-stores-backend/node_modules/jest-circus/build/run.js:126:9)
    at _runTestsForDescribeBlock (/home/osarugue-enehizena/Documents/code-projects/work/creativeferry/forage/forage-stores-backend/node_modules/jest-circus/build/run.js:121:9)
    at _runTestsForDescribeBlock (/home/osarugue-enehizena/Documents/code-projects/work/creativeferry/forage/forage-stores-backend/node_modules/jest-circus/build/run.js:121:9)
    at run (/home/osarugue-enehizena/Documents/code-projects/work/creativeferry/forage/forage-stores-backend/node_modules/jest-circus/build/run.js:71:3)
    at runAndTransformResultsToJestFormat (/home/osarugue-enehizena/Documents/code-projects/work/creativeferry/forage/forage-stores-backend/node_modules/jest-circus/build/legacy-code-todo-rewrite/jestAdapterInit.js:122:21)
    at jestAdapter (/home/osarugue-enehizena/Documents/code-projects/work/creativeferry/forage/forage-stores-backend/node_modules/jest-circus/build/legacy-code-todo-rewrite/jestAdapter.js:79:19)
    at runTestInternal (/home/osarugue-enehizena/Documents/code-projects/work/creativeferry/forage/forage-stores-backend/node_modules/jest-runner/build/runTest.js:367:16)
    at runTest (/home/osarugue-enehizena/Documents/code-projects/work/creativeferry/forage/forage-stores-backend/node_modules/jest-runner/build/runTest.js:444:34)
    at Object.worker (/home/osarugue-enehizena/Documents/code-projects/work/creativeferry/forage/forage-stores-backend/node_modules/jest-runner/build/testWorker.js:106:12)
----
    at Test._assertStatus (/home/osarugue-enehizena/Documents/code-projects/work/creativeferry/forage/forage-stores-backend/node_modules/supertest/lib/test.js:252:14)
    at /home/osarugue-enehizena/Documents/code-projects/work/creativeferry/forage/forage-stores-backend/node_modules/supertest/lib/test.js:308:13
    at Test._assertFunction (/home/osarugue-enehizena/Documents/code-projects/work/creativeferry/forage/forage-stores-backend/node_modules/supertest/lib/test.js:285:13)
    at Test.assert (/home/osarugue-enehizena/Documents/code-projects/work/creativeferry/forage/forage-stores-backend/node_modules/supertest/lib/test.js:164:23)
    at Server.localAssert (/home/osarugue-enehizena/Documents/code-projects/work/creativeferry/forage/forage-stores-backend/node_modules/supertest/lib/test.js:120:14)
    at Object.onceWrapper (node:events:631:28)
    at Server.emit (node:events:517:28)
    at emitCloseNT (node:net:2215:8)
    at processTicksAndRejections (node:internal/process/task_queues:81:21)]]></failure>
    </testCase>
    <testCase name="Admin Module (e2e) Performance Tests should handle multiple simultaneous requests" duration="7">
      <failure message="Error: read ECONNRESET"><![CDATA[Error: read ECONNRESET
    at TCP.onStreamRead (node:internal/stream_base_commons:217:20)]]></failure>
    </testCase>
    <testCase name="Admin Module (e2e) Performance Tests should handle large response payloads" duration="8">
      <failure message="Error: expected 200 &quot;OK&quot;, got 429 &quot;Too Many Requests&quot;"><![CDATA[Error: expected 200 "OK", got 429 "Too Many Requests"
    at Object.<anonymous> (/home/osarugue-enehizena/Documents/code-projects/work/creativeferry/forage/forage-stores-backend/test/admin.e2e-spec.ts:907:10)
    at Promise.then.completed (/home/osarugue-enehizena/Documents/code-projects/work/creativeferry/forage/forage-stores-backend/node_modules/jest-circus/build/utils.js:298:28)
    at new Promise (<anonymous>)
    at callAsyncCircusFn (/home/osarugue-enehizena/Documents/code-projects/work/creativeferry/forage/forage-stores-backend/node_modules/jest-circus/build/utils.js:231:10)
    at _callCircusTest (/home/osarugue-enehizena/Documents/code-projects/work/creativeferry/forage/forage-stores-backend/node_modules/jest-circus/build/run.js:316:40)
    at processTicksAndRejections (node:internal/process/task_queues:95:5)
    at _runTest (/home/osarugue-enehizena/Documents/code-projects/work/creativeferry/forage/forage-stores-backend/node_modules/jest-circus/build/run.js:252:3)
    at _runTestsForDescribeBlock (/home/osarugue-enehizena/Documents/code-projects/work/creativeferry/forage/forage-stores-backend/node_modules/jest-circus/build/run.js:126:9)
    at _runTestsForDescribeBlock (/home/osarugue-enehizena/Documents/code-projects/work/creativeferry/forage/forage-stores-backend/node_modules/jest-circus/build/run.js:121:9)
    at _runTestsForDescribeBlock (/home/osarugue-enehizena/Documents/code-projects/work/creativeferry/forage/forage-stores-backend/node_modules/jest-circus/build/run.js:121:9)
    at run (/home/osarugue-enehizena/Documents/code-projects/work/creativeferry/forage/forage-stores-backend/node_modules/jest-circus/build/run.js:71:3)
    at runAndTransformResultsToJestFormat (/home/osarugue-enehizena/Documents/code-projects/work/creativeferry/forage/forage-stores-backend/node_modules/jest-circus/build/legacy-code-todo-rewrite/jestAdapterInit.js:122:21)
    at jestAdapter (/home/osarugue-enehizena/Documents/code-projects/work/creativeferry/forage/forage-stores-backend/node_modules/jest-circus/build/legacy-code-todo-rewrite/jestAdapter.js:79:19)
    at runTestInternal (/home/osarugue-enehizena/Documents/code-projects/work/creativeferry/forage/forage-stores-backend/node_modules/jest-runner/build/runTest.js:367:16)
    at runTest (/home/osarugue-enehizena/Documents/code-projects/work/creativeferry/forage/forage-stores-backend/node_modules/jest-runner/build/runTest.js:444:34)
    at Object.worker (/home/osarugue-enehizena/Documents/code-projects/work/creativeferry/forage/forage-stores-backend/node_modules/jest-runner/build/testWorker.js:106:12)
----
    at Test._assertStatus (/home/osarugue-enehizena/Documents/code-projects/work/creativeferry/forage/forage-stores-backend/node_modules/supertest/lib/test.js:252:14)
    at /home/osarugue-enehizena/Documents/code-projects/work/creativeferry/forage/forage-stores-backend/node_modules/supertest/lib/test.js:308:13
    at Test._assertFunction (/home/osarugue-enehizena/Documents/code-projects/work/creativeferry/forage/forage-stores-backend/node_modules/supertest/lib/test.js:285:13)
    at Test.assert (/home/osarugue-enehizena/Documents/code-projects/work/creativeferry/forage/forage-stores-backend/node_modules/supertest/lib/test.js:164:23)
    at Server.localAssert (/home/osarugue-enehizena/Documents/code-projects/work/creativeferry/forage/forage-stores-backend/node_modules/supertest/lib/test.js:120:14)
    at Object.onceWrapper (node:events:631:28)
    at Server.emit (node:events:529:35)
    at emitCloseNT (node:net:2215:8)
    at processTicksAndRejections (node:internal/process/task_queues:81:21)]]></failure>
    </testCase>
  </file>
  <file path="/home/osarugue-enehizena/Documents/code-projects/work/creativeferry/forage/forage-stores-backend/test/admin-focused.e2e-spec.ts">
    <testCase name="Admin Module - Focused Tests (e2e)  Admin Authentication &amp; Authorization should allow admin to access admin endpoints" duration="5">
      <failure message="Error: Failed to login user: {&quot;statusCode&quot;:429,&quot;message&quot;:&quot;ThrottlerException: Too Many Requests&quot;}"><![CDATA[Error: Failed to login user: {"statusCode":429,"message":"ThrottlerException: Too Many Requests"}
    at TestHelpers.createUserAndGetToken (/home/osarugue-enehizena/Documents/code-projects/work/creativeferry/forage/forage-stores-backend/test/helpers/test.helpers.ts:116:13)
    at processTicksAndRejections (node:internal/process/task_queues:95:5)
    at TestHelpers.createTestData (/home/osarugue-enehizena/Documents/code-projects/work/creativeferry/forage/forage-stores-backend/test/helpers/test.helpers.ts:179:34)
    at Object.<anonymous> (/home/osarugue-enehizena/Documents/code-projects/work/creativeferry/forage/forage-stores-backend/test/admin-focused.e2e-spec.ts:44:16)]]></failure>
    </testCase>
    <testCase name="Admin Module - Focused Tests (e2e)  Admin Authentication &amp; Authorization should deny non-admin access to admin endpoints" duration="1">
      <failure message="Error: Failed to login user: {&quot;statusCode&quot;:429,&quot;message&quot;:&quot;ThrottlerException: Too Many Requests&quot;}"><![CDATA[Error: Failed to login user: {"statusCode":429,"message":"ThrottlerException: Too Many Requests"}
    at TestHelpers.createUserAndGetToken (/home/osarugue-enehizena/Documents/code-projects/work/creativeferry/forage/forage-stores-backend/test/helpers/test.helpers.ts:116:13)
    at processTicksAndRejections (node:internal/process/task_queues:95:5)
    at TestHelpers.createTestData (/home/osarugue-enehizena/Documents/code-projects/work/creativeferry/forage/forage-stores-backend/test/helpers/test.helpers.ts:179:34)
    at Object.<anonymous> (/home/osarugue-enehizena/Documents/code-projects/work/creativeferry/forage/forage-stores-backend/test/admin-focused.e2e-spec.ts:44:16)]]></failure>
    </testCase>
    <testCase name="Admin Module - Focused Tests (e2e)  Admin Authentication &amp; Authorization should require authentication for admin endpoints" duration="0">
      <failure message="Error: Failed to login user: {&quot;statusCode&quot;:429,&quot;message&quot;:&quot;ThrottlerException: Too Many Requests&quot;}"><![CDATA[Error: Failed to login user: {"statusCode":429,"message":"ThrottlerException: Too Many Requests"}
    at TestHelpers.createUserAndGetToken (/home/osarugue-enehizena/Documents/code-projects/work/creativeferry/forage/forage-stores-backend/test/helpers/test.helpers.ts:116:13)
    at processTicksAndRejections (node:internal/process/task_queues:95:5)
    at TestHelpers.createTestData (/home/osarugue-enehizena/Documents/code-projects/work/creativeferry/forage/forage-stores-backend/test/helpers/test.helpers.ts:179:34)
    at Object.<anonymous> (/home/osarugue-enehizena/Documents/code-projects/work/creativeferry/forage/forage-stores-backend/test/admin-focused.e2e-spec.ts:44:16)]]></failure>
    </testCase>
    <testCase name="Admin Module - Focused Tests (e2e)  User Management should get all users with proper structure" duration="0">
      <failure message="Error: Failed to login user: {&quot;statusCode&quot;:429,&quot;message&quot;:&quot;ThrottlerException: Too Many Requests&quot;}"><![CDATA[Error: Failed to login user: {"statusCode":429,"message":"ThrottlerException: Too Many Requests"}
    at TestHelpers.createUserAndGetToken (/home/osarugue-enehizena/Documents/code-projects/work/creativeferry/forage/forage-stores-backend/test/helpers/test.helpers.ts:116:13)
    at processTicksAndRejections (node:internal/process/task_queues:95:5)
    at TestHelpers.createTestData (/home/osarugue-enehizena/Documents/code-projects/work/creativeferry/forage/forage-stores-backend/test/helpers/test.helpers.ts:179:34)
    at Object.<anonymous> (/home/osarugue-enehizena/Documents/code-projects/work/creativeferry/forage/forage-stores-backend/test/admin-focused.e2e-spec.ts:44:16)]]></failure>
    </testCase>
    <testCase name="Admin Module - Focused Tests (e2e)  User Management should get specific user by ID" duration="1">
      <failure message="Error: Failed to login user: {&quot;statusCode&quot;:429,&quot;message&quot;:&quot;ThrottlerException: Too Many Requests&quot;}"><![CDATA[Error: Failed to login user: {"statusCode":429,"message":"ThrottlerException: Too Many Requests"}
    at TestHelpers.createUserAndGetToken (/home/osarugue-enehizena/Documents/code-projects/work/creativeferry/forage/forage-stores-backend/test/helpers/test.helpers.ts:116:13)
    at processTicksAndRejections (node:internal/process/task_queues:95:5)
    at TestHelpers.createTestData (/home/osarugue-enehizena/Documents/code-projects/work/creativeferry/forage/forage-stores-backend/test/helpers/test.helpers.ts:179:34)
    at Object.<anonymous> (/home/osarugue-enehizena/Documents/code-projects/work/creativeferry/forage/forage-stores-backend/test/admin-focused.e2e-spec.ts:44:16)]]></failure>
    </testCase>
    <testCase name="Admin Module - Focused Tests (e2e)  User Management should return 404 for non-existent user" duration="0">
      <failure message="Error: Failed to login user: {&quot;statusCode&quot;:429,&quot;message&quot;:&quot;ThrottlerException: Too Many Requests&quot;}"><![CDATA[Error: Failed to login user: {"statusCode":429,"message":"ThrottlerException: Too Many Requests"}
    at TestHelpers.createUserAndGetToken (/home/osarugue-enehizena/Documents/code-projects/work/creativeferry/forage/forage-stores-backend/test/helpers/test.helpers.ts:116:13)
    at processTicksAndRejections (node:internal/process/task_queues:95:5)
    at TestHelpers.createTestData (/home/osarugue-enehizena/Documents/code-projects/work/creativeferry/forage/forage-stores-backend/test/helpers/test.helpers.ts:179:34)
    at Object.<anonymous> (/home/osarugue-enehizena/Documents/code-projects/work/creativeferry/forage/forage-stores-backend/test/admin-focused.e2e-spec.ts:44:16)]]></failure>
    </testCase>
    <testCase name="Admin Module - Focused Tests (e2e)  User Management should handle malformed user ID" duration="0">
      <failure message="Error: Failed to login user: {&quot;statusCode&quot;:429,&quot;message&quot;:&quot;ThrottlerException: Too Many Requests&quot;}"><![CDATA[Error: Failed to login user: {"statusCode":429,"message":"ThrottlerException: Too Many Requests"}
    at TestHelpers.createUserAndGetToken (/home/osarugue-enehizena/Documents/code-projects/work/creativeferry/forage/forage-stores-backend/test/helpers/test.helpers.ts:116:13)
    at processTicksAndRejections (node:internal/process/task_queues:95:5)
    at TestHelpers.createTestData (/home/osarugue-enehizena/Documents/code-projects/work/creativeferry/forage/forage-stores-backend/test/helpers/test.helpers.ts:179:34)
    at Object.<anonymous> (/home/osarugue-enehizena/Documents/code-projects/work/creativeferry/forage/forage-stores-backend/test/admin-focused.e2e-spec.ts:44:16)]]></failure>
    </testCase>
    <testCase name="Admin Module - Focused Tests (e2e)  Wallet Management should get all wallets" duration="0">
      <failure message="Error: Failed to login user: {&quot;statusCode&quot;:429,&quot;message&quot;:&quot;ThrottlerException: Too Many Requests&quot;}"><![CDATA[Error: Failed to login user: {"statusCode":429,"message":"ThrottlerException: Too Many Requests"}
    at TestHelpers.createUserAndGetToken (/home/osarugue-enehizena/Documents/code-projects/work/creativeferry/forage/forage-stores-backend/test/helpers/test.helpers.ts:116:13)
    at processTicksAndRejections (node:internal/process/task_queues:95:5)
    at TestHelpers.createTestData (/home/osarugue-enehizena/Documents/code-projects/work/creativeferry/forage/forage-stores-backend/test/helpers/test.helpers.ts:179:34)
    at Object.<anonymous> (/home/osarugue-enehizena/Documents/code-projects/work/creativeferry/forage/forage-stores-backend/test/admin-focused.e2e-spec.ts:44:16)]]></failure>
    </testCase>
    <testCase name="Admin Module - Focused Tests (e2e)  Wallet Management should get user wallet" duration="1">
      <failure message="Error: Failed to login user: {&quot;statusCode&quot;:429,&quot;message&quot;:&quot;ThrottlerException: Too Many Requests&quot;}"><![CDATA[Error: Failed to login user: {"statusCode":429,"message":"ThrottlerException: Too Many Requests"}
    at TestHelpers.createUserAndGetToken (/home/osarugue-enehizena/Documents/code-projects/work/creativeferry/forage/forage-stores-backend/test/helpers/test.helpers.ts:116:13)
    at processTicksAndRejections (node:internal/process/task_queues:95:5)
    at TestHelpers.createTestData (/home/osarugue-enehizena/Documents/code-projects/work/creativeferry/forage/forage-stores-backend/test/helpers/test.helpers.ts:179:34)
    at Object.<anonymous> (/home/osarugue-enehizena/Documents/code-projects/work/creativeferry/forage/forage-stores-backend/test/admin-focused.e2e-spec.ts:44:16)]]></failure>
    </testCase>
    <testCase name="Admin Module - Focused Tests (e2e)  Wallet Management should fund user wallet with valid admin password" duration="0">
      <failure message="Error: Failed to login user: {&quot;statusCode&quot;:429,&quot;message&quot;:&quot;ThrottlerException: Too Many Requests&quot;}"><![CDATA[Error: Failed to login user: {"statusCode":429,"message":"ThrottlerException: Too Many Requests"}
    at TestHelpers.createUserAndGetToken (/home/osarugue-enehizena/Documents/code-projects/work/creativeferry/forage/forage-stores-backend/test/helpers/test.helpers.ts:116:13)
    at processTicksAndRejections (node:internal/process/task_queues:95:5)
    at TestHelpers.createTestData (/home/osarugue-enehizena/Documents/code-projects/work/creativeferry/forage/forage-stores-backend/test/helpers/test.helpers.ts:179:34)
    at Object.<anonymous> (/home/osarugue-enehizena/Documents/code-projects/work/creativeferry/forage/forage-stores-backend/test/admin-focused.e2e-spec.ts:44:16)]]></failure>
    </testCase>
    <testCase name="Admin Module - Focused Tests (e2e)  Wallet Management should reject wallet funding with invalid admin password" duration="0">
      <failure message="Error: Failed to login user: {&quot;statusCode&quot;:429,&quot;message&quot;:&quot;ThrottlerException: Too Many Requests&quot;}"><![CDATA[Error: Failed to login user: {"statusCode":429,"message":"ThrottlerException: Too Many Requests"}
    at TestHelpers.createUserAndGetToken (/home/osarugue-enehizena/Documents/code-projects/work/creativeferry/forage/forage-stores-backend/test/helpers/test.helpers.ts:116:13)
    at processTicksAndRejections (node:internal/process/task_queues:95:5)
    at TestHelpers.createTestData (/home/osarugue-enehizena/Documents/code-projects/work/creativeferry/forage/forage-stores-backend/test/helpers/test.helpers.ts:179:34)
    at Object.<anonymous> (/home/osarugue-enehizena/Documents/code-projects/work/creativeferry/forage/forage-stores-backend/test/admin-focused.e2e-spec.ts:44:16)]]></failure>
    </testCase>
    <testCase name="Admin Module - Focused Tests (e2e)  Wallet Management should wipe user wallet with valid admin password" duration="0">
      <failure message="Error: Failed to login user: {&quot;statusCode&quot;:429,&quot;message&quot;:&quot;ThrottlerException: Too Many Requests&quot;}"><![CDATA[Error: Failed to login user: {"statusCode":429,"message":"ThrottlerException: Too Many Requests"}
    at TestHelpers.createUserAndGetToken (/home/osarugue-enehizena/Documents/code-projects/work/creativeferry/forage/forage-stores-backend/test/helpers/test.helpers.ts:116:13)
    at processTicksAndRejections (node:internal/process/task_queues:95:5)
    at TestHelpers.createTestData (/home/osarugue-enehizena/Documents/code-projects/work/creativeferry/forage/forage-stores-backend/test/helpers/test.helpers.ts:179:34)
    at Object.<anonymous> (/home/osarugue-enehizena/Documents/code-projects/work/creativeferry/forage/forage-stores-backend/test/admin-focused.e2e-spec.ts:44:16)]]></failure>
    </testCase>
    <testCase name="Admin Module - Focused Tests (e2e)  Wallet Management should validate wallet funding input" duration="0">
      <failure message="Error: Failed to login user: {&quot;statusCode&quot;:429,&quot;message&quot;:&quot;ThrottlerException: Too Many Requests&quot;}"><![CDATA[Error: Failed to login user: {"statusCode":429,"message":"ThrottlerException: Too Many Requests"}
    at TestHelpers.createUserAndGetToken (/home/osarugue-enehizena/Documents/code-projects/work/creativeferry/forage/forage-stores-backend/test/helpers/test.helpers.ts:116:13)
    at processTicksAndRejections (node:internal/process/task_queues:95:5)
    at TestHelpers.createTestData (/home/osarugue-enehizena/Documents/code-projects/work/creativeferry/forage/forage-stores-backend/test/helpers/test.helpers.ts:179:34)
    at Object.<anonymous> (/home/osarugue-enehizena/Documents/code-projects/work/creativeferry/forage/forage-stores-backend/test/admin-focused.e2e-spec.ts:44:16)]]></failure>
    </testCase>
    <testCase name="Admin Module - Focused Tests (e2e)  Analytics Management should get orders analytics with proper structure" duration="0">
      <failure message="Error: Failed to login user: {&quot;statusCode&quot;:429,&quot;message&quot;:&quot;ThrottlerException: Too Many Requests&quot;}"><![CDATA[Error: Failed to login user: {"statusCode":429,"message":"ThrottlerException: Too Many Requests"}
    at TestHelpers.createUserAndGetToken (/home/osarugue-enehizena/Documents/code-projects/work/creativeferry/forage/forage-stores-backend/test/helpers/test.helpers.ts:116:13)
    at processTicksAndRejections (node:internal/process/task_queues:95:5)
    at TestHelpers.createTestData (/home/osarugue-enehizena/Documents/code-projects/work/creativeferry/forage/forage-stores-backend/test/helpers/test.helpers.ts:179:34)
    at Object.<anonymous> (/home/osarugue-enehizena/Documents/code-projects/work/creativeferry/forage/forage-stores-backend/test/admin-focused.e2e-spec.ts:44:16)]]></failure>
    </testCase>
    <testCase name="Admin Module - Focused Tests (e2e)  Analytics Management should get subscription analytics" duration="0">
      <failure message="Error: Failed to login user: {&quot;statusCode&quot;:429,&quot;message&quot;:&quot;ThrottlerException: Too Many Requests&quot;}"><![CDATA[Error: Failed to login user: {"statusCode":429,"message":"ThrottlerException: Too Many Requests"}
    at TestHelpers.createUserAndGetToken (/home/osarugue-enehizena/Documents/code-projects/work/creativeferry/forage/forage-stores-backend/test/helpers/test.helpers.ts:116:13)
    at processTicksAndRejections (node:internal/process/task_queues:95:5)
    at TestHelpers.createTestData (/home/osarugue-enehizena/Documents/code-projects/work/creativeferry/forage/forage-stores-backend/test/helpers/test.helpers.ts:179:34)
    at Object.<anonymous> (/home/osarugue-enehizena/Documents/code-projects/work/creativeferry/forage/forage-stores-backend/test/admin-focused.e2e-spec.ts:44:16)]]></failure>
    </testCase>
    <testCase name="Admin Module - Focused Tests (e2e)  Analytics Management should get commission analytics" duration="0">
      <failure message="Error: Failed to login user: {&quot;statusCode&quot;:429,&quot;message&quot;:&quot;ThrottlerException: Too Many Requests&quot;}"><![CDATA[Error: Failed to login user: {"statusCode":429,"message":"ThrottlerException: Too Many Requests"}
    at TestHelpers.createUserAndGetToken (/home/osarugue-enehizena/Documents/code-projects/work/creativeferry/forage/forage-stores-backend/test/helpers/test.helpers.ts:116:13)
    at processTicksAndRejections (node:internal/process/task_queues:95:5)
    at TestHelpers.createTestData (/home/osarugue-enehizena/Documents/code-projects/work/creativeferry/forage/forage-stores-backend/test/helpers/test.helpers.ts:179:34)
    at Object.<anonymous> (/home/osarugue-enehizena/Documents/code-projects/work/creativeferry/forage/forage-stores-backend/test/admin-focused.e2e-spec.ts:44:16)]]></failure>
    </testCase>
    <testCase name="Admin Module - Focused Tests (e2e)  Analytics Management should validate date range in analytics" duration="0">
      <failure message="Error: Failed to login user: {&quot;statusCode&quot;:429,&quot;message&quot;:&quot;ThrottlerException: Too Many Requests&quot;}"><![CDATA[Error: Failed to login user: {"statusCode":429,"message":"ThrottlerException: Too Many Requests"}
    at TestHelpers.createUserAndGetToken (/home/osarugue-enehizena/Documents/code-projects/work/creativeferry/forage/forage-stores-backend/test/helpers/test.helpers.ts:116:13)
    at processTicksAndRejections (node:internal/process/task_queues:95:5)
    at TestHelpers.createTestData (/home/osarugue-enehizena/Documents/code-projects/work/creativeferry/forage/forage-stores-backend/test/helpers/test.helpers.ts:179:34)
    at Object.<anonymous> (/home/osarugue-enehizena/Documents/code-projects/work/creativeferry/forage/forage-stores-backend/test/admin-focused.e2e-spec.ts:44:16)]]></failure>
    </testCase>
    <testCase name="Admin Module - Focused Tests (e2e)  Category Management should create a new category" duration="0">
      <failure message="Error: Failed to login user: {&quot;statusCode&quot;:429,&quot;message&quot;:&quot;ThrottlerException: Too Many Requests&quot;}"><![CDATA[Error: Failed to login user: {"statusCode":429,"message":"ThrottlerException: Too Many Requests"}
    at TestHelpers.createUserAndGetToken (/home/osarugue-enehizena/Documents/code-projects/work/creativeferry/forage/forage-stores-backend/test/helpers/test.helpers.ts:116:13)
    at processTicksAndRejections (node:internal/process/task_queues:95:5)
    at TestHelpers.createTestData (/home/osarugue-enehizena/Documents/code-projects/work/creativeferry/forage/forage-stores-backend/test/helpers/test.helpers.ts:179:34)
    at Object.<anonymous> (/home/osarugue-enehizena/Documents/code-projects/work/creativeferry/forage/forage-stores-backend/test/admin-focused.e2e-spec.ts:44:16)]]></failure>
    </testCase>
    <testCase name="Admin Module - Focused Tests (e2e)  Category Management should get all categories" duration="0">
      <failure message="Error: Failed to login user: {&quot;statusCode&quot;:429,&quot;message&quot;:&quot;ThrottlerException: Too Many Requests&quot;}"><![CDATA[Error: Failed to login user: {"statusCode":429,"message":"ThrottlerException: Too Many Requests"}
    at TestHelpers.createUserAndGetToken (/home/osarugue-enehizena/Documents/code-projects/work/creativeferry/forage/forage-stores-backend/test/helpers/test.helpers.ts:116:13)
    at processTicksAndRejections (node:internal/process/task_queues:95:5)
    at TestHelpers.createTestData (/home/osarugue-enehizena/Documents/code-projects/work/creativeferry/forage/forage-stores-backend/test/helpers/test.helpers.ts:179:34)
    at Object.<anonymous> (/home/osarugue-enehizena/Documents/code-projects/work/creativeferry/forage/forage-stores-backend/test/admin-focused.e2e-spec.ts:44:16)]]></failure>
    </testCase>
    <testCase name="Admin Module - Focused Tests (e2e)  Category Management should get category by ID" duration="0">
      <failure message="Error: Failed to login user: {&quot;statusCode&quot;:429,&quot;message&quot;:&quot;ThrottlerException: Too Many Requests&quot;}"><![CDATA[Error: Failed to login user: {"statusCode":429,"message":"ThrottlerException: Too Many Requests"}
    at TestHelpers.createUserAndGetToken (/home/osarugue-enehizena/Documents/code-projects/work/creativeferry/forage/forage-stores-backend/test/helpers/test.helpers.ts:116:13)
    at processTicksAndRejections (node:internal/process/task_queues:95:5)
    at TestHelpers.createTestData (/home/osarugue-enehizena/Documents/code-projects/work/creativeferry/forage/forage-stores-backend/test/helpers/test.helpers.ts:179:34)
    at Object.<anonymous> (/home/osarugue-enehizena/Documents/code-projects/work/creativeferry/forage/forage-stores-backend/test/admin-focused.e2e-spec.ts:44:16)]]></failure>
    </testCase>
    <testCase name="Admin Module - Focused Tests (e2e)  Category Management should update a category" duration="0">
      <failure message="Error: Failed to login user: {&quot;statusCode&quot;:429,&quot;message&quot;:&quot;ThrottlerException: Too Many Requests&quot;}"><![CDATA[Error: Failed to login user: {"statusCode":429,"message":"ThrottlerException: Too Many Requests"}
    at TestHelpers.createUserAndGetToken (/home/osarugue-enehizena/Documents/code-projects/work/creativeferry/forage/forage-stores-backend/test/helpers/test.helpers.ts:116:13)
    at processTicksAndRejections (node:internal/process/task_queues:95:5)
    at TestHelpers.createTestData (/home/osarugue-enehizena/Documents/code-projects/work/creativeferry/forage/forage-stores-backend/test/helpers/test.helpers.ts:179:34)
    at Object.<anonymous> (/home/osarugue-enehizena/Documents/code-projects/work/creativeferry/forage/forage-stores-backend/test/admin-focused.e2e-spec.ts:44:16)]]></failure>
    </testCase>
    <testCase name="Admin Module - Focused Tests (e2e)  Category Management should validate category creation" duration="0">
      <failure message="Error: Failed to login user: {&quot;statusCode&quot;:429,&quot;message&quot;:&quot;ThrottlerException: Too Many Requests&quot;}"><![CDATA[Error: Failed to login user: {"statusCode":429,"message":"ThrottlerException: Too Many Requests"}
    at TestHelpers.createUserAndGetToken (/home/osarugue-enehizena/Documents/code-projects/work/creativeferry/forage/forage-stores-backend/test/helpers/test.helpers.ts:116:13)
    at processTicksAndRejections (node:internal/process/task_queues:95:5)
    at TestHelpers.createTestData (/home/osarugue-enehizena/Documents/code-projects/work/creativeferry/forage/forage-stores-backend/test/helpers/test.helpers.ts:179:34)
    at Object.<anonymous> (/home/osarugue-enehizena/Documents/code-projects/work/creativeferry/forage/forage-stores-backend/test/admin-focused.e2e-spec.ts:44:16)]]></failure>
    </testCase>
    <testCase name="Admin Module - Focused Tests (e2e)  Category Management should delete a category" duration="1">
      <failure message="Error: Failed to login user: {&quot;statusCode&quot;:429,&quot;message&quot;:&quot;ThrottlerException: Too Many Requests&quot;}"><![CDATA[Error: Failed to login user: {"statusCode":429,"message":"ThrottlerException: Too Many Requests"}
    at TestHelpers.createUserAndGetToken (/home/osarugue-enehizena/Documents/code-projects/work/creativeferry/forage/forage-stores-backend/test/helpers/test.helpers.ts:116:13)
    at processTicksAndRejections (node:internal/process/task_queues:95:5)
    at TestHelpers.createTestData (/home/osarugue-enehizena/Documents/code-projects/work/creativeferry/forage/forage-stores-backend/test/helpers/test.helpers.ts:179:34)
    at Object.<anonymous> (/home/osarugue-enehizena/Documents/code-projects/work/creativeferry/forage/forage-stores-backend/test/admin-focused.e2e-spec.ts:44:16)]]></failure>
    </testCase>
    <testCase name="Admin Module - Focused Tests (e2e)  Growth Users Management should get growth users by city" duration="0">
      <failure message="Error: Failed to login user: {&quot;statusCode&quot;:429,&quot;message&quot;:&quot;ThrottlerException: Too Many Requests&quot;}"><![CDATA[Error: Failed to login user: {"statusCode":429,"message":"ThrottlerException: Too Many Requests"}
    at TestHelpers.createUserAndGetToken (/home/osarugue-enehizena/Documents/code-projects/work/creativeferry/forage/forage-stores-backend/test/helpers/test.helpers.ts:116:13)
    at processTicksAndRejections (node:internal/process/task_queues:95:5)
    at TestHelpers.createTestData (/home/osarugue-enehizena/Documents/code-projects/work/creativeferry/forage/forage-stores-backend/test/helpers/test.helpers.ts:179:34)
    at Object.<anonymous> (/home/osarugue-enehizena/Documents/code-projects/work/creativeferry/forage/forage-stores-backend/test/admin-focused.e2e-spec.ts:44:16)]]></failure>
    </testCase>
    <testCase name="Admin Module - Focused Tests (e2e)  Growth Users Management should get detailed stats for growth user" duration="0">
      <failure message="Error: Failed to login user: {&quot;statusCode&quot;:429,&quot;message&quot;:&quot;ThrottlerException: Too Many Requests&quot;}"><![CDATA[Error: Failed to login user: {"statusCode":429,"message":"ThrottlerException: Too Many Requests"}
    at TestHelpers.createUserAndGetToken (/home/osarugue-enehizena/Documents/code-projects/work/creativeferry/forage/forage-stores-backend/test/helpers/test.helpers.ts:116:13)
    at processTicksAndRejections (node:internal/process/task_queues:95:5)
    at TestHelpers.createTestData (/home/osarugue-enehizena/Documents/code-projects/work/creativeferry/forage/forage-stores-backend/test/helpers/test.helpers.ts:179:34)
    at Object.<anonymous> (/home/osarugue-enehizena/Documents/code-projects/work/creativeferry/forage/forage-stores-backend/test/admin-focused.e2e-spec.ts:44:16)]]></failure>
    </testCase>
    <testCase name="Admin Module - Focused Tests (e2e)  Growth Users Management should filter growth users by role" duration="0">
      <failure message="Error: Failed to login user: {&quot;statusCode&quot;:429,&quot;message&quot;:&quot;ThrottlerException: Too Many Requests&quot;}"><![CDATA[Error: Failed to login user: {"statusCode":429,"message":"ThrottlerException: Too Many Requests"}
    at TestHelpers.createUserAndGetToken (/home/osarugue-enehizena/Documents/code-projects/work/creativeferry/forage/forage-stores-backend/test/helpers/test.helpers.ts:116:13)
    at processTicksAndRejections (node:internal/process/task_queues:95:5)
    at TestHelpers.createTestData (/home/osarugue-enehizena/Documents/code-projects/work/creativeferry/forage/forage-stores-backend/test/helpers/test.helpers.ts:179:34)
    at Object.<anonymous> (/home/osarugue-enehizena/Documents/code-projects/work/creativeferry/forage/forage-stores-backend/test/admin-focused.e2e-spec.ts:44:16)]]></failure>
    </testCase>
    <testCase name="Admin Module - Focused Tests (e2e)  Withdrawal Management should get pending withdrawals" duration="0">
      <failure message="Error: Failed to login user: {&quot;statusCode&quot;:429,&quot;message&quot;:&quot;ThrottlerException: Too Many Requests&quot;}"><![CDATA[Error: Failed to login user: {"statusCode":429,"message":"ThrottlerException: Too Many Requests"}
    at TestHelpers.createUserAndGetToken (/home/osarugue-enehizena/Documents/code-projects/work/creativeferry/forage/forage-stores-backend/test/helpers/test.helpers.ts:116:13)
    at processTicksAndRejections (node:internal/process/task_queues:95:5)
    at TestHelpers.createTestData (/home/osarugue-enehizena/Documents/code-projects/work/creativeferry/forage/forage-stores-backend/test/helpers/test.helpers.ts:179:34)
    at Object.<anonymous> (/home/osarugue-enehizena/Documents/code-projects/work/creativeferry/forage/forage-stores-backend/test/admin-focused.e2e-spec.ts:44:16)]]></failure>
      <failure message="TypeError: Cannot read properties of undefined (reading &apos;user&apos;)"><![CDATA[TypeError: Cannot read properties of undefined (reading 'user')
    at Object.<anonymous> (/home/osarugue-enehizena/Documents/code-projects/work/creativeferry/forage/forage-stores-backend/test/admin-focused.e2e-spec.ts:446:70)
    at Promise.then.completed (/home/osarugue-enehizena/Documents/code-projects/work/creativeferry/forage/forage-stores-backend/node_modules/jest-circus/build/utils.js:298:28)
    at new Promise (<anonymous>)
    at callAsyncCircusFn (/home/osarugue-enehizena/Documents/code-projects/work/creativeferry/forage/forage-stores-backend/node_modules/jest-circus/build/utils.js:231:10)
    at _callCircusHook (/home/osarugue-enehizena/Documents/code-projects/work/creativeferry/forage/forage-stores-backend/node_modules/jest-circus/build/run.js:281:40)
    at processTicksAndRejections (node:internal/process/task_queues:95:5)
    at _runTestsForDescribeBlock (/home/osarugue-enehizena/Documents/code-projects/work/creativeferry/forage/forage-stores-backend/node_modules/jest-circus/build/run.js:95:7)
    at _runTestsForDescribeBlock (/home/osarugue-enehizena/Documents/code-projects/work/creativeferry/forage/forage-stores-backend/node_modules/jest-circus/build/run.js:121:9)
    at _runTestsForDescribeBlock (/home/osarugue-enehizena/Documents/code-projects/work/creativeferry/forage/forage-stores-backend/node_modules/jest-circus/build/run.js:121:9)
    at run (/home/osarugue-enehizena/Documents/code-projects/work/creativeferry/forage/forage-stores-backend/node_modules/jest-circus/build/run.js:71:3)
    at runAndTransformResultsToJestFormat (/home/osarugue-enehizena/Documents/code-projects/work/creativeferry/forage/forage-stores-backend/node_modules/jest-circus/build/legacy-code-todo-rewrite/jestAdapterInit.js:122:21)
    at jestAdapter (/home/osarugue-enehizena/Documents/code-projects/work/creativeferry/forage/forage-stores-backend/node_modules/jest-circus/build/legacy-code-todo-rewrite/jestAdapter.js:79:19)
    at runTestInternal (/home/osarugue-enehizena/Documents/code-projects/work/creativeferry/forage/forage-stores-backend/node_modules/jest-runner/build/runTest.js:367:16)
    at runTest (/home/osarugue-enehizena/Documents/code-projects/work/creativeferry/forage/forage-stores-backend/node_modules/jest-runner/build/runTest.js:444:34)
    at Object.worker (/home/osarugue-enehizena/Documents/code-projects/work/creativeferry/forage/forage-stores-backend/node_modules/jest-runner/build/testWorker.js:106:12)]]></failure>
    </testCase>
    <testCase name="Admin Module - Focused Tests (e2e)  Withdrawal Management should approve withdrawal with valid admin password" duration="0">
      <failure message="Error: Failed to login user: {&quot;statusCode&quot;:429,&quot;message&quot;:&quot;ThrottlerException: Too Many Requests&quot;}"><![CDATA[Error: Failed to login user: {"statusCode":429,"message":"ThrottlerException: Too Many Requests"}
    at TestHelpers.createUserAndGetToken (/home/osarugue-enehizena/Documents/code-projects/work/creativeferry/forage/forage-stores-backend/test/helpers/test.helpers.ts:116:13)
    at processTicksAndRejections (node:internal/process/task_queues:95:5)
    at TestHelpers.createTestData (/home/osarugue-enehizena/Documents/code-projects/work/creativeferry/forage/forage-stores-backend/test/helpers/test.helpers.ts:179:34)
    at Object.<anonymous> (/home/osarugue-enehizena/Documents/code-projects/work/creativeferry/forage/forage-stores-backend/test/admin-focused.e2e-spec.ts:44:16)]]></failure>
      <failure message="TypeError: Cannot read properties of undefined (reading &apos;user&apos;)"><![CDATA[TypeError: Cannot read properties of undefined (reading 'user')
    at Object.<anonymous> (/home/osarugue-enehizena/Documents/code-projects/work/creativeferry/forage/forage-stores-backend/test/admin-focused.e2e-spec.ts:446:70)
    at Promise.then.completed (/home/osarugue-enehizena/Documents/code-projects/work/creativeferry/forage/forage-stores-backend/node_modules/jest-circus/build/utils.js:298:28)
    at new Promise (<anonymous>)
    at callAsyncCircusFn (/home/osarugue-enehizena/Documents/code-projects/work/creativeferry/forage/forage-stores-backend/node_modules/jest-circus/build/utils.js:231:10)
    at _callCircusHook (/home/osarugue-enehizena/Documents/code-projects/work/creativeferry/forage/forage-stores-backend/node_modules/jest-circus/build/run.js:281:40)
    at processTicksAndRejections (node:internal/process/task_queues:95:5)
    at _runTestsForDescribeBlock (/home/osarugue-enehizena/Documents/code-projects/work/creativeferry/forage/forage-stores-backend/node_modules/jest-circus/build/run.js:95:7)
    at _runTestsForDescribeBlock (/home/osarugue-enehizena/Documents/code-projects/work/creativeferry/forage/forage-stores-backend/node_modules/jest-circus/build/run.js:121:9)
    at _runTestsForDescribeBlock (/home/osarugue-enehizena/Documents/code-projects/work/creativeferry/forage/forage-stores-backend/node_modules/jest-circus/build/run.js:121:9)
    at run (/home/osarugue-enehizena/Documents/code-projects/work/creativeferry/forage/forage-stores-backend/node_modules/jest-circus/build/run.js:71:3)
    at runAndTransformResultsToJestFormat (/home/osarugue-enehizena/Documents/code-projects/work/creativeferry/forage/forage-stores-backend/node_modules/jest-circus/build/legacy-code-todo-rewrite/jestAdapterInit.js:122:21)
    at jestAdapter (/home/osarugue-enehizena/Documents/code-projects/work/creativeferry/forage/forage-stores-backend/node_modules/jest-circus/build/legacy-code-todo-rewrite/jestAdapter.js:79:19)
    at runTestInternal (/home/osarugue-enehizena/Documents/code-projects/work/creativeferry/forage/forage-stores-backend/node_modules/jest-runner/build/runTest.js:367:16)
    at runTest (/home/osarugue-enehizena/Documents/code-projects/work/creativeferry/forage/forage-stores-backend/node_modules/jest-runner/build/runTest.js:444:34)
    at Object.worker (/home/osarugue-enehizena/Documents/code-projects/work/creativeferry/forage/forage-stores-backend/node_modules/jest-runner/build/testWorker.js:106:12)]]></failure>
    </testCase>
    <testCase name="Admin Module - Focused Tests (e2e)  Withdrawal Management should reject withdrawal request" duration="0">
      <failure message="Error: Failed to login user: {&quot;statusCode&quot;:429,&quot;message&quot;:&quot;ThrottlerException: Too Many Requests&quot;}"><![CDATA[Error: Failed to login user: {"statusCode":429,"message":"ThrottlerException: Too Many Requests"}
    at TestHelpers.createUserAndGetToken (/home/osarugue-enehizena/Documents/code-projects/work/creativeferry/forage/forage-stores-backend/test/helpers/test.helpers.ts:116:13)
    at processTicksAndRejections (node:internal/process/task_queues:95:5)
    at TestHelpers.createTestData (/home/osarugue-enehizena/Documents/code-projects/work/creativeferry/forage/forage-stores-backend/test/helpers/test.helpers.ts:179:34)
    at Object.<anonymous> (/home/osarugue-enehizena/Documents/code-projects/work/creativeferry/forage/forage-stores-backend/test/admin-focused.e2e-spec.ts:44:16)]]></failure>
      <failure message="TypeError: Cannot read properties of undefined (reading &apos;user&apos;)"><![CDATA[TypeError: Cannot read properties of undefined (reading 'user')
    at Object.<anonymous> (/home/osarugue-enehizena/Documents/code-projects/work/creativeferry/forage/forage-stores-backend/test/admin-focused.e2e-spec.ts:446:70)
    at Promise.then.completed (/home/osarugue-enehizena/Documents/code-projects/work/creativeferry/forage/forage-stores-backend/node_modules/jest-circus/build/utils.js:298:28)
    at new Promise (<anonymous>)
    at callAsyncCircusFn (/home/osarugue-enehizena/Documents/code-projects/work/creativeferry/forage/forage-stores-backend/node_modules/jest-circus/build/utils.js:231:10)
    at _callCircusHook (/home/osarugue-enehizena/Documents/code-projects/work/creativeferry/forage/forage-stores-backend/node_modules/jest-circus/build/run.js:281:40)
    at processTicksAndRejections (node:internal/process/task_queues:95:5)
    at _runTestsForDescribeBlock (/home/osarugue-enehizena/Documents/code-projects/work/creativeferry/forage/forage-stores-backend/node_modules/jest-circus/build/run.js:95:7)
    at _runTestsForDescribeBlock (/home/osarugue-enehizena/Documents/code-projects/work/creativeferry/forage/forage-stores-backend/node_modules/jest-circus/build/run.js:121:9)
    at _runTestsForDescribeBlock (/home/osarugue-enehizena/Documents/code-projects/work/creativeferry/forage/forage-stores-backend/node_modules/jest-circus/build/run.js:121:9)
    at run (/home/osarugue-enehizena/Documents/code-projects/work/creativeferry/forage/forage-stores-backend/node_modules/jest-circus/build/run.js:71:3)
    at runAndTransformResultsToJestFormat (/home/osarugue-enehizena/Documents/code-projects/work/creativeferry/forage/forage-stores-backend/node_modules/jest-circus/build/legacy-code-todo-rewrite/jestAdapterInit.js:122:21)
    at jestAdapter (/home/osarugue-enehizena/Documents/code-projects/work/creativeferry/forage/forage-stores-backend/node_modules/jest-circus/build/legacy-code-todo-rewrite/jestAdapter.js:79:19)
    at runTestInternal (/home/osarugue-enehizena/Documents/code-projects/work/creativeferry/forage/forage-stores-backend/node_modules/jest-runner/build/runTest.js:367:16)
    at runTest (/home/osarugue-enehizena/Documents/code-projects/work/creativeferry/forage/forage-stores-backend/node_modules/jest-runner/build/runTest.js:444:34)
    at Object.worker (/home/osarugue-enehizena/Documents/code-projects/work/creativeferry/forage/forage-stores-backend/node_modules/jest-runner/build/testWorker.js:106:12)]]></failure>
    </testCase>
    <testCase name="Admin Module - Focused Tests (e2e)  Withdrawal Management should bulk process withdrawals" duration="0">
      <failure message="Error: Failed to login user: {&quot;statusCode&quot;:429,&quot;message&quot;:&quot;ThrottlerException: Too Many Requests&quot;}"><![CDATA[Error: Failed to login user: {"statusCode":429,"message":"ThrottlerException: Too Many Requests"}
    at TestHelpers.createUserAndGetToken (/home/osarugue-enehizena/Documents/code-projects/work/creativeferry/forage/forage-stores-backend/test/helpers/test.helpers.ts:116:13)
    at processTicksAndRejections (node:internal/process/task_queues:95:5)
    at TestHelpers.createTestData (/home/osarugue-enehizena/Documents/code-projects/work/creativeferry/forage/forage-stores-backend/test/helpers/test.helpers.ts:179:34)
    at Object.<anonymous> (/home/osarugue-enehizena/Documents/code-projects/work/creativeferry/forage/forage-stores-backend/test/admin-focused.e2e-spec.ts:44:16)]]></failure>
      <failure message="TypeError: Cannot read properties of undefined (reading &apos;user&apos;)"><![CDATA[TypeError: Cannot read properties of undefined (reading 'user')
    at Object.<anonymous> (/home/osarugue-enehizena/Documents/code-projects/work/creativeferry/forage/forage-stores-backend/test/admin-focused.e2e-spec.ts:446:70)
    at Promise.then.completed (/home/osarugue-enehizena/Documents/code-projects/work/creativeferry/forage/forage-stores-backend/node_modules/jest-circus/build/utils.js:298:28)
    at new Promise (<anonymous>)
    at callAsyncCircusFn (/home/osarugue-enehizena/Documents/code-projects/work/creativeferry/forage/forage-stores-backend/node_modules/jest-circus/build/utils.js:231:10)
    at _callCircusHook (/home/osarugue-enehizena/Documents/code-projects/work/creativeferry/forage/forage-stores-backend/node_modules/jest-circus/build/run.js:281:40)
    at processTicksAndRejections (node:internal/process/task_queues:95:5)
    at _runTestsForDescribeBlock (/home/osarugue-enehizena/Documents/code-projects/work/creativeferry/forage/forage-stores-backend/node_modules/jest-circus/build/run.js:95:7)
    at _runTestsForDescribeBlock (/home/osarugue-enehizena/Documents/code-projects/work/creativeferry/forage/forage-stores-backend/node_modules/jest-circus/build/run.js:121:9)
    at _runTestsForDescribeBlock (/home/osarugue-enehizena/Documents/code-projects/work/creativeferry/forage/forage-stores-backend/node_modules/jest-circus/build/run.js:121:9)
    at run (/home/osarugue-enehizena/Documents/code-projects/work/creativeferry/forage/forage-stores-backend/node_modules/jest-circus/build/run.js:71:3)
    at runAndTransformResultsToJestFormat (/home/osarugue-enehizena/Documents/code-projects/work/creativeferry/forage/forage-stores-backend/node_modules/jest-circus/build/legacy-code-todo-rewrite/jestAdapterInit.js:122:21)
    at jestAdapter (/home/osarugue-enehizena/Documents/code-projects/work/creativeferry/forage/forage-stores-backend/node_modules/jest-circus/build/legacy-code-todo-rewrite/jestAdapter.js:79:19)
    at runTestInternal (/home/osarugue-enehizena/Documents/code-projects/work/creativeferry/forage/forage-stores-backend/node_modules/jest-runner/build/runTest.js:367:16)
    at runTest (/home/osarugue-enehizena/Documents/code-projects/work/creativeferry/forage/forage-stores-backend/node_modules/jest-runner/build/runTest.js:444:34)
    at Object.worker (/home/osarugue-enehizena/Documents/code-projects/work/creativeferry/forage/forage-stores-backend/node_modules/jest-runner/build/testWorker.js:106:12)]]></failure>
    </testCase>
    <testCase name="Admin Module - Focused Tests (e2e)  Withdrawal Management should validate admin password for withdrawal decisions" duration="0">
      <failure message="Error: Failed to login user: {&quot;statusCode&quot;:429,&quot;message&quot;:&quot;ThrottlerException: Too Many Requests&quot;}"><![CDATA[Error: Failed to login user: {"statusCode":429,"message":"ThrottlerException: Too Many Requests"}
    at TestHelpers.createUserAndGetToken (/home/osarugue-enehizena/Documents/code-projects/work/creativeferry/forage/forage-stores-backend/test/helpers/test.helpers.ts:116:13)
    at processTicksAndRejections (node:internal/process/task_queues:95:5)
    at TestHelpers.createTestData (/home/osarugue-enehizena/Documents/code-projects/work/creativeferry/forage/forage-stores-backend/test/helpers/test.helpers.ts:179:34)
    at Object.<anonymous> (/home/osarugue-enehizena/Documents/code-projects/work/creativeferry/forage/forage-stores-backend/test/admin-focused.e2e-spec.ts:44:16)]]></failure>
      <failure message="TypeError: Cannot read properties of undefined (reading &apos;user&apos;)"><![CDATA[TypeError: Cannot read properties of undefined (reading 'user')
    at Object.<anonymous> (/home/osarugue-enehizena/Documents/code-projects/work/creativeferry/forage/forage-stores-backend/test/admin-focused.e2e-spec.ts:446:70)
    at Promise.then.completed (/home/osarugue-enehizena/Documents/code-projects/work/creativeferry/forage/forage-stores-backend/node_modules/jest-circus/build/utils.js:298:28)
    at new Promise (<anonymous>)
    at callAsyncCircusFn (/home/osarugue-enehizena/Documents/code-projects/work/creativeferry/forage/forage-stores-backend/node_modules/jest-circus/build/utils.js:231:10)
    at _callCircusHook (/home/osarugue-enehizena/Documents/code-projects/work/creativeferry/forage/forage-stores-backend/node_modules/jest-circus/build/run.js:281:40)
    at processTicksAndRejections (node:internal/process/task_queues:95:5)
    at _runTestsForDescribeBlock (/home/osarugue-enehizena/Documents/code-projects/work/creativeferry/forage/forage-stores-backend/node_modules/jest-circus/build/run.js:95:7)
    at _runTestsForDescribeBlock (/home/osarugue-enehizena/Documents/code-projects/work/creativeferry/forage/forage-stores-backend/node_modules/jest-circus/build/run.js:121:9)
    at _runTestsForDescribeBlock (/home/osarugue-enehizena/Documents/code-projects/work/creativeferry/forage/forage-stores-backend/node_modules/jest-circus/build/run.js:121:9)
    at run (/home/osarugue-enehizena/Documents/code-projects/work/creativeferry/forage/forage-stores-backend/node_modules/jest-circus/build/run.js:71:3)
    at runAndTransformResultsToJestFormat (/home/osarugue-enehizena/Documents/code-projects/work/creativeferry/forage/forage-stores-backend/node_modules/jest-circus/build/legacy-code-todo-rewrite/jestAdapterInit.js:122:21)
    at jestAdapter (/home/osarugue-enehizena/Documents/code-projects/work/creativeferry/forage/forage-stores-backend/node_modules/jest-circus/build/legacy-code-todo-rewrite/jestAdapter.js:79:19)
    at runTestInternal (/home/osarugue-enehizena/Documents/code-projects/work/creativeferry/forage/forage-stores-backend/node_modules/jest-runner/build/runTest.js:367:16)
    at runTest (/home/osarugue-enehizena/Documents/code-projects/work/creativeferry/forage/forage-stores-backend/node_modules/jest-runner/build/runTest.js:444:34)
    at Object.worker (/home/osarugue-enehizena/Documents/code-projects/work/creativeferry/forage/forage-stores-backend/node_modules/jest-runner/build/testWorker.js:106:12)]]></failure>
    </testCase>
    <testCase name="Admin Module - Focused Tests (e2e)  Referral Commission Override should override referral commission" duration="0">
      <failure message="Error: Failed to login user: {&quot;statusCode&quot;:429,&quot;message&quot;:&quot;ThrottlerException: Too Many Requests&quot;}"><![CDATA[Error: Failed to login user: {"statusCode":429,"message":"ThrottlerException: Too Many Requests"}
    at TestHelpers.createUserAndGetToken (/home/osarugue-enehizena/Documents/code-projects/work/creativeferry/forage/forage-stores-backend/test/helpers/test.helpers.ts:116:13)
    at processTicksAndRejections (node:internal/process/task_queues:95:5)
    at TestHelpers.createTestData (/home/osarugue-enehizena/Documents/code-projects/work/creativeferry/forage/forage-stores-backend/test/helpers/test.helpers.ts:179:34)
    at Object.<anonymous> (/home/osarugue-enehizena/Documents/code-projects/work/creativeferry/forage/forage-stores-backend/test/admin-focused.e2e-spec.ts:44:16)]]></failure>
      <failure message="TypeError: Cannot read properties of undefined (reading &apos;growthAssociate&apos;)"><![CDATA[TypeError: Cannot read properties of undefined (reading 'growthAssociate')
    at Object.<anonymous> (/home/osarugue-enehizena/Documents/code-projects/work/creativeferry/forage/forage-stores-backend/test/admin-focused.e2e-spec.ts:534:18)
    at Promise.then.completed (/home/osarugue-enehizena/Documents/code-projects/work/creativeferry/forage/forage-stores-backend/node_modules/jest-circus/build/utils.js:298:28)
    at new Promise (<anonymous>)
    at callAsyncCircusFn (/home/osarugue-enehizena/Documents/code-projects/work/creativeferry/forage/forage-stores-backend/node_modules/jest-circus/build/utils.js:231:10)
    at _callCircusHook (/home/osarugue-enehizena/Documents/code-projects/work/creativeferry/forage/forage-stores-backend/node_modules/jest-circus/build/run.js:281:40)
    at processTicksAndRejections (node:internal/process/task_queues:95:5)
    at _runTestsForDescribeBlock (/home/osarugue-enehizena/Documents/code-projects/work/creativeferry/forage/forage-stores-backend/node_modules/jest-circus/build/run.js:95:7)
    at _runTestsForDescribeBlock (/home/osarugue-enehizena/Documents/code-projects/work/creativeferry/forage/forage-stores-backend/node_modules/jest-circus/build/run.js:121:9)
    at _runTestsForDescribeBlock (/home/osarugue-enehizena/Documents/code-projects/work/creativeferry/forage/forage-stores-backend/node_modules/jest-circus/build/run.js:121:9)
    at run (/home/osarugue-enehizena/Documents/code-projects/work/creativeferry/forage/forage-stores-backend/node_modules/jest-circus/build/run.js:71:3)
    at runAndTransformResultsToJestFormat (/home/osarugue-enehizena/Documents/code-projects/work/creativeferry/forage/forage-stores-backend/node_modules/jest-circus/build/legacy-code-todo-rewrite/jestAdapterInit.js:122:21)
    at jestAdapter (/home/osarugue-enehizena/Documents/code-projects/work/creativeferry/forage/forage-stores-backend/node_modules/jest-circus/build/legacy-code-todo-rewrite/jestAdapter.js:79:19)
    at runTestInternal (/home/osarugue-enehizena/Documents/code-projects/work/creativeferry/forage/forage-stores-backend/node_modules/jest-runner/build/runTest.js:367:16)
    at runTest (/home/osarugue-enehizena/Documents/code-projects/work/creativeferry/forage/forage-stores-backend/node_modules/jest-runner/build/runTest.js:444:34)
    at Object.worker (/home/osarugue-enehizena/Documents/code-projects/work/creativeferry/forage/forage-stores-backend/node_modules/jest-runner/build/testWorker.js:106:12)]]></failure>
    </testCase>
    <testCase name="Admin Module - Focused Tests (e2e)  Referral Commission Override should get commission override history" duration="0">
      <failure message="Error: Failed to login user: {&quot;statusCode&quot;:429,&quot;message&quot;:&quot;ThrottlerException: Too Many Requests&quot;}"><![CDATA[Error: Failed to login user: {"statusCode":429,"message":"ThrottlerException: Too Many Requests"}
    at TestHelpers.createUserAndGetToken (/home/osarugue-enehizena/Documents/code-projects/work/creativeferry/forage/forage-stores-backend/test/helpers/test.helpers.ts:116:13)
    at processTicksAndRejections (node:internal/process/task_queues:95:5)
    at TestHelpers.createTestData (/home/osarugue-enehizena/Documents/code-projects/work/creativeferry/forage/forage-stores-backend/test/helpers/test.helpers.ts:179:34)
    at Object.<anonymous> (/home/osarugue-enehizena/Documents/code-projects/work/creativeferry/forage/forage-stores-backend/test/admin-focused.e2e-spec.ts:44:16)]]></failure>
      <failure message="TypeError: Cannot read properties of undefined (reading &apos;growthAssociate&apos;)"><![CDATA[TypeError: Cannot read properties of undefined (reading 'growthAssociate')
    at Object.<anonymous> (/home/osarugue-enehizena/Documents/code-projects/work/creativeferry/forage/forage-stores-backend/test/admin-focused.e2e-spec.ts:534:18)
    at Promise.then.completed (/home/osarugue-enehizena/Documents/code-projects/work/creativeferry/forage/forage-stores-backend/node_modules/jest-circus/build/utils.js:298:28)
    at new Promise (<anonymous>)
    at callAsyncCircusFn (/home/osarugue-enehizena/Documents/code-projects/work/creativeferry/forage/forage-stores-backend/node_modules/jest-circus/build/utils.js:231:10)
    at _callCircusHook (/home/osarugue-enehizena/Documents/code-projects/work/creativeferry/forage/forage-stores-backend/node_modules/jest-circus/build/run.js:281:40)
    at processTicksAndRejections (node:internal/process/task_queues:95:5)
    at _runTestsForDescribeBlock (/home/osarugue-enehizena/Documents/code-projects/work/creativeferry/forage/forage-stores-backend/node_modules/jest-circus/build/run.js:95:7)
    at _runTestsForDescribeBlock (/home/osarugue-enehizena/Documents/code-projects/work/creativeferry/forage/forage-stores-backend/node_modules/jest-circus/build/run.js:121:9)
    at _runTestsForDescribeBlock (/home/osarugue-enehizena/Documents/code-projects/work/creativeferry/forage/forage-stores-backend/node_modules/jest-circus/build/run.js:121:9)
    at run (/home/osarugue-enehizena/Documents/code-projects/work/creativeferry/forage/forage-stores-backend/node_modules/jest-circus/build/run.js:71:3)
    at runAndTransformResultsToJestFormat (/home/osarugue-enehizena/Documents/code-projects/work/creativeferry/forage/forage-stores-backend/node_modules/jest-circus/build/legacy-code-todo-rewrite/jestAdapterInit.js:122:21)
    at jestAdapter (/home/osarugue-enehizena/Documents/code-projects/work/creativeferry/forage/forage-stores-backend/node_modules/jest-circus/build/legacy-code-todo-rewrite/jestAdapter.js:79:19)
    at runTestInternal (/home/osarugue-enehizena/Documents/code-projects/work/creativeferry/forage/forage-stores-backend/node_modules/jest-runner/build/runTest.js:367:16)
    at runTest (/home/osarugue-enehizena/Documents/code-projects/work/creativeferry/forage/forage-stores-backend/node_modules/jest-runner/build/runTest.js:444:34)
    at Object.worker (/home/osarugue-enehizena/Documents/code-projects/work/creativeferry/forage/forage-stores-backend/node_modules/jest-runner/build/testWorker.js:106:12)]]></failure>
    </testCase>
    <testCase name="Admin Module - Focused Tests (e2e)  Referral Commission Override should get referral commission history" duration="0">
      <failure message="Error: Failed to login user: {&quot;statusCode&quot;:429,&quot;message&quot;:&quot;ThrottlerException: Too Many Requests&quot;}"><![CDATA[Error: Failed to login user: {"statusCode":429,"message":"ThrottlerException: Too Many Requests"}
    at TestHelpers.createUserAndGetToken (/home/osarugue-enehizena/Documents/code-projects/work/creativeferry/forage/forage-stores-backend/test/helpers/test.helpers.ts:116:13)
    at processTicksAndRejections (node:internal/process/task_queues:95:5)
    at TestHelpers.createTestData (/home/osarugue-enehizena/Documents/code-projects/work/creativeferry/forage/forage-stores-backend/test/helpers/test.helpers.ts:179:34)
    at Object.<anonymous> (/home/osarugue-enehizena/Documents/code-projects/work/creativeferry/forage/forage-stores-backend/test/admin-focused.e2e-spec.ts:44:16)]]></failure>
      <failure message="TypeError: Cannot read properties of undefined (reading &apos;growthAssociate&apos;)"><![CDATA[TypeError: Cannot read properties of undefined (reading 'growthAssociate')
    at Object.<anonymous> (/home/osarugue-enehizena/Documents/code-projects/work/creativeferry/forage/forage-stores-backend/test/admin-focused.e2e-spec.ts:534:18)
    at Promise.then.completed (/home/osarugue-enehizena/Documents/code-projects/work/creativeferry/forage/forage-stores-backend/node_modules/jest-circus/build/utils.js:298:28)
    at new Promise (<anonymous>)
    at callAsyncCircusFn (/home/osarugue-enehizena/Documents/code-projects/work/creativeferry/forage/forage-stores-backend/node_modules/jest-circus/build/utils.js:231:10)
    at _callCircusHook (/home/osarugue-enehizena/Documents/code-projects/work/creativeferry/forage/forage-stores-backend/node_modules/jest-circus/build/run.js:281:40)
    at processTicksAndRejections (node:internal/process/task_queues:95:5)
    at _runTestsForDescribeBlock (/home/osarugue-enehizena/Documents/code-projects/work/creativeferry/forage/forage-stores-backend/node_modules/jest-circus/build/run.js:95:7)
    at _runTestsForDescribeBlock (/home/osarugue-enehizena/Documents/code-projects/work/creativeferry/forage/forage-stores-backend/node_modules/jest-circus/build/run.js:121:9)
    at _runTestsForDescribeBlock (/home/osarugue-enehizena/Documents/code-projects/work/creativeferry/forage/forage-stores-backend/node_modules/jest-circus/build/run.js:121:9)
    at run (/home/osarugue-enehizena/Documents/code-projects/work/creativeferry/forage/forage-stores-backend/node_modules/jest-circus/build/run.js:71:3)
    at runAndTransformResultsToJestFormat (/home/osarugue-enehizena/Documents/code-projects/work/creativeferry/forage/forage-stores-backend/node_modules/jest-circus/build/legacy-code-todo-rewrite/jestAdapterInit.js:122:21)
    at jestAdapter (/home/osarugue-enehizena/Documents/code-projects/work/creativeferry/forage/forage-stores-backend/node_modules/jest-circus/build/legacy-code-todo-rewrite/jestAdapter.js:79:19)
    at runTestInternal (/home/osarugue-enehizena/Documents/code-projects/work/creativeferry/forage/forage-stores-backend/node_modules/jest-runner/build/runTest.js:367:16)
    at runTest (/home/osarugue-enehizena/Documents/code-projects/work/creativeferry/forage/forage-stores-backend/node_modules/jest-runner/build/runTest.js:444:34)
    at Object.worker (/home/osarugue-enehizena/Documents/code-projects/work/creativeferry/forage/forage-stores-backend/node_modules/jest-runner/build/testWorker.js:106:12)]]></failure>
    </testCase>
    <testCase name="Admin Module - Focused Tests (e2e)  Referral Commission Override should validate admin password for commission override" duration="0">
      <failure message="Error: Failed to login user: {&quot;statusCode&quot;:429,&quot;message&quot;:&quot;ThrottlerException: Too Many Requests&quot;}"><![CDATA[Error: Failed to login user: {"statusCode":429,"message":"ThrottlerException: Too Many Requests"}
    at TestHelpers.createUserAndGetToken (/home/osarugue-enehizena/Documents/code-projects/work/creativeferry/forage/forage-stores-backend/test/helpers/test.helpers.ts:116:13)
    at processTicksAndRejections (node:internal/process/task_queues:95:5)
    at TestHelpers.createTestData (/home/osarugue-enehizena/Documents/code-projects/work/creativeferry/forage/forage-stores-backend/test/helpers/test.helpers.ts:179:34)
    at Object.<anonymous> (/home/osarugue-enehizena/Documents/code-projects/work/creativeferry/forage/forage-stores-backend/test/admin-focused.e2e-spec.ts:44:16)]]></failure>
      <failure message="TypeError: Cannot read properties of undefined (reading &apos;growthAssociate&apos;)"><![CDATA[TypeError: Cannot read properties of undefined (reading 'growthAssociate')
    at Object.<anonymous> (/home/osarugue-enehizena/Documents/code-projects/work/creativeferry/forage/forage-stores-backend/test/admin-focused.e2e-spec.ts:534:18)
    at Promise.then.completed (/home/osarugue-enehizena/Documents/code-projects/work/creativeferry/forage/forage-stores-backend/node_modules/jest-circus/build/utils.js:298:28)
    at new Promise (<anonymous>)
    at callAsyncCircusFn (/home/osarugue-enehizena/Documents/code-projects/work/creativeferry/forage/forage-stores-backend/node_modules/jest-circus/build/utils.js:231:10)
    at _callCircusHook (/home/osarugue-enehizena/Documents/code-projects/work/creativeferry/forage/forage-stores-backend/node_modules/jest-circus/build/run.js:281:40)
    at processTicksAndRejections (node:internal/process/task_queues:95:5)
    at _runTestsForDescribeBlock (/home/osarugue-enehizena/Documents/code-projects/work/creativeferry/forage/forage-stores-backend/node_modules/jest-circus/build/run.js:95:7)
    at _runTestsForDescribeBlock (/home/osarugue-enehizena/Documents/code-projects/work/creativeferry/forage/forage-stores-backend/node_modules/jest-circus/build/run.js:121:9)
    at _runTestsForDescribeBlock (/home/osarugue-enehizena/Documents/code-projects/work/creativeferry/forage/forage-stores-backend/node_modules/jest-circus/build/run.js:121:9)
    at run (/home/osarugue-enehizena/Documents/code-projects/work/creativeferry/forage/forage-stores-backend/node_modules/jest-circus/build/run.js:71:3)
    at runAndTransformResultsToJestFormat (/home/osarugue-enehizena/Documents/code-projects/work/creativeferry/forage/forage-stores-backend/node_modules/jest-circus/build/legacy-code-todo-rewrite/jestAdapterInit.js:122:21)
    at jestAdapter (/home/osarugue-enehizena/Documents/code-projects/work/creativeferry/forage/forage-stores-backend/node_modules/jest-circus/build/legacy-code-todo-rewrite/jestAdapter.js:79:19)
    at runTestInternal (/home/osarugue-enehizena/Documents/code-projects/work/creativeferry/forage/forage-stores-backend/node_modules/jest-runner/build/runTest.js:367:16)
    at runTest (/home/osarugue-enehizena/Documents/code-projects/work/creativeferry/forage/forage-stores-backend/node_modules/jest-runner/build/runTest.js:444:34)
    at Object.worker (/home/osarugue-enehizena/Documents/code-projects/work/creativeferry/forage/forage-stores-backend/node_modules/jest-runner/build/testWorker.js:106:12)]]></failure>
    </testCase>
    <testCase name="Admin Module - Focused Tests (e2e)  Profit Pool Management should get all profit pools" duration="1">
      <failure message="Error: Failed to login user: {&quot;statusCode&quot;:429,&quot;message&quot;:&quot;ThrottlerException: Too Many Requests&quot;}"><![CDATA[Error: Failed to login user: {"statusCode":429,"message":"ThrottlerException: Too Many Requests"}
    at TestHelpers.createUserAndGetToken (/home/osarugue-enehizena/Documents/code-projects/work/creativeferry/forage/forage-stores-backend/test/helpers/test.helpers.ts:116:13)
    at processTicksAndRejections (node:internal/process/task_queues:95:5)
    at TestHelpers.createTestData (/home/osarugue-enehizena/Documents/code-projects/work/creativeferry/forage/forage-stores-backend/test/helpers/test.helpers.ts:179:34)
    at Object.<anonymous> (/home/osarugue-enehizena/Documents/code-projects/work/creativeferry/forage/forage-stores-backend/test/admin-focused.e2e-spec.ts:44:16)]]></failure>
    </testCase>
    <testCase name="Admin Module - Focused Tests (e2e)  Profit Pool Management should get profit pool details" duration="0">
      <failure message="Error: Failed to login user: {&quot;statusCode&quot;:429,&quot;message&quot;:&quot;ThrottlerException: Too Many Requests&quot;}"><![CDATA[Error: Failed to login user: {"statusCode":429,"message":"ThrottlerException: Too Many Requests"}
    at TestHelpers.createUserAndGetToken (/home/osarugue-enehizena/Documents/code-projects/work/creativeferry/forage/forage-stores-backend/test/helpers/test.helpers.ts:116:13)
    at processTicksAndRejections (node:internal/process/task_queues:95:5)
    at TestHelpers.createTestData (/home/osarugue-enehizena/Documents/code-projects/work/creativeferry/forage/forage-stores-backend/test/helpers/test.helpers.ts:179:34)
    at Object.<anonymous> (/home/osarugue-enehizena/Documents/code-projects/work/creativeferry/forage/forage-stores-backend/test/admin-focused.e2e-spec.ts:44:16)]]></failure>
    </testCase>
    <testCase name="Admin Module - Focused Tests (e2e)  Profit Pool Management should adjust profit pool distribution" duration="0">
      <failure message="Error: Failed to login user: {&quot;statusCode&quot;:429,&quot;message&quot;:&quot;ThrottlerException: Too Many Requests&quot;}"><![CDATA[Error: Failed to login user: {"statusCode":429,"message":"ThrottlerException: Too Many Requests"}
    at TestHelpers.createUserAndGetToken (/home/osarugue-enehizena/Documents/code-projects/work/creativeferry/forage/forage-stores-backend/test/helpers/test.helpers.ts:116:13)
    at processTicksAndRejections (node:internal/process/task_queues:95:5)
    at TestHelpers.createTestData (/home/osarugue-enehizena/Documents/code-projects/work/creativeferry/forage/forage-stores-backend/test/helpers/test.helpers.ts:179:34)
    at Object.<anonymous> (/home/osarugue-enehizena/Documents/code-projects/work/creativeferry/forage/forage-stores-backend/test/admin-focused.e2e-spec.ts:44:16)]]></failure>
    </testCase>
    <testCase name="Admin Module - Focused Tests (e2e)  Profit Pool Management should generate monthly profit pool report" duration="0">
      <failure message="Error: Failed to login user: {&quot;statusCode&quot;:429,&quot;message&quot;:&quot;ThrottlerException: Too Many Requests&quot;}"><![CDATA[Error: Failed to login user: {"statusCode":429,"message":"ThrottlerException: Too Many Requests"}
    at TestHelpers.createUserAndGetToken (/home/osarugue-enehizena/Documents/code-projects/work/creativeferry/forage/forage-stores-backend/test/helpers/test.helpers.ts:116:13)
    at processTicksAndRejections (node:internal/process/task_queues:95:5)
    at TestHelpers.createTestData (/home/osarugue-enehizena/Documents/code-projects/work/creativeferry/forage/forage-stores-backend/test/helpers/test.helpers.ts:179:34)
    at Object.<anonymous> (/home/osarugue-enehizena/Documents/code-projects/work/creativeferry/forage/forage-stores-backend/test/admin-focused.e2e-spec.ts:44:16)]]></failure>
    </testCase>
    <testCase name="Admin Module - Focused Tests (e2e)  Profit Pool Management should force redistribute profit pool" duration="0">
      <failure message="Error: Failed to login user: {&quot;statusCode&quot;:429,&quot;message&quot;:&quot;ThrottlerException: Too Many Requests&quot;}"><![CDATA[Error: Failed to login user: {"statusCode":429,"message":"ThrottlerException: Too Many Requests"}
    at TestHelpers.createUserAndGetToken (/home/osarugue-enehizena/Documents/code-projects/work/creativeferry/forage/forage-stores-backend/test/helpers/test.helpers.ts:116:13)
    at processTicksAndRejections (node:internal/process/task_queues:95:5)
    at TestHelpers.createTestData (/home/osarugue-enehizena/Documents/code-projects/work/creativeferry/forage/forage-stores-backend/test/helpers/test.helpers.ts:179:34)
    at Object.<anonymous> (/home/osarugue-enehizena/Documents/code-projects/work/creativeferry/forage/forage-stores-backend/test/admin-focused.e2e-spec.ts:44:16)]]></failure>
    </testCase>
    <testCase name="Admin Module - Focused Tests (e2e)  Profit Pool Management should validate admin password for profit pool operations" duration="0">
      <failure message="Error: Failed to login user: {&quot;statusCode&quot;:429,&quot;message&quot;:&quot;ThrottlerException: Too Many Requests&quot;}"><![CDATA[Error: Failed to login user: {"statusCode":429,"message":"ThrottlerException: Too Many Requests"}
    at TestHelpers.createUserAndGetToken (/home/osarugue-enehizena/Documents/code-projects/work/creativeferry/forage/forage-stores-backend/test/helpers/test.helpers.ts:116:13)
    at processTicksAndRejections (node:internal/process/task_queues:95:5)
    at TestHelpers.createTestData (/home/osarugue-enehizena/Documents/code-projects/work/creativeferry/forage/forage-stores-backend/test/helpers/test.helpers.ts:179:34)
    at Object.<anonymous> (/home/osarugue-enehizena/Documents/code-projects/work/creativeferry/forage/forage-stores-backend/test/admin-focused.e2e-spec.ts:44:16)]]></failure>
    </testCase>
    <testCase name="Admin Module - Focused Tests (e2e)  Performance &amp; Reliability should handle multiple concurrent requests" duration="0">
      <failure message="Error: Failed to login user: {&quot;statusCode&quot;:429,&quot;message&quot;:&quot;ThrottlerException: Too Many Requests&quot;}"><![CDATA[Error: Failed to login user: {"statusCode":429,"message":"ThrottlerException: Too Many Requests"}
    at TestHelpers.createUserAndGetToken (/home/osarugue-enehizena/Documents/code-projects/work/creativeferry/forage/forage-stores-backend/test/helpers/test.helpers.ts:116:13)
    at processTicksAndRejections (node:internal/process/task_queues:95:5)
    at TestHelpers.createTestData (/home/osarugue-enehizena/Documents/code-projects/work/creativeferry/forage/forage-stores-backend/test/helpers/test.helpers.ts:179:34)
    at Object.<anonymous> (/home/osarugue-enehizena/Documents/code-projects/work/creativeferry/forage/forage-stores-backend/test/admin-focused.e2e-spec.ts:44:16)]]></failure>
    </testCase>
    <testCase name="Admin Module - Focused Tests (e2e)  Performance &amp; Reliability should handle large dataset requests" duration="0">
      <failure message="Error: Failed to login user: {&quot;statusCode&quot;:429,&quot;message&quot;:&quot;ThrottlerException: Too Many Requests&quot;}"><![CDATA[Error: Failed to login user: {"statusCode":429,"message":"ThrottlerException: Too Many Requests"}
    at TestHelpers.createUserAndGetToken (/home/osarugue-enehizena/Documents/code-projects/work/creativeferry/forage/forage-stores-backend/test/helpers/test.helpers.ts:116:13)
    at processTicksAndRejections (node:internal/process/task_queues:95:5)
    at TestHelpers.createTestData (/home/osarugue-enehizena/Documents/code-projects/work/creativeferry/forage/forage-stores-backend/test/helpers/test.helpers.ts:179:34)
    at Object.<anonymous> (/home/osarugue-enehizena/Documents/code-projects/work/creativeferry/forage/forage-stores-backend/test/admin-focused.e2e-spec.ts:44:16)]]></failure>
    </testCase>
    <testCase name="Admin Module - Focused Tests (e2e)  Performance &amp; Reliability should handle concurrent wallet operations safely" duration="0">
      <failure message="Error: Failed to login user: {&quot;statusCode&quot;:429,&quot;message&quot;:&quot;ThrottlerException: Too Many Requests&quot;}"><![CDATA[Error: Failed to login user: {"statusCode":429,"message":"ThrottlerException: Too Many Requests"}
    at TestHelpers.createUserAndGetToken (/home/osarugue-enehizena/Documents/code-projects/work/creativeferry/forage/forage-stores-backend/test/helpers/test.helpers.ts:116:13)
    at processTicksAndRejections (node:internal/process/task_queues:95:5)
    at TestHelpers.createTestData (/home/osarugue-enehizena/Documents/code-projects/work/creativeferry/forage/forage-stores-backend/test/helpers/test.helpers.ts:179:34)
    at Object.<anonymous> (/home/osarugue-enehizena/Documents/code-projects/work/creativeferry/forage/forage-stores-backend/test/admin-focused.e2e-spec.ts:44:16)]]></failure>
    </testCase>
    <testCase name="Admin Module - Focused Tests (e2e)  Security &amp; Validation should require authentication for all admin endpoints" duration="0">
      <failure message="Error: Failed to login user: {&quot;statusCode&quot;:429,&quot;message&quot;:&quot;ThrottlerException: Too Many Requests&quot;}"><![CDATA[Error: Failed to login user: {"statusCode":429,"message":"ThrottlerException: Too Many Requests"}
    at TestHelpers.createUserAndGetToken (/home/osarugue-enehizena/Documents/code-projects/work/creativeferry/forage/forage-stores-backend/test/helpers/test.helpers.ts:116:13)
    at processTicksAndRejections (node:internal/process/task_queues:95:5)
    at TestHelpers.createTestData (/home/osarugue-enehizena/Documents/code-projects/work/creativeferry/forage/forage-stores-backend/test/helpers/test.helpers.ts:179:34)
    at Object.<anonymous> (/home/osarugue-enehizena/Documents/code-projects/work/creativeferry/forage/forage-stores-backend/test/admin-focused.e2e-spec.ts:44:16)]]></failure>
    </testCase>
    <testCase name="Admin Module - Focused Tests (e2e)  Security &amp; Validation should require admin role for all endpoints" duration="0">
      <failure message="Error: Failed to login user: {&quot;statusCode&quot;:429,&quot;message&quot;:&quot;ThrottlerException: Too Many Requests&quot;}"><![CDATA[Error: Failed to login user: {"statusCode":429,"message":"ThrottlerException: Too Many Requests"}
    at TestHelpers.createUserAndGetToken (/home/osarugue-enehizena/Documents/code-projects/work/creativeferry/forage/forage-stores-backend/test/helpers/test.helpers.ts:116:13)
    at processTicksAndRejections (node:internal/process/task_queues:95:5)
    at TestHelpers.createTestData (/home/osarugue-enehizena/Documents/code-projects/work/creativeferry/forage/forage-stores-backend/test/helpers/test.helpers.ts:179:34)
    at Object.<anonymous> (/home/osarugue-enehizena/Documents/code-projects/work/creativeferry/forage/forage-stores-backend/test/admin-focused.e2e-spec.ts:44:16)]]></failure>
    </testCase>
    <testCase name="Admin Module - Focused Tests (e2e)  Security &amp; Validation should validate input data types" duration="0">
      <failure message="Error: Failed to login user: {&quot;statusCode&quot;:429,&quot;message&quot;:&quot;ThrottlerException: Too Many Requests&quot;}"><![CDATA[Error: Failed to login user: {"statusCode":429,"message":"ThrottlerException: Too Many Requests"}
    at TestHelpers.createUserAndGetToken (/home/osarugue-enehizena/Documents/code-projects/work/creativeferry/forage/forage-stores-backend/test/helpers/test.helpers.ts:116:13)
    at processTicksAndRejections (node:internal/process/task_queues:95:5)
    at TestHelpers.createTestData (/home/osarugue-enehizena/Documents/code-projects/work/creativeferry/forage/forage-stores-backend/test/helpers/test.helpers.ts:179:34)
    at Object.<anonymous> (/home/osarugue-enehizena/Documents/code-projects/work/creativeferry/forage/forage-stores-backend/test/admin-focused.e2e-spec.ts:44:16)]]></failure>
    </testCase>
    <testCase name="Admin Module - Focused Tests (e2e)  Security &amp; Validation should handle malformed JSON gracefully" duration="0">
      <failure message="Error: Failed to login user: {&quot;statusCode&quot;:429,&quot;message&quot;:&quot;ThrottlerException: Too Many Requests&quot;}"><![CDATA[Error: Failed to login user: {"statusCode":429,"message":"ThrottlerException: Too Many Requests"}
    at TestHelpers.createUserAndGetToken (/home/osarugue-enehizena/Documents/code-projects/work/creativeferry/forage/forage-stores-backend/test/helpers/test.helpers.ts:116:13)
    at processTicksAndRejections (node:internal/process/task_queues:95:5)
    at TestHelpers.createTestData (/home/osarugue-enehizena/Documents/code-projects/work/creativeferry/forage/forage-stores-backend/test/helpers/test.helpers.ts:179:34)
    at Object.<anonymous> (/home/osarugue-enehizena/Documents/code-projects/work/creativeferry/forage/forage-stores-backend/test/admin-focused.e2e-spec.ts:44:16)]]></failure>
    </testCase>
    <testCase name="Admin Module - Focused Tests (e2e)  Security &amp; Validation should prevent SQL injection in queries" duration="0">
      <failure message="Error: Failed to login user: {&quot;statusCode&quot;:429,&quot;message&quot;:&quot;ThrottlerException: Too Many Requests&quot;}"><![CDATA[Error: Failed to login user: {"statusCode":429,"message":"ThrottlerException: Too Many Requests"}
    at TestHelpers.createUserAndGetToken (/home/osarugue-enehizena/Documents/code-projects/work/creativeferry/forage/forage-stores-backend/test/helpers/test.helpers.ts:116:13)
    at processTicksAndRejections (node:internal/process/task_queues:95:5)
    at TestHelpers.createTestData (/home/osarugue-enehizena/Documents/code-projects/work/creativeferry/forage/forage-stores-backend/test/helpers/test.helpers.ts:179:34)
    at Object.<anonymous> (/home/osarugue-enehizena/Documents/code-projects/work/creativeferry/forage/forage-stores-backend/test/admin-focused.e2e-spec.ts:44:16)]]></failure>
    </testCase>
    <testCase name="Admin Module - Focused Tests (e2e)  Security &amp; Validation should enforce rate limiting on sensitive operations" duration="0">
      <failure message="Error: Failed to login user: {&quot;statusCode&quot;:429,&quot;message&quot;:&quot;ThrottlerException: Too Many Requests&quot;}"><![CDATA[Error: Failed to login user: {"statusCode":429,"message":"ThrottlerException: Too Many Requests"}
    at TestHelpers.createUserAndGetToken (/home/osarugue-enehizena/Documents/code-projects/work/creativeferry/forage/forage-stores-backend/test/helpers/test.helpers.ts:116:13)
    at processTicksAndRejections (node:internal/process/task_queues:95:5)
    at TestHelpers.createTestData (/home/osarugue-enehizena/Documents/code-projects/work/creativeferry/forage/forage-stores-backend/test/helpers/test.helpers.ts:179:34)
    at Object.<anonymous> (/home/osarugue-enehizena/Documents/code-projects/work/creativeferry/forage/forage-stores-backend/test/admin-focused.e2e-spec.ts:44:16)]]></failure>
    </testCase>
  </file>
</testExecutions>