<html><head><meta charset="utf-8"/><title>Forage Admin Tests</title><style type="text/css">:root {
  --text-primary: #111;
  --text-secondary: #4f4f4f;
  --success: #006633;
  --success-bright: #80ffbf;
  --danger: #cc071e;
  --danger-bright: #fbdfe0;
  --warning: #995c00;
  --warning-bright: #ffeea8;
  --panel: #eee;
  --border: #949494;
  --disabled: #6b6b6b;
}

html,
body {
  font-family: Arial, Helvetica, sans-serif;
  font-size: 16px;
  margin: 0;
  padding: 0;
  color: var(--text-primary);
}
body {
  padding: 2rem 1rem;
}
.jesthtml-content {
  margin: 0 auto;
  max-width: 70rem;
}
header {
  display: flex;
  align-items: center;
}
#title {
  margin: 0;
  flex-grow: 1;
}
#logo {
  height: 4rem;
}
#timestamp {
  color: var(--text-secondary);
  margin-top: 0.5rem;
}

#metadata-container {
  display: flex;
  flex-direction: column;
  gap: 2rem;
  margin-bottom: 2rem;
}

.additional-information-container {
  display: flex;
  flex-direction: column;
  gap: 0.5rem;
  color: var(--text-secondary);
}

/** SUMMARY */
#summary {
  color: var(--text-primary);
  display: flex;
  font-family: monospace;
  font-size: 1rem;
}
#summary > div {
  margin-right: 0.5rem;
  background: var(--panel);
  padding: 1rem;
  min-width: 15rem;
}
#summary > div:last-child {
  margin-right: 0;
}
@media only screen and (max-width: 720px) {
  #summary {
    flex-direction: column;
  }
  #summary > div {
    margin-right: 0;
    margin-top: 1rem;
  }
  #summary > div:first-child {
    margin-top: 0;
  }
}

.summary-total {
  font-weight: bold;
  margin-bottom: 0.5rem;
}
.summary-passed {
  color: var(--success);
  border-left: 0.4rem solid var(--success);
  padding-left: 0.5rem;
  margin-bottom: 0.15rem;
}
.summary-failed,
.summary-obsolete-snapshots {
  color: var(--danger);
  border-left: 0.4rem solid var(--danger);
  padding-left: 0.5rem;
  margin-bottom: 0.15rem;
}
.summary-pending {
  color: var(--warning);
  border-left: 0.4rem solid var(--warning);
  padding-left: 0.5rem;
  margin-bottom: 0.15rem;
}
.summary-empty {
  color: var(--disabled);
  border-left: 0.4rem solid var(--disabled);
  margin-bottom: 0.15rem;
}

.test-result {
  padding: 1rem;
  margin-bottom: 0.25rem;
}
.test-result:last-child {
  border: 0;
}
.test-result.passed {
  background-color: var(--success-bright);
  color: var(--success);
}
.test-result.failed {
  background-color: var(--danger-bright);
  color: var(--danger);
}
.test-result.pending {
  background-color: var(--warning-bright);
  color: var(--warning);
}

.test-info {
  display: flex;
  justify-content: space-between;
}
.test-suitename {
  width: 20%;
  text-align: left;
  font-weight: bold;
  word-break: break-word;
}
.test-title {
  width: 40%;
  text-align: left;
  font-style: italic;
}
.test-status {
  width: 20%;
  text-align: right;
}
.test-duration {
  width: 10%;
  text-align: right;
  font-size: 0.85rem;
}

.failureMessages {
  padding: 0 1rem;
  margin-top: 1rem;
  border-top: 1px dashed var(--danger);
}
.failureMessages.suiteFailure {
  border-top: none;
}
.failureMsg {
  white-space: pre-wrap;
  white-space: -moz-pre-wrap;
  white-space: -pre-wrap;
  white-space: -o-pre-wrap;
  word-wrap: break-word;
}

.suite-container {
  margin-bottom: 1rem;
}
.suite-info {
  padding: 1rem;
  background-color: var(--panel);
  color: var(--text-secondary);
  border: 0.15rem solid;
  border-color: var(--panel);
  display: flex;
  align-items: center;
  margin-bottom: 0.25rem;
}
.suite-info:hover {
  border-color: var(--border);
  cursor: pointer;
}
.suite-info .suite-path {
  word-break: break-all;
  flex-grow: 1;
  font-family: monospace;
  font-size: 1rem;
}
.suite-info .suite-time {
  margin-left: 1rem;
  padding: 0.2rem 0.3rem;
  font-size: 0.85rem;
}
.suite-info .suite-time.warn {
  background-color: var(--danger);
  color: #fff;
}
.suite-info:before {
  content: "\2303";
  display: inline-block;
  margin-right: 1rem;
  transform: rotate(180deg) translateY(0.15rem);
}
.suite-container[open] .suite-info:before {
  transform: rotate(0deg) translateY(0.15rem);
}

/* CONSOLE LOGS */
.suite-consolelog {
  margin-bottom: 0.25rem;
  padding: 1rem;
  background-color: var(--panel);
}
.suite-consolelog-header {
  font-weight: bold;
}
.suite-consolelog-item {
  padding: 0.5rem;
}
.suite-consolelog-item pre {
  margin: 0.5rem 0;
  white-space: pre-wrap;
  white-space: -moz-pre-wrap;
  white-space: -pre-wrap;
  white-space: -o-pre-wrap;
  word-wrap: break-word;
}
.suite-consolelog-item-origin {
  color: var(--text-secondary);
  font-weight: bold;
}
.suite-consolelog-item-message {
  color: var(--text-primary);
  font-size: 1rem;
  padding: 0 0.5rem;
}

/* OBSOLETE SNAPSHOTS */
.suite-obsolete-snapshots {
  margin-bottom: 0.25rem;
  padding: 1rem;
  background-color: var(--danger-bright);
  color: var(--danger);
}
.suite-obsolete-snapshots-header {
  font-weight: bold;
}
.suite-obsolete-snapshots-item {
  padding: 0.5rem;
}
.suite-obsolete-snapshots-item pre {
  margin: 0.5rem 0;
  white-space: pre-wrap;
  white-space: -moz-pre-wrap;
  white-space: -pre-wrap;
  white-space: -o-pre-wrap;
  word-wrap: break-word;
}
.suite-obsolete-snapshots-item-message {
  color: var(--text-primary);
  font-size: 1rem;
  padding: 0 0.5rem;
}
</style></head><body><main class="jesthtml-content"><header><h1 id="title">Forage Admin Tests</h1></header><section id="metadata-container"><div id="timestamp">Started: 2025-08-18 14:48:03</div><div id="summary"><div id="suite-summary"><div class="summary-total">Suites (1)</div><div class="summary-passed  summary-empty">0 passed</div><div class="summary-failed ">1 failed</div><div class="summary-pending  summary-empty">0 pending</div></div><div id="test-summary"><div class="summary-total">Tests (50)</div><div class="summary-passed  summary-empty">0 passed</div><div class="summary-failed ">1 failed</div><div class="summary-pending ">49 pending</div></div></div></section><details id="suite-1" class="suite-container" open=""><summary class="suite-info"><div class="suite-path">/home/osarugue-enehizena/Documents/code-projects/work/creativeferry/forage/forage-stores-backend/test/admin-focused.e2e-spec.ts</div><div class="suite-time warn">10.76s</div></summary><div class="suite-tests"><div class="test-result failed"><div class="test-info"><div class="test-suitename">Admin Module - Focused Tests (e2e) &gt; üîê Admin Authentication &amp; Authorization</div><div class="test-title">should allow admin to access admin endpoints</div><div class="test-status">failed</div><div class="test-duration">0.002s</div></div><div class="failureMessages"> <pre class="failureMsg">Error: Failed to login user: {"statusCode":429,"message":"ThrottlerException: Too Many Requests"}
    at TestHelpers.createUserAndGetToken (/home/osarugue-enehizena/Documents/code-projects/work/creativeferry/forage/forage-stores-backend/test/helpers/test.helpers.ts:116:13)
    at processTicksAndRejections (node:internal/process/task_queues:95:5)
    at TestHelpers.createTestData (/home/osarugue-enehizena/Documents/code-projects/work/creativeferry/forage/forage-stores-backend/test/helpers/test.helpers.ts:187:30)
    at Object.&lt;anonymous&gt; (/home/osarugue-enehizena/Documents/code-projects/work/creativeferry/forage/forage-stores-backend/test/admin-focused.e2e-spec.ts:44:16)</pre></div></div><div class="test-result pending"><div class="test-info"><div class="test-suitename">Admin Module - Focused Tests (e2e) &gt; üîê Admin Authentication &amp; Authorization</div><div class="test-title">should deny non-admin access to admin endpoints</div><div class="test-status">pending</div><div class="test-duration"> </div></div><div class="failureMessages"> <pre class="failureMsg">Error: Failed to login user: {"statusCode":429,"message":"ThrottlerException: Too Many Requests"}
    at TestHelpers.createUserAndGetToken (/home/osarugue-enehizena/Documents/code-projects/work/creativeferry/forage/forage-stores-backend/test/helpers/test.helpers.ts:116:13)
    at processTicksAndRejections (node:internal/process/task_queues:95:5)
    at TestHelpers.createTestData (/home/osarugue-enehizena/Documents/code-projects/work/creativeferry/forage/forage-stores-backend/test/helpers/test.helpers.ts:187:30)
    at Object.&lt;anonymous&gt; (/home/osarugue-enehizena/Documents/code-projects/work/creativeferry/forage/forage-stores-backend/test/admin-focused.e2e-spec.ts:44:16)</pre></div></div><div class="test-result pending"><div class="test-info"><div class="test-suitename">Admin Module - Focused Tests (e2e) &gt; üîê Admin Authentication &amp; Authorization</div><div class="test-title">should require authentication for admin endpoints</div><div class="test-status">pending</div><div class="test-duration"> </div></div><div class="failureMessages"> <pre class="failureMsg">Error: Failed to login user: {"statusCode":429,"message":"ThrottlerException: Too Many Requests"}
    at TestHelpers.createUserAndGetToken (/home/osarugue-enehizena/Documents/code-projects/work/creativeferry/forage/forage-stores-backend/test/helpers/test.helpers.ts:116:13)
    at processTicksAndRejections (node:internal/process/task_queues:95:5)
    at TestHelpers.createTestData (/home/osarugue-enehizena/Documents/code-projects/work/creativeferry/forage/forage-stores-backend/test/helpers/test.helpers.ts:187:30)
    at Object.&lt;anonymous&gt; (/home/osarugue-enehizena/Documents/code-projects/work/creativeferry/forage/forage-stores-backend/test/admin-focused.e2e-spec.ts:44:16)</pre></div></div><div class="test-result pending"><div class="test-info"><div class="test-suitename">Admin Module - Focused Tests (e2e) &gt; üë• User Management</div><div class="test-title">should get all users with proper structure</div><div class="test-status">pending</div><div class="test-duration"> </div></div><div class="failureMessages"> <pre class="failureMsg">Error: Failed to login user: {"statusCode":429,"message":"ThrottlerException: Too Many Requests"}
    at TestHelpers.createUserAndGetToken (/home/osarugue-enehizena/Documents/code-projects/work/creativeferry/forage/forage-stores-backend/test/helpers/test.helpers.ts:116:13)
    at processTicksAndRejections (node:internal/process/task_queues:95:5)
    at TestHelpers.createTestData (/home/osarugue-enehizena/Documents/code-projects/work/creativeferry/forage/forage-stores-backend/test/helpers/test.helpers.ts:187:30)
    at Object.&lt;anonymous&gt; (/home/osarugue-enehizena/Documents/code-projects/work/creativeferry/forage/forage-stores-backend/test/admin-focused.e2e-spec.ts:44:16)</pre></div></div><div class="test-result pending"><div class="test-info"><div class="test-suitename">Admin Module - Focused Tests (e2e) &gt; üë• User Management</div><div class="test-title">should get specific user by ID</div><div class="test-status">pending</div><div class="test-duration"> </div></div><div class="failureMessages"> <pre class="failureMsg">Error: Failed to login user: {"statusCode":429,"message":"ThrottlerException: Too Many Requests"}
    at TestHelpers.createUserAndGetToken (/home/osarugue-enehizena/Documents/code-projects/work/creativeferry/forage/forage-stores-backend/test/helpers/test.helpers.ts:116:13)
    at processTicksAndRejections (node:internal/process/task_queues:95:5)
    at TestHelpers.createTestData (/home/osarugue-enehizena/Documents/code-projects/work/creativeferry/forage/forage-stores-backend/test/helpers/test.helpers.ts:187:30)
    at Object.&lt;anonymous&gt; (/home/osarugue-enehizena/Documents/code-projects/work/creativeferry/forage/forage-stores-backend/test/admin-focused.e2e-spec.ts:44:16)</pre></div></div><div class="test-result pending"><div class="test-info"><div class="test-suitename">Admin Module - Focused Tests (e2e) &gt; üë• User Management</div><div class="test-title">should return 404 for non-existent user</div><div class="test-status">pending</div><div class="test-duration"> </div></div><div class="failureMessages"> <pre class="failureMsg">Error: Failed to login user: {"statusCode":429,"message":"ThrottlerException: Too Many Requests"}
    at TestHelpers.createUserAndGetToken (/home/osarugue-enehizena/Documents/code-projects/work/creativeferry/forage/forage-stores-backend/test/helpers/test.helpers.ts:116:13)
    at processTicksAndRejections (node:internal/process/task_queues:95:5)
    at TestHelpers.createTestData (/home/osarugue-enehizena/Documents/code-projects/work/creativeferry/forage/forage-stores-backend/test/helpers/test.helpers.ts:187:30)
    at Object.&lt;anonymous&gt; (/home/osarugue-enehizena/Documents/code-projects/work/creativeferry/forage/forage-stores-backend/test/admin-focused.e2e-spec.ts:44:16)</pre></div></div><div class="test-result pending"><div class="test-info"><div class="test-suitename">Admin Module - Focused Tests (e2e) &gt; üë• User Management</div><div class="test-title">should handle malformed user ID</div><div class="test-status">pending</div><div class="test-duration"> </div></div><div class="failureMessages"> <pre class="failureMsg">Error: Failed to login user: {"statusCode":429,"message":"ThrottlerException: Too Many Requests"}
    at TestHelpers.createUserAndGetToken (/home/osarugue-enehizena/Documents/code-projects/work/creativeferry/forage/forage-stores-backend/test/helpers/test.helpers.ts:116:13)
    at processTicksAndRejections (node:internal/process/task_queues:95:5)
    at TestHelpers.createTestData (/home/osarugue-enehizena/Documents/code-projects/work/creativeferry/forage/forage-stores-backend/test/helpers/test.helpers.ts:187:30)
    at Object.&lt;anonymous&gt; (/home/osarugue-enehizena/Documents/code-projects/work/creativeferry/forage/forage-stores-backend/test/admin-focused.e2e-spec.ts:44:16)</pre></div></div><div class="test-result pending"><div class="test-info"><div class="test-suitename">Admin Module - Focused Tests (e2e) &gt; üí∞ Wallet Management</div><div class="test-title">should get all wallets</div><div class="test-status">pending</div><div class="test-duration"> </div></div><div class="failureMessages"> <pre class="failureMsg">Error: Failed to login user: {"statusCode":429,"message":"ThrottlerException: Too Many Requests"}
    at TestHelpers.createUserAndGetToken (/home/osarugue-enehizena/Documents/code-projects/work/creativeferry/forage/forage-stores-backend/test/helpers/test.helpers.ts:116:13)
    at processTicksAndRejections (node:internal/process/task_queues:95:5)
    at TestHelpers.createTestData (/home/osarugue-enehizena/Documents/code-projects/work/creativeferry/forage/forage-stores-backend/test/helpers/test.helpers.ts:187:30)
    at Object.&lt;anonymous&gt; (/home/osarugue-enehizena/Documents/code-projects/work/creativeferry/forage/forage-stores-backend/test/admin-focused.e2e-spec.ts:44:16)</pre></div></div><div class="test-result pending"><div class="test-info"><div class="test-suitename">Admin Module - Focused Tests (e2e) &gt; üí∞ Wallet Management</div><div class="test-title">should get user wallet</div><div class="test-status">pending</div><div class="test-duration"> </div></div><div class="failureMessages"> <pre class="failureMsg">Error: Failed to login user: {"statusCode":429,"message":"ThrottlerException: Too Many Requests"}
    at TestHelpers.createUserAndGetToken (/home/osarugue-enehizena/Documents/code-projects/work/creativeferry/forage/forage-stores-backend/test/helpers/test.helpers.ts:116:13)
    at processTicksAndRejections (node:internal/process/task_queues:95:5)
    at TestHelpers.createTestData (/home/osarugue-enehizena/Documents/code-projects/work/creativeferry/forage/forage-stores-backend/test/helpers/test.helpers.ts:187:30)
    at Object.&lt;anonymous&gt; (/home/osarugue-enehizena/Documents/code-projects/work/creativeferry/forage/forage-stores-backend/test/admin-focused.e2e-spec.ts:44:16)</pre></div></div><div class="test-result pending"><div class="test-info"><div class="test-suitename">Admin Module - Focused Tests (e2e) &gt; üí∞ Wallet Management</div><div class="test-title">should fund user wallet with valid admin password</div><div class="test-status">pending</div><div class="test-duration"> </div></div><div class="failureMessages"> <pre class="failureMsg">Error: Failed to login user: {"statusCode":429,"message":"ThrottlerException: Too Many Requests"}
    at TestHelpers.createUserAndGetToken (/home/osarugue-enehizena/Documents/code-projects/work/creativeferry/forage/forage-stores-backend/test/helpers/test.helpers.ts:116:13)
    at processTicksAndRejections (node:internal/process/task_queues:95:5)
    at TestHelpers.createTestData (/home/osarugue-enehizena/Documents/code-projects/work/creativeferry/forage/forage-stores-backend/test/helpers/test.helpers.ts:187:30)
    at Object.&lt;anonymous&gt; (/home/osarugue-enehizena/Documents/code-projects/work/creativeferry/forage/forage-stores-backend/test/admin-focused.e2e-spec.ts:44:16)</pre></div></div><div class="test-result pending"><div class="test-info"><div class="test-suitename">Admin Module - Focused Tests (e2e) &gt; üí∞ Wallet Management</div><div class="test-title">should reject wallet funding with invalid admin password</div><div class="test-status">pending</div><div class="test-duration"> </div></div><div class="failureMessages"> <pre class="failureMsg">Error: Failed to login user: {"statusCode":429,"message":"ThrottlerException: Too Many Requests"}
    at TestHelpers.createUserAndGetToken (/home/osarugue-enehizena/Documents/code-projects/work/creativeferry/forage/forage-stores-backend/test/helpers/test.helpers.ts:116:13)
    at processTicksAndRejections (node:internal/process/task_queues:95:5)
    at TestHelpers.createTestData (/home/osarugue-enehizena/Documents/code-projects/work/creativeferry/forage/forage-stores-backend/test/helpers/test.helpers.ts:187:30)
    at Object.&lt;anonymous&gt; (/home/osarugue-enehizena/Documents/code-projects/work/creativeferry/forage/forage-stores-backend/test/admin-focused.e2e-spec.ts:44:16)</pre></div></div><div class="test-result pending"><div class="test-info"><div class="test-suitename">Admin Module - Focused Tests (e2e) &gt; üí∞ Wallet Management</div><div class="test-title">should wipe user wallet with valid admin password</div><div class="test-status">pending</div><div class="test-duration"> </div></div><div class="failureMessages"> <pre class="failureMsg">Error: Failed to login user: {"statusCode":429,"message":"ThrottlerException: Too Many Requests"}
    at TestHelpers.createUserAndGetToken (/home/osarugue-enehizena/Documents/code-projects/work/creativeferry/forage/forage-stores-backend/test/helpers/test.helpers.ts:116:13)
    at processTicksAndRejections (node:internal/process/task_queues:95:5)
    at TestHelpers.createTestData (/home/osarugue-enehizena/Documents/code-projects/work/creativeferry/forage/forage-stores-backend/test/helpers/test.helpers.ts:187:30)
    at Object.&lt;anonymous&gt; (/home/osarugue-enehizena/Documents/code-projects/work/creativeferry/forage/forage-stores-backend/test/admin-focused.e2e-spec.ts:44:16)</pre></div></div><div class="test-result pending"><div class="test-info"><div class="test-suitename">Admin Module - Focused Tests (e2e) &gt; üí∞ Wallet Management</div><div class="test-title">should validate wallet funding input</div><div class="test-status">pending</div><div class="test-duration"> </div></div><div class="failureMessages"> <pre class="failureMsg">Error: Failed to login user: {"statusCode":429,"message":"ThrottlerException: Too Many Requests"}
    at TestHelpers.createUserAndGetToken (/home/osarugue-enehizena/Documents/code-projects/work/creativeferry/forage/forage-stores-backend/test/helpers/test.helpers.ts:116:13)
    at processTicksAndRejections (node:internal/process/task_queues:95:5)
    at TestHelpers.createTestData (/home/osarugue-enehizena/Documents/code-projects/work/creativeferry/forage/forage-stores-backend/test/helpers/test.helpers.ts:187:30)
    at Object.&lt;anonymous&gt; (/home/osarugue-enehizena/Documents/code-projects/work/creativeferry/forage/forage-stores-backend/test/admin-focused.e2e-spec.ts:44:16)</pre></div></div><div class="test-result pending"><div class="test-info"><div class="test-suitename">Admin Module - Focused Tests (e2e) &gt; üìä Analytics Management</div><div class="test-title">should get orders analytics with proper structure</div><div class="test-status">pending</div><div class="test-duration"> </div></div><div class="failureMessages"> <pre class="failureMsg">Error: Failed to login user: {"statusCode":429,"message":"ThrottlerException: Too Many Requests"}
    at TestHelpers.createUserAndGetToken (/home/osarugue-enehizena/Documents/code-projects/work/creativeferry/forage/forage-stores-backend/test/helpers/test.helpers.ts:116:13)
    at processTicksAndRejections (node:internal/process/task_queues:95:5)
    at TestHelpers.createTestData (/home/osarugue-enehizena/Documents/code-projects/work/creativeferry/forage/forage-stores-backend/test/helpers/test.helpers.ts:187:30)
    at Object.&lt;anonymous&gt; (/home/osarugue-enehizena/Documents/code-projects/work/creativeferry/forage/forage-stores-backend/test/admin-focused.e2e-spec.ts:44:16)</pre></div></div><div class="test-result pending"><div class="test-info"><div class="test-suitename">Admin Module - Focused Tests (e2e) &gt; üìä Analytics Management</div><div class="test-title">should get subscription analytics</div><div class="test-status">pending</div><div class="test-duration"> </div></div><div class="failureMessages"> <pre class="failureMsg">Error: Failed to login user: {"statusCode":429,"message":"ThrottlerException: Too Many Requests"}
    at TestHelpers.createUserAndGetToken (/home/osarugue-enehizena/Documents/code-projects/work/creativeferry/forage/forage-stores-backend/test/helpers/test.helpers.ts:116:13)
    at processTicksAndRejections (node:internal/process/task_queues:95:5)
    at TestHelpers.createTestData (/home/osarugue-enehizena/Documents/code-projects/work/creativeferry/forage/forage-stores-backend/test/helpers/test.helpers.ts:187:30)
    at Object.&lt;anonymous&gt; (/home/osarugue-enehizena/Documents/code-projects/work/creativeferry/forage/forage-stores-backend/test/admin-focused.e2e-spec.ts:44:16)</pre></div></div><div class="test-result pending"><div class="test-info"><div class="test-suitename">Admin Module - Focused Tests (e2e) &gt; üìä Analytics Management</div><div class="test-title">should get commission analytics</div><div class="test-status">pending</div><div class="test-duration"> </div></div><div class="failureMessages"> <pre class="failureMsg">Error: Failed to login user: {"statusCode":429,"message":"ThrottlerException: Too Many Requests"}
    at TestHelpers.createUserAndGetToken (/home/osarugue-enehizena/Documents/code-projects/work/creativeferry/forage/forage-stores-backend/test/helpers/test.helpers.ts:116:13)
    at processTicksAndRejections (node:internal/process/task_queues:95:5)
    at TestHelpers.createTestData (/home/osarugue-enehizena/Documents/code-projects/work/creativeferry/forage/forage-stores-backend/test/helpers/test.helpers.ts:187:30)
    at Object.&lt;anonymous&gt; (/home/osarugue-enehizena/Documents/code-projects/work/creativeferry/forage/forage-stores-backend/test/admin-focused.e2e-spec.ts:44:16)</pre></div></div><div class="test-result pending"><div class="test-info"><div class="test-suitename">Admin Module - Focused Tests (e2e) &gt; üìä Analytics Management</div><div class="test-title">should validate date range in analytics</div><div class="test-status">pending</div><div class="test-duration"> </div></div><div class="failureMessages"> <pre class="failureMsg">Error: Failed to login user: {"statusCode":429,"message":"ThrottlerException: Too Many Requests"}
    at TestHelpers.createUserAndGetToken (/home/osarugue-enehizena/Documents/code-projects/work/creativeferry/forage/forage-stores-backend/test/helpers/test.helpers.ts:116:13)
    at processTicksAndRejections (node:internal/process/task_queues:95:5)
    at TestHelpers.createTestData (/home/osarugue-enehizena/Documents/code-projects/work/creativeferry/forage/forage-stores-backend/test/helpers/test.helpers.ts:187:30)
    at Object.&lt;anonymous&gt; (/home/osarugue-enehizena/Documents/code-projects/work/creativeferry/forage/forage-stores-backend/test/admin-focused.e2e-spec.ts:44:16)</pre></div></div><div class="test-result pending"><div class="test-info"><div class="test-suitename">Admin Module - Focused Tests (e2e) &gt; üè∑Ô∏è Category Management</div><div class="test-title">should create a new category</div><div class="test-status">pending</div><div class="test-duration"> </div></div><div class="failureMessages"> <pre class="failureMsg">Error: Failed to login user: {"statusCode":429,"message":"ThrottlerException: Too Many Requests"}
    at TestHelpers.createUserAndGetToken (/home/osarugue-enehizena/Documents/code-projects/work/creativeferry/forage/forage-stores-backend/test/helpers/test.helpers.ts:116:13)
    at processTicksAndRejections (node:internal/process/task_queues:95:5)
    at TestHelpers.createTestData (/home/osarugue-enehizena/Documents/code-projects/work/creativeferry/forage/forage-stores-backend/test/helpers/test.helpers.ts:187:30)
    at Object.&lt;anonymous&gt; (/home/osarugue-enehizena/Documents/code-projects/work/creativeferry/forage/forage-stores-backend/test/admin-focused.e2e-spec.ts:44:16)</pre></div></div><div class="test-result pending"><div class="test-info"><div class="test-suitename">Admin Module - Focused Tests (e2e) &gt; üè∑Ô∏è Category Management</div><div class="test-title">should get all categories</div><div class="test-status">pending</div><div class="test-duration"> </div></div><div class="failureMessages"> <pre class="failureMsg">Error: Failed to login user: {"statusCode":429,"message":"ThrottlerException: Too Many Requests"}
    at TestHelpers.createUserAndGetToken (/home/osarugue-enehizena/Documents/code-projects/work/creativeferry/forage/forage-stores-backend/test/helpers/test.helpers.ts:116:13)
    at processTicksAndRejections (node:internal/process/task_queues:95:5)
    at TestHelpers.createTestData (/home/osarugue-enehizena/Documents/code-projects/work/creativeferry/forage/forage-stores-backend/test/helpers/test.helpers.ts:187:30)
    at Object.&lt;anonymous&gt; (/home/osarugue-enehizena/Documents/code-projects/work/creativeferry/forage/forage-stores-backend/test/admin-focused.e2e-spec.ts:44:16)</pre></div></div><div class="test-result pending"><div class="test-info"><div class="test-suitename">Admin Module - Focused Tests (e2e) &gt; üè∑Ô∏è Category Management</div><div class="test-title">should get category by ID</div><div class="test-status">pending</div><div class="test-duration"> </div></div><div class="failureMessages"> <pre class="failureMsg">Error: Failed to login user: {"statusCode":429,"message":"ThrottlerException: Too Many Requests"}
    at TestHelpers.createUserAndGetToken (/home/osarugue-enehizena/Documents/code-projects/work/creativeferry/forage/forage-stores-backend/test/helpers/test.helpers.ts:116:13)
    at processTicksAndRejections (node:internal/process/task_queues:95:5)
    at TestHelpers.createTestData (/home/osarugue-enehizena/Documents/code-projects/work/creativeferry/forage/forage-stores-backend/test/helpers/test.helpers.ts:187:30)
    at Object.&lt;anonymous&gt; (/home/osarugue-enehizena/Documents/code-projects/work/creativeferry/forage/forage-stores-backend/test/admin-focused.e2e-spec.ts:44:16)</pre></div></div><div class="test-result pending"><div class="test-info"><div class="test-suitename">Admin Module - Focused Tests (e2e) &gt; üè∑Ô∏è Category Management</div><div class="test-title">should update a category</div><div class="test-status">pending</div><div class="test-duration"> </div></div><div class="failureMessages"> <pre class="failureMsg">Error: Failed to login user: {"statusCode":429,"message":"ThrottlerException: Too Many Requests"}
    at TestHelpers.createUserAndGetToken (/home/osarugue-enehizena/Documents/code-projects/work/creativeferry/forage/forage-stores-backend/test/helpers/test.helpers.ts:116:13)
    at processTicksAndRejections (node:internal/process/task_queues:95:5)
    at TestHelpers.createTestData (/home/osarugue-enehizena/Documents/code-projects/work/creativeferry/forage/forage-stores-backend/test/helpers/test.helpers.ts:187:30)
    at Object.&lt;anonymous&gt; (/home/osarugue-enehizena/Documents/code-projects/work/creativeferry/forage/forage-stores-backend/test/admin-focused.e2e-spec.ts:44:16)</pre></div></div><div class="test-result pending"><div class="test-info"><div class="test-suitename">Admin Module - Focused Tests (e2e) &gt; üè∑Ô∏è Category Management</div><div class="test-title">should validate category creation</div><div class="test-status">pending</div><div class="test-duration"> </div></div><div class="failureMessages"> <pre class="failureMsg">Error: Failed to login user: {"statusCode":429,"message":"ThrottlerException: Too Many Requests"}
    at TestHelpers.createUserAndGetToken (/home/osarugue-enehizena/Documents/code-projects/work/creativeferry/forage/forage-stores-backend/test/helpers/test.helpers.ts:116:13)
    at processTicksAndRejections (node:internal/process/task_queues:95:5)
    at TestHelpers.createTestData (/home/osarugue-enehizena/Documents/code-projects/work/creativeferry/forage/forage-stores-backend/test/helpers/test.helpers.ts:187:30)
    at Object.&lt;anonymous&gt; (/home/osarugue-enehizena/Documents/code-projects/work/creativeferry/forage/forage-stores-backend/test/admin-focused.e2e-spec.ts:44:16)</pre></div></div><div class="test-result pending"><div class="test-info"><div class="test-suitename">Admin Module - Focused Tests (e2e) &gt; üè∑Ô∏è Category Management</div><div class="test-title">should delete a category</div><div class="test-status">pending</div><div class="test-duration"> </div></div><div class="failureMessages"> <pre class="failureMsg">Error: Failed to login user: {"statusCode":429,"message":"ThrottlerException: Too Many Requests"}
    at TestHelpers.createUserAndGetToken (/home/osarugue-enehizena/Documents/code-projects/work/creativeferry/forage/forage-stores-backend/test/helpers/test.helpers.ts:116:13)
    at processTicksAndRejections (node:internal/process/task_queues:95:5)
    at TestHelpers.createTestData (/home/osarugue-enehizena/Documents/code-projects/work/creativeferry/forage/forage-stores-backend/test/helpers/test.helpers.ts:187:30)
    at Object.&lt;anonymous&gt; (/home/osarugue-enehizena/Documents/code-projects/work/creativeferry/forage/forage-stores-backend/test/admin-focused.e2e-spec.ts:44:16)</pre></div></div><div class="test-result pending"><div class="test-info"><div class="test-suitename">Admin Module - Focused Tests (e2e) &gt; üëë Growth Users Management</div><div class="test-title">should get growth users by city</div><div class="test-status">pending</div><div class="test-duration"> </div></div><div class="failureMessages"> <pre class="failureMsg">Error: Failed to login user: {"statusCode":429,"message":"ThrottlerException: Too Many Requests"}
    at TestHelpers.createUserAndGetToken (/home/osarugue-enehizena/Documents/code-projects/work/creativeferry/forage/forage-stores-backend/test/helpers/test.helpers.ts:116:13)
    at processTicksAndRejections (node:internal/process/task_queues:95:5)
    at TestHelpers.createTestData (/home/osarugue-enehizena/Documents/code-projects/work/creativeferry/forage/forage-stores-backend/test/helpers/test.helpers.ts:187:30)
    at Object.&lt;anonymous&gt; (/home/osarugue-enehizena/Documents/code-projects/work/creativeferry/forage/forage-stores-backend/test/admin-focused.e2e-spec.ts:44:16)</pre></div></div><div class="test-result pending"><div class="test-info"><div class="test-suitename">Admin Module - Focused Tests (e2e) &gt; üëë Growth Users Management</div><div class="test-title">should get detailed stats for growth user</div><div class="test-status">pending</div><div class="test-duration"> </div></div><div class="failureMessages"> <pre class="failureMsg">Error: Failed to login user: {"statusCode":429,"message":"ThrottlerException: Too Many Requests"}
    at TestHelpers.createUserAndGetToken (/home/osarugue-enehizena/Documents/code-projects/work/creativeferry/forage/forage-stores-backend/test/helpers/test.helpers.ts:116:13)
    at processTicksAndRejections (node:internal/process/task_queues:95:5)
    at TestHelpers.createTestData (/home/osarugue-enehizena/Documents/code-projects/work/creativeferry/forage/forage-stores-backend/test/helpers/test.helpers.ts:187:30)
    at Object.&lt;anonymous&gt; (/home/osarugue-enehizena/Documents/code-projects/work/creativeferry/forage/forage-stores-backend/test/admin-focused.e2e-spec.ts:44:16)</pre></div></div><div class="test-result pending"><div class="test-info"><div class="test-suitename">Admin Module - Focused Tests (e2e) &gt; üëë Growth Users Management</div><div class="test-title">should filter growth users by role</div><div class="test-status">pending</div><div class="test-duration"> </div></div><div class="failureMessages"> <pre class="failureMsg">Error: Failed to login user: {"statusCode":429,"message":"ThrottlerException: Too Many Requests"}
    at TestHelpers.createUserAndGetToken (/home/osarugue-enehizena/Documents/code-projects/work/creativeferry/forage/forage-stores-backend/test/helpers/test.helpers.ts:116:13)
    at processTicksAndRejections (node:internal/process/task_queues:95:5)
    at TestHelpers.createTestData (/home/osarugue-enehizena/Documents/code-projects/work/creativeferry/forage/forage-stores-backend/test/helpers/test.helpers.ts:187:30)
    at Object.&lt;anonymous&gt; (/home/osarugue-enehizena/Documents/code-projects/work/creativeferry/forage/forage-stores-backend/test/admin-focused.e2e-spec.ts:44:16)</pre></div></div><div class="test-result pending"><div class="test-info"><div class="test-suitename">Admin Module - Focused Tests (e2e) &gt; üí∏ Withdrawal Management</div><div class="test-title">should get pending withdrawals</div><div class="test-status">pending</div><div class="test-duration"> </div></div><div class="failureMessages"> <pre class="failureMsg">Error: Failed to login user: {"statusCode":429,"message":"ThrottlerException: Too Many Requests"}
    at TestHelpers.createUserAndGetToken (/home/osarugue-enehizena/Documents/code-projects/work/creativeferry/forage/forage-stores-backend/test/helpers/test.helpers.ts:116:13)
    at processTicksAndRejections (node:internal/process/task_queues:95:5)
    at TestHelpers.createTestData (/home/osarugue-enehizena/Documents/code-projects/work/creativeferry/forage/forage-stores-backend/test/helpers/test.helpers.ts:187:30)
    at Object.&lt;anonymous&gt; (/home/osarugue-enehizena/Documents/code-projects/work/creativeferry/forage/forage-stores-backend/test/admin-focused.e2e-spec.ts:44:16)</pre></div></div><div class="test-result pending"><div class="test-info"><div class="test-suitename">Admin Module - Focused Tests (e2e) &gt; üí∏ Withdrawal Management</div><div class="test-title">should approve withdrawal with valid admin password</div><div class="test-status">pending</div><div class="test-duration"> </div></div><div class="failureMessages"> <pre class="failureMsg">Error: Failed to login user: {"statusCode":429,"message":"ThrottlerException: Too Many Requests"}
    at TestHelpers.createUserAndGetToken (/home/osarugue-enehizena/Documents/code-projects/work/creativeferry/forage/forage-stores-backend/test/helpers/test.helpers.ts:116:13)
    at processTicksAndRejections (node:internal/process/task_queues:95:5)
    at TestHelpers.createTestData (/home/osarugue-enehizena/Documents/code-projects/work/creativeferry/forage/forage-stores-backend/test/helpers/test.helpers.ts:187:30)
    at Object.&lt;anonymous&gt; (/home/osarugue-enehizena/Documents/code-projects/work/creativeferry/forage/forage-stores-backend/test/admin-focused.e2e-spec.ts:44:16)</pre></div></div><div class="test-result pending"><div class="test-info"><div class="test-suitename">Admin Module - Focused Tests (e2e) &gt; üí∏ Withdrawal Management</div><div class="test-title">should reject withdrawal request</div><div class="test-status">pending</div><div class="test-duration"> </div></div><div class="failureMessages"> <pre class="failureMsg">Error: Failed to login user: {"statusCode":429,"message":"ThrottlerException: Too Many Requests"}
    at TestHelpers.createUserAndGetToken (/home/osarugue-enehizena/Documents/code-projects/work/creativeferry/forage/forage-stores-backend/test/helpers/test.helpers.ts:116:13)
    at processTicksAndRejections (node:internal/process/task_queues:95:5)
    at TestHelpers.createTestData (/home/osarugue-enehizena/Documents/code-projects/work/creativeferry/forage/forage-stores-backend/test/helpers/test.helpers.ts:187:30)
    at Object.&lt;anonymous&gt; (/home/osarugue-enehizena/Documents/code-projects/work/creativeferry/forage/forage-stores-backend/test/admin-focused.e2e-spec.ts:44:16)</pre></div></div><div class="test-result pending"><div class="test-info"><div class="test-suitename">Admin Module - Focused Tests (e2e) &gt; üí∏ Withdrawal Management</div><div class="test-title">should bulk process withdrawals</div><div class="test-status">pending</div><div class="test-duration"> </div></div><div class="failureMessages"> <pre class="failureMsg">Error: Failed to login user: {"statusCode":429,"message":"ThrottlerException: Too Many Requests"}
    at TestHelpers.createUserAndGetToken (/home/osarugue-enehizena/Documents/code-projects/work/creativeferry/forage/forage-stores-backend/test/helpers/test.helpers.ts:116:13)
    at processTicksAndRejections (node:internal/process/task_queues:95:5)
    at TestHelpers.createTestData (/home/osarugue-enehizena/Documents/code-projects/work/creativeferry/forage/forage-stores-backend/test/helpers/test.helpers.ts:187:30)
    at Object.&lt;anonymous&gt; (/home/osarugue-enehizena/Documents/code-projects/work/creativeferry/forage/forage-stores-backend/test/admin-focused.e2e-spec.ts:44:16)</pre></div></div><div class="test-result pending"><div class="test-info"><div class="test-suitename">Admin Module - Focused Tests (e2e) &gt; üí∏ Withdrawal Management</div><div class="test-title">should validate admin password for withdrawal decisions</div><div class="test-status">pending</div><div class="test-duration"> </div></div><div class="failureMessages"> <pre class="failureMsg">Error: Failed to login user: {"statusCode":429,"message":"ThrottlerException: Too Many Requests"}
    at TestHelpers.createUserAndGetToken (/home/osarugue-enehizena/Documents/code-projects/work/creativeferry/forage/forage-stores-backend/test/helpers/test.helpers.ts:116:13)
    at processTicksAndRejections (node:internal/process/task_queues:95:5)
    at TestHelpers.createTestData (/home/osarugue-enehizena/Documents/code-projects/work/creativeferry/forage/forage-stores-backend/test/helpers/test.helpers.ts:187:30)
    at Object.&lt;anonymous&gt; (/home/osarugue-enehizena/Documents/code-projects/work/creativeferry/forage/forage-stores-backend/test/admin-focused.e2e-spec.ts:44:16)</pre></div></div><div class="test-result pending"><div class="test-info"><div class="test-suitename">Admin Module - Focused Tests (e2e) &gt; üéØ Referral Commission Override</div><div class="test-title">should override referral commission</div><div class="test-status">pending</div><div class="test-duration"> </div></div><div class="failureMessages"> <pre class="failureMsg">Error: Failed to login user: {"statusCode":429,"message":"ThrottlerException: Too Many Requests"}
    at TestHelpers.createUserAndGetToken (/home/osarugue-enehizena/Documents/code-projects/work/creativeferry/forage/forage-stores-backend/test/helpers/test.helpers.ts:116:13)
    at processTicksAndRejections (node:internal/process/task_queues:95:5)
    at TestHelpers.createTestData (/home/osarugue-enehizena/Documents/code-projects/work/creativeferry/forage/forage-stores-backend/test/helpers/test.helpers.ts:187:30)
    at Object.&lt;anonymous&gt; (/home/osarugue-enehizena/Documents/code-projects/work/creativeferry/forage/forage-stores-backend/test/admin-focused.e2e-spec.ts:44:16)</pre></div></div><div class="test-result pending"><div class="test-info"><div class="test-suitename">Admin Module - Focused Tests (e2e) &gt; üéØ Referral Commission Override</div><div class="test-title">should get commission override history</div><div class="test-status">pending</div><div class="test-duration"> </div></div><div class="failureMessages"> <pre class="failureMsg">Error: Failed to login user: {"statusCode":429,"message":"ThrottlerException: Too Many Requests"}
    at TestHelpers.createUserAndGetToken (/home/osarugue-enehizena/Documents/code-projects/work/creativeferry/forage/forage-stores-backend/test/helpers/test.helpers.ts:116:13)
    at processTicksAndRejections (node:internal/process/task_queues:95:5)
    at TestHelpers.createTestData (/home/osarugue-enehizena/Documents/code-projects/work/creativeferry/forage/forage-stores-backend/test/helpers/test.helpers.ts:187:30)
    at Object.&lt;anonymous&gt; (/home/osarugue-enehizena/Documents/code-projects/work/creativeferry/forage/forage-stores-backend/test/admin-focused.e2e-spec.ts:44:16)</pre></div></div><div class="test-result pending"><div class="test-info"><div class="test-suitename">Admin Module - Focused Tests (e2e) &gt; üéØ Referral Commission Override</div><div class="test-title">should get referral commission history</div><div class="test-status">pending</div><div class="test-duration"> </div></div><div class="failureMessages"> <pre class="failureMsg">Error: Failed to login user: {"statusCode":429,"message":"ThrottlerException: Too Many Requests"}
    at TestHelpers.createUserAndGetToken (/home/osarugue-enehizena/Documents/code-projects/work/creativeferry/forage/forage-stores-backend/test/helpers/test.helpers.ts:116:13)
    at processTicksAndRejections (node:internal/process/task_queues:95:5)
    at TestHelpers.createTestData (/home/osarugue-enehizena/Documents/code-projects/work/creativeferry/forage/forage-stores-backend/test/helpers/test.helpers.ts:187:30)
    at Object.&lt;anonymous&gt; (/home/osarugue-enehizena/Documents/code-projects/work/creativeferry/forage/forage-stores-backend/test/admin-focused.e2e-spec.ts:44:16)</pre></div></div><div class="test-result pending"><div class="test-info"><div class="test-suitename">Admin Module - Focused Tests (e2e) &gt; üéØ Referral Commission Override</div><div class="test-title">should validate admin password for commission override</div><div class="test-status">pending</div><div class="test-duration"> </div></div><div class="failureMessages"> <pre class="failureMsg">Error: Failed to login user: {"statusCode":429,"message":"ThrottlerException: Too Many Requests"}
    at TestHelpers.createUserAndGetToken (/home/osarugue-enehizena/Documents/code-projects/work/creativeferry/forage/forage-stores-backend/test/helpers/test.helpers.ts:116:13)
    at processTicksAndRejections (node:internal/process/task_queues:95:5)
    at TestHelpers.createTestData (/home/osarugue-enehizena/Documents/code-projects/work/creativeferry/forage/forage-stores-backend/test/helpers/test.helpers.ts:187:30)
    at Object.&lt;anonymous&gt; (/home/osarugue-enehizena/Documents/code-projects/work/creativeferry/forage/forage-stores-backend/test/admin-focused.e2e-spec.ts:44:16)</pre></div></div><div class="test-result pending"><div class="test-info"><div class="test-suitename">Admin Module - Focused Tests (e2e) &gt; üèÜ Profit Pool Management</div><div class="test-title">should get all profit pools</div><div class="test-status">pending</div><div class="test-duration"> </div></div><div class="failureMessages"> <pre class="failureMsg">Error: Failed to login user: {"statusCode":429,"message":"ThrottlerException: Too Many Requests"}
    at TestHelpers.createUserAndGetToken (/home/osarugue-enehizena/Documents/code-projects/work/creativeferry/forage/forage-stores-backend/test/helpers/test.helpers.ts:116:13)
    at processTicksAndRejections (node:internal/process/task_queues:95:5)
    at TestHelpers.createTestData (/home/osarugue-enehizena/Documents/code-projects/work/creativeferry/forage/forage-stores-backend/test/helpers/test.helpers.ts:187:30)
    at Object.&lt;anonymous&gt; (/home/osarugue-enehizena/Documents/code-projects/work/creativeferry/forage/forage-stores-backend/test/admin-focused.e2e-spec.ts:44:16)</pre></div></div><div class="test-result pending"><div class="test-info"><div class="test-suitename">Admin Module - Focused Tests (e2e) &gt; üèÜ Profit Pool Management</div><div class="test-title">should get profit pool details</div><div class="test-status">pending</div><div class="test-duration"> </div></div><div class="failureMessages"> <pre class="failureMsg">Error: Failed to login user: {"statusCode":429,"message":"ThrottlerException: Too Many Requests"}
    at TestHelpers.createUserAndGetToken (/home/osarugue-enehizena/Documents/code-projects/work/creativeferry/forage/forage-stores-backend/test/helpers/test.helpers.ts:116:13)
    at processTicksAndRejections (node:internal/process/task_queues:95:5)
    at TestHelpers.createTestData (/home/osarugue-enehizena/Documents/code-projects/work/creativeferry/forage/forage-stores-backend/test/helpers/test.helpers.ts:187:30)
    at Object.&lt;anonymous&gt; (/home/osarugue-enehizena/Documents/code-projects/work/creativeferry/forage/forage-stores-backend/test/admin-focused.e2e-spec.ts:44:16)</pre></div></div><div class="test-result pending"><div class="test-info"><div class="test-suitename">Admin Module - Focused Tests (e2e) &gt; üèÜ Profit Pool Management</div><div class="test-title">should adjust profit pool distribution</div><div class="test-status">pending</div><div class="test-duration"> </div></div><div class="failureMessages"> <pre class="failureMsg">Error: Failed to login user: {"statusCode":429,"message":"ThrottlerException: Too Many Requests"}
    at TestHelpers.createUserAndGetToken (/home/osarugue-enehizena/Documents/code-projects/work/creativeferry/forage/forage-stores-backend/test/helpers/test.helpers.ts:116:13)
    at processTicksAndRejections (node:internal/process/task_queues:95:5)
    at TestHelpers.createTestData (/home/osarugue-enehizena/Documents/code-projects/work/creativeferry/forage/forage-stores-backend/test/helpers/test.helpers.ts:187:30)
    at Object.&lt;anonymous&gt; (/home/osarugue-enehizena/Documents/code-projects/work/creativeferry/forage/forage-stores-backend/test/admin-focused.e2e-spec.ts:44:16)</pre></div></div><div class="test-result pending"><div class="test-info"><div class="test-suitename">Admin Module - Focused Tests (e2e) &gt; üèÜ Profit Pool Management</div><div class="test-title">should generate monthly profit pool report</div><div class="test-status">pending</div><div class="test-duration"> </div></div><div class="failureMessages"> <pre class="failureMsg">Error: Failed to login user: {"statusCode":429,"message":"ThrottlerException: Too Many Requests"}
    at TestHelpers.createUserAndGetToken (/home/osarugue-enehizena/Documents/code-projects/work/creativeferry/forage/forage-stores-backend/test/helpers/test.helpers.ts:116:13)
    at processTicksAndRejections (node:internal/process/task_queues:95:5)
    at TestHelpers.createTestData (/home/osarugue-enehizena/Documents/code-projects/work/creativeferry/forage/forage-stores-backend/test/helpers/test.helpers.ts:187:30)
    at Object.&lt;anonymous&gt; (/home/osarugue-enehizena/Documents/code-projects/work/creativeferry/forage/forage-stores-backend/test/admin-focused.e2e-spec.ts:44:16)</pre></div></div><div class="test-result pending"><div class="test-info"><div class="test-suitename">Admin Module - Focused Tests (e2e) &gt; üèÜ Profit Pool Management</div><div class="test-title">should force redistribute profit pool</div><div class="test-status">pending</div><div class="test-duration"> </div></div><div class="failureMessages"> <pre class="failureMsg">Error: Failed to login user: {"statusCode":429,"message":"ThrottlerException: Too Many Requests"}
    at TestHelpers.createUserAndGetToken (/home/osarugue-enehizena/Documents/code-projects/work/creativeferry/forage/forage-stores-backend/test/helpers/test.helpers.ts:116:13)
    at processTicksAndRejections (node:internal/process/task_queues:95:5)
    at TestHelpers.createTestData (/home/osarugue-enehizena/Documents/code-projects/work/creativeferry/forage/forage-stores-backend/test/helpers/test.helpers.ts:187:30)
    at Object.&lt;anonymous&gt; (/home/osarugue-enehizena/Documents/code-projects/work/creativeferry/forage/forage-stores-backend/test/admin-focused.e2e-spec.ts:44:16)</pre></div></div><div class="test-result pending"><div class="test-info"><div class="test-suitename">Admin Module - Focused Tests (e2e) &gt; üèÜ Profit Pool Management</div><div class="test-title">should validate admin password for profit pool operations</div><div class="test-status">pending</div><div class="test-duration"> </div></div><div class="failureMessages"> <pre class="failureMsg">Error: Failed to login user: {"statusCode":429,"message":"ThrottlerException: Too Many Requests"}
    at TestHelpers.createUserAndGetToken (/home/osarugue-enehizena/Documents/code-projects/work/creativeferry/forage/forage-stores-backend/test/helpers/test.helpers.ts:116:13)
    at processTicksAndRejections (node:internal/process/task_queues:95:5)
    at TestHelpers.createTestData (/home/osarugue-enehizena/Documents/code-projects/work/creativeferry/forage/forage-stores-backend/test/helpers/test.helpers.ts:187:30)
    at Object.&lt;anonymous&gt; (/home/osarugue-enehizena/Documents/code-projects/work/creativeferry/forage/forage-stores-backend/test/admin-focused.e2e-spec.ts:44:16)</pre></div></div><div class="test-result pending"><div class="test-info"><div class="test-suitename">Admin Module - Focused Tests (e2e) &gt; ‚ö° Performance &amp; Reliability</div><div class="test-title">should handle multiple concurrent requests</div><div class="test-status">pending</div><div class="test-duration"> </div></div><div class="failureMessages"> <pre class="failureMsg">Error: Failed to login user: {"statusCode":429,"message":"ThrottlerException: Too Many Requests"}
    at TestHelpers.createUserAndGetToken (/home/osarugue-enehizena/Documents/code-projects/work/creativeferry/forage/forage-stores-backend/test/helpers/test.helpers.ts:116:13)
    at processTicksAndRejections (node:internal/process/task_queues:95:5)
    at TestHelpers.createTestData (/home/osarugue-enehizena/Documents/code-projects/work/creativeferry/forage/forage-stores-backend/test/helpers/test.helpers.ts:187:30)
    at Object.&lt;anonymous&gt; (/home/osarugue-enehizena/Documents/code-projects/work/creativeferry/forage/forage-stores-backend/test/admin-focused.e2e-spec.ts:44:16)</pre></div></div><div class="test-result pending"><div class="test-info"><div class="test-suitename">Admin Module - Focused Tests (e2e) &gt; ‚ö° Performance &amp; Reliability</div><div class="test-title">should handle large dataset requests</div><div class="test-status">pending</div><div class="test-duration"> </div></div><div class="failureMessages"> <pre class="failureMsg">Error: Failed to login user: {"statusCode":429,"message":"ThrottlerException: Too Many Requests"}
    at TestHelpers.createUserAndGetToken (/home/osarugue-enehizena/Documents/code-projects/work/creativeferry/forage/forage-stores-backend/test/helpers/test.helpers.ts:116:13)
    at processTicksAndRejections (node:internal/process/task_queues:95:5)
    at TestHelpers.createTestData (/home/osarugue-enehizena/Documents/code-projects/work/creativeferry/forage/forage-stores-backend/test/helpers/test.helpers.ts:187:30)
    at Object.&lt;anonymous&gt; (/home/osarugue-enehizena/Documents/code-projects/work/creativeferry/forage/forage-stores-backend/test/admin-focused.e2e-spec.ts:44:16)</pre></div></div><div class="test-result pending"><div class="test-info"><div class="test-suitename">Admin Module - Focused Tests (e2e) &gt; ‚ö° Performance &amp; Reliability</div><div class="test-title">should handle concurrent wallet operations safely</div><div class="test-status">pending</div><div class="test-duration"> </div></div><div class="failureMessages"> <pre class="failureMsg">Error: Failed to login user: {"statusCode":429,"message":"ThrottlerException: Too Many Requests"}
    at TestHelpers.createUserAndGetToken (/home/osarugue-enehizena/Documents/code-projects/work/creativeferry/forage/forage-stores-backend/test/helpers/test.helpers.ts:116:13)
    at processTicksAndRejections (node:internal/process/task_queues:95:5)
    at TestHelpers.createTestData (/home/osarugue-enehizena/Documents/code-projects/work/creativeferry/forage/forage-stores-backend/test/helpers/test.helpers.ts:187:30)
    at Object.&lt;anonymous&gt; (/home/osarugue-enehizena/Documents/code-projects/work/creativeferry/forage/forage-stores-backend/test/admin-focused.e2e-spec.ts:44:16)</pre></div></div><div class="test-result pending"><div class="test-info"><div class="test-suitename">Admin Module - Focused Tests (e2e) &gt; üõ°Ô∏è Security &amp; Validation</div><div class="test-title">should require authentication for all admin endpoints</div><div class="test-status">pending</div><div class="test-duration"> </div></div><div class="failureMessages"> <pre class="failureMsg">Error: Failed to login user: {"statusCode":429,"message":"ThrottlerException: Too Many Requests"}
    at TestHelpers.createUserAndGetToken (/home/osarugue-enehizena/Documents/code-projects/work/creativeferry/forage/forage-stores-backend/test/helpers/test.helpers.ts:116:13)
    at processTicksAndRejections (node:internal/process/task_queues:95:5)
    at TestHelpers.createTestData (/home/osarugue-enehizena/Documents/code-projects/work/creativeferry/forage/forage-stores-backend/test/helpers/test.helpers.ts:187:30)
    at Object.&lt;anonymous&gt; (/home/osarugue-enehizena/Documents/code-projects/work/creativeferry/forage/forage-stores-backend/test/admin-focused.e2e-spec.ts:44:16)</pre></div></div><div class="test-result pending"><div class="test-info"><div class="test-suitename">Admin Module - Focused Tests (e2e) &gt; üõ°Ô∏è Security &amp; Validation</div><div class="test-title">should require admin role for all endpoints</div><div class="test-status">pending</div><div class="test-duration"> </div></div><div class="failureMessages"> <pre class="failureMsg">Error: Failed to login user: {"statusCode":429,"message":"ThrottlerException: Too Many Requests"}
    at TestHelpers.createUserAndGetToken (/home/osarugue-enehizena/Documents/code-projects/work/creativeferry/forage/forage-stores-backend/test/helpers/test.helpers.ts:116:13)
    at processTicksAndRejections (node:internal/process/task_queues:95:5)
    at TestHelpers.createTestData (/home/osarugue-enehizena/Documents/code-projects/work/creativeferry/forage/forage-stores-backend/test/helpers/test.helpers.ts:187:30)
    at Object.&lt;anonymous&gt; (/home/osarugue-enehizena/Documents/code-projects/work/creativeferry/forage/forage-stores-backend/test/admin-focused.e2e-spec.ts:44:16)</pre></div></div><div class="test-result pending"><div class="test-info"><div class="test-suitename">Admin Module - Focused Tests (e2e) &gt; üõ°Ô∏è Security &amp; Validation</div><div class="test-title">should validate input data types</div><div class="test-status">pending</div><div class="test-duration"> </div></div><div class="failureMessages"> <pre class="failureMsg">Error: Failed to login user: {"statusCode":429,"message":"ThrottlerException: Too Many Requests"}
    at TestHelpers.createUserAndGetToken (/home/osarugue-enehizena/Documents/code-projects/work/creativeferry/forage/forage-stores-backend/test/helpers/test.helpers.ts:116:13)
    at processTicksAndRejections (node:internal/process/task_queues:95:5)
    at TestHelpers.createTestData (/home/osarugue-enehizena/Documents/code-projects/work/creativeferry/forage/forage-stores-backend/test/helpers/test.helpers.ts:187:30)
    at Object.&lt;anonymous&gt; (/home/osarugue-enehizena/Documents/code-projects/work/creativeferry/forage/forage-stores-backend/test/admin-focused.e2e-spec.ts:44:16)</pre></div></div><div class="test-result pending"><div class="test-info"><div class="test-suitename">Admin Module - Focused Tests (e2e) &gt; üõ°Ô∏è Security &amp; Validation</div><div class="test-title">should handle malformed JSON gracefully</div><div class="test-status">pending</div><div class="test-duration"> </div></div><div class="failureMessages"> <pre class="failureMsg">Error: Failed to login user: {"statusCode":429,"message":"ThrottlerException: Too Many Requests"}
    at TestHelpers.createUserAndGetToken (/home/osarugue-enehizena/Documents/code-projects/work/creativeferry/forage/forage-stores-backend/test/helpers/test.helpers.ts:116:13)
    at processTicksAndRejections (node:internal/process/task_queues:95:5)
    at TestHelpers.createTestData (/home/osarugue-enehizena/Documents/code-projects/work/creativeferry/forage/forage-stores-backend/test/helpers/test.helpers.ts:187:30)
    at Object.&lt;anonymous&gt; (/home/osarugue-enehizena/Documents/code-projects/work/creativeferry/forage/forage-stores-backend/test/admin-focused.e2e-spec.ts:44:16)</pre></div></div><div class="test-result pending"><div class="test-info"><div class="test-suitename">Admin Module - Focused Tests (e2e) &gt; üõ°Ô∏è Security &amp; Validation</div><div class="test-title">should prevent SQL injection in queries</div><div class="test-status">pending</div><div class="test-duration"> </div></div><div class="failureMessages"> <pre class="failureMsg">Error: Failed to login user: {"statusCode":429,"message":"ThrottlerException: Too Many Requests"}
    at TestHelpers.createUserAndGetToken (/home/osarugue-enehizena/Documents/code-projects/work/creativeferry/forage/forage-stores-backend/test/helpers/test.helpers.ts:116:13)
    at processTicksAndRejections (node:internal/process/task_queues:95:5)
    at TestHelpers.createTestData (/home/osarugue-enehizena/Documents/code-projects/work/creativeferry/forage/forage-stores-backend/test/helpers/test.helpers.ts:187:30)
    at Object.&lt;anonymous&gt; (/home/osarugue-enehizena/Documents/code-projects/work/creativeferry/forage/forage-stores-backend/test/admin-focused.e2e-spec.ts:44:16)</pre></div></div><div class="test-result pending"><div class="test-info"><div class="test-suitename">Admin Module - Focused Tests (e2e) &gt; üõ°Ô∏è Security &amp; Validation</div><div class="test-title">should enforce rate limiting on sensitive operations</div><div class="test-status">pending</div><div class="test-duration"> </div></div><div class="failureMessages"> <pre class="failureMsg">Error: Failed to login user: {"statusCode":429,"message":"ThrottlerException: Too Many Requests"}
    at TestHelpers.createUserAndGetToken (/home/osarugue-enehizena/Documents/code-projects/work/creativeferry/forage/forage-stores-backend/test/helpers/test.helpers.ts:116:13)
    at processTicksAndRejections (node:internal/process/task_queues:95:5)
    at TestHelpers.createTestData (/home/osarugue-enehizena/Documents/code-projects/work/creativeferry/forage/forage-stores-backend/test/helpers/test.helpers.ts:187:30)
    at Object.&lt;anonymous&gt; (/home/osarugue-enehizena/Documents/code-projects/work/creativeferry/forage/forage-stores-backend/test/admin-focused.e2e-spec.ts:44:16)</pre></div></div></div></details></main></body></html>