<?xml version="1.0" encoding="UTF-8"?>
<testsuites name="jest tests" tests="50" failures="1" errors="0" time="10.846">
  <testsuite name="Admin Module - Focused Tests (e2e)" errors="0" failures="1" skipped="49" timestamp="2025-08-18T13:48:03" time="10.76" tests="50">
    <testcase classname="Admin Module - Focused Tests (e2e) 🔐 Admin Authentication &amp; Authorization" name="should allow admin to access admin endpoints" time="0.002">
      <failure>Error: Failed to login user: {&quot;statusCode&quot;:429,&quot;message&quot;:&quot;ThrottlerException: Too Many Requests&quot;}
    at TestHelpers.createUserAndGetToken (/home/osarugue-enehizena/Documents/code-projects/work/creativeferry/forage/forage-stores-backend/test/helpers/test.helpers.ts:116:13)
    at processTicksAndRejections (node:internal/process/task_queues:95:5)
    at TestHelpers.createTestData (/home/osarugue-enehizena/Documents/code-projects/work/creativeferry/forage/forage-stores-backend/test/helpers/test.helpers.ts:187:30)
    at Object.&lt;anonymous&gt; (/home/osarugue-enehizena/Documents/code-projects/work/creativeferry/forage/forage-stores-backend/test/admin-focused.e2e-spec.ts:44:16)</failure>
    </testcase>
    <testcase classname="Admin Module - Focused Tests (e2e) 🔐 Admin Authentication &amp; Authorization" name="should deny non-admin access to admin endpoints" time="0">
      <skipped/>
    </testcase>
    <testcase classname="Admin Module - Focused Tests (e2e) 🔐 Admin Authentication &amp; Authorization" name="should require authentication for admin endpoints" time="0">
      <skipped/>
    </testcase>
    <testcase classname="Admin Module - Focused Tests (e2e) 👥 User Management" name="should get all users with proper structure" time="0">
      <skipped/>
    </testcase>
    <testcase classname="Admin Module - Focused Tests (e2e) 👥 User Management" name="should get specific user by ID" time="0">
      <skipped/>
    </testcase>
    <testcase classname="Admin Module - Focused Tests (e2e) 👥 User Management" name="should return 404 for non-existent user" time="0">
      <skipped/>
    </testcase>
    <testcase classname="Admin Module - Focused Tests (e2e) 👥 User Management" name="should handle malformed user ID" time="0">
      <skipped/>
    </testcase>
    <testcase classname="Admin Module - Focused Tests (e2e) 💰 Wallet Management" name="should get all wallets" time="0">
      <skipped/>
    </testcase>
    <testcase classname="Admin Module - Focused Tests (e2e) 💰 Wallet Management" name="should get user wallet" time="0">
      <skipped/>
    </testcase>
    <testcase classname="Admin Module - Focused Tests (e2e) 💰 Wallet Management" name="should fund user wallet with valid admin password" time="0">
      <skipped/>
    </testcase>
    <testcase classname="Admin Module - Focused Tests (e2e) 💰 Wallet Management" name="should reject wallet funding with invalid admin password" time="0">
      <skipped/>
    </testcase>
    <testcase classname="Admin Module - Focused Tests (e2e) 💰 Wallet Management" name="should wipe user wallet with valid admin password" time="0">
      <skipped/>
    </testcase>
    <testcase classname="Admin Module - Focused Tests (e2e) 💰 Wallet Management" name="should validate wallet funding input" time="0">
      <skipped/>
    </testcase>
    <testcase classname="Admin Module - Focused Tests (e2e) 📊 Analytics Management" name="should get orders analytics with proper structure" time="0">
      <skipped/>
    </testcase>
    <testcase classname="Admin Module - Focused Tests (e2e) 📊 Analytics Management" name="should get subscription analytics" time="0">
      <skipped/>
    </testcase>
    <testcase classname="Admin Module - Focused Tests (e2e) 📊 Analytics Management" name="should get commission analytics" time="0">
      <skipped/>
    </testcase>
    <testcase classname="Admin Module - Focused Tests (e2e) 📊 Analytics Management" name="should validate date range in analytics" time="0">
      <skipped/>
    </testcase>
    <testcase classname="Admin Module - Focused Tests (e2e) 🏷️ Category Management" name="should create a new category" time="0">
      <skipped/>
    </testcase>
    <testcase classname="Admin Module - Focused Tests (e2e) 🏷️ Category Management" name="should get all categories" time="0">
      <skipped/>
    </testcase>
    <testcase classname="Admin Module - Focused Tests (e2e) 🏷️ Category Management" name="should get category by ID" time="0">
      <skipped/>
    </testcase>
    <testcase classname="Admin Module - Focused Tests (e2e) 🏷️ Category Management" name="should update a category" time="0">
      <skipped/>
    </testcase>
    <testcase classname="Admin Module - Focused Tests (e2e) 🏷️ Category Management" name="should validate category creation" time="0">
      <skipped/>
    </testcase>
    <testcase classname="Admin Module - Focused Tests (e2e) 🏷️ Category Management" name="should delete a category" time="0">
      <skipped/>
    </testcase>
    <testcase classname="Admin Module - Focused Tests (e2e) 👑 Growth Users Management" name="should get growth users by city" time="0">
      <skipped/>
    </testcase>
    <testcase classname="Admin Module - Focused Tests (e2e) 👑 Growth Users Management" name="should get detailed stats for growth user" time="0">
      <skipped/>
    </testcase>
    <testcase classname="Admin Module - Focused Tests (e2e) 👑 Growth Users Management" name="should filter growth users by role" time="0">
      <skipped/>
    </testcase>
    <testcase classname="Admin Module - Focused Tests (e2e) 💸 Withdrawal Management" name="should get pending withdrawals" time="0">
      <skipped/>
    </testcase>
    <testcase classname="Admin Module - Focused Tests (e2e) 💸 Withdrawal Management" name="should approve withdrawal with valid admin password" time="0">
      <skipped/>
    </testcase>
    <testcase classname="Admin Module - Focused Tests (e2e) 💸 Withdrawal Management" name="should reject withdrawal request" time="0">
      <skipped/>
    </testcase>
    <testcase classname="Admin Module - Focused Tests (e2e) 💸 Withdrawal Management" name="should bulk process withdrawals" time="0">
      <skipped/>
    </testcase>
    <testcase classname="Admin Module - Focused Tests (e2e) 💸 Withdrawal Management" name="should validate admin password for withdrawal decisions" time="0">
      <skipped/>
    </testcase>
    <testcase classname="Admin Module - Focused Tests (e2e) 🎯 Referral Commission Override" name="should override referral commission" time="0">
      <skipped/>
    </testcase>
    <testcase classname="Admin Module - Focused Tests (e2e) 🎯 Referral Commission Override" name="should get commission override history" time="0">
      <skipped/>
    </testcase>
    <testcase classname="Admin Module - Focused Tests (e2e) 🎯 Referral Commission Override" name="should get referral commission history" time="0">
      <skipped/>
    </testcase>
    <testcase classname="Admin Module - Focused Tests (e2e) 🎯 Referral Commission Override" name="should validate admin password for commission override" time="0">
      <skipped/>
    </testcase>
    <testcase classname="Admin Module - Focused Tests (e2e) 🏆 Profit Pool Management" name="should get all profit pools" time="0">
      <skipped/>
    </testcase>
    <testcase classname="Admin Module - Focused Tests (e2e) 🏆 Profit Pool Management" name="should get profit pool details" time="0">
      <skipped/>
    </testcase>
    <testcase classname="Admin Module - Focused Tests (e2e) 🏆 Profit Pool Management" name="should adjust profit pool distribution" time="0">
      <skipped/>
    </testcase>
    <testcase classname="Admin Module - Focused Tests (e2e) 🏆 Profit Pool Management" name="should generate monthly profit pool report" time="0">
      <skipped/>
    </testcase>
    <testcase classname="Admin Module - Focused Tests (e2e) 🏆 Profit Pool Management" name="should force redistribute profit pool" time="0">
      <skipped/>
    </testcase>
    <testcase classname="Admin Module - Focused Tests (e2e) 🏆 Profit Pool Management" name="should validate admin password for profit pool operations" time="0">
      <skipped/>
    </testcase>
    <testcase classname="Admin Module - Focused Tests (e2e) ⚡ Performance &amp; Reliability" name="should handle multiple concurrent requests" time="0">
      <skipped/>
    </testcase>
    <testcase classname="Admin Module - Focused Tests (e2e) ⚡ Performance &amp; Reliability" name="should handle large dataset requests" time="0">
      <skipped/>
    </testcase>
    <testcase classname="Admin Module - Focused Tests (e2e) ⚡ Performance &amp; Reliability" name="should handle concurrent wallet operations safely" time="0">
      <skipped/>
    </testcase>
    <testcase classname="Admin Module - Focused Tests (e2e) 🛡️ Security &amp; Validation" name="should require authentication for all admin endpoints" time="0">
      <skipped/>
    </testcase>
    <testcase classname="Admin Module - Focused Tests (e2e) 🛡️ Security &amp; Validation" name="should require admin role for all endpoints" time="0">
      <skipped/>
    </testcase>
    <testcase classname="Admin Module - Focused Tests (e2e) 🛡️ Security &amp; Validation" name="should validate input data types" time="0">
      <skipped/>
    </testcase>
    <testcase classname="Admin Module - Focused Tests (e2e) 🛡️ Security &amp; Validation" name="should handle malformed JSON gracefully" time="0">
      <skipped/>
    </testcase>
    <testcase classname="Admin Module - Focused Tests (e2e) 🛡️ Security &amp; Validation" name="should prevent SQL injection in queries" time="0">
      <skipped/>
    </testcase>
    <testcase classname="Admin Module - Focused Tests (e2e) 🛡️ Security &amp; Validation" name="should enforce rate limiting on sensitive operations" time="0">
      <skipped/>
    </testcase>
  </testsuite>
</testsuites>