<?xml version="1.0" encoding="UTF-8"?>
<testsuites name="jest tests" tests="103" failures="101" errors="0" time="14.283">
  <testsuite name="Admin Module (e2e)" errors="0" failures="51" skipped="0" timestamp="2025-08-18T13:59:52" time="11.362" tests="53">
    <testcase classname="Admin Module (e2e) Admin Authentication &amp; Registration" name="should register admin user successfully" time="0.138">
      <failure>Error: expected 201 &quot;Created&quot;, got 400 &quot;Bad Request&quot;
    at Object.&lt;anonymous&gt; (/home/osarugue-enehizena/Documents/code-projects/work/creativeferry/forage/forage-stores-backend/test/admin.e2e-spec.ts:103:10)
    at Promise.then.completed (/home/osarugue-enehizena/Documents/code-projects/work/creativeferry/forage/forage-stores-backend/node_modules/jest-circus/build/utils.js:298:28)
    at new Promise (&lt;anonymous&gt;)
    at callAsyncCircusFn (/home/osarugue-enehizena/Documents/code-projects/work/creativeferry/forage/forage-stores-backend/node_modules/jest-circus/build/utils.js:231:10)
    at _callCircusTest (/home/osarugue-enehizena/Documents/code-projects/work/creativeferry/forage/forage-stores-backend/node_modules/jest-circus/build/run.js:316:40)
    at processTicksAndRejections (node:internal/process/task_queues:95:5)
    at _runTest (/home/osarugue-enehizena/Documents/code-projects/work/creativeferry/forage/forage-stores-backend/node_modules/jest-circus/build/run.js:252:3)
    at _runTestsForDescribeBlock (/home/osarugue-enehizena/Documents/code-projects/work/creativeferry/forage/forage-stores-backend/node_modules/jest-circus/build/run.js:126:9)
    at _runTestsForDescribeBlock (/home/osarugue-enehizena/Documents/code-projects/work/creativeferry/forage/forage-stores-backend/node_modules/jest-circus/build/run.js:121:9)
    at _runTestsForDescribeBlock (/home/osarugue-enehizena/Documents/code-projects/work/creativeferry/forage/forage-stores-backend/node_modules/jest-circus/build/run.js:121:9)
    at run (/home/osarugue-enehizena/Documents/code-projects/work/creativeferry/forage/forage-stores-backend/node_modules/jest-circus/build/run.js:71:3)
    at runAndTransformResultsToJestFormat (/home/osarugue-enehizena/Documents/code-projects/work/creativeferry/forage/forage-stores-backend/node_modules/jest-circus/build/legacy-code-todo-rewrite/jestAdapterInit.js:122:21)
    at jestAdapter (/home/osarugue-enehizena/Documents/code-projects/work/creativeferry/forage/forage-stores-backend/node_modules/jest-circus/build/legacy-code-todo-rewrite/jestAdapter.js:79:19)
    at runTestInternal (/home/osarugue-enehizena/Documents/code-projects/work/creativeferry/forage/forage-stores-backend/node_modules/jest-runner/build/runTest.js:367:16)
    at runTest (/home/osarugue-enehizena/Documents/code-projects/work/creativeferry/forage/forage-stores-backend/node_modules/jest-runner/build/runTest.js:444:34)
    at Object.worker (/home/osarugue-enehizena/Documents/code-projects/work/creativeferry/forage/forage-stores-backend/node_modules/jest-runner/build/testWorker.js:106:12)
----
    at Test._assertStatus (/home/osarugue-enehizena/Documents/code-projects/work/creativeferry/forage/forage-stores-backend/node_modules/supertest/lib/test.js:252:14)
    at /home/osarugue-enehizena/Documents/code-projects/work/creativeferry/forage/forage-stores-backend/node_modules/supertest/lib/test.js:308:13
    at Test._assertFunction (/home/osarugue-enehizena/Documents/code-projects/work/creativeferry/forage/forage-stores-backend/node_modules/supertest/lib/test.js:285:13)
    at Test.assert (/home/osarugue-enehizena/Documents/code-projects/work/creativeferry/forage/forage-stores-backend/node_modules/supertest/lib/test.js:164:23)
    at Server.localAssert (/home/osarugue-enehizena/Documents/code-projects/work/creativeferry/forage/forage-stores-backend/node_modules/supertest/lib/test.js:120:14)
    at Object.onceWrapper (node:events:631:28)
    at Server.emit (node:events:517:28)
    at emitCloseNT (node:net:2215:8)
    at processTicksAndRejections (node:internal/process/task_queues:81:21)</failure>
    </testcase>
    <testcase classname="Admin Module (e2e) Admin Authentication &amp; Registration" name="should register regular user for testing" time="0.044">
      <failure>Error: expected 201 &quot;Created&quot;, got 400 &quot;Bad Request&quot;
    at Object.&lt;anonymous&gt; (/home/osarugue-enehizena/Documents/code-projects/work/creativeferry/forage/forage-stores-backend/test/admin.e2e-spec.ts:117:10)
    at Promise.then.completed (/home/osarugue-enehizena/Documents/code-projects/work/creativeferry/forage/forage-stores-backend/node_modules/jest-circus/build/utils.js:298:28)
    at new Promise (&lt;anonymous&gt;)
    at callAsyncCircusFn (/home/osarugue-enehizena/Documents/code-projects/work/creativeferry/forage/forage-stores-backend/node_modules/jest-circus/build/utils.js:231:10)
    at _callCircusTest (/home/osarugue-enehizena/Documents/code-projects/work/creativeferry/forage/forage-stores-backend/node_modules/jest-circus/build/run.js:316:40)
    at processTicksAndRejections (node:internal/process/task_queues:95:5)
    at _runTest (/home/osarugue-enehizena/Documents/code-projects/work/creativeferry/forage/forage-stores-backend/node_modules/jest-circus/build/run.js:252:3)
    at _runTestsForDescribeBlock (/home/osarugue-enehizena/Documents/code-projects/work/creativeferry/forage/forage-stores-backend/node_modules/jest-circus/build/run.js:126:9)
    at _runTestsForDescribeBlock (/home/osarugue-enehizena/Documents/code-projects/work/creativeferry/forage/forage-stores-backend/node_modules/jest-circus/build/run.js:121:9)
    at _runTestsForDescribeBlock (/home/osarugue-enehizena/Documents/code-projects/work/creativeferry/forage/forage-stores-backend/node_modules/jest-circus/build/run.js:121:9)
    at run (/home/osarugue-enehizena/Documents/code-projects/work/creativeferry/forage/forage-stores-backend/node_modules/jest-circus/build/run.js:71:3)
    at runAndTransformResultsToJestFormat (/home/osarugue-enehizena/Documents/code-projects/work/creativeferry/forage/forage-stores-backend/node_modules/jest-circus/build/legacy-code-todo-rewrite/jestAdapterInit.js:122:21)
    at jestAdapter (/home/osarugue-enehizena/Documents/code-projects/work/creativeferry/forage/forage-stores-backend/node_modules/jest-circus/build/legacy-code-todo-rewrite/jestAdapter.js:79:19)
    at runTestInternal (/home/osarugue-enehizena/Documents/code-projects/work/creativeferry/forage/forage-stores-backend/node_modules/jest-runner/build/runTest.js:367:16)
    at runTest (/home/osarugue-enehizena/Documents/code-projects/work/creativeferry/forage/forage-stores-backend/node_modules/jest-runner/build/runTest.js:444:34)
    at Object.worker (/home/osarugue-enehizena/Documents/code-projects/work/creativeferry/forage/forage-stores-backend/node_modules/jest-runner/build/testWorker.js:106:12)
----
    at Test._assertStatus (/home/osarugue-enehizena/Documents/code-projects/work/creativeferry/forage/forage-stores-backend/node_modules/supertest/lib/test.js:252:14)
    at /home/osarugue-enehizena/Documents/code-projects/work/creativeferry/forage/forage-stores-backend/node_modules/supertest/lib/test.js:308:13
    at Test._assertFunction (/home/osarugue-enehizena/Documents/code-projects/work/creativeferry/forage/forage-stores-backend/node_modules/supertest/lib/test.js:285:13)
    at Test.assert (/home/osarugue-enehizena/Documents/code-projects/work/creativeferry/forage/forage-stores-backend/node_modules/supertest/lib/test.js:164:23)
    at Server.localAssert (/home/osarugue-enehizena/Documents/code-projects/work/creativeferry/forage/forage-stores-backend/node_modules/supertest/lib/test.js:120:14)
    at Object.onceWrapper (node:events:631:28)
    at Server.emit (node:events:517:28)
    at emitCloseNT (node:net:2215:8)
    at processTicksAndRejections (node:internal/process/task_queues:81:21)</failure>
    </testcase>
    <testcase classname="Admin Module (e2e) Admin Authentication &amp; Registration" name="should register growth associate for testing" time="0.035">
      <failure>Error: expected 201 &quot;Created&quot;, got 400 &quot;Bad Request&quot;
    at Object.&lt;anonymous&gt; (/home/osarugue-enehizena/Documents/code-projects/work/creativeferry/forage/forage-stores-backend/test/admin.e2e-spec.ts:127:10)
    at Promise.then.completed (/home/osarugue-enehizena/Documents/code-projects/work/creativeferry/forage/forage-stores-backend/node_modules/jest-circus/build/utils.js:298:28)
    at new Promise (&lt;anonymous&gt;)
    at callAsyncCircusFn (/home/osarugue-enehizena/Documents/code-projects/work/creativeferry/forage/forage-stores-backend/node_modules/jest-circus/build/utils.js:231:10)
    at _callCircusTest (/home/osarugue-enehizena/Documents/code-projects/work/creativeferry/forage/forage-stores-backend/node_modules/jest-circus/build/run.js:316:40)
    at processTicksAndRejections (node:internal/process/task_queues:95:5)
    at _runTest (/home/osarugue-enehizena/Documents/code-projects/work/creativeferry/forage/forage-stores-backend/node_modules/jest-circus/build/run.js:252:3)
    at _runTestsForDescribeBlock (/home/osarugue-enehizena/Documents/code-projects/work/creativeferry/forage/forage-stores-backend/node_modules/jest-circus/build/run.js:126:9)
    at _runTestsForDescribeBlock (/home/osarugue-enehizena/Documents/code-projects/work/creativeferry/forage/forage-stores-backend/node_modules/jest-circus/build/run.js:121:9)
    at _runTestsForDescribeBlock (/home/osarugue-enehizena/Documents/code-projects/work/creativeferry/forage/forage-stores-backend/node_modules/jest-circus/build/run.js:121:9)
    at run (/home/osarugue-enehizena/Documents/code-projects/work/creativeferry/forage/forage-stores-backend/node_modules/jest-circus/build/run.js:71:3)
    at runAndTransformResultsToJestFormat (/home/osarugue-enehizena/Documents/code-projects/work/creativeferry/forage/forage-stores-backend/node_modules/jest-circus/build/legacy-code-todo-rewrite/jestAdapterInit.js:122:21)
    at jestAdapter (/home/osarugue-enehizena/Documents/code-projects/work/creativeferry/forage/forage-stores-backend/node_modules/jest-circus/build/legacy-code-todo-rewrite/jestAdapter.js:79:19)
    at runTestInternal (/home/osarugue-enehizena/Documents/code-projects/work/creativeferry/forage/forage-stores-backend/node_modules/jest-runner/build/runTest.js:367:16)
    at runTest (/home/osarugue-enehizena/Documents/code-projects/work/creativeferry/forage/forage-stores-backend/node_modules/jest-runner/build/runTest.js:444:34)
    at Object.worker (/home/osarugue-enehizena/Documents/code-projects/work/creativeferry/forage/forage-stores-backend/node_modules/jest-runner/build/testWorker.js:106:12)
----
    at Test._assertStatus (/home/osarugue-enehizena/Documents/code-projects/work/creativeferry/forage/forage-stores-backend/node_modules/supertest/lib/test.js:252:14)
    at /home/osarugue-enehizena/Documents/code-projects/work/creativeferry/forage/forage-stores-backend/node_modules/supertest/lib/test.js:308:13
    at Test._assertFunction (/home/osarugue-enehizena/Documents/code-projects/work/creativeferry/forage/forage-stores-backend/node_modules/supertest/lib/test.js:285:13)
    at Test.assert (/home/osarugue-enehizena/Documents/code-projects/work/creativeferry/forage/forage-stores-backend/node_modules/supertest/lib/test.js:164:23)
    at Server.localAssert (/home/osarugue-enehizena/Documents/code-projects/work/creativeferry/forage/forage-stores-backend/node_modules/supertest/lib/test.js:120:14)
    at Object.onceWrapper (node:events:631:28)
    at Server.emit (node:events:517:28)
    at emitCloseNT (node:net:2215:8)
    at processTicksAndRejections (node:internal/process/task_queues:81:21)</failure>
    </testcase>
    <testcase classname="Admin Module (e2e) Admin Authentication &amp; Registration" name="should login admin successfully" time="0.044">
      <failure>Error: expected 200 &quot;OK&quot;, got 401 &quot;Unauthorized&quot;
    at Object.&lt;anonymous&gt; (/home/osarugue-enehizena/Documents/code-projects/work/creativeferry/forage/forage-stores-backend/test/admin.e2e-spec.ts:139:10)
    at Promise.then.completed (/home/osarugue-enehizena/Documents/code-projects/work/creativeferry/forage/forage-stores-backend/node_modules/jest-circus/build/utils.js:298:28)
    at new Promise (&lt;anonymous&gt;)
    at callAsyncCircusFn (/home/osarugue-enehizena/Documents/code-projects/work/creativeferry/forage/forage-stores-backend/node_modules/jest-circus/build/utils.js:231:10)
    at _callCircusTest (/home/osarugue-enehizena/Documents/code-projects/work/creativeferry/forage/forage-stores-backend/node_modules/jest-circus/build/run.js:316:40)
    at processTicksAndRejections (node:internal/process/task_queues:95:5)
    at _runTest (/home/osarugue-enehizena/Documents/code-projects/work/creativeferry/forage/forage-stores-backend/node_modules/jest-circus/build/run.js:252:3)
    at _runTestsForDescribeBlock (/home/osarugue-enehizena/Documents/code-projects/work/creativeferry/forage/forage-stores-backend/node_modules/jest-circus/build/run.js:126:9)
    at _runTestsForDescribeBlock (/home/osarugue-enehizena/Documents/code-projects/work/creativeferry/forage/forage-stores-backend/node_modules/jest-circus/build/run.js:121:9)
    at _runTestsForDescribeBlock (/home/osarugue-enehizena/Documents/code-projects/work/creativeferry/forage/forage-stores-backend/node_modules/jest-circus/build/run.js:121:9)
    at run (/home/osarugue-enehizena/Documents/code-projects/work/creativeferry/forage/forage-stores-backend/node_modules/jest-circus/build/run.js:71:3)
    at runAndTransformResultsToJestFormat (/home/osarugue-enehizena/Documents/code-projects/work/creativeferry/forage/forage-stores-backend/node_modules/jest-circus/build/legacy-code-todo-rewrite/jestAdapterInit.js:122:21)
    at jestAdapter (/home/osarugue-enehizena/Documents/code-projects/work/creativeferry/forage/forage-stores-backend/node_modules/jest-circus/build/legacy-code-todo-rewrite/jestAdapter.js:79:19)
    at runTestInternal (/home/osarugue-enehizena/Documents/code-projects/work/creativeferry/forage/forage-stores-backend/node_modules/jest-runner/build/runTest.js:367:16)
    at runTest (/home/osarugue-enehizena/Documents/code-projects/work/creativeferry/forage/forage-stores-backend/node_modules/jest-runner/build/runTest.js:444:34)
    at Object.worker (/home/osarugue-enehizena/Documents/code-projects/work/creativeferry/forage/forage-stores-backend/node_modules/jest-runner/build/testWorker.js:106:12)
----
    at Test._assertStatus (/home/osarugue-enehizena/Documents/code-projects/work/creativeferry/forage/forage-stores-backend/node_modules/supertest/lib/test.js:252:14)
    at /home/osarugue-enehizena/Documents/code-projects/work/creativeferry/forage/forage-stores-backend/node_modules/supertest/lib/test.js:308:13
    at Test._assertFunction (/home/osarugue-enehizena/Documents/code-projects/work/creativeferry/forage/forage-stores-backend/node_modules/supertest/lib/test.js:285:13)
    at Test.assert (/home/osarugue-enehizena/Documents/code-projects/work/creativeferry/forage/forage-stores-backend/node_modules/supertest/lib/test.js:164:23)
    at Server.localAssert (/home/osarugue-enehizena/Documents/code-projects/work/creativeferry/forage/forage-stores-backend/node_modules/supertest/lib/test.js:120:14)
    at Object.onceWrapper (node:events:631:28)
    at Server.emit (node:events:517:28)
    at emitCloseNT (node:net:2215:8)
    at processTicksAndRejections (node:internal/process/task_queues:81:21)</failure>
    </testcase>
    <testcase classname="Admin Module (e2e) Admin Authentication &amp; Registration" name="should not allow non-admin to access admin endpoints" time="0.022">
      <failure>Error: expected 403 &quot;Forbidden&quot;, got 401 &quot;Unauthorized&quot;
    at Object.&lt;anonymous&gt; (/home/osarugue-enehizena/Documents/code-projects/work/creativeferry/forage/forage-stores-backend/test/admin.e2e-spec.ts:149:10)
    at Promise.then.completed (/home/osarugue-enehizena/Documents/code-projects/work/creativeferry/forage/forage-stores-backend/node_modules/jest-circus/build/utils.js:298:28)
    at new Promise (&lt;anonymous&gt;)
    at callAsyncCircusFn (/home/osarugue-enehizena/Documents/code-projects/work/creativeferry/forage/forage-stores-backend/node_modules/jest-circus/build/utils.js:231:10)
    at _callCircusTest (/home/osarugue-enehizena/Documents/code-projects/work/creativeferry/forage/forage-stores-backend/node_modules/jest-circus/build/run.js:316:40)
    at processTicksAndRejections (node:internal/process/task_queues:95:5)
    at _runTest (/home/osarugue-enehizena/Documents/code-projects/work/creativeferry/forage/forage-stores-backend/node_modules/jest-circus/build/run.js:252:3)
    at _runTestsForDescribeBlock (/home/osarugue-enehizena/Documents/code-projects/work/creativeferry/forage/forage-stores-backend/node_modules/jest-circus/build/run.js:126:9)
    at _runTestsForDescribeBlock (/home/osarugue-enehizena/Documents/code-projects/work/creativeferry/forage/forage-stores-backend/node_modules/jest-circus/build/run.js:121:9)
    at _runTestsForDescribeBlock (/home/osarugue-enehizena/Documents/code-projects/work/creativeferry/forage/forage-stores-backend/node_modules/jest-circus/build/run.js:121:9)
    at run (/home/osarugue-enehizena/Documents/code-projects/work/creativeferry/forage/forage-stores-backend/node_modules/jest-circus/build/run.js:71:3)
    at runAndTransformResultsToJestFormat (/home/osarugue-enehizena/Documents/code-projects/work/creativeferry/forage/forage-stores-backend/node_modules/jest-circus/build/legacy-code-todo-rewrite/jestAdapterInit.js:122:21)
    at jestAdapter (/home/osarugue-enehizena/Documents/code-projects/work/creativeferry/forage/forage-stores-backend/node_modules/jest-circus/build/legacy-code-todo-rewrite/jestAdapter.js:79:19)
    at runTestInternal (/home/osarugue-enehizena/Documents/code-projects/work/creativeferry/forage/forage-stores-backend/node_modules/jest-runner/build/runTest.js:367:16)
    at runTest (/home/osarugue-enehizena/Documents/code-projects/work/creativeferry/forage/forage-stores-backend/node_modules/jest-runner/build/runTest.js:444:34)
    at Object.worker (/home/osarugue-enehizena/Documents/code-projects/work/creativeferry/forage/forage-stores-backend/node_modules/jest-runner/build/testWorker.js:106:12)
----
    at Test._assertStatus (/home/osarugue-enehizena/Documents/code-projects/work/creativeferry/forage/forage-stores-backend/node_modules/supertest/lib/test.js:252:14)
    at /home/osarugue-enehizena/Documents/code-projects/work/creativeferry/forage/forage-stores-backend/node_modules/supertest/lib/test.js:308:13
    at Test._assertFunction (/home/osarugue-enehizena/Documents/code-projects/work/creativeferry/forage/forage-stores-backend/node_modules/supertest/lib/test.js:285:13)
    at Test.assert (/home/osarugue-enehizena/Documents/code-projects/work/creativeferry/forage/forage-stores-backend/node_modules/supertest/lib/test.js:164:23)
    at Server.localAssert (/home/osarugue-enehizena/Documents/code-projects/work/creativeferry/forage/forage-stores-backend/node_modules/supertest/lib/test.js:120:14)
    at Object.onceWrapper (node:events:631:28)
    at Server.emit (node:events:517:28)
    at emitCloseNT (node:net:2215:8)
    at processTicksAndRejections (node:internal/process/task_queues:81:21)</failure>
    </testcase>
    <testcase classname="Admin Module (e2e) User Management" name="should get all users (admin only)" time="0.015">
      <failure>Error: expected 200 &quot;OK&quot;, got 401 &quot;Unauthorized&quot;
    at Object.&lt;anonymous&gt; (/home/osarugue-enehizena/Documents/code-projects/work/creativeferry/forage/forage-stores-backend/test/admin.e2e-spec.ts:158:10)
    at Promise.then.completed (/home/osarugue-enehizena/Documents/code-projects/work/creativeferry/forage/forage-stores-backend/node_modules/jest-circus/build/utils.js:298:28)
    at new Promise (&lt;anonymous&gt;)
    at callAsyncCircusFn (/home/osarugue-enehizena/Documents/code-projects/work/creativeferry/forage/forage-stores-backend/node_modules/jest-circus/build/utils.js:231:10)
    at _callCircusTest (/home/osarugue-enehizena/Documents/code-projects/work/creativeferry/forage/forage-stores-backend/node_modules/jest-circus/build/run.js:316:40)
    at processTicksAndRejections (node:internal/process/task_queues:95:5)
    at _runTest (/home/osarugue-enehizena/Documents/code-projects/work/creativeferry/forage/forage-stores-backend/node_modules/jest-circus/build/run.js:252:3)
    at _runTestsForDescribeBlock (/home/osarugue-enehizena/Documents/code-projects/work/creativeferry/forage/forage-stores-backend/node_modules/jest-circus/build/run.js:126:9)
    at _runTestsForDescribeBlock (/home/osarugue-enehizena/Documents/code-projects/work/creativeferry/forage/forage-stores-backend/node_modules/jest-circus/build/run.js:121:9)
    at _runTestsForDescribeBlock (/home/osarugue-enehizena/Documents/code-projects/work/creativeferry/forage/forage-stores-backend/node_modules/jest-circus/build/run.js:121:9)
    at run (/home/osarugue-enehizena/Documents/code-projects/work/creativeferry/forage/forage-stores-backend/node_modules/jest-circus/build/run.js:71:3)
    at runAndTransformResultsToJestFormat (/home/osarugue-enehizena/Documents/code-projects/work/creativeferry/forage/forage-stores-backend/node_modules/jest-circus/build/legacy-code-todo-rewrite/jestAdapterInit.js:122:21)
    at jestAdapter (/home/osarugue-enehizena/Documents/code-projects/work/creativeferry/forage/forage-stores-backend/node_modules/jest-circus/build/legacy-code-todo-rewrite/jestAdapter.js:79:19)
    at runTestInternal (/home/osarugue-enehizena/Documents/code-projects/work/creativeferry/forage/forage-stores-backend/node_modules/jest-runner/build/runTest.js:367:16)
    at runTest (/home/osarugue-enehizena/Documents/code-projects/work/creativeferry/forage/forage-stores-backend/node_modules/jest-runner/build/runTest.js:444:34)
    at Object.worker (/home/osarugue-enehizena/Documents/code-projects/work/creativeferry/forage/forage-stores-backend/node_modules/jest-runner/build/testWorker.js:106:12)
----
    at Test._assertStatus (/home/osarugue-enehizena/Documents/code-projects/work/creativeferry/forage/forage-stores-backend/node_modules/supertest/lib/test.js:252:14)
    at /home/osarugue-enehizena/Documents/code-projects/work/creativeferry/forage/forage-stores-backend/node_modules/supertest/lib/test.js:308:13
    at Test._assertFunction (/home/osarugue-enehizena/Documents/code-projects/work/creativeferry/forage/forage-stores-backend/node_modules/supertest/lib/test.js:285:13)
    at Test.assert (/home/osarugue-enehizena/Documents/code-projects/work/creativeferry/forage/forage-stores-backend/node_modules/supertest/lib/test.js:164:23)
    at Server.localAssert (/home/osarugue-enehizena/Documents/code-projects/work/creativeferry/forage/forage-stores-backend/node_modules/supertest/lib/test.js:120:14)
    at Object.onceWrapper (node:events:631:28)
    at Server.emit (node:events:517:28)
    at emitCloseNT (node:net:2215:8)
    at processTicksAndRejections (node:internal/process/task_queues:81:21)</failure>
    </testcase>
    <testcase classname="Admin Module (e2e) User Management" name="should get user by ID" time="0.007">
      <failure>Error: expected 200 &quot;OK&quot;, got 401 &quot;Unauthorized&quot;
    at Object.&lt;anonymous&gt; (/home/osarugue-enehizena/Documents/code-projects/work/creativeferry/forage/forage-stores-backend/test/admin.e2e-spec.ts:168:10)
    at Promise.then.completed (/home/osarugue-enehizena/Documents/code-projects/work/creativeferry/forage/forage-stores-backend/node_modules/jest-circus/build/utils.js:298:28)
    at new Promise (&lt;anonymous&gt;)
    at callAsyncCircusFn (/home/osarugue-enehizena/Documents/code-projects/work/creativeferry/forage/forage-stores-backend/node_modules/jest-circus/build/utils.js:231:10)
    at _callCircusTest (/home/osarugue-enehizena/Documents/code-projects/work/creativeferry/forage/forage-stores-backend/node_modules/jest-circus/build/run.js:316:40)
    at processTicksAndRejections (node:internal/process/task_queues:95:5)
    at _runTest (/home/osarugue-enehizena/Documents/code-projects/work/creativeferry/forage/forage-stores-backend/node_modules/jest-circus/build/run.js:252:3)
    at _runTestsForDescribeBlock (/home/osarugue-enehizena/Documents/code-projects/work/creativeferry/forage/forage-stores-backend/node_modules/jest-circus/build/run.js:126:9)
    at _runTestsForDescribeBlock (/home/osarugue-enehizena/Documents/code-projects/work/creativeferry/forage/forage-stores-backend/node_modules/jest-circus/build/run.js:121:9)
    at _runTestsForDescribeBlock (/home/osarugue-enehizena/Documents/code-projects/work/creativeferry/forage/forage-stores-backend/node_modules/jest-circus/build/run.js:121:9)
    at run (/home/osarugue-enehizena/Documents/code-projects/work/creativeferry/forage/forage-stores-backend/node_modules/jest-circus/build/run.js:71:3)
    at runAndTransformResultsToJestFormat (/home/osarugue-enehizena/Documents/code-projects/work/creativeferry/forage/forage-stores-backend/node_modules/jest-circus/build/legacy-code-todo-rewrite/jestAdapterInit.js:122:21)
    at jestAdapter (/home/osarugue-enehizena/Documents/code-projects/work/creativeferry/forage/forage-stores-backend/node_modules/jest-circus/build/legacy-code-todo-rewrite/jestAdapter.js:79:19)
    at runTestInternal (/home/osarugue-enehizena/Documents/code-projects/work/creativeferry/forage/forage-stores-backend/node_modules/jest-runner/build/runTest.js:367:16)
    at runTest (/home/osarugue-enehizena/Documents/code-projects/work/creativeferry/forage/forage-stores-backend/node_modules/jest-runner/build/runTest.js:444:34)
    at Object.worker (/home/osarugue-enehizena/Documents/code-projects/work/creativeferry/forage/forage-stores-backend/node_modules/jest-runner/build/testWorker.js:106:12)
----
    at Test._assertStatus (/home/osarugue-enehizena/Documents/code-projects/work/creativeferry/forage/forage-stores-backend/node_modules/supertest/lib/test.js:252:14)
    at /home/osarugue-enehizena/Documents/code-projects/work/creativeferry/forage/forage-stores-backend/node_modules/supertest/lib/test.js:308:13
    at Test._assertFunction (/home/osarugue-enehizena/Documents/code-projects/work/creativeferry/forage/forage-stores-backend/node_modules/supertest/lib/test.js:285:13)
    at Test.assert (/home/osarugue-enehizena/Documents/code-projects/work/creativeferry/forage/forage-stores-backend/node_modules/supertest/lib/test.js:164:23)
    at Server.localAssert (/home/osarugue-enehizena/Documents/code-projects/work/creativeferry/forage/forage-stores-backend/node_modules/supertest/lib/test.js:120:14)
    at Object.onceWrapper (node:events:631:28)
    at Server.emit (node:events:517:28)
    at emitCloseNT (node:net:2215:8)
    at processTicksAndRejections (node:internal/process/task_queues:81:21)</failure>
    </testcase>
    <testcase classname="Admin Module (e2e) User Management" name="should return 404 for non-existent user" time="0.006">
      <failure>Error: expected 404 &quot;Not Found&quot;, got 401 &quot;Unauthorized&quot;
    at Object.&lt;anonymous&gt; (/home/osarugue-enehizena/Documents/code-projects/work/creativeferry/forage/forage-stores-backend/test/admin.e2e-spec.ts:180:10)
    at Promise.then.completed (/home/osarugue-enehizena/Documents/code-projects/work/creativeferry/forage/forage-stores-backend/node_modules/jest-circus/build/utils.js:298:28)
    at new Promise (&lt;anonymous&gt;)
    at callAsyncCircusFn (/home/osarugue-enehizena/Documents/code-projects/work/creativeferry/forage/forage-stores-backend/node_modules/jest-circus/build/utils.js:231:10)
    at _callCircusTest (/home/osarugue-enehizena/Documents/code-projects/work/creativeferry/forage/forage-stores-backend/node_modules/jest-circus/build/run.js:316:40)
    at processTicksAndRejections (node:internal/process/task_queues:95:5)
    at _runTest (/home/osarugue-enehizena/Documents/code-projects/work/creativeferry/forage/forage-stores-backend/node_modules/jest-circus/build/run.js:252:3)
    at _runTestsForDescribeBlock (/home/osarugue-enehizena/Documents/code-projects/work/creativeferry/forage/forage-stores-backend/node_modules/jest-circus/build/run.js:126:9)
    at _runTestsForDescribeBlock (/home/osarugue-enehizena/Documents/code-projects/work/creativeferry/forage/forage-stores-backend/node_modules/jest-circus/build/run.js:121:9)
    at _runTestsForDescribeBlock (/home/osarugue-enehizena/Documents/code-projects/work/creativeferry/forage/forage-stores-backend/node_modules/jest-circus/build/run.js:121:9)
    at run (/home/osarugue-enehizena/Documents/code-projects/work/creativeferry/forage/forage-stores-backend/node_modules/jest-circus/build/run.js:71:3)
    at runAndTransformResultsToJestFormat (/home/osarugue-enehizena/Documents/code-projects/work/creativeferry/forage/forage-stores-backend/node_modules/jest-circus/build/legacy-code-todo-rewrite/jestAdapterInit.js:122:21)
    at jestAdapter (/home/osarugue-enehizena/Documents/code-projects/work/creativeferry/forage/forage-stores-backend/node_modules/jest-circus/build/legacy-code-todo-rewrite/jestAdapter.js:79:19)
    at runTestInternal (/home/osarugue-enehizena/Documents/code-projects/work/creativeferry/forage/forage-stores-backend/node_modules/jest-runner/build/runTest.js:367:16)
    at runTest (/home/osarugue-enehizena/Documents/code-projects/work/creativeferry/forage/forage-stores-backend/node_modules/jest-runner/build/runTest.js:444:34)
    at Object.worker (/home/osarugue-enehizena/Documents/code-projects/work/creativeferry/forage/forage-stores-backend/node_modules/jest-runner/build/testWorker.js:106:12)
----
    at Test._assertStatus (/home/osarugue-enehizena/Documents/code-projects/work/creativeferry/forage/forage-stores-backend/node_modules/supertest/lib/test.js:252:14)
    at /home/osarugue-enehizena/Documents/code-projects/work/creativeferry/forage/forage-stores-backend/node_modules/supertest/lib/test.js:308:13
    at Test._assertFunction (/home/osarugue-enehizena/Documents/code-projects/work/creativeferry/forage/forage-stores-backend/node_modules/supertest/lib/test.js:285:13)
    at Test.assert (/home/osarugue-enehizena/Documents/code-projects/work/creativeferry/forage/forage-stores-backend/node_modules/supertest/lib/test.js:164:23)
    at Server.localAssert (/home/osarugue-enehizena/Documents/code-projects/work/creativeferry/forage/forage-stores-backend/node_modules/supertest/lib/test.js:120:14)
    at Object.onceWrapper (node:events:631:28)
    at Server.emit (node:events:517:28)
    at emitCloseNT (node:net:2215:8)
    at processTicksAndRejections (node:internal/process/task_queues:81:21)</failure>
    </testcase>
    <testcase classname="Admin Module (e2e) Wallet Management" name="should get all wallets" time="0.004">
      <failure>Error: expected 200 &quot;OK&quot;, got 401 &quot;Unauthorized&quot;
    at Object.&lt;anonymous&gt; (/home/osarugue-enehizena/Documents/code-projects/work/creativeferry/forage/forage-stores-backend/test/admin.e2e-spec.ts:200:10)
    at Promise.then.completed (/home/osarugue-enehizena/Documents/code-projects/work/creativeferry/forage/forage-stores-backend/node_modules/jest-circus/build/utils.js:298:28)
    at new Promise (&lt;anonymous&gt;)
    at callAsyncCircusFn (/home/osarugue-enehizena/Documents/code-projects/work/creativeferry/forage/forage-stores-backend/node_modules/jest-circus/build/utils.js:231:10)
    at _callCircusTest (/home/osarugue-enehizena/Documents/code-projects/work/creativeferry/forage/forage-stores-backend/node_modules/jest-circus/build/run.js:316:40)
    at processTicksAndRejections (node:internal/process/task_queues:95:5)
    at _runTest (/home/osarugue-enehizena/Documents/code-projects/work/creativeferry/forage/forage-stores-backend/node_modules/jest-circus/build/run.js:252:3)
    at _runTestsForDescribeBlock (/home/osarugue-enehizena/Documents/code-projects/work/creativeferry/forage/forage-stores-backend/node_modules/jest-circus/build/run.js:126:9)
    at _runTestsForDescribeBlock (/home/osarugue-enehizena/Documents/code-projects/work/creativeferry/forage/forage-stores-backend/node_modules/jest-circus/build/run.js:121:9)
    at _runTestsForDescribeBlock (/home/osarugue-enehizena/Documents/code-projects/work/creativeferry/forage/forage-stores-backend/node_modules/jest-circus/build/run.js:121:9)
    at run (/home/osarugue-enehizena/Documents/code-projects/work/creativeferry/forage/forage-stores-backend/node_modules/jest-circus/build/run.js:71:3)
    at runAndTransformResultsToJestFormat (/home/osarugue-enehizena/Documents/code-projects/work/creativeferry/forage/forage-stores-backend/node_modules/jest-circus/build/legacy-code-todo-rewrite/jestAdapterInit.js:122:21)
    at jestAdapter (/home/osarugue-enehizena/Documents/code-projects/work/creativeferry/forage/forage-stores-backend/node_modules/jest-circus/build/legacy-code-todo-rewrite/jestAdapter.js:79:19)
    at runTestInternal (/home/osarugue-enehizena/Documents/code-projects/work/creativeferry/forage/forage-stores-backend/node_modules/jest-runner/build/runTest.js:367:16)
    at runTest (/home/osarugue-enehizena/Documents/code-projects/work/creativeferry/forage/forage-stores-backend/node_modules/jest-runner/build/runTest.js:444:34)
    at Object.worker (/home/osarugue-enehizena/Documents/code-projects/work/creativeferry/forage/forage-stores-backend/node_modules/jest-runner/build/testWorker.js:106:12)
----
    at Test._assertStatus (/home/osarugue-enehizena/Documents/code-projects/work/creativeferry/forage/forage-stores-backend/node_modules/supertest/lib/test.js:252:14)
    at /home/osarugue-enehizena/Documents/code-projects/work/creativeferry/forage/forage-stores-backend/node_modules/supertest/lib/test.js:308:13
    at Test._assertFunction (/home/osarugue-enehizena/Documents/code-projects/work/creativeferry/forage/forage-stores-backend/node_modules/supertest/lib/test.js:285:13)
    at Test.assert (/home/osarugue-enehizena/Documents/code-projects/work/creativeferry/forage/forage-stores-backend/node_modules/supertest/lib/test.js:164:23)
    at Server.localAssert (/home/osarugue-enehizena/Documents/code-projects/work/creativeferry/forage/forage-stores-backend/node_modules/supertest/lib/test.js:120:14)
    at Object.onceWrapper (node:events:631:28)
    at Server.emit (node:events:517:28)
    at emitCloseNT (node:net:2215:8)
    at processTicksAndRejections (node:internal/process/task_queues:81:21)</failure>
    </testcase>
    <testcase classname="Admin Module (e2e) Wallet Management" name="should get user wallet" time="0.004">
      <failure>Error: expected 200 &quot;OK&quot;, got 401 &quot;Unauthorized&quot;
    at Object.&lt;anonymous&gt; (/home/osarugue-enehizena/Documents/code-projects/work/creativeferry/forage/forage-stores-backend/test/admin.e2e-spec.ts:209:10)
    at Promise.then.completed (/home/osarugue-enehizena/Documents/code-projects/work/creativeferry/forage/forage-stores-backend/node_modules/jest-circus/build/utils.js:298:28)
    at new Promise (&lt;anonymous&gt;)
    at callAsyncCircusFn (/home/osarugue-enehizena/Documents/code-projects/work/creativeferry/forage/forage-stores-backend/node_modules/jest-circus/build/utils.js:231:10)
    at _callCircusTest (/home/osarugue-enehizena/Documents/code-projects/work/creativeferry/forage/forage-stores-backend/node_modules/jest-circus/build/run.js:316:40)
    at processTicksAndRejections (node:internal/process/task_queues:95:5)
    at _runTest (/home/osarugue-enehizena/Documents/code-projects/work/creativeferry/forage/forage-stores-backend/node_modules/jest-circus/build/run.js:252:3)
    at _runTestsForDescribeBlock (/home/osarugue-enehizena/Documents/code-projects/work/creativeferry/forage/forage-stores-backend/node_modules/jest-circus/build/run.js:126:9)
    at _runTestsForDescribeBlock (/home/osarugue-enehizena/Documents/code-projects/work/creativeferry/forage/forage-stores-backend/node_modules/jest-circus/build/run.js:121:9)
    at _runTestsForDescribeBlock (/home/osarugue-enehizena/Documents/code-projects/work/creativeferry/forage/forage-stores-backend/node_modules/jest-circus/build/run.js:121:9)
    at run (/home/osarugue-enehizena/Documents/code-projects/work/creativeferry/forage/forage-stores-backend/node_modules/jest-circus/build/run.js:71:3)
    at runAndTransformResultsToJestFormat (/home/osarugue-enehizena/Documents/code-projects/work/creativeferry/forage/forage-stores-backend/node_modules/jest-circus/build/legacy-code-todo-rewrite/jestAdapterInit.js:122:21)
    at jestAdapter (/home/osarugue-enehizena/Documents/code-projects/work/creativeferry/forage/forage-stores-backend/node_modules/jest-circus/build/legacy-code-todo-rewrite/jestAdapter.js:79:19)
    at runTestInternal (/home/osarugue-enehizena/Documents/code-projects/work/creativeferry/forage/forage-stores-backend/node_modules/jest-runner/build/runTest.js:367:16)
    at runTest (/home/osarugue-enehizena/Documents/code-projects/work/creativeferry/forage/forage-stores-backend/node_modules/jest-runner/build/runTest.js:444:34)
    at Object.worker (/home/osarugue-enehizena/Documents/code-projects/work/creativeferry/forage/forage-stores-backend/node_modules/jest-runner/build/testWorker.js:106:12)
----
    at Test._assertStatus (/home/osarugue-enehizena/Documents/code-projects/work/creativeferry/forage/forage-stores-backend/node_modules/supertest/lib/test.js:252:14)
    at /home/osarugue-enehizena/Documents/code-projects/work/creativeferry/forage/forage-stores-backend/node_modules/supertest/lib/test.js:308:13
    at Test._assertFunction (/home/osarugue-enehizena/Documents/code-projects/work/creativeferry/forage/forage-stores-backend/node_modules/supertest/lib/test.js:285:13)
    at Test.assert (/home/osarugue-enehizena/Documents/code-projects/work/creativeferry/forage/forage-stores-backend/node_modules/supertest/lib/test.js:164:23)
    at Server.localAssert (/home/osarugue-enehizena/Documents/code-projects/work/creativeferry/forage/forage-stores-backend/node_modules/supertest/lib/test.js:120:14)
    at Object.onceWrapper (node:events:631:28)
    at Server.emit (node:events:517:28)
    at emitCloseNT (node:net:2215:8)
    at processTicksAndRejections (node:internal/process/task_queues:81:21)</failure>
    </testcase>
    <testcase classname="Admin Module (e2e) Wallet Management" name="should fund user wallet with valid admin password" time="0.005">
      <failure>Error: expected 201 &quot;Created&quot;, got 401 &quot;Unauthorized&quot;
    at Object.&lt;anonymous&gt; (/home/osarugue-enehizena/Documents/code-projects/work/creativeferry/forage/forage-stores-backend/test/admin.e2e-spec.ts:229:10)
    at Promise.then.completed (/home/osarugue-enehizena/Documents/code-projects/work/creativeferry/forage/forage-stores-backend/node_modules/jest-circus/build/utils.js:298:28)
    at new Promise (&lt;anonymous&gt;)
    at callAsyncCircusFn (/home/osarugue-enehizena/Documents/code-projects/work/creativeferry/forage/forage-stores-backend/node_modules/jest-circus/build/utils.js:231:10)
    at _callCircusTest (/home/osarugue-enehizena/Documents/code-projects/work/creativeferry/forage/forage-stores-backend/node_modules/jest-circus/build/run.js:316:40)
    at processTicksAndRejections (node:internal/process/task_queues:95:5)
    at _runTest (/home/osarugue-enehizena/Documents/code-projects/work/creativeferry/forage/forage-stores-backend/node_modules/jest-circus/build/run.js:252:3)
    at _runTestsForDescribeBlock (/home/osarugue-enehizena/Documents/code-projects/work/creativeferry/forage/forage-stores-backend/node_modules/jest-circus/build/run.js:126:9)
    at _runTestsForDescribeBlock (/home/osarugue-enehizena/Documents/code-projects/work/creativeferry/forage/forage-stores-backend/node_modules/jest-circus/build/run.js:121:9)
    at _runTestsForDescribeBlock (/home/osarugue-enehizena/Documents/code-projects/work/creativeferry/forage/forage-stores-backend/node_modules/jest-circus/build/run.js:121:9)
    at run (/home/osarugue-enehizena/Documents/code-projects/work/creativeferry/forage/forage-stores-backend/node_modules/jest-circus/build/run.js:71:3)
    at runAndTransformResultsToJestFormat (/home/osarugue-enehizena/Documents/code-projects/work/creativeferry/forage/forage-stores-backend/node_modules/jest-circus/build/legacy-code-todo-rewrite/jestAdapterInit.js:122:21)
    at jestAdapter (/home/osarugue-enehizena/Documents/code-projects/work/creativeferry/forage/forage-stores-backend/node_modules/jest-circus/build/legacy-code-todo-rewrite/jestAdapter.js:79:19)
    at runTestInternal (/home/osarugue-enehizena/Documents/code-projects/work/creativeferry/forage/forage-stores-backend/node_modules/jest-runner/build/runTest.js:367:16)
    at runTest (/home/osarugue-enehizena/Documents/code-projects/work/creativeferry/forage/forage-stores-backend/node_modules/jest-runner/build/runTest.js:444:34)
    at Object.worker (/home/osarugue-enehizena/Documents/code-projects/work/creativeferry/forage/forage-stores-backend/node_modules/jest-runner/build/testWorker.js:106:12)
----
    at Test._assertStatus (/home/osarugue-enehizena/Documents/code-projects/work/creativeferry/forage/forage-stores-backend/node_modules/supertest/lib/test.js:252:14)
    at /home/osarugue-enehizena/Documents/code-projects/work/creativeferry/forage/forage-stores-backend/node_modules/supertest/lib/test.js:308:13
    at Test._assertFunction (/home/osarugue-enehizena/Documents/code-projects/work/creativeferry/forage/forage-stores-backend/node_modules/supertest/lib/test.js:285:13)
    at Test.assert (/home/osarugue-enehizena/Documents/code-projects/work/creativeferry/forage/forage-stores-backend/node_modules/supertest/lib/test.js:164:23)
    at Server.localAssert (/home/osarugue-enehizena/Documents/code-projects/work/creativeferry/forage/forage-stores-backend/node_modules/supertest/lib/test.js:120:14)
    at Object.onceWrapper (node:events:631:28)
    at Server.emit (node:events:517:28)
    at emitCloseNT (node:net:2215:8)
    at processTicksAndRejections (node:internal/process/task_queues:81:21)</failure>
    </testcase>
    <testcase classname="Admin Module (e2e) Wallet Management" name="should not fund wallet with invalid admin password" time="0.004">
    </testcase>
    <testcase classname="Admin Module (e2e) Wallet Management" name="should wipe user wallet with valid admin password" time="0.005">
      <failure>Error: expected 201 &quot;Created&quot;, got 401 &quot;Unauthorized&quot;
    at Object.&lt;anonymous&gt; (/home/osarugue-enehizena/Documents/code-projects/work/creativeferry/forage/forage-stores-backend/test/admin.e2e-spec.ts:263:10)
    at Promise.then.completed (/home/osarugue-enehizena/Documents/code-projects/work/creativeferry/forage/forage-stores-backend/node_modules/jest-circus/build/utils.js:298:28)
    at new Promise (&lt;anonymous&gt;)
    at callAsyncCircusFn (/home/osarugue-enehizena/Documents/code-projects/work/creativeferry/forage/forage-stores-backend/node_modules/jest-circus/build/utils.js:231:10)
    at _callCircusTest (/home/osarugue-enehizena/Documents/code-projects/work/creativeferry/forage/forage-stores-backend/node_modules/jest-circus/build/run.js:316:40)
    at processTicksAndRejections (node:internal/process/task_queues:95:5)
    at _runTest (/home/osarugue-enehizena/Documents/code-projects/work/creativeferry/forage/forage-stores-backend/node_modules/jest-circus/build/run.js:252:3)
    at _runTestsForDescribeBlock (/home/osarugue-enehizena/Documents/code-projects/work/creativeferry/forage/forage-stores-backend/node_modules/jest-circus/build/run.js:126:9)
    at _runTestsForDescribeBlock (/home/osarugue-enehizena/Documents/code-projects/work/creativeferry/forage/forage-stores-backend/node_modules/jest-circus/build/run.js:121:9)
    at _runTestsForDescribeBlock (/home/osarugue-enehizena/Documents/code-projects/work/creativeferry/forage/forage-stores-backend/node_modules/jest-circus/build/run.js:121:9)
    at run (/home/osarugue-enehizena/Documents/code-projects/work/creativeferry/forage/forage-stores-backend/node_modules/jest-circus/build/run.js:71:3)
    at runAndTransformResultsToJestFormat (/home/osarugue-enehizena/Documents/code-projects/work/creativeferry/forage/forage-stores-backend/node_modules/jest-circus/build/legacy-code-todo-rewrite/jestAdapterInit.js:122:21)
    at jestAdapter (/home/osarugue-enehizena/Documents/code-projects/work/creativeferry/forage/forage-stores-backend/node_modules/jest-circus/build/legacy-code-todo-rewrite/jestAdapter.js:79:19)
    at runTestInternal (/home/osarugue-enehizena/Documents/code-projects/work/creativeferry/forage/forage-stores-backend/node_modules/jest-runner/build/runTest.js:367:16)
    at runTest (/home/osarugue-enehizena/Documents/code-projects/work/creativeferry/forage/forage-stores-backend/node_modules/jest-runner/build/runTest.js:444:34)
    at Object.worker (/home/osarugue-enehizena/Documents/code-projects/work/creativeferry/forage/forage-stores-backend/node_modules/jest-runner/build/testWorker.js:106:12)
----
    at Test._assertStatus (/home/osarugue-enehizena/Documents/code-projects/work/creativeferry/forage/forage-stores-backend/node_modules/supertest/lib/test.js:252:14)
    at /home/osarugue-enehizena/Documents/code-projects/work/creativeferry/forage/forage-stores-backend/node_modules/supertest/lib/test.js:308:13
    at Test._assertFunction (/home/osarugue-enehizena/Documents/code-projects/work/creativeferry/forage/forage-stores-backend/node_modules/supertest/lib/test.js:285:13)
    at Test.assert (/home/osarugue-enehizena/Documents/code-projects/work/creativeferry/forage/forage-stores-backend/node_modules/supertest/lib/test.js:164:23)
    at Server.localAssert (/home/osarugue-enehizena/Documents/code-projects/work/creativeferry/forage/forage-stores-backend/node_modules/supertest/lib/test.js:120:14)
    at Object.onceWrapper (node:events:631:28)
    at Server.emit (node:events:517:28)
    at emitCloseNT (node:net:2215:8)
    at processTicksAndRejections (node:internal/process/task_queues:81:21)</failure>
    </testcase>
    <testcase classname="Admin Module (e2e) Analytics Management" name="should get orders analytics" time="0.006">
      <failure>Error: expected 200 &quot;OK&quot;, got 401 &quot;Unauthorized&quot;
    at Object.&lt;anonymous&gt; (/home/osarugue-enehizena/Documents/code-projects/work/creativeferry/forage/forage-stores-backend/test/admin.e2e-spec.ts:279:10)
    at Promise.then.completed (/home/osarugue-enehizena/Documents/code-projects/work/creativeferry/forage/forage-stores-backend/node_modules/jest-circus/build/utils.js:298:28)
    at new Promise (&lt;anonymous&gt;)
    at callAsyncCircusFn (/home/osarugue-enehizena/Documents/code-projects/work/creativeferry/forage/forage-stores-backend/node_modules/jest-circus/build/utils.js:231:10)
    at _callCircusTest (/home/osarugue-enehizena/Documents/code-projects/work/creativeferry/forage/forage-stores-backend/node_modules/jest-circus/build/run.js:316:40)
    at processTicksAndRejections (node:internal/process/task_queues:95:5)
    at _runTest (/home/osarugue-enehizena/Documents/code-projects/work/creativeferry/forage/forage-stores-backend/node_modules/jest-circus/build/run.js:252:3)
    at _runTestsForDescribeBlock (/home/osarugue-enehizena/Documents/code-projects/work/creativeferry/forage/forage-stores-backend/node_modules/jest-circus/build/run.js:126:9)
    at _runTestsForDescribeBlock (/home/osarugue-enehizena/Documents/code-projects/work/creativeferry/forage/forage-stores-backend/node_modules/jest-circus/build/run.js:121:9)
    at _runTestsForDescribeBlock (/home/osarugue-enehizena/Documents/code-projects/work/creativeferry/forage/forage-stores-backend/node_modules/jest-circus/build/run.js:121:9)
    at run (/home/osarugue-enehizena/Documents/code-projects/work/creativeferry/forage/forage-stores-backend/node_modules/jest-circus/build/run.js:71:3)
    at runAndTransformResultsToJestFormat (/home/osarugue-enehizena/Documents/code-projects/work/creativeferry/forage/forage-stores-backend/node_modules/jest-circus/build/legacy-code-todo-rewrite/jestAdapterInit.js:122:21)
    at jestAdapter (/home/osarugue-enehizena/Documents/code-projects/work/creativeferry/forage/forage-stores-backend/node_modules/jest-circus/build/legacy-code-todo-rewrite/jestAdapter.js:79:19)
    at runTestInternal (/home/osarugue-enehizena/Documents/code-projects/work/creativeferry/forage/forage-stores-backend/node_modules/jest-runner/build/runTest.js:367:16)
    at runTest (/home/osarugue-enehizena/Documents/code-projects/work/creativeferry/forage/forage-stores-backend/node_modules/jest-runner/build/runTest.js:444:34)
    at Object.worker (/home/osarugue-enehizena/Documents/code-projects/work/creativeferry/forage/forage-stores-backend/node_modules/jest-runner/build/testWorker.js:106:12)
----
    at Test._assertStatus (/home/osarugue-enehizena/Documents/code-projects/work/creativeferry/forage/forage-stores-backend/node_modules/supertest/lib/test.js:252:14)
    at /home/osarugue-enehizena/Documents/code-projects/work/creativeferry/forage/forage-stores-backend/node_modules/supertest/lib/test.js:308:13
    at Test._assertFunction (/home/osarugue-enehizena/Documents/code-projects/work/creativeferry/forage/forage-stores-backend/node_modules/supertest/lib/test.js:285:13)
    at Test.assert (/home/osarugue-enehizena/Documents/code-projects/work/creativeferry/forage/forage-stores-backend/node_modules/supertest/lib/test.js:164:23)
    at Server.localAssert (/home/osarugue-enehizena/Documents/code-projects/work/creativeferry/forage/forage-stores-backend/node_modules/supertest/lib/test.js:120:14)
    at Object.onceWrapper (node:events:631:28)
    at Server.emit (node:events:517:28)
    at emitCloseNT (node:net:2215:8)
    at processTicksAndRejections (node:internal/process/task_queues:81:21)</failure>
    </testcase>
    <testcase classname="Admin Module (e2e) Analytics Management" name="should get subscription analytics" time="0.005">
      <failure>Error: expected 200 &quot;OK&quot;, got 401 &quot;Unauthorized&quot;
    at Object.&lt;anonymous&gt; (/home/osarugue-enehizena/Documents/code-projects/work/creativeferry/forage/forage-stores-backend/test/admin.e2e-spec.ts:294:10)
    at Promise.then.completed (/home/osarugue-enehizena/Documents/code-projects/work/creativeferry/forage/forage-stores-backend/node_modules/jest-circus/build/utils.js:298:28)
    at new Promise (&lt;anonymous&gt;)
    at callAsyncCircusFn (/home/osarugue-enehizena/Documents/code-projects/work/creativeferry/forage/forage-stores-backend/node_modules/jest-circus/build/utils.js:231:10)
    at _callCircusTest (/home/osarugue-enehizena/Documents/code-projects/work/creativeferry/forage/forage-stores-backend/node_modules/jest-circus/build/run.js:316:40)
    at processTicksAndRejections (node:internal/process/task_queues:95:5)
    at _runTest (/home/osarugue-enehizena/Documents/code-projects/work/creativeferry/forage/forage-stores-backend/node_modules/jest-circus/build/run.js:252:3)
    at _runTestsForDescribeBlock (/home/osarugue-enehizena/Documents/code-projects/work/creativeferry/forage/forage-stores-backend/node_modules/jest-circus/build/run.js:126:9)
    at _runTestsForDescribeBlock (/home/osarugue-enehizena/Documents/code-projects/work/creativeferry/forage/forage-stores-backend/node_modules/jest-circus/build/run.js:121:9)
    at _runTestsForDescribeBlock (/home/osarugue-enehizena/Documents/code-projects/work/creativeferry/forage/forage-stores-backend/node_modules/jest-circus/build/run.js:121:9)
    at run (/home/osarugue-enehizena/Documents/code-projects/work/creativeferry/forage/forage-stores-backend/node_modules/jest-circus/build/run.js:71:3)
    at runAndTransformResultsToJestFormat (/home/osarugue-enehizena/Documents/code-projects/work/creativeferry/forage/forage-stores-backend/node_modules/jest-circus/build/legacy-code-todo-rewrite/jestAdapterInit.js:122:21)
    at jestAdapter (/home/osarugue-enehizena/Documents/code-projects/work/creativeferry/forage/forage-stores-backend/node_modules/jest-circus/build/legacy-code-todo-rewrite/jestAdapter.js:79:19)
    at runTestInternal (/home/osarugue-enehizena/Documents/code-projects/work/creativeferry/forage/forage-stores-backend/node_modules/jest-runner/build/runTest.js:367:16)
    at runTest (/home/osarugue-enehizena/Documents/code-projects/work/creativeferry/forage/forage-stores-backend/node_modules/jest-runner/build/runTest.js:444:34)
    at Object.worker (/home/osarugue-enehizena/Documents/code-projects/work/creativeferry/forage/forage-stores-backend/node_modules/jest-runner/build/testWorker.js:106:12)
----
    at Test._assertStatus (/home/osarugue-enehizena/Documents/code-projects/work/creativeferry/forage/forage-stores-backend/node_modules/supertest/lib/test.js:252:14)
    at /home/osarugue-enehizena/Documents/code-projects/work/creativeferry/forage/forage-stores-backend/node_modules/supertest/lib/test.js:308:13
    at Test._assertFunction (/home/osarugue-enehizena/Documents/code-projects/work/creativeferry/forage/forage-stores-backend/node_modules/supertest/lib/test.js:285:13)
    at Test.assert (/home/osarugue-enehizena/Documents/code-projects/work/creativeferry/forage/forage-stores-backend/node_modules/supertest/lib/test.js:164:23)
    at Server.localAssert (/home/osarugue-enehizena/Documents/code-projects/work/creativeferry/forage/forage-stores-backend/node_modules/supertest/lib/test.js:120:14)
    at Object.onceWrapper (node:events:631:28)
    at Server.emit (node:events:517:28)
    at emitCloseNT (node:net:2215:8)
    at processTicksAndRejections (node:internal/process/task_queues:81:21)</failure>
    </testcase>
    <testcase classname="Admin Module (e2e) Analytics Management" name="should get commission analytics" time="0.005">
      <failure>Error: expected 200 &quot;OK&quot;, got 401 &quot;Unauthorized&quot;
    at Object.&lt;anonymous&gt; (/home/osarugue-enehizena/Documents/code-projects/work/creativeferry/forage/forage-stores-backend/test/admin.e2e-spec.ts:308:10)
    at Promise.then.completed (/home/osarugue-enehizena/Documents/code-projects/work/creativeferry/forage/forage-stores-backend/node_modules/jest-circus/build/utils.js:298:28)
    at new Promise (&lt;anonymous&gt;)
    at callAsyncCircusFn (/home/osarugue-enehizena/Documents/code-projects/work/creativeferry/forage/forage-stores-backend/node_modules/jest-circus/build/utils.js:231:10)
    at _callCircusTest (/home/osarugue-enehizena/Documents/code-projects/work/creativeferry/forage/forage-stores-backend/node_modules/jest-circus/build/run.js:316:40)
    at processTicksAndRejections (node:internal/process/task_queues:95:5)
    at _runTest (/home/osarugue-enehizena/Documents/code-projects/work/creativeferry/forage/forage-stores-backend/node_modules/jest-circus/build/run.js:252:3)
    at _runTestsForDescribeBlock (/home/osarugue-enehizena/Documents/code-projects/work/creativeferry/forage/forage-stores-backend/node_modules/jest-circus/build/run.js:126:9)
    at _runTestsForDescribeBlock (/home/osarugue-enehizena/Documents/code-projects/work/creativeferry/forage/forage-stores-backend/node_modules/jest-circus/build/run.js:121:9)
    at _runTestsForDescribeBlock (/home/osarugue-enehizena/Documents/code-projects/work/creativeferry/forage/forage-stores-backend/node_modules/jest-circus/build/run.js:121:9)
    at run (/home/osarugue-enehizena/Documents/code-projects/work/creativeferry/forage/forage-stores-backend/node_modules/jest-circus/build/run.js:71:3)
    at runAndTransformResultsToJestFormat (/home/osarugue-enehizena/Documents/code-projects/work/creativeferry/forage/forage-stores-backend/node_modules/jest-circus/build/legacy-code-todo-rewrite/jestAdapterInit.js:122:21)
    at jestAdapter (/home/osarugue-enehizena/Documents/code-projects/work/creativeferry/forage/forage-stores-backend/node_modules/jest-circus/build/legacy-code-todo-rewrite/jestAdapter.js:79:19)
    at runTestInternal (/home/osarugue-enehizena/Documents/code-projects/work/creativeferry/forage/forage-stores-backend/node_modules/jest-runner/build/runTest.js:367:16)
    at runTest (/home/osarugue-enehizena/Documents/code-projects/work/creativeferry/forage/forage-stores-backend/node_modules/jest-runner/build/runTest.js:444:34)
    at Object.worker (/home/osarugue-enehizena/Documents/code-projects/work/creativeferry/forage/forage-stores-backend/node_modules/jest-runner/build/testWorker.js:106:12)
----
    at Test._assertStatus (/home/osarugue-enehizena/Documents/code-projects/work/creativeferry/forage/forage-stores-backend/node_modules/supertest/lib/test.js:252:14)
    at /home/osarugue-enehizena/Documents/code-projects/work/creativeferry/forage/forage-stores-backend/node_modules/supertest/lib/test.js:308:13
    at Test._assertFunction (/home/osarugue-enehizena/Documents/code-projects/work/creativeferry/forage/forage-stores-backend/node_modules/supertest/lib/test.js:285:13)
    at Test.assert (/home/osarugue-enehizena/Documents/code-projects/work/creativeferry/forage/forage-stores-backend/node_modules/supertest/lib/test.js:164:23)
    at Server.localAssert (/home/osarugue-enehizena/Documents/code-projects/work/creativeferry/forage/forage-stores-backend/node_modules/supertest/lib/test.js:120:14)
    at Object.onceWrapper (node:events:631:28)
    at Server.emit (node:events:517:28)
    at emitCloseNT (node:net:2215:8)
    at processTicksAndRejections (node:internal/process/task_queues:81:21)</failure>
    </testcase>
    <testcase classname="Admin Module (e2e) Analytics Management" name="should filter analytics by date range" time="0.004">
      <failure>Error: expected 200 &quot;OK&quot;, got 401 &quot;Unauthorized&quot;
    at Object.&lt;anonymous&gt; (/home/osarugue-enehizena/Documents/code-projects/work/creativeferry/forage/forage-stores-backend/test/admin.e2e-spec.ts:322:10)
    at Promise.then.completed (/home/osarugue-enehizena/Documents/code-projects/work/creativeferry/forage/forage-stores-backend/node_modules/jest-circus/build/utils.js:298:28)
    at new Promise (&lt;anonymous&gt;)
    at callAsyncCircusFn (/home/osarugue-enehizena/Documents/code-projects/work/creativeferry/forage/forage-stores-backend/node_modules/jest-circus/build/utils.js:231:10)
    at _callCircusTest (/home/osarugue-enehizena/Documents/code-projects/work/creativeferry/forage/forage-stores-backend/node_modules/jest-circus/build/run.js:316:40)
    at processTicksAndRejections (node:internal/process/task_queues:95:5)
    at _runTest (/home/osarugue-enehizena/Documents/code-projects/work/creativeferry/forage/forage-stores-backend/node_modules/jest-circus/build/run.js:252:3)
    at _runTestsForDescribeBlock (/home/osarugue-enehizena/Documents/code-projects/work/creativeferry/forage/forage-stores-backend/node_modules/jest-circus/build/run.js:126:9)
    at _runTestsForDescribeBlock (/home/osarugue-enehizena/Documents/code-projects/work/creativeferry/forage/forage-stores-backend/node_modules/jest-circus/build/run.js:121:9)
    at _runTestsForDescribeBlock (/home/osarugue-enehizena/Documents/code-projects/work/creativeferry/forage/forage-stores-backend/node_modules/jest-circus/build/run.js:121:9)
    at run (/home/osarugue-enehizena/Documents/code-projects/work/creativeferry/forage/forage-stores-backend/node_modules/jest-circus/build/run.js:71:3)
    at runAndTransformResultsToJestFormat (/home/osarugue-enehizena/Documents/code-projects/work/creativeferry/forage/forage-stores-backend/node_modules/jest-circus/build/legacy-code-todo-rewrite/jestAdapterInit.js:122:21)
    at jestAdapter (/home/osarugue-enehizena/Documents/code-projects/work/creativeferry/forage/forage-stores-backend/node_modules/jest-circus/build/legacy-code-todo-rewrite/jestAdapter.js:79:19)
    at runTestInternal (/home/osarugue-enehizena/Documents/code-projects/work/creativeferry/forage/forage-stores-backend/node_modules/jest-runner/build/runTest.js:367:16)
    at runTest (/home/osarugue-enehizena/Documents/code-projects/work/creativeferry/forage/forage-stores-backend/node_modules/jest-runner/build/runTest.js:444:34)
    at Object.worker (/home/osarugue-enehizena/Documents/code-projects/work/creativeferry/forage/forage-stores-backend/node_modules/jest-runner/build/testWorker.js:106:12)
----
    at Test._assertStatus (/home/osarugue-enehizena/Documents/code-projects/work/creativeferry/forage/forage-stores-backend/node_modules/supertest/lib/test.js:252:14)
    at /home/osarugue-enehizena/Documents/code-projects/work/creativeferry/forage/forage-stores-backend/node_modules/supertest/lib/test.js:308:13
    at Test._assertFunction (/home/osarugue-enehizena/Documents/code-projects/work/creativeferry/forage/forage-stores-backend/node_modules/supertest/lib/test.js:285:13)
    at Test.assert (/home/osarugue-enehizena/Documents/code-projects/work/creativeferry/forage/forage-stores-backend/node_modules/supertest/lib/test.js:164:23)
    at Server.localAssert (/home/osarugue-enehizena/Documents/code-projects/work/creativeferry/forage/forage-stores-backend/node_modules/supertest/lib/test.js:120:14)
    at Object.onceWrapper (node:events:631:28)
    at Server.emit (node:events:517:28)
    at emitCloseNT (node:net:2215:8)
    at processTicksAndRejections (node:internal/process/task_queues:81:21)</failure>
    </testcase>
    <testcase classname="Admin Module (e2e) Category Management" name="should create a new category" time="0.005">
      <failure>Error: expected 201 &quot;Created&quot;, got 401 &quot;Unauthorized&quot;
    at Object.&lt;anonymous&gt; (/home/osarugue-enehizena/Documents/code-projects/work/creativeferry/forage/forage-stores-backend/test/admin.e2e-spec.ts:335:10)
    at Promise.then.completed (/home/osarugue-enehizena/Documents/code-projects/work/creativeferry/forage/forage-stores-backend/node_modules/jest-circus/build/utils.js:298:28)
    at new Promise (&lt;anonymous&gt;)
    at callAsyncCircusFn (/home/osarugue-enehizena/Documents/code-projects/work/creativeferry/forage/forage-stores-backend/node_modules/jest-circus/build/utils.js:231:10)
    at _callCircusTest (/home/osarugue-enehizena/Documents/code-projects/work/creativeferry/forage/forage-stores-backend/node_modules/jest-circus/build/run.js:316:40)
    at processTicksAndRejections (node:internal/process/task_queues:95:5)
    at _runTest (/home/osarugue-enehizena/Documents/code-projects/work/creativeferry/forage/forage-stores-backend/node_modules/jest-circus/build/run.js:252:3)
    at _runTestsForDescribeBlock (/home/osarugue-enehizena/Documents/code-projects/work/creativeferry/forage/forage-stores-backend/node_modules/jest-circus/build/run.js:126:9)
    at _runTestsForDescribeBlock (/home/osarugue-enehizena/Documents/code-projects/work/creativeferry/forage/forage-stores-backend/node_modules/jest-circus/build/run.js:121:9)
    at _runTestsForDescribeBlock (/home/osarugue-enehizena/Documents/code-projects/work/creativeferry/forage/forage-stores-backend/node_modules/jest-circus/build/run.js:121:9)
    at run (/home/osarugue-enehizena/Documents/code-projects/work/creativeferry/forage/forage-stores-backend/node_modules/jest-circus/build/run.js:71:3)
    at runAndTransformResultsToJestFormat (/home/osarugue-enehizena/Documents/code-projects/work/creativeferry/forage/forage-stores-backend/node_modules/jest-circus/build/legacy-code-todo-rewrite/jestAdapterInit.js:122:21)
    at jestAdapter (/home/osarugue-enehizena/Documents/code-projects/work/creativeferry/forage/forage-stores-backend/node_modules/jest-circus/build/legacy-code-todo-rewrite/jestAdapter.js:79:19)
    at runTestInternal (/home/osarugue-enehizena/Documents/code-projects/work/creativeferry/forage/forage-stores-backend/node_modules/jest-runner/build/runTest.js:367:16)
    at runTest (/home/osarugue-enehizena/Documents/code-projects/work/creativeferry/forage/forage-stores-backend/node_modules/jest-runner/build/runTest.js:444:34)
    at Object.worker (/home/osarugue-enehizena/Documents/code-projects/work/creativeferry/forage/forage-stores-backend/node_modules/jest-runner/build/testWorker.js:106:12)
----
    at Test._assertStatus (/home/osarugue-enehizena/Documents/code-projects/work/creativeferry/forage/forage-stores-backend/node_modules/supertest/lib/test.js:252:14)
    at /home/osarugue-enehizena/Documents/code-projects/work/creativeferry/forage/forage-stores-backend/node_modules/supertest/lib/test.js:308:13
    at Test._assertFunction (/home/osarugue-enehizena/Documents/code-projects/work/creativeferry/forage/forage-stores-backend/node_modules/supertest/lib/test.js:285:13)
    at Test.assert (/home/osarugue-enehizena/Documents/code-projects/work/creativeferry/forage/forage-stores-backend/node_modules/supertest/lib/test.js:164:23)
    at Server.localAssert (/home/osarugue-enehizena/Documents/code-projects/work/creativeferry/forage/forage-stores-backend/node_modules/supertest/lib/test.js:120:14)
    at Object.onceWrapper (node:events:631:28)
    at Server.emit (node:events:517:28)
    at emitCloseNT (node:net:2215:8)
    at processTicksAndRejections (node:internal/process/task_queues:81:21)</failure>
    </testcase>
    <testcase classname="Admin Module (e2e) Category Management" name="should get all categories" time="0.003">
      <failure>Error: expected 200 &quot;OK&quot;, got 401 &quot;Unauthorized&quot;
    at Object.&lt;anonymous&gt; (/home/osarugue-enehizena/Documents/code-projects/work/creativeferry/forage/forage-stores-backend/test/admin.e2e-spec.ts:348:10)
    at Promise.then.completed (/home/osarugue-enehizena/Documents/code-projects/work/creativeferry/forage/forage-stores-backend/node_modules/jest-circus/build/utils.js:298:28)
    at new Promise (&lt;anonymous&gt;)
    at callAsyncCircusFn (/home/osarugue-enehizena/Documents/code-projects/work/creativeferry/forage/forage-stores-backend/node_modules/jest-circus/build/utils.js:231:10)
    at _callCircusTest (/home/osarugue-enehizena/Documents/code-projects/work/creativeferry/forage/forage-stores-backend/node_modules/jest-circus/build/run.js:316:40)
    at processTicksAndRejections (node:internal/process/task_queues:95:5)
    at _runTest (/home/osarugue-enehizena/Documents/code-projects/work/creativeferry/forage/forage-stores-backend/node_modules/jest-circus/build/run.js:252:3)
    at _runTestsForDescribeBlock (/home/osarugue-enehizena/Documents/code-projects/work/creativeferry/forage/forage-stores-backend/node_modules/jest-circus/build/run.js:126:9)
    at _runTestsForDescribeBlock (/home/osarugue-enehizena/Documents/code-projects/work/creativeferry/forage/forage-stores-backend/node_modules/jest-circus/build/run.js:121:9)
    at _runTestsForDescribeBlock (/home/osarugue-enehizena/Documents/code-projects/work/creativeferry/forage/forage-stores-backend/node_modules/jest-circus/build/run.js:121:9)
    at run (/home/osarugue-enehizena/Documents/code-projects/work/creativeferry/forage/forage-stores-backend/node_modules/jest-circus/build/run.js:71:3)
    at runAndTransformResultsToJestFormat (/home/osarugue-enehizena/Documents/code-projects/work/creativeferry/forage/forage-stores-backend/node_modules/jest-circus/build/legacy-code-todo-rewrite/jestAdapterInit.js:122:21)
    at jestAdapter (/home/osarugue-enehizena/Documents/code-projects/work/creativeferry/forage/forage-stores-backend/node_modules/jest-circus/build/legacy-code-todo-rewrite/jestAdapter.js:79:19)
    at runTestInternal (/home/osarugue-enehizena/Documents/code-projects/work/creativeferry/forage/forage-stores-backend/node_modules/jest-runner/build/runTest.js:367:16)
    at runTest (/home/osarugue-enehizena/Documents/code-projects/work/creativeferry/forage/forage-stores-backend/node_modules/jest-runner/build/runTest.js:444:34)
    at Object.worker (/home/osarugue-enehizena/Documents/code-projects/work/creativeferry/forage/forage-stores-backend/node_modules/jest-runner/build/testWorker.js:106:12)
----
    at Test._assertStatus (/home/osarugue-enehizena/Documents/code-projects/work/creativeferry/forage/forage-stores-backend/node_modules/supertest/lib/test.js:252:14)
    at /home/osarugue-enehizena/Documents/code-projects/work/creativeferry/forage/forage-stores-backend/node_modules/supertest/lib/test.js:308:13
    at Test._assertFunction (/home/osarugue-enehizena/Documents/code-projects/work/creativeferry/forage/forage-stores-backend/node_modules/supertest/lib/test.js:285:13)
    at Test.assert (/home/osarugue-enehizena/Documents/code-projects/work/creativeferry/forage/forage-stores-backend/node_modules/supertest/lib/test.js:164:23)
    at Server.localAssert (/home/osarugue-enehizena/Documents/code-projects/work/creativeferry/forage/forage-stores-backend/node_modules/supertest/lib/test.js:120:14)
    at Object.onceWrapper (node:events:631:28)
    at Server.emit (node:events:517:28)
    at emitCloseNT (node:net:2215:8)
    at processTicksAndRejections (node:internal/process/task_queues:81:21)</failure>
    </testcase>
    <testcase classname="Admin Module (e2e) Category Management" name="should get category by ID" time="0.004">
      <failure>Error: expected 200 &quot;OK&quot;, got 401 &quot;Unauthorized&quot;
    at Object.&lt;anonymous&gt; (/home/osarugue-enehizena/Documents/code-projects/work/creativeferry/forage/forage-stores-backend/test/admin.e2e-spec.ts:358:10)
    at Promise.then.completed (/home/osarugue-enehizena/Documents/code-projects/work/creativeferry/forage/forage-stores-backend/node_modules/jest-circus/build/utils.js:298:28)
    at new Promise (&lt;anonymous&gt;)
    at callAsyncCircusFn (/home/osarugue-enehizena/Documents/code-projects/work/creativeferry/forage/forage-stores-backend/node_modules/jest-circus/build/utils.js:231:10)
    at _callCircusTest (/home/osarugue-enehizena/Documents/code-projects/work/creativeferry/forage/forage-stores-backend/node_modules/jest-circus/build/run.js:316:40)
    at processTicksAndRejections (node:internal/process/task_queues:95:5)
    at _runTest (/home/osarugue-enehizena/Documents/code-projects/work/creativeferry/forage/forage-stores-backend/node_modules/jest-circus/build/run.js:252:3)
    at _runTestsForDescribeBlock (/home/osarugue-enehizena/Documents/code-projects/work/creativeferry/forage/forage-stores-backend/node_modules/jest-circus/build/run.js:126:9)
    at _runTestsForDescribeBlock (/home/osarugue-enehizena/Documents/code-projects/work/creativeferry/forage/forage-stores-backend/node_modules/jest-circus/build/run.js:121:9)
    at _runTestsForDescribeBlock (/home/osarugue-enehizena/Documents/code-projects/work/creativeferry/forage/forage-stores-backend/node_modules/jest-circus/build/run.js:121:9)
    at run (/home/osarugue-enehizena/Documents/code-projects/work/creativeferry/forage/forage-stores-backend/node_modules/jest-circus/build/run.js:71:3)
    at runAndTransformResultsToJestFormat (/home/osarugue-enehizena/Documents/code-projects/work/creativeferry/forage/forage-stores-backend/node_modules/jest-circus/build/legacy-code-todo-rewrite/jestAdapterInit.js:122:21)
    at jestAdapter (/home/osarugue-enehizena/Documents/code-projects/work/creativeferry/forage/forage-stores-backend/node_modules/jest-circus/build/legacy-code-todo-rewrite/jestAdapter.js:79:19)
    at runTestInternal (/home/osarugue-enehizena/Documents/code-projects/work/creativeferry/forage/forage-stores-backend/node_modules/jest-runner/build/runTest.js:367:16)
    at runTest (/home/osarugue-enehizena/Documents/code-projects/work/creativeferry/forage/forage-stores-backend/node_modules/jest-runner/build/runTest.js:444:34)
    at Object.worker (/home/osarugue-enehizena/Documents/code-projects/work/creativeferry/forage/forage-stores-backend/node_modules/jest-runner/build/testWorker.js:106:12)
----
    at Test._assertStatus (/home/osarugue-enehizena/Documents/code-projects/work/creativeferry/forage/forage-stores-backend/node_modules/supertest/lib/test.js:252:14)
    at /home/osarugue-enehizena/Documents/code-projects/work/creativeferry/forage/forage-stores-backend/node_modules/supertest/lib/test.js:308:13
    at Test._assertFunction (/home/osarugue-enehizena/Documents/code-projects/work/creativeferry/forage/forage-stores-backend/node_modules/supertest/lib/test.js:285:13)
    at Test.assert (/home/osarugue-enehizena/Documents/code-projects/work/creativeferry/forage/forage-stores-backend/node_modules/supertest/lib/test.js:164:23)
    at Server.localAssert (/home/osarugue-enehizena/Documents/code-projects/work/creativeferry/forage/forage-stores-backend/node_modules/supertest/lib/test.js:120:14)
    at Object.onceWrapper (node:events:631:28)
    at Server.emit (node:events:517:28)
    at emitCloseNT (node:net:2215:8)
    at processTicksAndRejections (node:internal/process/task_queues:81:21)</failure>
    </testcase>
    <testcase classname="Admin Module (e2e) Category Management" name="should update a category" time="0.004">
      <failure>Error: expected 200 &quot;OK&quot;, got 401 &quot;Unauthorized&quot;
    at Object.&lt;anonymous&gt; (/home/osarugue-enehizena/Documents/code-projects/work/creativeferry/forage/forage-stores-backend/test/admin.e2e-spec.ts:374:10)
    at Promise.then.completed (/home/osarugue-enehizena/Documents/code-projects/work/creativeferry/forage/forage-stores-backend/node_modules/jest-circus/build/utils.js:298:28)
    at new Promise (&lt;anonymous&gt;)
    at callAsyncCircusFn (/home/osarugue-enehizena/Documents/code-projects/work/creativeferry/forage/forage-stores-backend/node_modules/jest-circus/build/utils.js:231:10)
    at _callCircusTest (/home/osarugue-enehizena/Documents/code-projects/work/creativeferry/forage/forage-stores-backend/node_modules/jest-circus/build/run.js:316:40)
    at processTicksAndRejections (node:internal/process/task_queues:95:5)
    at _runTest (/home/osarugue-enehizena/Documents/code-projects/work/creativeferry/forage/forage-stores-backend/node_modules/jest-circus/build/run.js:252:3)
    at _runTestsForDescribeBlock (/home/osarugue-enehizena/Documents/code-projects/work/creativeferry/forage/forage-stores-backend/node_modules/jest-circus/build/run.js:126:9)
    at _runTestsForDescribeBlock (/home/osarugue-enehizena/Documents/code-projects/work/creativeferry/forage/forage-stores-backend/node_modules/jest-circus/build/run.js:121:9)
    at _runTestsForDescribeBlock (/home/osarugue-enehizena/Documents/code-projects/work/creativeferry/forage/forage-stores-backend/node_modules/jest-circus/build/run.js:121:9)
    at run (/home/osarugue-enehizena/Documents/code-projects/work/creativeferry/forage/forage-stores-backend/node_modules/jest-circus/build/run.js:71:3)
    at runAndTransformResultsToJestFormat (/home/osarugue-enehizena/Documents/code-projects/work/creativeferry/forage/forage-stores-backend/node_modules/jest-circus/build/legacy-code-todo-rewrite/jestAdapterInit.js:122:21)
    at jestAdapter (/home/osarugue-enehizena/Documents/code-projects/work/creativeferry/forage/forage-stores-backend/node_modules/jest-circus/build/legacy-code-todo-rewrite/jestAdapter.js:79:19)
    at runTestInternal (/home/osarugue-enehizena/Documents/code-projects/work/creativeferry/forage/forage-stores-backend/node_modules/jest-runner/build/runTest.js:367:16)
    at runTest (/home/osarugue-enehizena/Documents/code-projects/work/creativeferry/forage/forage-stores-backend/node_modules/jest-runner/build/runTest.js:444:34)
    at Object.worker (/home/osarugue-enehizena/Documents/code-projects/work/creativeferry/forage/forage-stores-backend/node_modules/jest-runner/build/testWorker.js:106:12)
----
    at Test._assertStatus (/home/osarugue-enehizena/Documents/code-projects/work/creativeferry/forage/forage-stores-backend/node_modules/supertest/lib/test.js:252:14)
    at /home/osarugue-enehizena/Documents/code-projects/work/creativeferry/forage/forage-stores-backend/node_modules/supertest/lib/test.js:308:13
    at Test._assertFunction (/home/osarugue-enehizena/Documents/code-projects/work/creativeferry/forage/forage-stores-backend/node_modules/supertest/lib/test.js:285:13)
    at Test.assert (/home/osarugue-enehizena/Documents/code-projects/work/creativeferry/forage/forage-stores-backend/node_modules/supertest/lib/test.js:164:23)
    at Server.localAssert (/home/osarugue-enehizena/Documents/code-projects/work/creativeferry/forage/forage-stores-backend/node_modules/supertest/lib/test.js:120:14)
    at Object.onceWrapper (node:events:631:28)
    at Server.emit (node:events:517:28)
    at emitCloseNT (node:net:2215:8)
    at processTicksAndRejections (node:internal/process/task_queues:81:21)</failure>
    </testcase>
    <testcase classname="Admin Module (e2e) Category Management" name="should validate category creation with invalid data" time="0.004">
      <failure>Error: expected 400 &quot;Bad Request&quot;, got 401 &quot;Unauthorized&quot;
    at Object.&lt;anonymous&gt; (/home/osarugue-enehizena/Documents/code-projects/work/creativeferry/forage/forage-stores-backend/test/admin.e2e-spec.ts:390:10)
    at Promise.then.completed (/home/osarugue-enehizena/Documents/code-projects/work/creativeferry/forage/forage-stores-backend/node_modules/jest-circus/build/utils.js:298:28)
    at new Promise (&lt;anonymous&gt;)
    at callAsyncCircusFn (/home/osarugue-enehizena/Documents/code-projects/work/creativeferry/forage/forage-stores-backend/node_modules/jest-circus/build/utils.js:231:10)
    at _callCircusTest (/home/osarugue-enehizena/Documents/code-projects/work/creativeferry/forage/forage-stores-backend/node_modules/jest-circus/build/run.js:316:40)
    at processTicksAndRejections (node:internal/process/task_queues:95:5)
    at _runTest (/home/osarugue-enehizena/Documents/code-projects/work/creativeferry/forage/forage-stores-backend/node_modules/jest-circus/build/run.js:252:3)
    at _runTestsForDescribeBlock (/home/osarugue-enehizena/Documents/code-projects/work/creativeferry/forage/forage-stores-backend/node_modules/jest-circus/build/run.js:126:9)
    at _runTestsForDescribeBlock (/home/osarugue-enehizena/Documents/code-projects/work/creativeferry/forage/forage-stores-backend/node_modules/jest-circus/build/run.js:121:9)
    at _runTestsForDescribeBlock (/home/osarugue-enehizena/Documents/code-projects/work/creativeferry/forage/forage-stores-backend/node_modules/jest-circus/build/run.js:121:9)
    at run (/home/osarugue-enehizena/Documents/code-projects/work/creativeferry/forage/forage-stores-backend/node_modules/jest-circus/build/run.js:71:3)
    at runAndTransformResultsToJestFormat (/home/osarugue-enehizena/Documents/code-projects/work/creativeferry/forage/forage-stores-backend/node_modules/jest-circus/build/legacy-code-todo-rewrite/jestAdapterInit.js:122:21)
    at jestAdapter (/home/osarugue-enehizena/Documents/code-projects/work/creativeferry/forage/forage-stores-backend/node_modules/jest-circus/build/legacy-code-todo-rewrite/jestAdapter.js:79:19)
    at runTestInternal (/home/osarugue-enehizena/Documents/code-projects/work/creativeferry/forage/forage-stores-backend/node_modules/jest-runner/build/runTest.js:367:16)
    at runTest (/home/osarugue-enehizena/Documents/code-projects/work/creativeferry/forage/forage-stores-backend/node_modules/jest-runner/build/runTest.js:444:34)
    at Object.worker (/home/osarugue-enehizena/Documents/code-projects/work/creativeferry/forage/forage-stores-backend/node_modules/jest-runner/build/testWorker.js:106:12)
----
    at Test._assertStatus (/home/osarugue-enehizena/Documents/code-projects/work/creativeferry/forage/forage-stores-backend/node_modules/supertest/lib/test.js:252:14)
    at /home/osarugue-enehizena/Documents/code-projects/work/creativeferry/forage/forage-stores-backend/node_modules/supertest/lib/test.js:308:13
    at Test._assertFunction (/home/osarugue-enehizena/Documents/code-projects/work/creativeferry/forage/forage-stores-backend/node_modules/supertest/lib/test.js:285:13)
    at Test.assert (/home/osarugue-enehizena/Documents/code-projects/work/creativeferry/forage/forage-stores-backend/node_modules/supertest/lib/test.js:164:23)
    at Server.localAssert (/home/osarugue-enehizena/Documents/code-projects/work/creativeferry/forage/forage-stores-backend/node_modules/supertest/lib/test.js:120:14)
    at Object.onceWrapper (node:events:631:28)
    at Server.emit (node:events:517:28)
    at emitCloseNT (node:net:2215:8)
    at processTicksAndRejections (node:internal/process/task_queues:81:21)</failure>
    </testcase>
    <testcase classname="Admin Module (e2e) Price History Management" name="should get product price history" time="0.003">
      <failure>Error: expected 200 &quot;OK&quot;, got 401 &quot;Unauthorized&quot;
    at Object.&lt;anonymous&gt; (/home/osarugue-enehizena/Documents/code-projects/work/creativeferry/forage/forage-stores-backend/test/admin.e2e-spec.ts:407:10)
    at Promise.then.completed (/home/osarugue-enehizena/Documents/code-projects/work/creativeferry/forage/forage-stores-backend/node_modules/jest-circus/build/utils.js:298:28)
    at new Promise (&lt;anonymous&gt;)
    at callAsyncCircusFn (/home/osarugue-enehizena/Documents/code-projects/work/creativeferry/forage/forage-stores-backend/node_modules/jest-circus/build/utils.js:231:10)
    at _callCircusTest (/home/osarugue-enehizena/Documents/code-projects/work/creativeferry/forage/forage-stores-backend/node_modules/jest-circus/build/run.js:316:40)
    at processTicksAndRejections (node:internal/process/task_queues:95:5)
    at _runTest (/home/osarugue-enehizena/Documents/code-projects/work/creativeferry/forage/forage-stores-backend/node_modules/jest-circus/build/run.js:252:3)
    at _runTestsForDescribeBlock (/home/osarugue-enehizena/Documents/code-projects/work/creativeferry/forage/forage-stores-backend/node_modules/jest-circus/build/run.js:126:9)
    at _runTestsForDescribeBlock (/home/osarugue-enehizena/Documents/code-projects/work/creativeferry/forage/forage-stores-backend/node_modules/jest-circus/build/run.js:121:9)
    at _runTestsForDescribeBlock (/home/osarugue-enehizena/Documents/code-projects/work/creativeferry/forage/forage-stores-backend/node_modules/jest-circus/build/run.js:121:9)
    at run (/home/osarugue-enehizena/Documents/code-projects/work/creativeferry/forage/forage-stores-backend/node_modules/jest-circus/build/run.js:71:3)
    at runAndTransformResultsToJestFormat (/home/osarugue-enehizena/Documents/code-projects/work/creativeferry/forage/forage-stores-backend/node_modules/jest-circus/build/legacy-code-todo-rewrite/jestAdapterInit.js:122:21)
    at jestAdapter (/home/osarugue-enehizena/Documents/code-projects/work/creativeferry/forage/forage-stores-backend/node_modules/jest-circus/build/legacy-code-todo-rewrite/jestAdapter.js:79:19)
    at runTestInternal (/home/osarugue-enehizena/Documents/code-projects/work/creativeferry/forage/forage-stores-backend/node_modules/jest-runner/build/runTest.js:367:16)
    at runTest (/home/osarugue-enehizena/Documents/code-projects/work/creativeferry/forage/forage-stores-backend/node_modules/jest-runner/build/runTest.js:444:34)
    at Object.worker (/home/osarugue-enehizena/Documents/code-projects/work/creativeferry/forage/forage-stores-backend/node_modules/jest-runner/build/testWorker.js:106:12)
----
    at Test._assertStatus (/home/osarugue-enehizena/Documents/code-projects/work/creativeferry/forage/forage-stores-backend/node_modules/supertest/lib/test.js:252:14)
    at /home/osarugue-enehizena/Documents/code-projects/work/creativeferry/forage/forage-stores-backend/node_modules/supertest/lib/test.js:308:13
    at Test._assertFunction (/home/osarugue-enehizena/Documents/code-projects/work/creativeferry/forage/forage-stores-backend/node_modules/supertest/lib/test.js:285:13)
    at Test.assert (/home/osarugue-enehizena/Documents/code-projects/work/creativeferry/forage/forage-stores-backend/node_modules/supertest/lib/test.js:164:23)
    at Server.localAssert (/home/osarugue-enehizena/Documents/code-projects/work/creativeferry/forage/forage-stores-backend/node_modules/supertest/lib/test.js:120:14)
    at Object.onceWrapper (node:events:631:28)
    at Server.emit (node:events:517:28)
    at emitCloseNT (node:net:2215:8)
    at processTicksAndRejections (node:internal/process/task_queues:81:21)</failure>
    </testcase>
    <testcase classname="Admin Module (e2e) Price History Management" name="should add price history and update product price" time="0.009">
      <failure>Error: expected 201 &quot;Created&quot;, got 401 &quot;Unauthorized&quot;
    at Object.&lt;anonymous&gt; (/home/osarugue-enehizena/Documents/code-projects/work/creativeferry/forage/forage-stores-backend/test/admin.e2e-spec.ts:425:10)
    at Promise.then.completed (/home/osarugue-enehizena/Documents/code-projects/work/creativeferry/forage/forage-stores-backend/node_modules/jest-circus/build/utils.js:298:28)
    at new Promise (&lt;anonymous&gt;)
    at callAsyncCircusFn (/home/osarugue-enehizena/Documents/code-projects/work/creativeferry/forage/forage-stores-backend/node_modules/jest-circus/build/utils.js:231:10)
    at _callCircusTest (/home/osarugue-enehizena/Documents/code-projects/work/creativeferry/forage/forage-stores-backend/node_modules/jest-circus/build/run.js:316:40)
    at processTicksAndRejections (node:internal/process/task_queues:95:5)
    at _runTest (/home/osarugue-enehizena/Documents/code-projects/work/creativeferry/forage/forage-stores-backend/node_modules/jest-circus/build/run.js:252:3)
    at _runTestsForDescribeBlock (/home/osarugue-enehizena/Documents/code-projects/work/creativeferry/forage/forage-stores-backend/node_modules/jest-circus/build/run.js:126:9)
    at _runTestsForDescribeBlock (/home/osarugue-enehizena/Documents/code-projects/work/creativeferry/forage/forage-stores-backend/node_modules/jest-circus/build/run.js:121:9)
    at _runTestsForDescribeBlock (/home/osarugue-enehizena/Documents/code-projects/work/creativeferry/forage/forage-stores-backend/node_modules/jest-circus/build/run.js:121:9)
    at run (/home/osarugue-enehizena/Documents/code-projects/work/creativeferry/forage/forage-stores-backend/node_modules/jest-circus/build/run.js:71:3)
    at runAndTransformResultsToJestFormat (/home/osarugue-enehizena/Documents/code-projects/work/creativeferry/forage/forage-stores-backend/node_modules/jest-circus/build/legacy-code-todo-rewrite/jestAdapterInit.js:122:21)
    at jestAdapter (/home/osarugue-enehizena/Documents/code-projects/work/creativeferry/forage/forage-stores-backend/node_modules/jest-circus/build/legacy-code-todo-rewrite/jestAdapter.js:79:19)
    at runTestInternal (/home/osarugue-enehizena/Documents/code-projects/work/creativeferry/forage/forage-stores-backend/node_modules/jest-runner/build/runTest.js:367:16)
    at runTest (/home/osarugue-enehizena/Documents/code-projects/work/creativeferry/forage/forage-stores-backend/node_modules/jest-runner/build/runTest.js:444:34)
    at Object.worker (/home/osarugue-enehizena/Documents/code-projects/work/creativeferry/forage/forage-stores-backend/node_modules/jest-runner/build/testWorker.js:106:12)
----
    at Test._assertStatus (/home/osarugue-enehizena/Documents/code-projects/work/creativeferry/forage/forage-stores-backend/node_modules/supertest/lib/test.js:252:14)
    at /home/osarugue-enehizena/Documents/code-projects/work/creativeferry/forage/forage-stores-backend/node_modules/supertest/lib/test.js:308:13
    at Test._assertFunction (/home/osarugue-enehizena/Documents/code-projects/work/creativeferry/forage/forage-stores-backend/node_modules/supertest/lib/test.js:285:13)
    at Test.assert (/home/osarugue-enehizena/Documents/code-projects/work/creativeferry/forage/forage-stores-backend/node_modules/supertest/lib/test.js:164:23)
    at Server.localAssert (/home/osarugue-enehizena/Documents/code-projects/work/creativeferry/forage/forage-stores-backend/node_modules/supertest/lib/test.js:120:14)
    at Object.onceWrapper (node:events:631:28)
    at Server.emit (node:events:517:28)
    at emitCloseNT (node:net:2215:8)
    at processTicksAndRejections (node:internal/process/task_queues:81:21)</failure>
    </testcase>
    <testcase classname="Admin Module (e2e) Growth Users Management" name="should get growth users by city" time="0.005">
      <failure>Error: expected 200 &quot;OK&quot;, got 401 &quot;Unauthorized&quot;
    at Object.&lt;anonymous&gt; (/home/osarugue-enehizena/Documents/code-projects/work/creativeferry/forage/forage-stores-backend/test/admin.e2e-spec.ts:442:10)
    at Promise.then.completed (/home/osarugue-enehizena/Documents/code-projects/work/creativeferry/forage/forage-stores-backend/node_modules/jest-circus/build/utils.js:298:28)
    at new Promise (&lt;anonymous&gt;)
    at callAsyncCircusFn (/home/osarugue-enehizena/Documents/code-projects/work/creativeferry/forage/forage-stores-backend/node_modules/jest-circus/build/utils.js:231:10)
    at _callCircusTest (/home/osarugue-enehizena/Documents/code-projects/work/creativeferry/forage/forage-stores-backend/node_modules/jest-circus/build/run.js:316:40)
    at processTicksAndRejections (node:internal/process/task_queues:95:5)
    at _runTest (/home/osarugue-enehizena/Documents/code-projects/work/creativeferry/forage/forage-stores-backend/node_modules/jest-circus/build/run.js:252:3)
    at _runTestsForDescribeBlock (/home/osarugue-enehizena/Documents/code-projects/work/creativeferry/forage/forage-stores-backend/node_modules/jest-circus/build/run.js:126:9)
    at _runTestsForDescribeBlock (/home/osarugue-enehizena/Documents/code-projects/work/creativeferry/forage/forage-stores-backend/node_modules/jest-circus/build/run.js:121:9)
    at _runTestsForDescribeBlock (/home/osarugue-enehizena/Documents/code-projects/work/creativeferry/forage/forage-stores-backend/node_modules/jest-circus/build/run.js:121:9)
    at run (/home/osarugue-enehizena/Documents/code-projects/work/creativeferry/forage/forage-stores-backend/node_modules/jest-circus/build/run.js:71:3)
    at runAndTransformResultsToJestFormat (/home/osarugue-enehizena/Documents/code-projects/work/creativeferry/forage/forage-stores-backend/node_modules/jest-circus/build/legacy-code-todo-rewrite/jestAdapterInit.js:122:21)
    at jestAdapter (/home/osarugue-enehizena/Documents/code-projects/work/creativeferry/forage/forage-stores-backend/node_modules/jest-circus/build/legacy-code-todo-rewrite/jestAdapter.js:79:19)
    at runTestInternal (/home/osarugue-enehizena/Documents/code-projects/work/creativeferry/forage/forage-stores-backend/node_modules/jest-runner/build/runTest.js:367:16)
    at runTest (/home/osarugue-enehizena/Documents/code-projects/work/creativeferry/forage/forage-stores-backend/node_modules/jest-runner/build/runTest.js:444:34)
    at Object.worker (/home/osarugue-enehizena/Documents/code-projects/work/creativeferry/forage/forage-stores-backend/node_modules/jest-runner/build/testWorker.js:106:12)
----
    at Test._assertStatus (/home/osarugue-enehizena/Documents/code-projects/work/creativeferry/forage/forage-stores-backend/node_modules/supertest/lib/test.js:252:14)
    at /home/osarugue-enehizena/Documents/code-projects/work/creativeferry/forage/forage-stores-backend/node_modules/supertest/lib/test.js:308:13
    at Test._assertFunction (/home/osarugue-enehizena/Documents/code-projects/work/creativeferry/forage/forage-stores-backend/node_modules/supertest/lib/test.js:285:13)
    at Test.assert (/home/osarugue-enehizena/Documents/code-projects/work/creativeferry/forage/forage-stores-backend/node_modules/supertest/lib/test.js:164:23)
    at Server.localAssert (/home/osarugue-enehizena/Documents/code-projects/work/creativeferry/forage/forage-stores-backend/node_modules/supertest/lib/test.js:120:14)
    at Object.onceWrapper (node:events:631:28)
    at Server.emit (node:events:517:28)
    at emitCloseNT (node:net:2215:8)
    at processTicksAndRejections (node:internal/process/task_queues:81:21)</failure>
    </testcase>
    <testcase classname="Admin Module (e2e) Growth Users Management" name="should get detailed stats for a growth user" time="0.003">
      <failure>Error: expected 200 &quot;OK&quot;, got 401 &quot;Unauthorized&quot;
    at Object.&lt;anonymous&gt; (/home/osarugue-enehizena/Documents/code-projects/work/creativeferry/forage/forage-stores-backend/test/admin.e2e-spec.ts:454:10)
    at Promise.then.completed (/home/osarugue-enehizena/Documents/code-projects/work/creativeferry/forage/forage-stores-backend/node_modules/jest-circus/build/utils.js:298:28)
    at new Promise (&lt;anonymous&gt;)
    at callAsyncCircusFn (/home/osarugue-enehizena/Documents/code-projects/work/creativeferry/forage/forage-stores-backend/node_modules/jest-circus/build/utils.js:231:10)
    at _callCircusTest (/home/osarugue-enehizena/Documents/code-projects/work/creativeferry/forage/forage-stores-backend/node_modules/jest-circus/build/run.js:316:40)
    at processTicksAndRejections (node:internal/process/task_queues:95:5)
    at _runTest (/home/osarugue-enehizena/Documents/code-projects/work/creativeferry/forage/forage-stores-backend/node_modules/jest-circus/build/run.js:252:3)
    at _runTestsForDescribeBlock (/home/osarugue-enehizena/Documents/code-projects/work/creativeferry/forage/forage-stores-backend/node_modules/jest-circus/build/run.js:126:9)
    at _runTestsForDescribeBlock (/home/osarugue-enehizena/Documents/code-projects/work/creativeferry/forage/forage-stores-backend/node_modules/jest-circus/build/run.js:121:9)
    at _runTestsForDescribeBlock (/home/osarugue-enehizena/Documents/code-projects/work/creativeferry/forage/forage-stores-backend/node_modules/jest-circus/build/run.js:121:9)
    at run (/home/osarugue-enehizena/Documents/code-projects/work/creativeferry/forage/forage-stores-backend/node_modules/jest-circus/build/run.js:71:3)
    at runAndTransformResultsToJestFormat (/home/osarugue-enehizena/Documents/code-projects/work/creativeferry/forage/forage-stores-backend/node_modules/jest-circus/build/legacy-code-todo-rewrite/jestAdapterInit.js:122:21)
    at jestAdapter (/home/osarugue-enehizena/Documents/code-projects/work/creativeferry/forage/forage-stores-backend/node_modules/jest-circus/build/legacy-code-todo-rewrite/jestAdapter.js:79:19)
    at runTestInternal (/home/osarugue-enehizena/Documents/code-projects/work/creativeferry/forage/forage-stores-backend/node_modules/jest-runner/build/runTest.js:367:16)
    at runTest (/home/osarugue-enehizena/Documents/code-projects/work/creativeferry/forage/forage-stores-backend/node_modules/jest-runner/build/runTest.js:444:34)
    at Object.worker (/home/osarugue-enehizena/Documents/code-projects/work/creativeferry/forage/forage-stores-backend/node_modules/jest-runner/build/testWorker.js:106:12)
----
    at Test._assertStatus (/home/osarugue-enehizena/Documents/code-projects/work/creativeferry/forage/forage-stores-backend/node_modules/supertest/lib/test.js:252:14)
    at /home/osarugue-enehizena/Documents/code-projects/work/creativeferry/forage/forage-stores-backend/node_modules/supertest/lib/test.js:308:13
    at Test._assertFunction (/home/osarugue-enehizena/Documents/code-projects/work/creativeferry/forage/forage-stores-backend/node_modules/supertest/lib/test.js:285:13)
    at Test.assert (/home/osarugue-enehizena/Documents/code-projects/work/creativeferry/forage/forage-stores-backend/node_modules/supertest/lib/test.js:164:23)
    at Server.localAssert (/home/osarugue-enehizena/Documents/code-projects/work/creativeferry/forage/forage-stores-backend/node_modules/supertest/lib/test.js:120:14)
    at Object.onceWrapper (node:events:631:28)
    at Server.emit (node:events:517:28)
    at emitCloseNT (node:net:2215:8)
    at processTicksAndRejections (node:internal/process/task_queues:81:21)</failure>
    </testcase>
    <testcase classname="Admin Module (e2e) Growth Users Management" name="should filter growth users by role" time="0.004">
      <failure>Error: expected 200 &quot;OK&quot;, got 401 &quot;Unauthorized&quot;
    at Object.&lt;anonymous&gt; (/home/osarugue-enehizena/Documents/code-projects/work/creativeferry/forage/forage-stores-backend/test/admin.e2e-spec.ts:470:10)
    at Promise.then.completed (/home/osarugue-enehizena/Documents/code-projects/work/creativeferry/forage/forage-stores-backend/node_modules/jest-circus/build/utils.js:298:28)
    at new Promise (&lt;anonymous&gt;)
    at callAsyncCircusFn (/home/osarugue-enehizena/Documents/code-projects/work/creativeferry/forage/forage-stores-backend/node_modules/jest-circus/build/utils.js:231:10)
    at _callCircusTest (/home/osarugue-enehizena/Documents/code-projects/work/creativeferry/forage/forage-stores-backend/node_modules/jest-circus/build/run.js:316:40)
    at processTicksAndRejections (node:internal/process/task_queues:95:5)
    at _runTest (/home/osarugue-enehizena/Documents/code-projects/work/creativeferry/forage/forage-stores-backend/node_modules/jest-circus/build/run.js:252:3)
    at _runTestsForDescribeBlock (/home/osarugue-enehizena/Documents/code-projects/work/creativeferry/forage/forage-stores-backend/node_modules/jest-circus/build/run.js:126:9)
    at _runTestsForDescribeBlock (/home/osarugue-enehizena/Documents/code-projects/work/creativeferry/forage/forage-stores-backend/node_modules/jest-circus/build/run.js:121:9)
    at _runTestsForDescribeBlock (/home/osarugue-enehizena/Documents/code-projects/work/creativeferry/forage/forage-stores-backend/node_modules/jest-circus/build/run.js:121:9)
    at run (/home/osarugue-enehizena/Documents/code-projects/work/creativeferry/forage/forage-stores-backend/node_modules/jest-circus/build/run.js:71:3)
    at runAndTransformResultsToJestFormat (/home/osarugue-enehizena/Documents/code-projects/work/creativeferry/forage/forage-stores-backend/node_modules/jest-circus/build/legacy-code-todo-rewrite/jestAdapterInit.js:122:21)
    at jestAdapter (/home/osarugue-enehizena/Documents/code-projects/work/creativeferry/forage/forage-stores-backend/node_modules/jest-circus/build/legacy-code-todo-rewrite/jestAdapter.js:79:19)
    at runTestInternal (/home/osarugue-enehizena/Documents/code-projects/work/creativeferry/forage/forage-stores-backend/node_modules/jest-runner/build/runTest.js:367:16)
    at runTest (/home/osarugue-enehizena/Documents/code-projects/work/creativeferry/forage/forage-stores-backend/node_modules/jest-runner/build/runTest.js:444:34)
    at Object.worker (/home/osarugue-enehizena/Documents/code-projects/work/creativeferry/forage/forage-stores-backend/node_modules/jest-runner/build/testWorker.js:106:12)
----
    at Test._assertStatus (/home/osarugue-enehizena/Documents/code-projects/work/creativeferry/forage/forage-stores-backend/node_modules/supertest/lib/test.js:252:14)
    at /home/osarugue-enehizena/Documents/code-projects/work/creativeferry/forage/forage-stores-backend/node_modules/supertest/lib/test.js:308:13
    at Test._assertFunction (/home/osarugue-enehizena/Documents/code-projects/work/creativeferry/forage/forage-stores-backend/node_modules/supertest/lib/test.js:285:13)
    at Test.assert (/home/osarugue-enehizena/Documents/code-projects/work/creativeferry/forage/forage-stores-backend/node_modules/supertest/lib/test.js:164:23)
    at Server.localAssert (/home/osarugue-enehizena/Documents/code-projects/work/creativeferry/forage/forage-stores-backend/node_modules/supertest/lib/test.js:120:14)
    at Object.onceWrapper (node:events:631:28)
    at Server.emit (node:events:517:28)
    at emitCloseNT (node:net:2215:8)
    at processTicksAndRejections (node:internal/process/task_queues:81:21)</failure>
    </testcase>
    <testcase classname="Admin Module (e2e) Nibia Withdrawal Management" name="should get pending withdrawals" time="0.004">
      <failure>Error: expected 200 &quot;OK&quot;, got 401 &quot;Unauthorized&quot;
    at Object.&lt;anonymous&gt; (/home/osarugue-enehizena/Documents/code-projects/work/creativeferry/forage/forage-stores-backend/test/admin.e2e-spec.ts:486:10)
    at Promise.then.completed (/home/osarugue-enehizena/Documents/code-projects/work/creativeferry/forage/forage-stores-backend/node_modules/jest-circus/build/utils.js:298:28)
    at new Promise (&lt;anonymous&gt;)
    at callAsyncCircusFn (/home/osarugue-enehizena/Documents/code-projects/work/creativeferry/forage/forage-stores-backend/node_modules/jest-circus/build/utils.js:231:10)
    at _callCircusTest (/home/osarugue-enehizena/Documents/code-projects/work/creativeferry/forage/forage-stores-backend/node_modules/jest-circus/build/run.js:316:40)
    at processTicksAndRejections (node:internal/process/task_queues:95:5)
    at _runTest (/home/osarugue-enehizena/Documents/code-projects/work/creativeferry/forage/forage-stores-backend/node_modules/jest-circus/build/run.js:252:3)
    at _runTestsForDescribeBlock (/home/osarugue-enehizena/Documents/code-projects/work/creativeferry/forage/forage-stores-backend/node_modules/jest-circus/build/run.js:126:9)
    at _runTestsForDescribeBlock (/home/osarugue-enehizena/Documents/code-projects/work/creativeferry/forage/forage-stores-backend/node_modules/jest-circus/build/run.js:121:9)
    at _runTestsForDescribeBlock (/home/osarugue-enehizena/Documents/code-projects/work/creativeferry/forage/forage-stores-backend/node_modules/jest-circus/build/run.js:121:9)
    at run (/home/osarugue-enehizena/Documents/code-projects/work/creativeferry/forage/forage-stores-backend/node_modules/jest-circus/build/run.js:71:3)
    at runAndTransformResultsToJestFormat (/home/osarugue-enehizena/Documents/code-projects/work/creativeferry/forage/forage-stores-backend/node_modules/jest-circus/build/legacy-code-todo-rewrite/jestAdapterInit.js:122:21)
    at jestAdapter (/home/osarugue-enehizena/Documents/code-projects/work/creativeferry/forage/forage-stores-backend/node_modules/jest-circus/build/legacy-code-todo-rewrite/jestAdapter.js:79:19)
    at runTestInternal (/home/osarugue-enehizena/Documents/code-projects/work/creativeferry/forage/forage-stores-backend/node_modules/jest-runner/build/runTest.js:367:16)
    at runTest (/home/osarugue-enehizena/Documents/code-projects/work/creativeferry/forage/forage-stores-backend/node_modules/jest-runner/build/runTest.js:444:34)
    at Object.worker (/home/osarugue-enehizena/Documents/code-projects/work/creativeferry/forage/forage-stores-backend/node_modules/jest-runner/build/testWorker.js:106:12)
----
    at Test._assertStatus (/home/osarugue-enehizena/Documents/code-projects/work/creativeferry/forage/forage-stores-backend/node_modules/supertest/lib/test.js:252:14)
    at /home/osarugue-enehizena/Documents/code-projects/work/creativeferry/forage/forage-stores-backend/node_modules/supertest/lib/test.js:308:13
    at Test._assertFunction (/home/osarugue-enehizena/Documents/code-projects/work/creativeferry/forage/forage-stores-backend/node_modules/supertest/lib/test.js:285:13)
    at Test.assert (/home/osarugue-enehizena/Documents/code-projects/work/creativeferry/forage/forage-stores-backend/node_modules/supertest/lib/test.js:164:23)
    at Server.localAssert (/home/osarugue-enehizena/Documents/code-projects/work/creativeferry/forage/forage-stores-backend/node_modules/supertest/lib/test.js:120:14)
    at Object.onceWrapper (node:events:631:28)
    at Server.emit (node:events:517:28)
    at emitCloseNT (node:net:2215:8)
    at processTicksAndRejections (node:internal/process/task_queues:81:21)</failure>
    </testcase>
    <testcase classname="Admin Module (e2e) Nibia Withdrawal Management" name="should process withdrawal decision (approve)" time="0.008">
      <failure>Error: expect(received).toContain(expected) // indexOf

Expected value: 401
Received array: [200, 404]
    at Object.&lt;anonymous&gt; (/home/osarugue-enehizena/Documents/code-projects/work/creativeferry/forage/forage-stores-backend/test/admin.e2e-spec.ts:507:26)
    at processTicksAndRejections (node:internal/process/task_queues:95:5)</failure>
    </testcase>
    <testcase classname="Admin Module (e2e) Nibia Withdrawal Management" name="should process withdrawal decision (reject)" time="0.004">
      <failure>Error: expect(received).toContain(expected) // indexOf

Expected value: 401
Received array: [200, 404]
    at Object.&lt;anonymous&gt; (/home/osarugue-enehizena/Documents/code-projects/work/creativeferry/forage/forage-stores-backend/test/admin.e2e-spec.ts:525:26)
    at processTicksAndRejections (node:internal/process/task_queues:95:5)</failure>
    </testcase>
    <testcase classname="Admin Module (e2e) Nibia Withdrawal Management" name="should bulk process withdrawals" time="0.004">
      <failure>Error: expect(received).toContain(expected) // indexOf

Expected value: 401
Received array: [200, 400, 404]
    at Object.&lt;anonymous&gt; (/home/osarugue-enehizena/Documents/code-projects/work/creativeferry/forage/forage-stores-backend/test/admin.e2e-spec.ts:542:31)
    at processTicksAndRejections (node:internal/process/task_queues:95:5)</failure>
    </testcase>
    <testcase classname="Admin Module (e2e) Nibia Withdrawal Management" name="should not process withdrawal with invalid admin password" time="0.005">
      <failure>Error: expected 400 &quot;Bad Request&quot;, got 401 &quot;Unauthorized&quot;
    at Object.&lt;anonymous&gt; (/home/osarugue-enehizena/Documents/code-projects/work/creativeferry/forage/forage-stores-backend/test/admin.e2e-spec.ts:558:10)
    at Promise.then.completed (/home/osarugue-enehizena/Documents/code-projects/work/creativeferry/forage/forage-stores-backend/node_modules/jest-circus/build/utils.js:298:28)
    at new Promise (&lt;anonymous&gt;)
    at callAsyncCircusFn (/home/osarugue-enehizena/Documents/code-projects/work/creativeferry/forage/forage-stores-backend/node_modules/jest-circus/build/utils.js:231:10)
    at _callCircusTest (/home/osarugue-enehizena/Documents/code-projects/work/creativeferry/forage/forage-stores-backend/node_modules/jest-circus/build/run.js:316:40)
    at processTicksAndRejections (node:internal/process/task_queues:95:5)
    at _runTest (/home/osarugue-enehizena/Documents/code-projects/work/creativeferry/forage/forage-stores-backend/node_modules/jest-circus/build/run.js:252:3)
    at _runTestsForDescribeBlock (/home/osarugue-enehizena/Documents/code-projects/work/creativeferry/forage/forage-stores-backend/node_modules/jest-circus/build/run.js:126:9)
    at _runTestsForDescribeBlock (/home/osarugue-enehizena/Documents/code-projects/work/creativeferry/forage/forage-stores-backend/node_modules/jest-circus/build/run.js:121:9)
    at _runTestsForDescribeBlock (/home/osarugue-enehizena/Documents/code-projects/work/creativeferry/forage/forage-stores-backend/node_modules/jest-circus/build/run.js:121:9)
    at run (/home/osarugue-enehizena/Documents/code-projects/work/creativeferry/forage/forage-stores-backend/node_modules/jest-circus/build/run.js:71:3)
    at runAndTransformResultsToJestFormat (/home/osarugue-enehizena/Documents/code-projects/work/creativeferry/forage/forage-stores-backend/node_modules/jest-circus/build/legacy-code-todo-rewrite/jestAdapterInit.js:122:21)
    at jestAdapter (/home/osarugue-enehizena/Documents/code-projects/work/creativeferry/forage/forage-stores-backend/node_modules/jest-circus/build/legacy-code-todo-rewrite/jestAdapter.js:79:19)
    at runTestInternal (/home/osarugue-enehizena/Documents/code-projects/work/creativeferry/forage/forage-stores-backend/node_modules/jest-runner/build/runTest.js:367:16)
    at runTest (/home/osarugue-enehizena/Documents/code-projects/work/creativeferry/forage/forage-stores-backend/node_modules/jest-runner/build/runTest.js:444:34)
    at Object.worker (/home/osarugue-enehizena/Documents/code-projects/work/creativeferry/forage/forage-stores-backend/node_modules/jest-runner/build/testWorker.js:106:12)
----
    at Test._assertStatus (/home/osarugue-enehizena/Documents/code-projects/work/creativeferry/forage/forage-stores-backend/node_modules/supertest/lib/test.js:252:14)
    at /home/osarugue-enehizena/Documents/code-projects/work/creativeferry/forage/forage-stores-backend/node_modules/supertest/lib/test.js:308:13
    at Test._assertFunction (/home/osarugue-enehizena/Documents/code-projects/work/creativeferry/forage/forage-stores-backend/node_modules/supertest/lib/test.js:285:13)
    at Test.assert (/home/osarugue-enehizena/Documents/code-projects/work/creativeferry/forage/forage-stores-backend/node_modules/supertest/lib/test.js:164:23)
    at Server.localAssert (/home/osarugue-enehizena/Documents/code-projects/work/creativeferry/forage/forage-stores-backend/node_modules/supertest/lib/test.js:120:14)
    at Object.onceWrapper (node:events:631:28)
    at Server.emit (node:events:517:28)
    at emitCloseNT (node:net:2215:8)
    at processTicksAndRejections (node:internal/process/task_queues:81:21)</failure>
    </testcase>
    <testcase classname="Admin Module (e2e) Referral Commission Override" name="should override referral commission" time="0.004">
      <failure>Error: expect(received).toContain(expected) // indexOf

Expected value: 401
Received array: [200, 404]
    at Object.&lt;anonymous&gt; (/home/osarugue-enehizena/Documents/code-projects/work/creativeferry/forage/forage-stores-backend/test/admin.e2e-spec.ts:579:26)
    at processTicksAndRejections (node:internal/process/task_queues:95:5)</failure>
    </testcase>
    <testcase classname="Admin Module (e2e) Referral Commission Override" name="should get commission override history" time="0.004">
      <failure>Error: expected 200 &quot;OK&quot;, got 401 &quot;Unauthorized&quot;
    at Object.&lt;anonymous&gt; (/home/osarugue-enehizena/Documents/code-projects/work/creativeferry/forage/forage-stores-backend/test/admin.e2e-spec.ts:591:10)
    at Promise.then.completed (/home/osarugue-enehizena/Documents/code-projects/work/creativeferry/forage/forage-stores-backend/node_modules/jest-circus/build/utils.js:298:28)
    at new Promise (&lt;anonymous&gt;)
    at callAsyncCircusFn (/home/osarugue-enehizena/Documents/code-projects/work/creativeferry/forage/forage-stores-backend/node_modules/jest-circus/build/utils.js:231:10)
    at _callCircusTest (/home/osarugue-enehizena/Documents/code-projects/work/creativeferry/forage/forage-stores-backend/node_modules/jest-circus/build/run.js:316:40)
    at processTicksAndRejections (node:internal/process/task_queues:95:5)
    at _runTest (/home/osarugue-enehizena/Documents/code-projects/work/creativeferry/forage/forage-stores-backend/node_modules/jest-circus/build/run.js:252:3)
    at _runTestsForDescribeBlock (/home/osarugue-enehizena/Documents/code-projects/work/creativeferry/forage/forage-stores-backend/node_modules/jest-circus/build/run.js:126:9)
    at _runTestsForDescribeBlock (/home/osarugue-enehizena/Documents/code-projects/work/creativeferry/forage/forage-stores-backend/node_modules/jest-circus/build/run.js:121:9)
    at _runTestsForDescribeBlock (/home/osarugue-enehizena/Documents/code-projects/work/creativeferry/forage/forage-stores-backend/node_modules/jest-circus/build/run.js:121:9)
    at run (/home/osarugue-enehizena/Documents/code-projects/work/creativeferry/forage/forage-stores-backend/node_modules/jest-circus/build/run.js:71:3)
    at runAndTransformResultsToJestFormat (/home/osarugue-enehizena/Documents/code-projects/work/creativeferry/forage/forage-stores-backend/node_modules/jest-circus/build/legacy-code-todo-rewrite/jestAdapterInit.js:122:21)
    at jestAdapter (/home/osarugue-enehizena/Documents/code-projects/work/creativeferry/forage/forage-stores-backend/node_modules/jest-circus/build/legacy-code-todo-rewrite/jestAdapter.js:79:19)
    at runTestInternal (/home/osarugue-enehizena/Documents/code-projects/work/creativeferry/forage/forage-stores-backend/node_modules/jest-runner/build/runTest.js:367:16)
    at runTest (/home/osarugue-enehizena/Documents/code-projects/work/creativeferry/forage/forage-stores-backend/node_modules/jest-runner/build/runTest.js:444:34)
    at Object.worker (/home/osarugue-enehizena/Documents/code-projects/work/creativeferry/forage/forage-stores-backend/node_modules/jest-runner/build/testWorker.js:106:12)
----
    at Test._assertStatus (/home/osarugue-enehizena/Documents/code-projects/work/creativeferry/forage/forage-stores-backend/node_modules/supertest/lib/test.js:252:14)
    at /home/osarugue-enehizena/Documents/code-projects/work/creativeferry/forage/forage-stores-backend/node_modules/supertest/lib/test.js:308:13
    at Test._assertFunction (/home/osarugue-enehizena/Documents/code-projects/work/creativeferry/forage/forage-stores-backend/node_modules/supertest/lib/test.js:285:13)
    at Test.assert (/home/osarugue-enehizena/Documents/code-projects/work/creativeferry/forage/forage-stores-backend/node_modules/supertest/lib/test.js:164:23)
    at Server.localAssert (/home/osarugue-enehizena/Documents/code-projects/work/creativeferry/forage/forage-stores-backend/node_modules/supertest/lib/test.js:120:14)
    at Object.onceWrapper (node:events:631:28)
    at Server.emit (node:events:517:28)
    at emitCloseNT (node:net:2215:8)
    at processTicksAndRejections (node:internal/process/task_queues:81:21)</failure>
    </testcase>
    <testcase classname="Admin Module (e2e) Referral Commission Override" name="should get referral commission history" time="0.004">
      <failure>Error: expected 200 &quot;OK&quot;, got 401 &quot;Unauthorized&quot;
    at Object.&lt;anonymous&gt; (/home/osarugue-enehizena/Documents/code-projects/work/creativeferry/forage/forage-stores-backend/test/admin.e2e-spec.ts:604:10)
    at Promise.then.completed (/home/osarugue-enehizena/Documents/code-projects/work/creativeferry/forage/forage-stores-backend/node_modules/jest-circus/build/utils.js:298:28)
    at new Promise (&lt;anonymous&gt;)
    at callAsyncCircusFn (/home/osarugue-enehizena/Documents/code-projects/work/creativeferry/forage/forage-stores-backend/node_modules/jest-circus/build/utils.js:231:10)
    at _callCircusTest (/home/osarugue-enehizena/Documents/code-projects/work/creativeferry/forage/forage-stores-backend/node_modules/jest-circus/build/run.js:316:40)
    at processTicksAndRejections (node:internal/process/task_queues:95:5)
    at _runTest (/home/osarugue-enehizena/Documents/code-projects/work/creativeferry/forage/forage-stores-backend/node_modules/jest-circus/build/run.js:252:3)
    at _runTestsForDescribeBlock (/home/osarugue-enehizena/Documents/code-projects/work/creativeferry/forage/forage-stores-backend/node_modules/jest-circus/build/run.js:126:9)
    at _runTestsForDescribeBlock (/home/osarugue-enehizena/Documents/code-projects/work/creativeferry/forage/forage-stores-backend/node_modules/jest-circus/build/run.js:121:9)
    at _runTestsForDescribeBlock (/home/osarugue-enehizena/Documents/code-projects/work/creativeferry/forage/forage-stores-backend/node_modules/jest-circus/build/run.js:121:9)
    at run (/home/osarugue-enehizena/Documents/code-projects/work/creativeferry/forage/forage-stores-backend/node_modules/jest-circus/build/run.js:71:3)
    at runAndTransformResultsToJestFormat (/home/osarugue-enehizena/Documents/code-projects/work/creativeferry/forage/forage-stores-backend/node_modules/jest-circus/build/legacy-code-todo-rewrite/jestAdapterInit.js:122:21)
    at jestAdapter (/home/osarugue-enehizena/Documents/code-projects/work/creativeferry/forage/forage-stores-backend/node_modules/jest-circus/build/legacy-code-todo-rewrite/jestAdapter.js:79:19)
    at runTestInternal (/home/osarugue-enehizena/Documents/code-projects/work/creativeferry/forage/forage-stores-backend/node_modules/jest-runner/build/runTest.js:367:16)
    at runTest (/home/osarugue-enehizena/Documents/code-projects/work/creativeferry/forage/forage-stores-backend/node_modules/jest-runner/build/runTest.js:444:34)
    at Object.worker (/home/osarugue-enehizena/Documents/code-projects/work/creativeferry/forage/forage-stores-backend/node_modules/jest-runner/build/testWorker.js:106:12)
----
    at Test._assertStatus (/home/osarugue-enehizena/Documents/code-projects/work/creativeferry/forage/forage-stores-backend/node_modules/supertest/lib/test.js:252:14)
    at /home/osarugue-enehizena/Documents/code-projects/work/creativeferry/forage/forage-stores-backend/node_modules/supertest/lib/test.js:308:13
    at Test._assertFunction (/home/osarugue-enehizena/Documents/code-projects/work/creativeferry/forage/forage-stores-backend/node_modules/supertest/lib/test.js:285:13)
    at Test.assert (/home/osarugue-enehizena/Documents/code-projects/work/creativeferry/forage/forage-stores-backend/node_modules/supertest/lib/test.js:164:23)
    at Server.localAssert (/home/osarugue-enehizena/Documents/code-projects/work/creativeferry/forage/forage-stores-backend/node_modules/supertest/lib/test.js:120:14)
    at Object.onceWrapper (node:events:631:28)
    at Server.emit (node:events:517:28)
    at emitCloseNT (node:net:2215:8)
    at processTicksAndRejections (node:internal/process/task_queues:81:21)</failure>
    </testcase>
    <testcase classname="Admin Module (e2e) Referral Commission Override" name="should validate override with invalid admin password" time="0.004">
      <failure>Error: expected 400 &quot;Bad Request&quot;, got 401 &quot;Unauthorized&quot;
    at Object.&lt;anonymous&gt; (/home/osarugue-enehizena/Documents/code-projects/work/creativeferry/forage/forage-stores-backend/test/admin.e2e-spec.ts:623:10)
    at Promise.then.completed (/home/osarugue-enehizena/Documents/code-projects/work/creativeferry/forage/forage-stores-backend/node_modules/jest-circus/build/utils.js:298:28)
    at new Promise (&lt;anonymous&gt;)
    at callAsyncCircusFn (/home/osarugue-enehizena/Documents/code-projects/work/creativeferry/forage/forage-stores-backend/node_modules/jest-circus/build/utils.js:231:10)
    at _callCircusTest (/home/osarugue-enehizena/Documents/code-projects/work/creativeferry/forage/forage-stores-backend/node_modules/jest-circus/build/run.js:316:40)
    at processTicksAndRejections (node:internal/process/task_queues:95:5)
    at _runTest (/home/osarugue-enehizena/Documents/code-projects/work/creativeferry/forage/forage-stores-backend/node_modules/jest-circus/build/run.js:252:3)
    at _runTestsForDescribeBlock (/home/osarugue-enehizena/Documents/code-projects/work/creativeferry/forage/forage-stores-backend/node_modules/jest-circus/build/run.js:126:9)
    at _runTestsForDescribeBlock (/home/osarugue-enehizena/Documents/code-projects/work/creativeferry/forage/forage-stores-backend/node_modules/jest-circus/build/run.js:121:9)
    at _runTestsForDescribeBlock (/home/osarugue-enehizena/Documents/code-projects/work/creativeferry/forage/forage-stores-backend/node_modules/jest-circus/build/run.js:121:9)
    at run (/home/osarugue-enehizena/Documents/code-projects/work/creativeferry/forage/forage-stores-backend/node_modules/jest-circus/build/run.js:71:3)
    at runAndTransformResultsToJestFormat (/home/osarugue-enehizena/Documents/code-projects/work/creativeferry/forage/forage-stores-backend/node_modules/jest-circus/build/legacy-code-todo-rewrite/jestAdapterInit.js:122:21)
    at jestAdapter (/home/osarugue-enehizena/Documents/code-projects/work/creativeferry/forage/forage-stores-backend/node_modules/jest-circus/build/legacy-code-todo-rewrite/jestAdapter.js:79:19)
    at runTestInternal (/home/osarugue-enehizena/Documents/code-projects/work/creativeferry/forage/forage-stores-backend/node_modules/jest-runner/build/runTest.js:367:16)
    at runTest (/home/osarugue-enehizena/Documents/code-projects/work/creativeferry/forage/forage-stores-backend/node_modules/jest-runner/build/runTest.js:444:34)
    at Object.worker (/home/osarugue-enehizena/Documents/code-projects/work/creativeferry/forage/forage-stores-backend/node_modules/jest-runner/build/testWorker.js:106:12)
----
    at Test._assertStatus (/home/osarugue-enehizena/Documents/code-projects/work/creativeferry/forage/forage-stores-backend/node_modules/supertest/lib/test.js:252:14)
    at /home/osarugue-enehizena/Documents/code-projects/work/creativeferry/forage/forage-stores-backend/node_modules/supertest/lib/test.js:308:13
    at Test._assertFunction (/home/osarugue-enehizena/Documents/code-projects/work/creativeferry/forage/forage-stores-backend/node_modules/supertest/lib/test.js:285:13)
    at Test.assert (/home/osarugue-enehizena/Documents/code-projects/work/creativeferry/forage/forage-stores-backend/node_modules/supertest/lib/test.js:164:23)
    at Server.localAssert (/home/osarugue-enehizena/Documents/code-projects/work/creativeferry/forage/forage-stores-backend/node_modules/supertest/lib/test.js:120:14)
    at Object.onceWrapper (node:events:631:28)
    at Server.emit (node:events:517:28)
    at emitCloseNT (node:net:2215:8)
    at processTicksAndRejections (node:internal/process/task_queues:81:21)</failure>
    </testcase>
    <testcase classname="Admin Module (e2e) Profit Pool Management" name="should get all profit pools" time="0.004">
      <failure>Error: expected 200 &quot;OK&quot;, got 401 &quot;Unauthorized&quot;
    at Object.&lt;anonymous&gt; (/home/osarugue-enehizena/Documents/code-projects/work/creativeferry/forage/forage-stores-backend/test/admin.e2e-spec.ts:636:10)
    at Promise.then.completed (/home/osarugue-enehizena/Documents/code-projects/work/creativeferry/forage/forage-stores-backend/node_modules/jest-circus/build/utils.js:298:28)
    at new Promise (&lt;anonymous&gt;)
    at callAsyncCircusFn (/home/osarugue-enehizena/Documents/code-projects/work/creativeferry/forage/forage-stores-backend/node_modules/jest-circus/build/utils.js:231:10)
    at _callCircusTest (/home/osarugue-enehizena/Documents/code-projects/work/creativeferry/forage/forage-stores-backend/node_modules/jest-circus/build/run.js:316:40)
    at processTicksAndRejections (node:internal/process/task_queues:95:5)
    at _runTest (/home/osarugue-enehizena/Documents/code-projects/work/creativeferry/forage/forage-stores-backend/node_modules/jest-circus/build/run.js:252:3)
    at _runTestsForDescribeBlock (/home/osarugue-enehizena/Documents/code-projects/work/creativeferry/forage/forage-stores-backend/node_modules/jest-circus/build/run.js:126:9)
    at _runTestsForDescribeBlock (/home/osarugue-enehizena/Documents/code-projects/work/creativeferry/forage/forage-stores-backend/node_modules/jest-circus/build/run.js:121:9)
    at _runTestsForDescribeBlock (/home/osarugue-enehizena/Documents/code-projects/work/creativeferry/forage/forage-stores-backend/node_modules/jest-circus/build/run.js:121:9)
    at run (/home/osarugue-enehizena/Documents/code-projects/work/creativeferry/forage/forage-stores-backend/node_modules/jest-circus/build/run.js:71:3)
    at runAndTransformResultsToJestFormat (/home/osarugue-enehizena/Documents/code-projects/work/creativeferry/forage/forage-stores-backend/node_modules/jest-circus/build/legacy-code-todo-rewrite/jestAdapterInit.js:122:21)
    at jestAdapter (/home/osarugue-enehizena/Documents/code-projects/work/creativeferry/forage/forage-stores-backend/node_modules/jest-circus/build/legacy-code-todo-rewrite/jestAdapter.js:79:19)
    at runTestInternal (/home/osarugue-enehizena/Documents/code-projects/work/creativeferry/forage/forage-stores-backend/node_modules/jest-runner/build/runTest.js:367:16)
    at runTest (/home/osarugue-enehizena/Documents/code-projects/work/creativeferry/forage/forage-stores-backend/node_modules/jest-runner/build/runTest.js:444:34)
    at Object.worker (/home/osarugue-enehizena/Documents/code-projects/work/creativeferry/forage/forage-stores-backend/node_modules/jest-runner/build/testWorker.js:106:12)
----
    at Test._assertStatus (/home/osarugue-enehizena/Documents/code-projects/work/creativeferry/forage/forage-stores-backend/node_modules/supertest/lib/test.js:252:14)
    at /home/osarugue-enehizena/Documents/code-projects/work/creativeferry/forage/forage-stores-backend/node_modules/supertest/lib/test.js:308:13
    at Test._assertFunction (/home/osarugue-enehizena/Documents/code-projects/work/creativeferry/forage/forage-stores-backend/node_modules/supertest/lib/test.js:285:13)
    at Test.assert (/home/osarugue-enehizena/Documents/code-projects/work/creativeferry/forage/forage-stores-backend/node_modules/supertest/lib/test.js:164:23)
    at Server.localAssert (/home/osarugue-enehizena/Documents/code-projects/work/creativeferry/forage/forage-stores-backend/node_modules/supertest/lib/test.js:120:14)
    at Object.onceWrapper (node:events:631:28)
    at Server.emit (node:events:517:28)
    at emitCloseNT (node:net:2215:8)
    at processTicksAndRejections (node:internal/process/task_queues:81:21)</failure>
    </testcase>
    <testcase classname="Admin Module (e2e) Profit Pool Management" name="should get profit pool details" time="0.003">
      <failure>Error: expected 200 &quot;OK&quot;, got 401 &quot;Unauthorized&quot;
    at Object.&lt;anonymous&gt; (/home/osarugue-enehizena/Documents/code-projects/work/creativeferry/forage/forage-stores-backend/test/admin.e2e-spec.ts:649:10)
    at Promise.then.completed (/home/osarugue-enehizena/Documents/code-projects/work/creativeferry/forage/forage-stores-backend/node_modules/jest-circus/build/utils.js:298:28)
    at new Promise (&lt;anonymous&gt;)
    at callAsyncCircusFn (/home/osarugue-enehizena/Documents/code-projects/work/creativeferry/forage/forage-stores-backend/node_modules/jest-circus/build/utils.js:231:10)
    at _callCircusTest (/home/osarugue-enehizena/Documents/code-projects/work/creativeferry/forage/forage-stores-backend/node_modules/jest-circus/build/run.js:316:40)
    at processTicksAndRejections (node:internal/process/task_queues:95:5)
    at _runTest (/home/osarugue-enehizena/Documents/code-projects/work/creativeferry/forage/forage-stores-backend/node_modules/jest-circus/build/run.js:252:3)
    at _runTestsForDescribeBlock (/home/osarugue-enehizena/Documents/code-projects/work/creativeferry/forage/forage-stores-backend/node_modules/jest-circus/build/run.js:126:9)
    at _runTestsForDescribeBlock (/home/osarugue-enehizena/Documents/code-projects/work/creativeferry/forage/forage-stores-backend/node_modules/jest-circus/build/run.js:121:9)
    at _runTestsForDescribeBlock (/home/osarugue-enehizena/Documents/code-projects/work/creativeferry/forage/forage-stores-backend/node_modules/jest-circus/build/run.js:121:9)
    at run (/home/osarugue-enehizena/Documents/code-projects/work/creativeferry/forage/forage-stores-backend/node_modules/jest-circus/build/run.js:71:3)
    at runAndTransformResultsToJestFormat (/home/osarugue-enehizena/Documents/code-projects/work/creativeferry/forage/forage-stores-backend/node_modules/jest-circus/build/legacy-code-todo-rewrite/jestAdapterInit.js:122:21)
    at jestAdapter (/home/osarugue-enehizena/Documents/code-projects/work/creativeferry/forage/forage-stores-backend/node_modules/jest-circus/build/legacy-code-todo-rewrite/jestAdapter.js:79:19)
    at runTestInternal (/home/osarugue-enehizena/Documents/code-projects/work/creativeferry/forage/forage-stores-backend/node_modules/jest-runner/build/runTest.js:367:16)
    at runTest (/home/osarugue-enehizena/Documents/code-projects/work/creativeferry/forage/forage-stores-backend/node_modules/jest-runner/build/runTest.js:444:34)
    at Object.worker (/home/osarugue-enehizena/Documents/code-projects/work/creativeferry/forage/forage-stores-backend/node_modules/jest-runner/build/testWorker.js:106:12)
----
    at Test._assertStatus (/home/osarugue-enehizena/Documents/code-projects/work/creativeferry/forage/forage-stores-backend/node_modules/supertest/lib/test.js:252:14)
    at /home/osarugue-enehizena/Documents/code-projects/work/creativeferry/forage/forage-stores-backend/node_modules/supertest/lib/test.js:308:13
    at Test._assertFunction (/home/osarugue-enehizena/Documents/code-projects/work/creativeferry/forage/forage-stores-backend/node_modules/supertest/lib/test.js:285:13)
    at Test.assert (/home/osarugue-enehizena/Documents/code-projects/work/creativeferry/forage/forage-stores-backend/node_modules/supertest/lib/test.js:164:23)
    at Server.localAssert (/home/osarugue-enehizena/Documents/code-projects/work/creativeferry/forage/forage-stores-backend/node_modules/supertest/lib/test.js:120:14)
    at Object.onceWrapper (node:events:631:28)
    at Server.emit (node:events:517:28)
    at emitCloseNT (node:net:2215:8)
    at processTicksAndRejections (node:internal/process/task_queues:81:21)</failure>
    </testcase>
    <testcase classname="Admin Module (e2e) Profit Pool Management" name="should adjust profit pool distribution" time="0.004">
      <failure>Error: expect(received).toContain(expected) // indexOf

Expected value: 401
Received array: [200, 404]
    at Object.&lt;anonymous&gt; (/home/osarugue-enehizena/Documents/code-projects/work/creativeferry/forage/forage-stores-backend/test/admin.e2e-spec.ts:672:26)
    at processTicksAndRejections (node:internal/process/task_queues:95:5)</failure>
    </testcase>
    <testcase classname="Admin Module (e2e) Profit Pool Management" name="should generate monthly profit pool report" time="0.005">
      <failure>Error: expected 200 &quot;OK&quot;, got 401 &quot;Unauthorized&quot;
    at Object.&lt;anonymous&gt; (/home/osarugue-enehizena/Documents/code-projects/work/creativeferry/forage/forage-stores-backend/test/admin.e2e-spec.ts:684:10)
    at Promise.then.completed (/home/osarugue-enehizena/Documents/code-projects/work/creativeferry/forage/forage-stores-backend/node_modules/jest-circus/build/utils.js:298:28)
    at new Promise (&lt;anonymous&gt;)
    at callAsyncCircusFn (/home/osarugue-enehizena/Documents/code-projects/work/creativeferry/forage/forage-stores-backend/node_modules/jest-circus/build/utils.js:231:10)
    at _callCircusTest (/home/osarugue-enehizena/Documents/code-projects/work/creativeferry/forage/forage-stores-backend/node_modules/jest-circus/build/run.js:316:40)
    at processTicksAndRejections (node:internal/process/task_queues:95:5)
    at _runTest (/home/osarugue-enehizena/Documents/code-projects/work/creativeferry/forage/forage-stores-backend/node_modules/jest-circus/build/run.js:252:3)
    at _runTestsForDescribeBlock (/home/osarugue-enehizena/Documents/code-projects/work/creativeferry/forage/forage-stores-backend/node_modules/jest-circus/build/run.js:126:9)
    at _runTestsForDescribeBlock (/home/osarugue-enehizena/Documents/code-projects/work/creativeferry/forage/forage-stores-backend/node_modules/jest-circus/build/run.js:121:9)
    at _runTestsForDescribeBlock (/home/osarugue-enehizena/Documents/code-projects/work/creativeferry/forage/forage-stores-backend/node_modules/jest-circus/build/run.js:121:9)
    at run (/home/osarugue-enehizena/Documents/code-projects/work/creativeferry/forage/forage-stores-backend/node_modules/jest-circus/build/run.js:71:3)
    at runAndTransformResultsToJestFormat (/home/osarugue-enehizena/Documents/code-projects/work/creativeferry/forage/forage-stores-backend/node_modules/jest-circus/build/legacy-code-todo-rewrite/jestAdapterInit.js:122:21)
    at jestAdapter (/home/osarugue-enehizena/Documents/code-projects/work/creativeferry/forage/forage-stores-backend/node_modules/jest-circus/build/legacy-code-todo-rewrite/jestAdapter.js:79:19)
    at runTestInternal (/home/osarugue-enehizena/Documents/code-projects/work/creativeferry/forage/forage-stores-backend/node_modules/jest-runner/build/runTest.js:367:16)
    at runTest (/home/osarugue-enehizena/Documents/code-projects/work/creativeferry/forage/forage-stores-backend/node_modules/jest-runner/build/runTest.js:444:34)
    at Object.worker (/home/osarugue-enehizena/Documents/code-projects/work/creativeferry/forage/forage-stores-backend/node_modules/jest-runner/build/testWorker.js:106:12)
----
    at Test._assertStatus (/home/osarugue-enehizena/Documents/code-projects/work/creativeferry/forage/forage-stores-backend/node_modules/supertest/lib/test.js:252:14)
    at /home/osarugue-enehizena/Documents/code-projects/work/creativeferry/forage/forage-stores-backend/node_modules/supertest/lib/test.js:308:13
    at Test._assertFunction (/home/osarugue-enehizena/Documents/code-projects/work/creativeferry/forage/forage-stores-backend/node_modules/supertest/lib/test.js:285:13)
    at Test.assert (/home/osarugue-enehizena/Documents/code-projects/work/creativeferry/forage/forage-stores-backend/node_modules/supertest/lib/test.js:164:23)
    at Server.localAssert (/home/osarugue-enehizena/Documents/code-projects/work/creativeferry/forage/forage-stores-backend/node_modules/supertest/lib/test.js:120:14)
    at Object.onceWrapper (node:events:631:28)
    at Server.emit (node:events:517:28)
    at emitCloseNT (node:net:2215:8)
    at processTicksAndRejections (node:internal/process/task_queues:81:21)</failure>
    </testcase>
    <testcase classname="Admin Module (e2e) Profit Pool Management" name="should force redistribute profit pool" time="0.004">
      <failure>Error: expect(received).toContain(expected) // indexOf

Expected value: 401
Received array: [200, 404]
    at Object.&lt;anonymous&gt; (/home/osarugue-enehizena/Documents/code-projects/work/creativeferry/forage/forage-stores-backend/test/admin.e2e-spec.ts:701:26)
    at processTicksAndRejections (node:internal/process/task_queues:95:5)</failure>
    </testcase>
    <testcase classname="Admin Module (e2e) Profit Pool Management" name="should not adjust pool with invalid admin password" time="0.004">
      <failure>Error: expected 400 &quot;Bad Request&quot;, got 401 &quot;Unauthorized&quot;
    at Object.&lt;anonymous&gt; (/home/osarugue-enehizena/Documents/code-projects/work/creativeferry/forage/forage-stores-backend/test/admin.e2e-spec.ts:719:10)
    at Promise.then.completed (/home/osarugue-enehizena/Documents/code-projects/work/creativeferry/forage/forage-stores-backend/node_modules/jest-circus/build/utils.js:298:28)
    at new Promise (&lt;anonymous&gt;)
    at callAsyncCircusFn (/home/osarugue-enehizena/Documents/code-projects/work/creativeferry/forage/forage-stores-backend/node_modules/jest-circus/build/utils.js:231:10)
    at _callCircusTest (/home/osarugue-enehizena/Documents/code-projects/work/creativeferry/forage/forage-stores-backend/node_modules/jest-circus/build/run.js:316:40)
    at processTicksAndRejections (node:internal/process/task_queues:95:5)
    at _runTest (/home/osarugue-enehizena/Documents/code-projects/work/creativeferry/forage/forage-stores-backend/node_modules/jest-circus/build/run.js:252:3)
    at _runTestsForDescribeBlock (/home/osarugue-enehizena/Documents/code-projects/work/creativeferry/forage/forage-stores-backend/node_modules/jest-circus/build/run.js:126:9)
    at _runTestsForDescribeBlock (/home/osarugue-enehizena/Documents/code-projects/work/creativeferry/forage/forage-stores-backend/node_modules/jest-circus/build/run.js:121:9)
    at _runTestsForDescribeBlock (/home/osarugue-enehizena/Documents/code-projects/work/creativeferry/forage/forage-stores-backend/node_modules/jest-circus/build/run.js:121:9)
    at run (/home/osarugue-enehizena/Documents/code-projects/work/creativeferry/forage/forage-stores-backend/node_modules/jest-circus/build/run.js:71:3)
    at runAndTransformResultsToJestFormat (/home/osarugue-enehizena/Documents/code-projects/work/creativeferry/forage/forage-stores-backend/node_modules/jest-circus/build/legacy-code-todo-rewrite/jestAdapterInit.js:122:21)
    at jestAdapter (/home/osarugue-enehizena/Documents/code-projects/work/creativeferry/forage/forage-stores-backend/node_modules/jest-circus/build/legacy-code-todo-rewrite/jestAdapter.js:79:19)
    at runTestInternal (/home/osarugue-enehizena/Documents/code-projects/work/creativeferry/forage/forage-stores-backend/node_modules/jest-runner/build/runTest.js:367:16)
    at runTest (/home/osarugue-enehizena/Documents/code-projects/work/creativeferry/forage/forage-stores-backend/node_modules/jest-runner/build/runTest.js:444:34)
    at Object.worker (/home/osarugue-enehizena/Documents/code-projects/work/creativeferry/forage/forage-stores-backend/node_modules/jest-runner/build/testWorker.js:106:12)
----
    at Test._assertStatus (/home/osarugue-enehizena/Documents/code-projects/work/creativeferry/forage/forage-stores-backend/node_modules/supertest/lib/test.js:252:14)
    at /home/osarugue-enehizena/Documents/code-projects/work/creativeferry/forage/forage-stores-backend/node_modules/supertest/lib/test.js:308:13
    at Test._assertFunction (/home/osarugue-enehizena/Documents/code-projects/work/creativeferry/forage/forage-stores-backend/node_modules/supertest/lib/test.js:285:13)
    at Test.assert (/home/osarugue-enehizena/Documents/code-projects/work/creativeferry/forage/forage-stores-backend/node_modules/supertest/lib/test.js:164:23)
    at Server.localAssert (/home/osarugue-enehizena/Documents/code-projects/work/creativeferry/forage/forage-stores-backend/node_modules/supertest/lib/test.js:120:14)
    at Object.onceWrapper (node:events:631:28)
    at Server.emit (node:events:517:28)
    at emitCloseNT (node:net:2215:8)
    at processTicksAndRejections (node:internal/process/task_queues:81:21)</failure>
    </testcase>
    <testcase classname="Admin Module (e2e) Security &amp; Validation Tests" name="should require authentication for all admin endpoints" time="0.016">
    </testcase>
    <testcase classname="Admin Module (e2e) Security &amp; Validation Tests" name="should require admin role for all admin endpoints" time="0.004">
      <failure>Error: expected 403 &quot;Forbidden&quot;, got 429 &quot;Too Many Requests&quot;
    at Object.&lt;anonymous&gt; (/home/osarugue-enehizena/Documents/code-projects/work/creativeferry/forage/forage-stores-backend/test/admin.e2e-spec.ts:752:12)
    at Promise.then.completed (/home/osarugue-enehizena/Documents/code-projects/work/creativeferry/forage/forage-stores-backend/node_modules/jest-circus/build/utils.js:298:28)
    at new Promise (&lt;anonymous&gt;)
    at callAsyncCircusFn (/home/osarugue-enehizena/Documents/code-projects/work/creativeferry/forage/forage-stores-backend/node_modules/jest-circus/build/utils.js:231:10)
    at _callCircusTest (/home/osarugue-enehizena/Documents/code-projects/work/creativeferry/forage/forage-stores-backend/node_modules/jest-circus/build/run.js:316:40)
    at processTicksAndRejections (node:internal/process/task_queues:95:5)
    at _runTest (/home/osarugue-enehizena/Documents/code-projects/work/creativeferry/forage/forage-stores-backend/node_modules/jest-circus/build/run.js:252:3)
    at _runTestsForDescribeBlock (/home/osarugue-enehizena/Documents/code-projects/work/creativeferry/forage/forage-stores-backend/node_modules/jest-circus/build/run.js:126:9)
    at _runTestsForDescribeBlock (/home/osarugue-enehizena/Documents/code-projects/work/creativeferry/forage/forage-stores-backend/node_modules/jest-circus/build/run.js:121:9)
    at _runTestsForDescribeBlock (/home/osarugue-enehizena/Documents/code-projects/work/creativeferry/forage/forage-stores-backend/node_modules/jest-circus/build/run.js:121:9)
    at run (/home/osarugue-enehizena/Documents/code-projects/work/creativeferry/forage/forage-stores-backend/node_modules/jest-circus/build/run.js:71:3)
    at runAndTransformResultsToJestFormat (/home/osarugue-enehizena/Documents/code-projects/work/creativeferry/forage/forage-stores-backend/node_modules/jest-circus/build/legacy-code-todo-rewrite/jestAdapterInit.js:122:21)
    at jestAdapter (/home/osarugue-enehizena/Documents/code-projects/work/creativeferry/forage/forage-stores-backend/node_modules/jest-circus/build/legacy-code-todo-rewrite/jestAdapter.js:79:19)
    at runTestInternal (/home/osarugue-enehizena/Documents/code-projects/work/creativeferry/forage/forage-stores-backend/node_modules/jest-runner/build/runTest.js:367:16)
    at runTest (/home/osarugue-enehizena/Documents/code-projects/work/creativeferry/forage/forage-stores-backend/node_modules/jest-runner/build/runTest.js:444:34)
    at Object.worker (/home/osarugue-enehizena/Documents/code-projects/work/creativeferry/forage/forage-stores-backend/node_modules/jest-runner/build/testWorker.js:106:12)
----
    at Test._assertStatus (/home/osarugue-enehizena/Documents/code-projects/work/creativeferry/forage/forage-stores-backend/node_modules/supertest/lib/test.js:252:14)
    at /home/osarugue-enehizena/Documents/code-projects/work/creativeferry/forage/forage-stores-backend/node_modules/supertest/lib/test.js:308:13
    at Test._assertFunction (/home/osarugue-enehizena/Documents/code-projects/work/creativeferry/forage/forage-stores-backend/node_modules/supertest/lib/test.js:285:13)
    at Test.assert (/home/osarugue-enehizena/Documents/code-projects/work/creativeferry/forage/forage-stores-backend/node_modules/supertest/lib/test.js:164:23)
    at Server.localAssert (/home/osarugue-enehizena/Documents/code-projects/work/creativeferry/forage/forage-stores-backend/node_modules/supertest/lib/test.js:120:14)
    at Object.onceWrapper (node:events:631:28)
    at Server.emit (node:events:517:28)
    at emitCloseNT (node:net:2215:8)
    at processTicksAndRejections (node:internal/process/task_queues:81:21)</failure>
    </testcase>
    <testcase classname="Admin Module (e2e) Security &amp; Validation Tests" name="should validate request bodies for POST endpoints" time="0.004">
      <failure>Error: expected 400 &quot;Bad Request&quot;, got 401 &quot;Unauthorized&quot;
    at Object.&lt;anonymous&gt; (/home/osarugue-enehizena/Documents/code-projects/work/creativeferry/forage/forage-stores-backend/test/admin.e2e-spec.ts:762:10)
    at Promise.then.completed (/home/osarugue-enehizena/Documents/code-projects/work/creativeferry/forage/forage-stores-backend/node_modules/jest-circus/build/utils.js:298:28)
    at new Promise (&lt;anonymous&gt;)
    at callAsyncCircusFn (/home/osarugue-enehizena/Documents/code-projects/work/creativeferry/forage/forage-stores-backend/node_modules/jest-circus/build/utils.js:231:10)
    at _callCircusTest (/home/osarugue-enehizena/Documents/code-projects/work/creativeferry/forage/forage-stores-backend/node_modules/jest-circus/build/run.js:316:40)
    at processTicksAndRejections (node:internal/process/task_queues:95:5)
    at _runTest (/home/osarugue-enehizena/Documents/code-projects/work/creativeferry/forage/forage-stores-backend/node_modules/jest-circus/build/run.js:252:3)
    at _runTestsForDescribeBlock (/home/osarugue-enehizena/Documents/code-projects/work/creativeferry/forage/forage-stores-backend/node_modules/jest-circus/build/run.js:126:9)
    at _runTestsForDescribeBlock (/home/osarugue-enehizena/Documents/code-projects/work/creativeferry/forage/forage-stores-backend/node_modules/jest-circus/build/run.js:121:9)
    at _runTestsForDescribeBlock (/home/osarugue-enehizena/Documents/code-projects/work/creativeferry/forage/forage-stores-backend/node_modules/jest-circus/build/run.js:121:9)
    at run (/home/osarugue-enehizena/Documents/code-projects/work/creativeferry/forage/forage-stores-backend/node_modules/jest-circus/build/run.js:71:3)
    at runAndTransformResultsToJestFormat (/home/osarugue-enehizena/Documents/code-projects/work/creativeferry/forage/forage-stores-backend/node_modules/jest-circus/build/legacy-code-todo-rewrite/jestAdapterInit.js:122:21)
    at jestAdapter (/home/osarugue-enehizena/Documents/code-projects/work/creativeferry/forage/forage-stores-backend/node_modules/jest-circus/build/legacy-code-todo-rewrite/jestAdapter.js:79:19)
    at runTestInternal (/home/osarugue-enehizena/Documents/code-projects/work/creativeferry/forage/forage-stores-backend/node_modules/jest-runner/build/runTest.js:367:16)
    at runTest (/home/osarugue-enehizena/Documents/code-projects/work/creativeferry/forage/forage-stores-backend/node_modules/jest-runner/build/runTest.js:444:34)
    at Object.worker (/home/osarugue-enehizena/Documents/code-projects/work/creativeferry/forage/forage-stores-backend/node_modules/jest-runner/build/testWorker.js:106:12)
----
    at Test._assertStatus (/home/osarugue-enehizena/Documents/code-projects/work/creativeferry/forage/forage-stores-backend/node_modules/supertest/lib/test.js:252:14)
    at /home/osarugue-enehizena/Documents/code-projects/work/creativeferry/forage/forage-stores-backend/node_modules/supertest/lib/test.js:308:13
    at Test._assertFunction (/home/osarugue-enehizena/Documents/code-projects/work/creativeferry/forage/forage-stores-backend/node_modules/supertest/lib/test.js:285:13)
    at Test.assert (/home/osarugue-enehizena/Documents/code-projects/work/creativeferry/forage/forage-stores-backend/node_modules/supertest/lib/test.js:164:23)
    at Server.localAssert (/home/osarugue-enehizena/Documents/code-projects/work/creativeferry/forage/forage-stores-backend/node_modules/supertest/lib/test.js:120:14)
    at Object.onceWrapper (node:events:631:28)
    at Server.emit (node:events:517:28)
    at emitCloseNT (node:net:2215:8)
    at processTicksAndRejections (node:internal/process/task_queues:81:21)</failure>
    </testcase>
    <testcase classname="Admin Module (e2e) Security &amp; Validation Tests" name="should handle malformed ObjectIds gracefully" time="0.003">
      <failure>Error: expected 400 &quot;Bad Request&quot;, got 401 &quot;Unauthorized&quot;
    at Object.&lt;anonymous&gt; (/home/osarugue-enehizena/Documents/code-projects/work/creativeferry/forage/forage-stores-backend/test/admin.e2e-spec.ts:782:10)
    at Promise.then.completed (/home/osarugue-enehizena/Documents/code-projects/work/creativeferry/forage/forage-stores-backend/node_modules/jest-circus/build/utils.js:298:28)
    at new Promise (&lt;anonymous&gt;)
    at callAsyncCircusFn (/home/osarugue-enehizena/Documents/code-projects/work/creativeferry/forage/forage-stores-backend/node_modules/jest-circus/build/utils.js:231:10)
    at _callCircusTest (/home/osarugue-enehizena/Documents/code-projects/work/creativeferry/forage/forage-stores-backend/node_modules/jest-circus/build/run.js:316:40)
    at processTicksAndRejections (node:internal/process/task_queues:95:5)
    at _runTest (/home/osarugue-enehizena/Documents/code-projects/work/creativeferry/forage/forage-stores-backend/node_modules/jest-circus/build/run.js:252:3)
    at _runTestsForDescribeBlock (/home/osarugue-enehizena/Documents/code-projects/work/creativeferry/forage/forage-stores-backend/node_modules/jest-circus/build/run.js:126:9)
    at _runTestsForDescribeBlock (/home/osarugue-enehizena/Documents/code-projects/work/creativeferry/forage/forage-stores-backend/node_modules/jest-circus/build/run.js:121:9)
    at _runTestsForDescribeBlock (/home/osarugue-enehizena/Documents/code-projects/work/creativeferry/forage/forage-stores-backend/node_modules/jest-circus/build/run.js:121:9)
    at run (/home/osarugue-enehizena/Documents/code-projects/work/creativeferry/forage/forage-stores-backend/node_modules/jest-circus/build/run.js:71:3)
    at runAndTransformResultsToJestFormat (/home/osarugue-enehizena/Documents/code-projects/work/creativeferry/forage/forage-stores-backend/node_modules/jest-circus/build/legacy-code-todo-rewrite/jestAdapterInit.js:122:21)
    at jestAdapter (/home/osarugue-enehizena/Documents/code-projects/work/creativeferry/forage/forage-stores-backend/node_modules/jest-circus/build/legacy-code-todo-rewrite/jestAdapter.js:79:19)
    at runTestInternal (/home/osarugue-enehizena/Documents/code-projects/work/creativeferry/forage/forage-stores-backend/node_modules/jest-runner/build/runTest.js:367:16)
    at runTest (/home/osarugue-enehizena/Documents/code-projects/work/creativeferry/forage/forage-stores-backend/node_modules/jest-runner/build/runTest.js:444:34)
    at Object.worker (/home/osarugue-enehizena/Documents/code-projects/work/creativeferry/forage/forage-stores-backend/node_modules/jest-runner/build/testWorker.js:106:12)
----
    at Test._assertStatus (/home/osarugue-enehizena/Documents/code-projects/work/creativeferry/forage/forage-stores-backend/node_modules/supertest/lib/test.js:252:14)
    at /home/osarugue-enehizena/Documents/code-projects/work/creativeferry/forage/forage-stores-backend/node_modules/supertest/lib/test.js:308:13
    at Test._assertFunction (/home/osarugue-enehizena/Documents/code-projects/work/creativeferry/forage/forage-stores-backend/node_modules/supertest/lib/test.js:285:13)
    at Test.assert (/home/osarugue-enehizena/Documents/code-projects/work/creativeferry/forage/forage-stores-backend/node_modules/supertest/lib/test.js:164:23)
    at Server.localAssert (/home/osarugue-enehizena/Documents/code-projects/work/creativeferry/forage/forage-stores-backend/node_modules/supertest/lib/test.js:120:14)
    at Object.onceWrapper (node:events:631:28)
    at Server.emit (node:events:517:28)
    at emitCloseNT (node:net:2215:8)
    at processTicksAndRejections (node:internal/process/task_queues:81:21)</failure>
    </testcase>
    <testcase classname="Admin Module (e2e) Security &amp; Validation Tests" name="should require admin password for sensitive operations" time="0.004">
      <failure>Error: expected 400 &quot;Bad Request&quot;, got 401 &quot;Unauthorized&quot;
    at Object.&lt;anonymous&gt; (/home/osarugue-enehizena/Documents/code-projects/work/creativeferry/forage/forage-stores-backend/test/admin.e2e-spec.ts:813:12)
    at Promise.then.completed (/home/osarugue-enehizena/Documents/code-projects/work/creativeferry/forage/forage-stores-backend/node_modules/jest-circus/build/utils.js:298:28)
    at new Promise (&lt;anonymous&gt;)
    at callAsyncCircusFn (/home/osarugue-enehizena/Documents/code-projects/work/creativeferry/forage/forage-stores-backend/node_modules/jest-circus/build/utils.js:231:10)
    at _callCircusTest (/home/osarugue-enehizena/Documents/code-projects/work/creativeferry/forage/forage-stores-backend/node_modules/jest-circus/build/run.js:316:40)
    at processTicksAndRejections (node:internal/process/task_queues:95:5)
    at _runTest (/home/osarugue-enehizena/Documents/code-projects/work/creativeferry/forage/forage-stores-backend/node_modules/jest-circus/build/run.js:252:3)
    at _runTestsForDescribeBlock (/home/osarugue-enehizena/Documents/code-projects/work/creativeferry/forage/forage-stores-backend/node_modules/jest-circus/build/run.js:126:9)
    at _runTestsForDescribeBlock (/home/osarugue-enehizena/Documents/code-projects/work/creativeferry/forage/forage-stores-backend/node_modules/jest-circus/build/run.js:121:9)
    at _runTestsForDescribeBlock (/home/osarugue-enehizena/Documents/code-projects/work/creativeferry/forage/forage-stores-backend/node_modules/jest-circus/build/run.js:121:9)
    at run (/home/osarugue-enehizena/Documents/code-projects/work/creativeferry/forage/forage-stores-backend/node_modules/jest-circus/build/run.js:71:3)
    at runAndTransformResultsToJestFormat (/home/osarugue-enehizena/Documents/code-projects/work/creativeferry/forage/forage-stores-backend/node_modules/jest-circus/build/legacy-code-todo-rewrite/jestAdapterInit.js:122:21)
    at jestAdapter (/home/osarugue-enehizena/Documents/code-projects/work/creativeferry/forage/forage-stores-backend/node_modules/jest-circus/build/legacy-code-todo-rewrite/jestAdapter.js:79:19)
    at runTestInternal (/home/osarugue-enehizena/Documents/code-projects/work/creativeferry/forage/forage-stores-backend/node_modules/jest-runner/build/runTest.js:367:16)
    at runTest (/home/osarugue-enehizena/Documents/code-projects/work/creativeferry/forage/forage-stores-backend/node_modules/jest-runner/build/runTest.js:444:34)
    at Object.worker (/home/osarugue-enehizena/Documents/code-projects/work/creativeferry/forage/forage-stores-backend/node_modules/jest-runner/build/testWorker.js:106:12)
----
    at Test._assertStatus (/home/osarugue-enehizena/Documents/code-projects/work/creativeferry/forage/forage-stores-backend/node_modules/supertest/lib/test.js:252:14)
    at /home/osarugue-enehizena/Documents/code-projects/work/creativeferry/forage/forage-stores-backend/node_modules/supertest/lib/test.js:308:13
    at Test._assertFunction (/home/osarugue-enehizena/Documents/code-projects/work/creativeferry/forage/forage-stores-backend/node_modules/supertest/lib/test.js:285:13)
    at Test.assert (/home/osarugue-enehizena/Documents/code-projects/work/creativeferry/forage/forage-stores-backend/node_modules/supertest/lib/test.js:164:23)
    at Server.localAssert (/home/osarugue-enehizena/Documents/code-projects/work/creativeferry/forage/forage-stores-backend/node_modules/supertest/lib/test.js:120:14)
    at Object.onceWrapper (node:events:631:28)
    at Server.emit (node:events:517:28)
    at emitCloseNT (node:net:2215:8)
    at processTicksAndRejections (node:internal/process/task_queues:81:21)</failure>
    </testcase>
    <testcase classname="Admin Module (e2e) Edge Cases &amp; Error Handling" name="should handle concurrent wallet operations" time="0.011">
      <failure>Error: expect(received).toBeGreaterThan(expected)

Expected: &gt; 0
Received:   0
    at Object.&lt;anonymous&gt; (/home/osarugue-enehizena/Documents/code-projects/work/creativeferry/forage/forage-stores-backend/test/admin.e2e-spec.ts:840:33)
    at processTicksAndRejections (node:internal/process/task_queues:95:5)</failure>
    </testcase>
    <testcase classname="Admin Module (e2e) Edge Cases &amp; Error Handling" name="should handle large dataset pagination" time="0.019">
      <failure>Error: expected 200 &quot;OK&quot;, got 429 &quot;Too Many Requests&quot;
    at Object.&lt;anonymous&gt; (/home/osarugue-enehizena/Documents/code-projects/work/creativeferry/forage/forage-stores-backend/test/admin.e2e-spec.ts:851:10)
    at Promise.then.completed (/home/osarugue-enehizena/Documents/code-projects/work/creativeferry/forage/forage-stores-backend/node_modules/jest-circus/build/utils.js:298:28)
    at new Promise (&lt;anonymous&gt;)
    at callAsyncCircusFn (/home/osarugue-enehizena/Documents/code-projects/work/creativeferry/forage/forage-stores-backend/node_modules/jest-circus/build/utils.js:231:10)
    at _callCircusTest (/home/osarugue-enehizena/Documents/code-projects/work/creativeferry/forage/forage-stores-backend/node_modules/jest-circus/build/run.js:316:40)
    at processTicksAndRejections (node:internal/process/task_queues:95:5)
    at _runTest (/home/osarugue-enehizena/Documents/code-projects/work/creativeferry/forage/forage-stores-backend/node_modules/jest-circus/build/run.js:252:3)
    at _runTestsForDescribeBlock (/home/osarugue-enehizena/Documents/code-projects/work/creativeferry/forage/forage-stores-backend/node_modules/jest-circus/build/run.js:126:9)
    at _runTestsForDescribeBlock (/home/osarugue-enehizena/Documents/code-projects/work/creativeferry/forage/forage-stores-backend/node_modules/jest-circus/build/run.js:121:9)
    at _runTestsForDescribeBlock (/home/osarugue-enehizena/Documents/code-projects/work/creativeferry/forage/forage-stores-backend/node_modules/jest-circus/build/run.js:121:9)
    at run (/home/osarugue-enehizena/Documents/code-projects/work/creativeferry/forage/forage-stores-backend/node_modules/jest-circus/build/run.js:71:3)
    at runAndTransformResultsToJestFormat (/home/osarugue-enehizena/Documents/code-projects/work/creativeferry/forage/forage-stores-backend/node_modules/jest-circus/build/legacy-code-todo-rewrite/jestAdapterInit.js:122:21)
    at jestAdapter (/home/osarugue-enehizena/Documents/code-projects/work/creativeferry/forage/forage-stores-backend/node_modules/jest-circus/build/legacy-code-todo-rewrite/jestAdapter.js:79:19)
    at runTestInternal (/home/osarugue-enehizena/Documents/code-projects/work/creativeferry/forage/forage-stores-backend/node_modules/jest-runner/build/runTest.js:367:16)
    at runTest (/home/osarugue-enehizena/Documents/code-projects/work/creativeferry/forage/forage-stores-backend/node_modules/jest-runner/build/runTest.js:444:34)
    at Object.worker (/home/osarugue-enehizena/Documents/code-projects/work/creativeferry/forage/forage-stores-backend/node_modules/jest-runner/build/testWorker.js:106:12)
----
    at Test._assertStatus (/home/osarugue-enehizena/Documents/code-projects/work/creativeferry/forage/forage-stores-backend/node_modules/supertest/lib/test.js:252:14)
    at /home/osarugue-enehizena/Documents/code-projects/work/creativeferry/forage/forage-stores-backend/node_modules/supertest/lib/test.js:308:13
    at Test._assertFunction (/home/osarugue-enehizena/Documents/code-projects/work/creativeferry/forage/forage-stores-backend/node_modules/supertest/lib/test.js:285:13)
    at Test.assert (/home/osarugue-enehizena/Documents/code-projects/work/creativeferry/forage/forage-stores-backend/node_modules/supertest/lib/test.js:164:23)
    at Server.localAssert (/home/osarugue-enehizena/Documents/code-projects/work/creativeferry/forage/forage-stores-backend/node_modules/supertest/lib/test.js:120:14)
    at Object.onceWrapper (node:events:631:28)
    at Server.emit (node:events:517:28)
    at emitCloseNT (node:net:2215:8)
    at processTicksAndRejections (node:internal/process/task_queues:81:21)</failure>
    </testcase>
    <testcase classname="Admin Module (e2e) Edge Cases &amp; Error Handling" name="should handle invalid date ranges in analytics" time="0.003">
      <failure>Error: expected 400 &quot;Bad Request&quot;, got 429 &quot;Too Many Requests&quot;
    at Object.&lt;anonymous&gt; (/home/osarugue-enehizena/Documents/code-projects/work/creativeferry/forage/forage-stores-backend/test/admin.e2e-spec.ts:864:10)
    at Promise.then.completed (/home/osarugue-enehizena/Documents/code-projects/work/creativeferry/forage/forage-stores-backend/node_modules/jest-circus/build/utils.js:298:28)
    at new Promise (&lt;anonymous&gt;)
    at callAsyncCircusFn (/home/osarugue-enehizena/Documents/code-projects/work/creativeferry/forage/forage-stores-backend/node_modules/jest-circus/build/utils.js:231:10)
    at _callCircusTest (/home/osarugue-enehizena/Documents/code-projects/work/creativeferry/forage/forage-stores-backend/node_modules/jest-circus/build/run.js:316:40)
    at processTicksAndRejections (node:internal/process/task_queues:95:5)
    at _runTest (/home/osarugue-enehizena/Documents/code-projects/work/creativeferry/forage/forage-stores-backend/node_modules/jest-circus/build/run.js:252:3)
    at _runTestsForDescribeBlock (/home/osarugue-enehizena/Documents/code-projects/work/creativeferry/forage/forage-stores-backend/node_modules/jest-circus/build/run.js:126:9)
    at _runTestsForDescribeBlock (/home/osarugue-enehizena/Documents/code-projects/work/creativeferry/forage/forage-stores-backend/node_modules/jest-circus/build/run.js:121:9)
    at _runTestsForDescribeBlock (/home/osarugue-enehizena/Documents/code-projects/work/creativeferry/forage/forage-stores-backend/node_modules/jest-circus/build/run.js:121:9)
    at run (/home/osarugue-enehizena/Documents/code-projects/work/creativeferry/forage/forage-stores-backend/node_modules/jest-circus/build/run.js:71:3)
    at runAndTransformResultsToJestFormat (/home/osarugue-enehizena/Documents/code-projects/work/creativeferry/forage/forage-stores-backend/node_modules/jest-circus/build/legacy-code-todo-rewrite/jestAdapterInit.js:122:21)
    at jestAdapter (/home/osarugue-enehizena/Documents/code-projects/work/creativeferry/forage/forage-stores-backend/node_modules/jest-circus/build/legacy-code-todo-rewrite/jestAdapter.js:79:19)
    at runTestInternal (/home/osarugue-enehizena/Documents/code-projects/work/creativeferry/forage/forage-stores-backend/node_modules/jest-runner/build/runTest.js:367:16)
    at runTest (/home/osarugue-enehizena/Documents/code-projects/work/creativeferry/forage/forage-stores-backend/node_modules/jest-runner/build/runTest.js:444:34)
    at Object.worker (/home/osarugue-enehizena/Documents/code-projects/work/creativeferry/forage/forage-stores-backend/node_modules/jest-runner/build/testWorker.js:106:12)
----
    at Test._assertStatus (/home/osarugue-enehizena/Documents/code-projects/work/creativeferry/forage/forage-stores-backend/node_modules/supertest/lib/test.js:252:14)
    at /home/osarugue-enehizena/Documents/code-projects/work/creativeferry/forage/forage-stores-backend/node_modules/supertest/lib/test.js:308:13
    at Test._assertFunction (/home/osarugue-enehizena/Documents/code-projects/work/creativeferry/forage/forage-stores-backend/node_modules/supertest/lib/test.js:285:13)
    at Test.assert (/home/osarugue-enehizena/Documents/code-projects/work/creativeferry/forage/forage-stores-backend/node_modules/supertest/lib/test.js:164:23)
    at Server.localAssert (/home/osarugue-enehizena/Documents/code-projects/work/creativeferry/forage/forage-stores-backend/node_modules/supertest/lib/test.js:120:14)
    at Object.onceWrapper (node:events:631:28)
    at Server.emit (node:events:517:28)
    at emitCloseNT (node:net:2215:8)
    at processTicksAndRejections (node:internal/process/task_queues:81:21)</failure>
    </testcase>
    <testcase classname="Admin Module (e2e) Edge Cases &amp; Error Handling" name="should handle database connection errors gracefully" time="0.004">
      <failure>Error: expected 404 &quot;Not Found&quot;, got 429 &quot;Too Many Requests&quot;
    at Object.&lt;anonymous&gt; (/home/osarugue-enehizena/Documents/code-projects/work/creativeferry/forage/forage-stores-backend/test/admin.e2e-spec.ts:874:10)
    at Promise.then.completed (/home/osarugue-enehizena/Documents/code-projects/work/creativeferry/forage/forage-stores-backend/node_modules/jest-circus/build/utils.js:298:28)
    at new Promise (&lt;anonymous&gt;)
    at callAsyncCircusFn (/home/osarugue-enehizena/Documents/code-projects/work/creativeferry/forage/forage-stores-backend/node_modules/jest-circus/build/utils.js:231:10)
    at _callCircusTest (/home/osarugue-enehizena/Documents/code-projects/work/creativeferry/forage/forage-stores-backend/node_modules/jest-circus/build/run.js:316:40)
    at processTicksAndRejections (node:internal/process/task_queues:95:5)
    at _runTest (/home/osarugue-enehizena/Documents/code-projects/work/creativeferry/forage/forage-stores-backend/node_modules/jest-circus/build/run.js:252:3)
    at _runTestsForDescribeBlock (/home/osarugue-enehizena/Documents/code-projects/work/creativeferry/forage/forage-stores-backend/node_modules/jest-circus/build/run.js:126:9)
    at _runTestsForDescribeBlock (/home/osarugue-enehizena/Documents/code-projects/work/creativeferry/forage/forage-stores-backend/node_modules/jest-circus/build/run.js:121:9)
    at _runTestsForDescribeBlock (/home/osarugue-enehizena/Documents/code-projects/work/creativeferry/forage/forage-stores-backend/node_modules/jest-circus/build/run.js:121:9)
    at run (/home/osarugue-enehizena/Documents/code-projects/work/creativeferry/forage/forage-stores-backend/node_modules/jest-circus/build/run.js:71:3)
    at runAndTransformResultsToJestFormat (/home/osarugue-enehizena/Documents/code-projects/work/creativeferry/forage/forage-stores-backend/node_modules/jest-circus/build/legacy-code-todo-rewrite/jestAdapterInit.js:122:21)
    at jestAdapter (/home/osarugue-enehizena/Documents/code-projects/work/creativeferry/forage/forage-stores-backend/node_modules/jest-circus/build/legacy-code-todo-rewrite/jestAdapter.js:79:19)
    at runTestInternal (/home/osarugue-enehizena/Documents/code-projects/work/creativeferry/forage/forage-stores-backend/node_modules/jest-runner/build/runTest.js:367:16)
    at runTest (/home/osarugue-enehizena/Documents/code-projects/work/creativeferry/forage/forage-stores-backend/node_modules/jest-runner/build/runTest.js:444:34)
    at Object.worker (/home/osarugue-enehizena/Documents/code-projects/work/creativeferry/forage/forage-stores-backend/node_modules/jest-runner/build/testWorker.js:106:12)
----
    at Test._assertStatus (/home/osarugue-enehizena/Documents/code-projects/work/creativeferry/forage/forage-stores-backend/node_modules/supertest/lib/test.js:252:14)
    at /home/osarugue-enehizena/Documents/code-projects/work/creativeferry/forage/forage-stores-backend/node_modules/supertest/lib/test.js:308:13
    at Test._assertFunction (/home/osarugue-enehizena/Documents/code-projects/work/creativeferry/forage/forage-stores-backend/node_modules/supertest/lib/test.js:285:13)
    at Test.assert (/home/osarugue-enehizena/Documents/code-projects/work/creativeferry/forage/forage-stores-backend/node_modules/supertest/lib/test.js:164:23)
    at Server.localAssert (/home/osarugue-enehizena/Documents/code-projects/work/creativeferry/forage/forage-stores-backend/node_modules/supertest/lib/test.js:120:14)
    at Object.onceWrapper (node:events:631:28)
    at Server.emit (node:events:517:28)
    at emitCloseNT (node:net:2215:8)
    at processTicksAndRejections (node:internal/process/task_queues:81:21)</failure>
    </testcase>
    <testcase classname="Admin Module (e2e) Performance Tests" name="should handle multiple simultaneous requests" time="0.007">
      <failure>Error: read ECONNRESET
    at TCP.onStreamRead (node:internal/stream_base_commons:217:20)</failure>
    </testcase>
    <testcase classname="Admin Module (e2e) Performance Tests" name="should handle large response payloads" time="0.008">
      <failure>Error: expected 200 &quot;OK&quot;, got 429 &quot;Too Many Requests&quot;
    at Object.&lt;anonymous&gt; (/home/osarugue-enehizena/Documents/code-projects/work/creativeferry/forage/forage-stores-backend/test/admin.e2e-spec.ts:907:10)
    at Promise.then.completed (/home/osarugue-enehizena/Documents/code-projects/work/creativeferry/forage/forage-stores-backend/node_modules/jest-circus/build/utils.js:298:28)
    at new Promise (&lt;anonymous&gt;)
    at callAsyncCircusFn (/home/osarugue-enehizena/Documents/code-projects/work/creativeferry/forage/forage-stores-backend/node_modules/jest-circus/build/utils.js:231:10)
    at _callCircusTest (/home/osarugue-enehizena/Documents/code-projects/work/creativeferry/forage/forage-stores-backend/node_modules/jest-circus/build/run.js:316:40)
    at processTicksAndRejections (node:internal/process/task_queues:95:5)
    at _runTest (/home/osarugue-enehizena/Documents/code-projects/work/creativeferry/forage/forage-stores-backend/node_modules/jest-circus/build/run.js:252:3)
    at _runTestsForDescribeBlock (/home/osarugue-enehizena/Documents/code-projects/work/creativeferry/forage/forage-stores-backend/node_modules/jest-circus/build/run.js:126:9)
    at _runTestsForDescribeBlock (/home/osarugue-enehizena/Documents/code-projects/work/creativeferry/forage/forage-stores-backend/node_modules/jest-circus/build/run.js:121:9)
    at _runTestsForDescribeBlock (/home/osarugue-enehizena/Documents/code-projects/work/creativeferry/forage/forage-stores-backend/node_modules/jest-circus/build/run.js:121:9)
    at run (/home/osarugue-enehizena/Documents/code-projects/work/creativeferry/forage/forage-stores-backend/node_modules/jest-circus/build/run.js:71:3)
    at runAndTransformResultsToJestFormat (/home/osarugue-enehizena/Documents/code-projects/work/creativeferry/forage/forage-stores-backend/node_modules/jest-circus/build/legacy-code-todo-rewrite/jestAdapterInit.js:122:21)
    at jestAdapter (/home/osarugue-enehizena/Documents/code-projects/work/creativeferry/forage/forage-stores-backend/node_modules/jest-circus/build/legacy-code-todo-rewrite/jestAdapter.js:79:19)
    at runTestInternal (/home/osarugue-enehizena/Documents/code-projects/work/creativeferry/forage/forage-stores-backend/node_modules/jest-runner/build/runTest.js:367:16)
    at runTest (/home/osarugue-enehizena/Documents/code-projects/work/creativeferry/forage/forage-stores-backend/node_modules/jest-runner/build/runTest.js:444:34)
    at Object.worker (/home/osarugue-enehizena/Documents/code-projects/work/creativeferry/forage/forage-stores-backend/node_modules/jest-runner/build/testWorker.js:106:12)
----
    at Test._assertStatus (/home/osarugue-enehizena/Documents/code-projects/work/creativeferry/forage/forage-stores-backend/node_modules/supertest/lib/test.js:252:14)
    at /home/osarugue-enehizena/Documents/code-projects/work/creativeferry/forage/forage-stores-backend/node_modules/supertest/lib/test.js:308:13
    at Test._assertFunction (/home/osarugue-enehizena/Documents/code-projects/work/creativeferry/forage/forage-stores-backend/node_modules/supertest/lib/test.js:285:13)
    at Test.assert (/home/osarugue-enehizena/Documents/code-projects/work/creativeferry/forage/forage-stores-backend/node_modules/supertest/lib/test.js:164:23)
    at Server.localAssert (/home/osarugue-enehizena/Documents/code-projects/work/creativeferry/forage/forage-stores-backend/node_modules/supertest/lib/test.js:120:14)
    at Object.onceWrapper (node:events:631:28)
    at Server.emit (node:events:529:35)
    at emitCloseNT (node:net:2215:8)
    at processTicksAndRejections (node:internal/process/task_queues:81:21)</failure>
    </testcase>
  </testsuite>
  <testsuite name="Admin Module - Focused Tests (e2e)" errors="0" failures="50" skipped="0" timestamp="2025-08-18T13:59:52" time="13.55" tests="50">
    <testcase classname="Admin Module - Focused Tests (e2e)  Admin Authentication &amp; Authorization" name="should allow admin to access admin endpoints" time="0.005">
      <failure>Error: Failed to login user: {&quot;statusCode&quot;:429,&quot;message&quot;:&quot;ThrottlerException: Too Many Requests&quot;}
    at TestHelpers.createUserAndGetToken (/home/osarugue-enehizena/Documents/code-projects/work/creativeferry/forage/forage-stores-backend/test/helpers/test.helpers.ts:116:13)
    at processTicksAndRejections (node:internal/process/task_queues:95:5)
    at TestHelpers.createTestData (/home/osarugue-enehizena/Documents/code-projects/work/creativeferry/forage/forage-stores-backend/test/helpers/test.helpers.ts:179:34)
    at Object.&lt;anonymous&gt; (/home/osarugue-enehizena/Documents/code-projects/work/creativeferry/forage/forage-stores-backend/test/admin-focused.e2e-spec.ts:44:16)</failure>
    </testcase>
    <testcase classname="Admin Module - Focused Tests (e2e)  Admin Authentication &amp; Authorization" name="should deny non-admin access to admin endpoints" time="0.001">
      <failure>Error: Failed to login user: {&quot;statusCode&quot;:429,&quot;message&quot;:&quot;ThrottlerException: Too Many Requests&quot;}
    at TestHelpers.createUserAndGetToken (/home/osarugue-enehizena/Documents/code-projects/work/creativeferry/forage/forage-stores-backend/test/helpers/test.helpers.ts:116:13)
    at processTicksAndRejections (node:internal/process/task_queues:95:5)
    at TestHelpers.createTestData (/home/osarugue-enehizena/Documents/code-projects/work/creativeferry/forage/forage-stores-backend/test/helpers/test.helpers.ts:179:34)
    at Object.&lt;anonymous&gt; (/home/osarugue-enehizena/Documents/code-projects/work/creativeferry/forage/forage-stores-backend/test/admin-focused.e2e-spec.ts:44:16)</failure>
    </testcase>
    <testcase classname="Admin Module - Focused Tests (e2e)  Admin Authentication &amp; Authorization" name="should require authentication for admin endpoints" time="0">
      <failure>Error: Failed to login user: {&quot;statusCode&quot;:429,&quot;message&quot;:&quot;ThrottlerException: Too Many Requests&quot;}
    at TestHelpers.createUserAndGetToken (/home/osarugue-enehizena/Documents/code-projects/work/creativeferry/forage/forage-stores-backend/test/helpers/test.helpers.ts:116:13)
    at processTicksAndRejections (node:internal/process/task_queues:95:5)
    at TestHelpers.createTestData (/home/osarugue-enehizena/Documents/code-projects/work/creativeferry/forage/forage-stores-backend/test/helpers/test.helpers.ts:179:34)
    at Object.&lt;anonymous&gt; (/home/osarugue-enehizena/Documents/code-projects/work/creativeferry/forage/forage-stores-backend/test/admin-focused.e2e-spec.ts:44:16)</failure>
    </testcase>
    <testcase classname="Admin Module - Focused Tests (e2e)  User Management" name="should get all users with proper structure" time="0">
      <failure>Error: Failed to login user: {&quot;statusCode&quot;:429,&quot;message&quot;:&quot;ThrottlerException: Too Many Requests&quot;}
    at TestHelpers.createUserAndGetToken (/home/osarugue-enehizena/Documents/code-projects/work/creativeferry/forage/forage-stores-backend/test/helpers/test.helpers.ts:116:13)
    at processTicksAndRejections (node:internal/process/task_queues:95:5)
    at TestHelpers.createTestData (/home/osarugue-enehizena/Documents/code-projects/work/creativeferry/forage/forage-stores-backend/test/helpers/test.helpers.ts:179:34)
    at Object.&lt;anonymous&gt; (/home/osarugue-enehizena/Documents/code-projects/work/creativeferry/forage/forage-stores-backend/test/admin-focused.e2e-spec.ts:44:16)</failure>
    </testcase>
    <testcase classname="Admin Module - Focused Tests (e2e)  User Management" name="should get specific user by ID" time="0.001">
      <failure>Error: Failed to login user: {&quot;statusCode&quot;:429,&quot;message&quot;:&quot;ThrottlerException: Too Many Requests&quot;}
    at TestHelpers.createUserAndGetToken (/home/osarugue-enehizena/Documents/code-projects/work/creativeferry/forage/forage-stores-backend/test/helpers/test.helpers.ts:116:13)
    at processTicksAndRejections (node:internal/process/task_queues:95:5)
    at TestHelpers.createTestData (/home/osarugue-enehizena/Documents/code-projects/work/creativeferry/forage/forage-stores-backend/test/helpers/test.helpers.ts:179:34)
    at Object.&lt;anonymous&gt; (/home/osarugue-enehizena/Documents/code-projects/work/creativeferry/forage/forage-stores-backend/test/admin-focused.e2e-spec.ts:44:16)</failure>
    </testcase>
    <testcase classname="Admin Module - Focused Tests (e2e)  User Management" name="should return 404 for non-existent user" time="0">
      <failure>Error: Failed to login user: {&quot;statusCode&quot;:429,&quot;message&quot;:&quot;ThrottlerException: Too Many Requests&quot;}
    at TestHelpers.createUserAndGetToken (/home/osarugue-enehizena/Documents/code-projects/work/creativeferry/forage/forage-stores-backend/test/helpers/test.helpers.ts:116:13)
    at processTicksAndRejections (node:internal/process/task_queues:95:5)
    at TestHelpers.createTestData (/home/osarugue-enehizena/Documents/code-projects/work/creativeferry/forage/forage-stores-backend/test/helpers/test.helpers.ts:179:34)
    at Object.&lt;anonymous&gt; (/home/osarugue-enehizena/Documents/code-projects/work/creativeferry/forage/forage-stores-backend/test/admin-focused.e2e-spec.ts:44:16)</failure>
    </testcase>
    <testcase classname="Admin Module - Focused Tests (e2e)  User Management" name="should handle malformed user ID" time="0">
      <failure>Error: Failed to login user: {&quot;statusCode&quot;:429,&quot;message&quot;:&quot;ThrottlerException: Too Many Requests&quot;}
    at TestHelpers.createUserAndGetToken (/home/osarugue-enehizena/Documents/code-projects/work/creativeferry/forage/forage-stores-backend/test/helpers/test.helpers.ts:116:13)
    at processTicksAndRejections (node:internal/process/task_queues:95:5)
    at TestHelpers.createTestData (/home/osarugue-enehizena/Documents/code-projects/work/creativeferry/forage/forage-stores-backend/test/helpers/test.helpers.ts:179:34)
    at Object.&lt;anonymous&gt; (/home/osarugue-enehizena/Documents/code-projects/work/creativeferry/forage/forage-stores-backend/test/admin-focused.e2e-spec.ts:44:16)</failure>
    </testcase>
    <testcase classname="Admin Module - Focused Tests (e2e)  Wallet Management" name="should get all wallets" time="0">
      <failure>Error: Failed to login user: {&quot;statusCode&quot;:429,&quot;message&quot;:&quot;ThrottlerException: Too Many Requests&quot;}
    at TestHelpers.createUserAndGetToken (/home/osarugue-enehizena/Documents/code-projects/work/creativeferry/forage/forage-stores-backend/test/helpers/test.helpers.ts:116:13)
    at processTicksAndRejections (node:internal/process/task_queues:95:5)
    at TestHelpers.createTestData (/home/osarugue-enehizena/Documents/code-projects/work/creativeferry/forage/forage-stores-backend/test/helpers/test.helpers.ts:179:34)
    at Object.&lt;anonymous&gt; (/home/osarugue-enehizena/Documents/code-projects/work/creativeferry/forage/forage-stores-backend/test/admin-focused.e2e-spec.ts:44:16)</failure>
    </testcase>
    <testcase classname="Admin Module - Focused Tests (e2e)  Wallet Management" name="should get user wallet" time="0.001">
      <failure>Error: Failed to login user: {&quot;statusCode&quot;:429,&quot;message&quot;:&quot;ThrottlerException: Too Many Requests&quot;}
    at TestHelpers.createUserAndGetToken (/home/osarugue-enehizena/Documents/code-projects/work/creativeferry/forage/forage-stores-backend/test/helpers/test.helpers.ts:116:13)
    at processTicksAndRejections (node:internal/process/task_queues:95:5)
    at TestHelpers.createTestData (/home/osarugue-enehizena/Documents/code-projects/work/creativeferry/forage/forage-stores-backend/test/helpers/test.helpers.ts:179:34)
    at Object.&lt;anonymous&gt; (/home/osarugue-enehizena/Documents/code-projects/work/creativeferry/forage/forage-stores-backend/test/admin-focused.e2e-spec.ts:44:16)</failure>
    </testcase>
    <testcase classname="Admin Module - Focused Tests (e2e)  Wallet Management" name="should fund user wallet with valid admin password" time="0">
      <failure>Error: Failed to login user: {&quot;statusCode&quot;:429,&quot;message&quot;:&quot;ThrottlerException: Too Many Requests&quot;}
    at TestHelpers.createUserAndGetToken (/home/osarugue-enehizena/Documents/code-projects/work/creativeferry/forage/forage-stores-backend/test/helpers/test.helpers.ts:116:13)
    at processTicksAndRejections (node:internal/process/task_queues:95:5)
    at TestHelpers.createTestData (/home/osarugue-enehizena/Documents/code-projects/work/creativeferry/forage/forage-stores-backend/test/helpers/test.helpers.ts:179:34)
    at Object.&lt;anonymous&gt; (/home/osarugue-enehizena/Documents/code-projects/work/creativeferry/forage/forage-stores-backend/test/admin-focused.e2e-spec.ts:44:16)</failure>
    </testcase>
    <testcase classname="Admin Module - Focused Tests (e2e)  Wallet Management" name="should reject wallet funding with invalid admin password" time="0">
      <failure>Error: Failed to login user: {&quot;statusCode&quot;:429,&quot;message&quot;:&quot;ThrottlerException: Too Many Requests&quot;}
    at TestHelpers.createUserAndGetToken (/home/osarugue-enehizena/Documents/code-projects/work/creativeferry/forage/forage-stores-backend/test/helpers/test.helpers.ts:116:13)
    at processTicksAndRejections (node:internal/process/task_queues:95:5)
    at TestHelpers.createTestData (/home/osarugue-enehizena/Documents/code-projects/work/creativeferry/forage/forage-stores-backend/test/helpers/test.helpers.ts:179:34)
    at Object.&lt;anonymous&gt; (/home/osarugue-enehizena/Documents/code-projects/work/creativeferry/forage/forage-stores-backend/test/admin-focused.e2e-spec.ts:44:16)</failure>
    </testcase>
    <testcase classname="Admin Module - Focused Tests (e2e)  Wallet Management" name="should wipe user wallet with valid admin password" time="0">
      <failure>Error: Failed to login user: {&quot;statusCode&quot;:429,&quot;message&quot;:&quot;ThrottlerException: Too Many Requests&quot;}
    at TestHelpers.createUserAndGetToken (/home/osarugue-enehizena/Documents/code-projects/work/creativeferry/forage/forage-stores-backend/test/helpers/test.helpers.ts:116:13)
    at processTicksAndRejections (node:internal/process/task_queues:95:5)
    at TestHelpers.createTestData (/home/osarugue-enehizena/Documents/code-projects/work/creativeferry/forage/forage-stores-backend/test/helpers/test.helpers.ts:179:34)
    at Object.&lt;anonymous&gt; (/home/osarugue-enehizena/Documents/code-projects/work/creativeferry/forage/forage-stores-backend/test/admin-focused.e2e-spec.ts:44:16)</failure>
    </testcase>
    <testcase classname="Admin Module - Focused Tests (e2e)  Wallet Management" name="should validate wallet funding input" time="0">
      <failure>Error: Failed to login user: {&quot;statusCode&quot;:429,&quot;message&quot;:&quot;ThrottlerException: Too Many Requests&quot;}
    at TestHelpers.createUserAndGetToken (/home/osarugue-enehizena/Documents/code-projects/work/creativeferry/forage/forage-stores-backend/test/helpers/test.helpers.ts:116:13)
    at processTicksAndRejections (node:internal/process/task_queues:95:5)
    at TestHelpers.createTestData (/home/osarugue-enehizena/Documents/code-projects/work/creativeferry/forage/forage-stores-backend/test/helpers/test.helpers.ts:179:34)
    at Object.&lt;anonymous&gt; (/home/osarugue-enehizena/Documents/code-projects/work/creativeferry/forage/forage-stores-backend/test/admin-focused.e2e-spec.ts:44:16)</failure>
    </testcase>
    <testcase classname="Admin Module - Focused Tests (e2e)  Analytics Management" name="should get orders analytics with proper structure" time="0">
      <failure>Error: Failed to login user: {&quot;statusCode&quot;:429,&quot;message&quot;:&quot;ThrottlerException: Too Many Requests&quot;}
    at TestHelpers.createUserAndGetToken (/home/osarugue-enehizena/Documents/code-projects/work/creativeferry/forage/forage-stores-backend/test/helpers/test.helpers.ts:116:13)
    at processTicksAndRejections (node:internal/process/task_queues:95:5)
    at TestHelpers.createTestData (/home/osarugue-enehizena/Documents/code-projects/work/creativeferry/forage/forage-stores-backend/test/helpers/test.helpers.ts:179:34)
    at Object.&lt;anonymous&gt; (/home/osarugue-enehizena/Documents/code-projects/work/creativeferry/forage/forage-stores-backend/test/admin-focused.e2e-spec.ts:44:16)</failure>
    </testcase>
    <testcase classname="Admin Module - Focused Tests (e2e)  Analytics Management" name="should get subscription analytics" time="0">
      <failure>Error: Failed to login user: {&quot;statusCode&quot;:429,&quot;message&quot;:&quot;ThrottlerException: Too Many Requests&quot;}
    at TestHelpers.createUserAndGetToken (/home/osarugue-enehizena/Documents/code-projects/work/creativeferry/forage/forage-stores-backend/test/helpers/test.helpers.ts:116:13)
    at processTicksAndRejections (node:internal/process/task_queues:95:5)
    at TestHelpers.createTestData (/home/osarugue-enehizena/Documents/code-projects/work/creativeferry/forage/forage-stores-backend/test/helpers/test.helpers.ts:179:34)
    at Object.&lt;anonymous&gt; (/home/osarugue-enehizena/Documents/code-projects/work/creativeferry/forage/forage-stores-backend/test/admin-focused.e2e-spec.ts:44:16)</failure>
    </testcase>
    <testcase classname="Admin Module - Focused Tests (e2e)  Analytics Management" name="should get commission analytics" time="0">
      <failure>Error: Failed to login user: {&quot;statusCode&quot;:429,&quot;message&quot;:&quot;ThrottlerException: Too Many Requests&quot;}
    at TestHelpers.createUserAndGetToken (/home/osarugue-enehizena/Documents/code-projects/work/creativeferry/forage/forage-stores-backend/test/helpers/test.helpers.ts:116:13)
    at processTicksAndRejections (node:internal/process/task_queues:95:5)
    at TestHelpers.createTestData (/home/osarugue-enehizena/Documents/code-projects/work/creativeferry/forage/forage-stores-backend/test/helpers/test.helpers.ts:179:34)
    at Object.&lt;anonymous&gt; (/home/osarugue-enehizena/Documents/code-projects/work/creativeferry/forage/forage-stores-backend/test/admin-focused.e2e-spec.ts:44:16)</failure>
    </testcase>
    <testcase classname="Admin Module - Focused Tests (e2e)  Analytics Management" name="should validate date range in analytics" time="0">
      <failure>Error: Failed to login user: {&quot;statusCode&quot;:429,&quot;message&quot;:&quot;ThrottlerException: Too Many Requests&quot;}
    at TestHelpers.createUserAndGetToken (/home/osarugue-enehizena/Documents/code-projects/work/creativeferry/forage/forage-stores-backend/test/helpers/test.helpers.ts:116:13)
    at processTicksAndRejections (node:internal/process/task_queues:95:5)
    at TestHelpers.createTestData (/home/osarugue-enehizena/Documents/code-projects/work/creativeferry/forage/forage-stores-backend/test/helpers/test.helpers.ts:179:34)
    at Object.&lt;anonymous&gt; (/home/osarugue-enehizena/Documents/code-projects/work/creativeferry/forage/forage-stores-backend/test/admin-focused.e2e-spec.ts:44:16)</failure>
    </testcase>
    <testcase classname="Admin Module - Focused Tests (e2e)  Category Management" name="should create a new category" time="0">
      <failure>Error: Failed to login user: {&quot;statusCode&quot;:429,&quot;message&quot;:&quot;ThrottlerException: Too Many Requests&quot;}
    at TestHelpers.createUserAndGetToken (/home/osarugue-enehizena/Documents/code-projects/work/creativeferry/forage/forage-stores-backend/test/helpers/test.helpers.ts:116:13)
    at processTicksAndRejections (node:internal/process/task_queues:95:5)
    at TestHelpers.createTestData (/home/osarugue-enehizena/Documents/code-projects/work/creativeferry/forage/forage-stores-backend/test/helpers/test.helpers.ts:179:34)
    at Object.&lt;anonymous&gt; (/home/osarugue-enehizena/Documents/code-projects/work/creativeferry/forage/forage-stores-backend/test/admin-focused.e2e-spec.ts:44:16)</failure>
    </testcase>
    <testcase classname="Admin Module - Focused Tests (e2e)  Category Management" name="should get all categories" time="0">
      <failure>Error: Failed to login user: {&quot;statusCode&quot;:429,&quot;message&quot;:&quot;ThrottlerException: Too Many Requests&quot;}
    at TestHelpers.createUserAndGetToken (/home/osarugue-enehizena/Documents/code-projects/work/creativeferry/forage/forage-stores-backend/test/helpers/test.helpers.ts:116:13)
    at processTicksAndRejections (node:internal/process/task_queues:95:5)
    at TestHelpers.createTestData (/home/osarugue-enehizena/Documents/code-projects/work/creativeferry/forage/forage-stores-backend/test/helpers/test.helpers.ts:179:34)
    at Object.&lt;anonymous&gt; (/home/osarugue-enehizena/Documents/code-projects/work/creativeferry/forage/forage-stores-backend/test/admin-focused.e2e-spec.ts:44:16)</failure>
    </testcase>
    <testcase classname="Admin Module - Focused Tests (e2e)  Category Management" name="should get category by ID" time="0">
      <failure>Error: Failed to login user: {&quot;statusCode&quot;:429,&quot;message&quot;:&quot;ThrottlerException: Too Many Requests&quot;}
    at TestHelpers.createUserAndGetToken (/home/osarugue-enehizena/Documents/code-projects/work/creativeferry/forage/forage-stores-backend/test/helpers/test.helpers.ts:116:13)
    at processTicksAndRejections (node:internal/process/task_queues:95:5)
    at TestHelpers.createTestData (/home/osarugue-enehizena/Documents/code-projects/work/creativeferry/forage/forage-stores-backend/test/helpers/test.helpers.ts:179:34)
    at Object.&lt;anonymous&gt; (/home/osarugue-enehizena/Documents/code-projects/work/creativeferry/forage/forage-stores-backend/test/admin-focused.e2e-spec.ts:44:16)</failure>
    </testcase>
    <testcase classname="Admin Module - Focused Tests (e2e)  Category Management" name="should update a category" time="0">
      <failure>Error: Failed to login user: {&quot;statusCode&quot;:429,&quot;message&quot;:&quot;ThrottlerException: Too Many Requests&quot;}
    at TestHelpers.createUserAndGetToken (/home/osarugue-enehizena/Documents/code-projects/work/creativeferry/forage/forage-stores-backend/test/helpers/test.helpers.ts:116:13)
    at processTicksAndRejections (node:internal/process/task_queues:95:5)
    at TestHelpers.createTestData (/home/osarugue-enehizena/Documents/code-projects/work/creativeferry/forage/forage-stores-backend/test/helpers/test.helpers.ts:179:34)
    at Object.&lt;anonymous&gt; (/home/osarugue-enehizena/Documents/code-projects/work/creativeferry/forage/forage-stores-backend/test/admin-focused.e2e-spec.ts:44:16)</failure>
    </testcase>
    <testcase classname="Admin Module - Focused Tests (e2e)  Category Management" name="should validate category creation" time="0">
      <failure>Error: Failed to login user: {&quot;statusCode&quot;:429,&quot;message&quot;:&quot;ThrottlerException: Too Many Requests&quot;}
    at TestHelpers.createUserAndGetToken (/home/osarugue-enehizena/Documents/code-projects/work/creativeferry/forage/forage-stores-backend/test/helpers/test.helpers.ts:116:13)
    at processTicksAndRejections (node:internal/process/task_queues:95:5)
    at TestHelpers.createTestData (/home/osarugue-enehizena/Documents/code-projects/work/creativeferry/forage/forage-stores-backend/test/helpers/test.helpers.ts:179:34)
    at Object.&lt;anonymous&gt; (/home/osarugue-enehizena/Documents/code-projects/work/creativeferry/forage/forage-stores-backend/test/admin-focused.e2e-spec.ts:44:16)</failure>
    </testcase>
    <testcase classname="Admin Module - Focused Tests (e2e)  Category Management" name="should delete a category" time="0.001">
      <failure>Error: Failed to login user: {&quot;statusCode&quot;:429,&quot;message&quot;:&quot;ThrottlerException: Too Many Requests&quot;}
    at TestHelpers.createUserAndGetToken (/home/osarugue-enehizena/Documents/code-projects/work/creativeferry/forage/forage-stores-backend/test/helpers/test.helpers.ts:116:13)
    at processTicksAndRejections (node:internal/process/task_queues:95:5)
    at TestHelpers.createTestData (/home/osarugue-enehizena/Documents/code-projects/work/creativeferry/forage/forage-stores-backend/test/helpers/test.helpers.ts:179:34)
    at Object.&lt;anonymous&gt; (/home/osarugue-enehizena/Documents/code-projects/work/creativeferry/forage/forage-stores-backend/test/admin-focused.e2e-spec.ts:44:16)</failure>
    </testcase>
    <testcase classname="Admin Module - Focused Tests (e2e)  Growth Users Management" name="should get growth users by city" time="0">
      <failure>Error: Failed to login user: {&quot;statusCode&quot;:429,&quot;message&quot;:&quot;ThrottlerException: Too Many Requests&quot;}
    at TestHelpers.createUserAndGetToken (/home/osarugue-enehizena/Documents/code-projects/work/creativeferry/forage/forage-stores-backend/test/helpers/test.helpers.ts:116:13)
    at processTicksAndRejections (node:internal/process/task_queues:95:5)
    at TestHelpers.createTestData (/home/osarugue-enehizena/Documents/code-projects/work/creativeferry/forage/forage-stores-backend/test/helpers/test.helpers.ts:179:34)
    at Object.&lt;anonymous&gt; (/home/osarugue-enehizena/Documents/code-projects/work/creativeferry/forage/forage-stores-backend/test/admin-focused.e2e-spec.ts:44:16)</failure>
    </testcase>
    <testcase classname="Admin Module - Focused Tests (e2e)  Growth Users Management" name="should get detailed stats for growth user" time="0">
      <failure>Error: Failed to login user: {&quot;statusCode&quot;:429,&quot;message&quot;:&quot;ThrottlerException: Too Many Requests&quot;}
    at TestHelpers.createUserAndGetToken (/home/osarugue-enehizena/Documents/code-projects/work/creativeferry/forage/forage-stores-backend/test/helpers/test.helpers.ts:116:13)
    at processTicksAndRejections (node:internal/process/task_queues:95:5)
    at TestHelpers.createTestData (/home/osarugue-enehizena/Documents/code-projects/work/creativeferry/forage/forage-stores-backend/test/helpers/test.helpers.ts:179:34)
    at Object.&lt;anonymous&gt; (/home/osarugue-enehizena/Documents/code-projects/work/creativeferry/forage/forage-stores-backend/test/admin-focused.e2e-spec.ts:44:16)</failure>
    </testcase>
    <testcase classname="Admin Module - Focused Tests (e2e)  Growth Users Management" name="should filter growth users by role" time="0">
      <failure>Error: Failed to login user: {&quot;statusCode&quot;:429,&quot;message&quot;:&quot;ThrottlerException: Too Many Requests&quot;}
    at TestHelpers.createUserAndGetToken (/home/osarugue-enehizena/Documents/code-projects/work/creativeferry/forage/forage-stores-backend/test/helpers/test.helpers.ts:116:13)
    at processTicksAndRejections (node:internal/process/task_queues:95:5)
    at TestHelpers.createTestData (/home/osarugue-enehizena/Documents/code-projects/work/creativeferry/forage/forage-stores-backend/test/helpers/test.helpers.ts:179:34)
    at Object.&lt;anonymous&gt; (/home/osarugue-enehizena/Documents/code-projects/work/creativeferry/forage/forage-stores-backend/test/admin-focused.e2e-spec.ts:44:16)</failure>
    </testcase>
    <testcase classname="Admin Module - Focused Tests (e2e)  Withdrawal Management" name="should get pending withdrawals" time="0">
      <failure>Error: Failed to login user: {&quot;statusCode&quot;:429,&quot;message&quot;:&quot;ThrottlerException: Too Many Requests&quot;}
    at TestHelpers.createUserAndGetToken (/home/osarugue-enehizena/Documents/code-projects/work/creativeferry/forage/forage-stores-backend/test/helpers/test.helpers.ts:116:13)
    at processTicksAndRejections (node:internal/process/task_queues:95:5)
    at TestHelpers.createTestData (/home/osarugue-enehizena/Documents/code-projects/work/creativeferry/forage/forage-stores-backend/test/helpers/test.helpers.ts:179:34)
    at Object.&lt;anonymous&gt; (/home/osarugue-enehizena/Documents/code-projects/work/creativeferry/forage/forage-stores-backend/test/admin-focused.e2e-spec.ts:44:16)</failure>
      <failure>TypeError: Cannot read properties of undefined (reading &apos;user&apos;)
    at Object.&lt;anonymous&gt; (/home/osarugue-enehizena/Documents/code-projects/work/creativeferry/forage/forage-stores-backend/test/admin-focused.e2e-spec.ts:446:70)
    at Promise.then.completed (/home/osarugue-enehizena/Documents/code-projects/work/creativeferry/forage/forage-stores-backend/node_modules/jest-circus/build/utils.js:298:28)
    at new Promise (&lt;anonymous&gt;)
    at callAsyncCircusFn (/home/osarugue-enehizena/Documents/code-projects/work/creativeferry/forage/forage-stores-backend/node_modules/jest-circus/build/utils.js:231:10)
    at _callCircusHook (/home/osarugue-enehizena/Documents/code-projects/work/creativeferry/forage/forage-stores-backend/node_modules/jest-circus/build/run.js:281:40)
    at processTicksAndRejections (node:internal/process/task_queues:95:5)
    at _runTestsForDescribeBlock (/home/osarugue-enehizena/Documents/code-projects/work/creativeferry/forage/forage-stores-backend/node_modules/jest-circus/build/run.js:95:7)
    at _runTestsForDescribeBlock (/home/osarugue-enehizena/Documents/code-projects/work/creativeferry/forage/forage-stores-backend/node_modules/jest-circus/build/run.js:121:9)
    at _runTestsForDescribeBlock (/home/osarugue-enehizena/Documents/code-projects/work/creativeferry/forage/forage-stores-backend/node_modules/jest-circus/build/run.js:121:9)
    at run (/home/osarugue-enehizena/Documents/code-projects/work/creativeferry/forage/forage-stores-backend/node_modules/jest-circus/build/run.js:71:3)
    at runAndTransformResultsToJestFormat (/home/osarugue-enehizena/Documents/code-projects/work/creativeferry/forage/forage-stores-backend/node_modules/jest-circus/build/legacy-code-todo-rewrite/jestAdapterInit.js:122:21)
    at jestAdapter (/home/osarugue-enehizena/Documents/code-projects/work/creativeferry/forage/forage-stores-backend/node_modules/jest-circus/build/legacy-code-todo-rewrite/jestAdapter.js:79:19)
    at runTestInternal (/home/osarugue-enehizena/Documents/code-projects/work/creativeferry/forage/forage-stores-backend/node_modules/jest-runner/build/runTest.js:367:16)
    at runTest (/home/osarugue-enehizena/Documents/code-projects/work/creativeferry/forage/forage-stores-backend/node_modules/jest-runner/build/runTest.js:444:34)
    at Object.worker (/home/osarugue-enehizena/Documents/code-projects/work/creativeferry/forage/forage-stores-backend/node_modules/jest-runner/build/testWorker.js:106:12)</failure>
    </testcase>
    <testcase classname="Admin Module - Focused Tests (e2e)  Withdrawal Management" name="should approve withdrawal with valid admin password" time="0">
      <failure>Error: Failed to login user: {&quot;statusCode&quot;:429,&quot;message&quot;:&quot;ThrottlerException: Too Many Requests&quot;}
    at TestHelpers.createUserAndGetToken (/home/osarugue-enehizena/Documents/code-projects/work/creativeferry/forage/forage-stores-backend/test/helpers/test.helpers.ts:116:13)
    at processTicksAndRejections (node:internal/process/task_queues:95:5)
    at TestHelpers.createTestData (/home/osarugue-enehizena/Documents/code-projects/work/creativeferry/forage/forage-stores-backend/test/helpers/test.helpers.ts:179:34)
    at Object.&lt;anonymous&gt; (/home/osarugue-enehizena/Documents/code-projects/work/creativeferry/forage/forage-stores-backend/test/admin-focused.e2e-spec.ts:44:16)</failure>
      <failure>TypeError: Cannot read properties of undefined (reading &apos;user&apos;)
    at Object.&lt;anonymous&gt; (/home/osarugue-enehizena/Documents/code-projects/work/creativeferry/forage/forage-stores-backend/test/admin-focused.e2e-spec.ts:446:70)
    at Promise.then.completed (/home/osarugue-enehizena/Documents/code-projects/work/creativeferry/forage/forage-stores-backend/node_modules/jest-circus/build/utils.js:298:28)
    at new Promise (&lt;anonymous&gt;)
    at callAsyncCircusFn (/home/osarugue-enehizena/Documents/code-projects/work/creativeferry/forage/forage-stores-backend/node_modules/jest-circus/build/utils.js:231:10)
    at _callCircusHook (/home/osarugue-enehizena/Documents/code-projects/work/creativeferry/forage/forage-stores-backend/node_modules/jest-circus/build/run.js:281:40)
    at processTicksAndRejections (node:internal/process/task_queues:95:5)
    at _runTestsForDescribeBlock (/home/osarugue-enehizena/Documents/code-projects/work/creativeferry/forage/forage-stores-backend/node_modules/jest-circus/build/run.js:95:7)
    at _runTestsForDescribeBlock (/home/osarugue-enehizena/Documents/code-projects/work/creativeferry/forage/forage-stores-backend/node_modules/jest-circus/build/run.js:121:9)
    at _runTestsForDescribeBlock (/home/osarugue-enehizena/Documents/code-projects/work/creativeferry/forage/forage-stores-backend/node_modules/jest-circus/build/run.js:121:9)
    at run (/home/osarugue-enehizena/Documents/code-projects/work/creativeferry/forage/forage-stores-backend/node_modules/jest-circus/build/run.js:71:3)
    at runAndTransformResultsToJestFormat (/home/osarugue-enehizena/Documents/code-projects/work/creativeferry/forage/forage-stores-backend/node_modules/jest-circus/build/legacy-code-todo-rewrite/jestAdapterInit.js:122:21)
    at jestAdapter (/home/osarugue-enehizena/Documents/code-projects/work/creativeferry/forage/forage-stores-backend/node_modules/jest-circus/build/legacy-code-todo-rewrite/jestAdapter.js:79:19)
    at runTestInternal (/home/osarugue-enehizena/Documents/code-projects/work/creativeferry/forage/forage-stores-backend/node_modules/jest-runner/build/runTest.js:367:16)
    at runTest (/home/osarugue-enehizena/Documents/code-projects/work/creativeferry/forage/forage-stores-backend/node_modules/jest-runner/build/runTest.js:444:34)
    at Object.worker (/home/osarugue-enehizena/Documents/code-projects/work/creativeferry/forage/forage-stores-backend/node_modules/jest-runner/build/testWorker.js:106:12)</failure>
    </testcase>
    <testcase classname="Admin Module - Focused Tests (e2e)  Withdrawal Management" name="should reject withdrawal request" time="0">
      <failure>Error: Failed to login user: {&quot;statusCode&quot;:429,&quot;message&quot;:&quot;ThrottlerException: Too Many Requests&quot;}
    at TestHelpers.createUserAndGetToken (/home/osarugue-enehizena/Documents/code-projects/work/creativeferry/forage/forage-stores-backend/test/helpers/test.helpers.ts:116:13)
    at processTicksAndRejections (node:internal/process/task_queues:95:5)
    at TestHelpers.createTestData (/home/osarugue-enehizena/Documents/code-projects/work/creativeferry/forage/forage-stores-backend/test/helpers/test.helpers.ts:179:34)
    at Object.&lt;anonymous&gt; (/home/osarugue-enehizena/Documents/code-projects/work/creativeferry/forage/forage-stores-backend/test/admin-focused.e2e-spec.ts:44:16)</failure>
      <failure>TypeError: Cannot read properties of undefined (reading &apos;user&apos;)
    at Object.&lt;anonymous&gt; (/home/osarugue-enehizena/Documents/code-projects/work/creativeferry/forage/forage-stores-backend/test/admin-focused.e2e-spec.ts:446:70)
    at Promise.then.completed (/home/osarugue-enehizena/Documents/code-projects/work/creativeferry/forage/forage-stores-backend/node_modules/jest-circus/build/utils.js:298:28)
    at new Promise (&lt;anonymous&gt;)
    at callAsyncCircusFn (/home/osarugue-enehizena/Documents/code-projects/work/creativeferry/forage/forage-stores-backend/node_modules/jest-circus/build/utils.js:231:10)
    at _callCircusHook (/home/osarugue-enehizena/Documents/code-projects/work/creativeferry/forage/forage-stores-backend/node_modules/jest-circus/build/run.js:281:40)
    at processTicksAndRejections (node:internal/process/task_queues:95:5)
    at _runTestsForDescribeBlock (/home/osarugue-enehizena/Documents/code-projects/work/creativeferry/forage/forage-stores-backend/node_modules/jest-circus/build/run.js:95:7)
    at _runTestsForDescribeBlock (/home/osarugue-enehizena/Documents/code-projects/work/creativeferry/forage/forage-stores-backend/node_modules/jest-circus/build/run.js:121:9)
    at _runTestsForDescribeBlock (/home/osarugue-enehizena/Documents/code-projects/work/creativeferry/forage/forage-stores-backend/node_modules/jest-circus/build/run.js:121:9)
    at run (/home/osarugue-enehizena/Documents/code-projects/work/creativeferry/forage/forage-stores-backend/node_modules/jest-circus/build/run.js:71:3)
    at runAndTransformResultsToJestFormat (/home/osarugue-enehizena/Documents/code-projects/work/creativeferry/forage/forage-stores-backend/node_modules/jest-circus/build/legacy-code-todo-rewrite/jestAdapterInit.js:122:21)
    at jestAdapter (/home/osarugue-enehizena/Documents/code-projects/work/creativeferry/forage/forage-stores-backend/node_modules/jest-circus/build/legacy-code-todo-rewrite/jestAdapter.js:79:19)
    at runTestInternal (/home/osarugue-enehizena/Documents/code-projects/work/creativeferry/forage/forage-stores-backend/node_modules/jest-runner/build/runTest.js:367:16)
    at runTest (/home/osarugue-enehizena/Documents/code-projects/work/creativeferry/forage/forage-stores-backend/node_modules/jest-runner/build/runTest.js:444:34)
    at Object.worker (/home/osarugue-enehizena/Documents/code-projects/work/creativeferry/forage/forage-stores-backend/node_modules/jest-runner/build/testWorker.js:106:12)</failure>
    </testcase>
    <testcase classname="Admin Module - Focused Tests (e2e)  Withdrawal Management" name="should bulk process withdrawals" time="0">
      <failure>Error: Failed to login user: {&quot;statusCode&quot;:429,&quot;message&quot;:&quot;ThrottlerException: Too Many Requests&quot;}
    at TestHelpers.createUserAndGetToken (/home/osarugue-enehizena/Documents/code-projects/work/creativeferry/forage/forage-stores-backend/test/helpers/test.helpers.ts:116:13)
    at processTicksAndRejections (node:internal/process/task_queues:95:5)
    at TestHelpers.createTestData (/home/osarugue-enehizena/Documents/code-projects/work/creativeferry/forage/forage-stores-backend/test/helpers/test.helpers.ts:179:34)
    at Object.&lt;anonymous&gt; (/home/osarugue-enehizena/Documents/code-projects/work/creativeferry/forage/forage-stores-backend/test/admin-focused.e2e-spec.ts:44:16)</failure>
      <failure>TypeError: Cannot read properties of undefined (reading &apos;user&apos;)
    at Object.&lt;anonymous&gt; (/home/osarugue-enehizena/Documents/code-projects/work/creativeferry/forage/forage-stores-backend/test/admin-focused.e2e-spec.ts:446:70)
    at Promise.then.completed (/home/osarugue-enehizena/Documents/code-projects/work/creativeferry/forage/forage-stores-backend/node_modules/jest-circus/build/utils.js:298:28)
    at new Promise (&lt;anonymous&gt;)
    at callAsyncCircusFn (/home/osarugue-enehizena/Documents/code-projects/work/creativeferry/forage/forage-stores-backend/node_modules/jest-circus/build/utils.js:231:10)
    at _callCircusHook (/home/osarugue-enehizena/Documents/code-projects/work/creativeferry/forage/forage-stores-backend/node_modules/jest-circus/build/run.js:281:40)
    at processTicksAndRejections (node:internal/process/task_queues:95:5)
    at _runTestsForDescribeBlock (/home/osarugue-enehizena/Documents/code-projects/work/creativeferry/forage/forage-stores-backend/node_modules/jest-circus/build/run.js:95:7)
    at _runTestsForDescribeBlock (/home/osarugue-enehizena/Documents/code-projects/work/creativeferry/forage/forage-stores-backend/node_modules/jest-circus/build/run.js:121:9)
    at _runTestsForDescribeBlock (/home/osarugue-enehizena/Documents/code-projects/work/creativeferry/forage/forage-stores-backend/node_modules/jest-circus/build/run.js:121:9)
    at run (/home/osarugue-enehizena/Documents/code-projects/work/creativeferry/forage/forage-stores-backend/node_modules/jest-circus/build/run.js:71:3)
    at runAndTransformResultsToJestFormat (/home/osarugue-enehizena/Documents/code-projects/work/creativeferry/forage/forage-stores-backend/node_modules/jest-circus/build/legacy-code-todo-rewrite/jestAdapterInit.js:122:21)
    at jestAdapter (/home/osarugue-enehizena/Documents/code-projects/work/creativeferry/forage/forage-stores-backend/node_modules/jest-circus/build/legacy-code-todo-rewrite/jestAdapter.js:79:19)
    at runTestInternal (/home/osarugue-enehizena/Documents/code-projects/work/creativeferry/forage/forage-stores-backend/node_modules/jest-runner/build/runTest.js:367:16)
    at runTest (/home/osarugue-enehizena/Documents/code-projects/work/creativeferry/forage/forage-stores-backend/node_modules/jest-runner/build/runTest.js:444:34)
    at Object.worker (/home/osarugue-enehizena/Documents/code-projects/work/creativeferry/forage/forage-stores-backend/node_modules/jest-runner/build/testWorker.js:106:12)</failure>
    </testcase>
    <testcase classname="Admin Module - Focused Tests (e2e)  Withdrawal Management" name="should validate admin password for withdrawal decisions" time="0">
      <failure>Error: Failed to login user: {&quot;statusCode&quot;:429,&quot;message&quot;:&quot;ThrottlerException: Too Many Requests&quot;}
    at TestHelpers.createUserAndGetToken (/home/osarugue-enehizena/Documents/code-projects/work/creativeferry/forage/forage-stores-backend/test/helpers/test.helpers.ts:116:13)
    at processTicksAndRejections (node:internal/process/task_queues:95:5)
    at TestHelpers.createTestData (/home/osarugue-enehizena/Documents/code-projects/work/creativeferry/forage/forage-stores-backend/test/helpers/test.helpers.ts:179:34)
    at Object.&lt;anonymous&gt; (/home/osarugue-enehizena/Documents/code-projects/work/creativeferry/forage/forage-stores-backend/test/admin-focused.e2e-spec.ts:44:16)</failure>
      <failure>TypeError: Cannot read properties of undefined (reading &apos;user&apos;)
    at Object.&lt;anonymous&gt; (/home/osarugue-enehizena/Documents/code-projects/work/creativeferry/forage/forage-stores-backend/test/admin-focused.e2e-spec.ts:446:70)
    at Promise.then.completed (/home/osarugue-enehizena/Documents/code-projects/work/creativeferry/forage/forage-stores-backend/node_modules/jest-circus/build/utils.js:298:28)
    at new Promise (&lt;anonymous&gt;)
    at callAsyncCircusFn (/home/osarugue-enehizena/Documents/code-projects/work/creativeferry/forage/forage-stores-backend/node_modules/jest-circus/build/utils.js:231:10)
    at _callCircusHook (/home/osarugue-enehizena/Documents/code-projects/work/creativeferry/forage/forage-stores-backend/node_modules/jest-circus/build/run.js:281:40)
    at processTicksAndRejections (node:internal/process/task_queues:95:5)
    at _runTestsForDescribeBlock (/home/osarugue-enehizena/Documents/code-projects/work/creativeferry/forage/forage-stores-backend/node_modules/jest-circus/build/run.js:95:7)
    at _runTestsForDescribeBlock (/home/osarugue-enehizena/Documents/code-projects/work/creativeferry/forage/forage-stores-backend/node_modules/jest-circus/build/run.js:121:9)
    at _runTestsForDescribeBlock (/home/osarugue-enehizena/Documents/code-projects/work/creativeferry/forage/forage-stores-backend/node_modules/jest-circus/build/run.js:121:9)
    at run (/home/osarugue-enehizena/Documents/code-projects/work/creativeferry/forage/forage-stores-backend/node_modules/jest-circus/build/run.js:71:3)
    at runAndTransformResultsToJestFormat (/home/osarugue-enehizena/Documents/code-projects/work/creativeferry/forage/forage-stores-backend/node_modules/jest-circus/build/legacy-code-todo-rewrite/jestAdapterInit.js:122:21)
    at jestAdapter (/home/osarugue-enehizena/Documents/code-projects/work/creativeferry/forage/forage-stores-backend/node_modules/jest-circus/build/legacy-code-todo-rewrite/jestAdapter.js:79:19)
    at runTestInternal (/home/osarugue-enehizena/Documents/code-projects/work/creativeferry/forage/forage-stores-backend/node_modules/jest-runner/build/runTest.js:367:16)
    at runTest (/home/osarugue-enehizena/Documents/code-projects/work/creativeferry/forage/forage-stores-backend/node_modules/jest-runner/build/runTest.js:444:34)
    at Object.worker (/home/osarugue-enehizena/Documents/code-projects/work/creativeferry/forage/forage-stores-backend/node_modules/jest-runner/build/testWorker.js:106:12)</failure>
    </testcase>
    <testcase classname="Admin Module - Focused Tests (e2e)  Referral Commission Override" name="should override referral commission" time="0">
      <failure>Error: Failed to login user: {&quot;statusCode&quot;:429,&quot;message&quot;:&quot;ThrottlerException: Too Many Requests&quot;}
    at TestHelpers.createUserAndGetToken (/home/osarugue-enehizena/Documents/code-projects/work/creativeferry/forage/forage-stores-backend/test/helpers/test.helpers.ts:116:13)
    at processTicksAndRejections (node:internal/process/task_queues:95:5)
    at TestHelpers.createTestData (/home/osarugue-enehizena/Documents/code-projects/work/creativeferry/forage/forage-stores-backend/test/helpers/test.helpers.ts:179:34)
    at Object.&lt;anonymous&gt; (/home/osarugue-enehizena/Documents/code-projects/work/creativeferry/forage/forage-stores-backend/test/admin-focused.e2e-spec.ts:44:16)</failure>
      <failure>TypeError: Cannot read properties of undefined (reading &apos;growthAssociate&apos;)
    at Object.&lt;anonymous&gt; (/home/osarugue-enehizena/Documents/code-projects/work/creativeferry/forage/forage-stores-backend/test/admin-focused.e2e-spec.ts:534:18)
    at Promise.then.completed (/home/osarugue-enehizena/Documents/code-projects/work/creativeferry/forage/forage-stores-backend/node_modules/jest-circus/build/utils.js:298:28)
    at new Promise (&lt;anonymous&gt;)
    at callAsyncCircusFn (/home/osarugue-enehizena/Documents/code-projects/work/creativeferry/forage/forage-stores-backend/node_modules/jest-circus/build/utils.js:231:10)
    at _callCircusHook (/home/osarugue-enehizena/Documents/code-projects/work/creativeferry/forage/forage-stores-backend/node_modules/jest-circus/build/run.js:281:40)
    at processTicksAndRejections (node:internal/process/task_queues:95:5)
    at _runTestsForDescribeBlock (/home/osarugue-enehizena/Documents/code-projects/work/creativeferry/forage/forage-stores-backend/node_modules/jest-circus/build/run.js:95:7)
    at _runTestsForDescribeBlock (/home/osarugue-enehizena/Documents/code-projects/work/creativeferry/forage/forage-stores-backend/node_modules/jest-circus/build/run.js:121:9)
    at _runTestsForDescribeBlock (/home/osarugue-enehizena/Documents/code-projects/work/creativeferry/forage/forage-stores-backend/node_modules/jest-circus/build/run.js:121:9)
    at run (/home/osarugue-enehizena/Documents/code-projects/work/creativeferry/forage/forage-stores-backend/node_modules/jest-circus/build/run.js:71:3)
    at runAndTransformResultsToJestFormat (/home/osarugue-enehizena/Documents/code-projects/work/creativeferry/forage/forage-stores-backend/node_modules/jest-circus/build/legacy-code-todo-rewrite/jestAdapterInit.js:122:21)
    at jestAdapter (/home/osarugue-enehizena/Documents/code-projects/work/creativeferry/forage/forage-stores-backend/node_modules/jest-circus/build/legacy-code-todo-rewrite/jestAdapter.js:79:19)
    at runTestInternal (/home/osarugue-enehizena/Documents/code-projects/work/creativeferry/forage/forage-stores-backend/node_modules/jest-runner/build/runTest.js:367:16)
    at runTest (/home/osarugue-enehizena/Documents/code-projects/work/creativeferry/forage/forage-stores-backend/node_modules/jest-runner/build/runTest.js:444:34)
    at Object.worker (/home/osarugue-enehizena/Documents/code-projects/work/creativeferry/forage/forage-stores-backend/node_modules/jest-runner/build/testWorker.js:106:12)</failure>
    </testcase>
    <testcase classname="Admin Module - Focused Tests (e2e)  Referral Commission Override" name="should get commission override history" time="0">
      <failure>Error: Failed to login user: {&quot;statusCode&quot;:429,&quot;message&quot;:&quot;ThrottlerException: Too Many Requests&quot;}
    at TestHelpers.createUserAndGetToken (/home/osarugue-enehizena/Documents/code-projects/work/creativeferry/forage/forage-stores-backend/test/helpers/test.helpers.ts:116:13)
    at processTicksAndRejections (node:internal/process/task_queues:95:5)
    at TestHelpers.createTestData (/home/osarugue-enehizena/Documents/code-projects/work/creativeferry/forage/forage-stores-backend/test/helpers/test.helpers.ts:179:34)
    at Object.&lt;anonymous&gt; (/home/osarugue-enehizena/Documents/code-projects/work/creativeferry/forage/forage-stores-backend/test/admin-focused.e2e-spec.ts:44:16)</failure>
      <failure>TypeError: Cannot read properties of undefined (reading &apos;growthAssociate&apos;)
    at Object.&lt;anonymous&gt; (/home/osarugue-enehizena/Documents/code-projects/work/creativeferry/forage/forage-stores-backend/test/admin-focused.e2e-spec.ts:534:18)
    at Promise.then.completed (/home/osarugue-enehizena/Documents/code-projects/work/creativeferry/forage/forage-stores-backend/node_modules/jest-circus/build/utils.js:298:28)
    at new Promise (&lt;anonymous&gt;)
    at callAsyncCircusFn (/home/osarugue-enehizena/Documents/code-projects/work/creativeferry/forage/forage-stores-backend/node_modules/jest-circus/build/utils.js:231:10)
    at _callCircusHook (/home/osarugue-enehizena/Documents/code-projects/work/creativeferry/forage/forage-stores-backend/node_modules/jest-circus/build/run.js:281:40)
    at processTicksAndRejections (node:internal/process/task_queues:95:5)
    at _runTestsForDescribeBlock (/home/osarugue-enehizena/Documents/code-projects/work/creativeferry/forage/forage-stores-backend/node_modules/jest-circus/build/run.js:95:7)
    at _runTestsForDescribeBlock (/home/osarugue-enehizena/Documents/code-projects/work/creativeferry/forage/forage-stores-backend/node_modules/jest-circus/build/run.js:121:9)
    at _runTestsForDescribeBlock (/home/osarugue-enehizena/Documents/code-projects/work/creativeferry/forage/forage-stores-backend/node_modules/jest-circus/build/run.js:121:9)
    at run (/home/osarugue-enehizena/Documents/code-projects/work/creativeferry/forage/forage-stores-backend/node_modules/jest-circus/build/run.js:71:3)
    at runAndTransformResultsToJestFormat (/home/osarugue-enehizena/Documents/code-projects/work/creativeferry/forage/forage-stores-backend/node_modules/jest-circus/build/legacy-code-todo-rewrite/jestAdapterInit.js:122:21)
    at jestAdapter (/home/osarugue-enehizena/Documents/code-projects/work/creativeferry/forage/forage-stores-backend/node_modules/jest-circus/build/legacy-code-todo-rewrite/jestAdapter.js:79:19)
    at runTestInternal (/home/osarugue-enehizena/Documents/code-projects/work/creativeferry/forage/forage-stores-backend/node_modules/jest-runner/build/runTest.js:367:16)
    at runTest (/home/osarugue-enehizena/Documents/code-projects/work/creativeferry/forage/forage-stores-backend/node_modules/jest-runner/build/runTest.js:444:34)
    at Object.worker (/home/osarugue-enehizena/Documents/code-projects/work/creativeferry/forage/forage-stores-backend/node_modules/jest-runner/build/testWorker.js:106:12)</failure>
    </testcase>
    <testcase classname="Admin Module - Focused Tests (e2e)  Referral Commission Override" name="should get referral commission history" time="0">
      <failure>Error: Failed to login user: {&quot;statusCode&quot;:429,&quot;message&quot;:&quot;ThrottlerException: Too Many Requests&quot;}
    at TestHelpers.createUserAndGetToken (/home/osarugue-enehizena/Documents/code-projects/work/creativeferry/forage/forage-stores-backend/test/helpers/test.helpers.ts:116:13)
    at processTicksAndRejections (node:internal/process/task_queues:95:5)
    at TestHelpers.createTestData (/home/osarugue-enehizena/Documents/code-projects/work/creativeferry/forage/forage-stores-backend/test/helpers/test.helpers.ts:179:34)
    at Object.&lt;anonymous&gt; (/home/osarugue-enehizena/Documents/code-projects/work/creativeferry/forage/forage-stores-backend/test/admin-focused.e2e-spec.ts:44:16)</failure>
      <failure>TypeError: Cannot read properties of undefined (reading &apos;growthAssociate&apos;)
    at Object.&lt;anonymous&gt; (/home/osarugue-enehizena/Documents/code-projects/work/creativeferry/forage/forage-stores-backend/test/admin-focused.e2e-spec.ts:534:18)
    at Promise.then.completed (/home/osarugue-enehizena/Documents/code-projects/work/creativeferry/forage/forage-stores-backend/node_modules/jest-circus/build/utils.js:298:28)
    at new Promise (&lt;anonymous&gt;)
    at callAsyncCircusFn (/home/osarugue-enehizena/Documents/code-projects/work/creativeferry/forage/forage-stores-backend/node_modules/jest-circus/build/utils.js:231:10)
    at _callCircusHook (/home/osarugue-enehizena/Documents/code-projects/work/creativeferry/forage/forage-stores-backend/node_modules/jest-circus/build/run.js:281:40)
    at processTicksAndRejections (node:internal/process/task_queues:95:5)
    at _runTestsForDescribeBlock (/home/osarugue-enehizena/Documents/code-projects/work/creativeferry/forage/forage-stores-backend/node_modules/jest-circus/build/run.js:95:7)
    at _runTestsForDescribeBlock (/home/osarugue-enehizena/Documents/code-projects/work/creativeferry/forage/forage-stores-backend/node_modules/jest-circus/build/run.js:121:9)
    at _runTestsForDescribeBlock (/home/osarugue-enehizena/Documents/code-projects/work/creativeferry/forage/forage-stores-backend/node_modules/jest-circus/build/run.js:121:9)
    at run (/home/osarugue-enehizena/Documents/code-projects/work/creativeferry/forage/forage-stores-backend/node_modules/jest-circus/build/run.js:71:3)
    at runAndTransformResultsToJestFormat (/home/osarugue-enehizena/Documents/code-projects/work/creativeferry/forage/forage-stores-backend/node_modules/jest-circus/build/legacy-code-todo-rewrite/jestAdapterInit.js:122:21)
    at jestAdapter (/home/osarugue-enehizena/Documents/code-projects/work/creativeferry/forage/forage-stores-backend/node_modules/jest-circus/build/legacy-code-todo-rewrite/jestAdapter.js:79:19)
    at runTestInternal (/home/osarugue-enehizena/Documents/code-projects/work/creativeferry/forage/forage-stores-backend/node_modules/jest-runner/build/runTest.js:367:16)
    at runTest (/home/osarugue-enehizena/Documents/code-projects/work/creativeferry/forage/forage-stores-backend/node_modules/jest-runner/build/runTest.js:444:34)
    at Object.worker (/home/osarugue-enehizena/Documents/code-projects/work/creativeferry/forage/forage-stores-backend/node_modules/jest-runner/build/testWorker.js:106:12)</failure>
    </testcase>
    <testcase classname="Admin Module - Focused Tests (e2e)  Referral Commission Override" name="should validate admin password for commission override" time="0">
      <failure>Error: Failed to login user: {&quot;statusCode&quot;:429,&quot;message&quot;:&quot;ThrottlerException: Too Many Requests&quot;}
    at TestHelpers.createUserAndGetToken (/home/osarugue-enehizena/Documents/code-projects/work/creativeferry/forage/forage-stores-backend/test/helpers/test.helpers.ts:116:13)
    at processTicksAndRejections (node:internal/process/task_queues:95:5)
    at TestHelpers.createTestData (/home/osarugue-enehizena/Documents/code-projects/work/creativeferry/forage/forage-stores-backend/test/helpers/test.helpers.ts:179:34)
    at Object.&lt;anonymous&gt; (/home/osarugue-enehizena/Documents/code-projects/work/creativeferry/forage/forage-stores-backend/test/admin-focused.e2e-spec.ts:44:16)</failure>
      <failure>TypeError: Cannot read properties of undefined (reading &apos;growthAssociate&apos;)
    at Object.&lt;anonymous&gt; (/home/osarugue-enehizena/Documents/code-projects/work/creativeferry/forage/forage-stores-backend/test/admin-focused.e2e-spec.ts:534:18)
    at Promise.then.completed (/home/osarugue-enehizena/Documents/code-projects/work/creativeferry/forage/forage-stores-backend/node_modules/jest-circus/build/utils.js:298:28)
    at new Promise (&lt;anonymous&gt;)
    at callAsyncCircusFn (/home/osarugue-enehizena/Documents/code-projects/work/creativeferry/forage/forage-stores-backend/node_modules/jest-circus/build/utils.js:231:10)
    at _callCircusHook (/home/osarugue-enehizena/Documents/code-projects/work/creativeferry/forage/forage-stores-backend/node_modules/jest-circus/build/run.js:281:40)
    at processTicksAndRejections (node:internal/process/task_queues:95:5)
    at _runTestsForDescribeBlock (/home/osarugue-enehizena/Documents/code-projects/work/creativeferry/forage/forage-stores-backend/node_modules/jest-circus/build/run.js:95:7)
    at _runTestsForDescribeBlock (/home/osarugue-enehizena/Documents/code-projects/work/creativeferry/forage/forage-stores-backend/node_modules/jest-circus/build/run.js:121:9)
    at _runTestsForDescribeBlock (/home/osarugue-enehizena/Documents/code-projects/work/creativeferry/forage/forage-stores-backend/node_modules/jest-circus/build/run.js:121:9)
    at run (/home/osarugue-enehizena/Documents/code-projects/work/creativeferry/forage/forage-stores-backend/node_modules/jest-circus/build/run.js:71:3)
    at runAndTransformResultsToJestFormat (/home/osarugue-enehizena/Documents/code-projects/work/creativeferry/forage/forage-stores-backend/node_modules/jest-circus/build/legacy-code-todo-rewrite/jestAdapterInit.js:122:21)
    at jestAdapter (/home/osarugue-enehizena/Documents/code-projects/work/creativeferry/forage/forage-stores-backend/node_modules/jest-circus/build/legacy-code-todo-rewrite/jestAdapter.js:79:19)
    at runTestInternal (/home/osarugue-enehizena/Documents/code-projects/work/creativeferry/forage/forage-stores-backend/node_modules/jest-runner/build/runTest.js:367:16)
    at runTest (/home/osarugue-enehizena/Documents/code-projects/work/creativeferry/forage/forage-stores-backend/node_modules/jest-runner/build/runTest.js:444:34)
    at Object.worker (/home/osarugue-enehizena/Documents/code-projects/work/creativeferry/forage/forage-stores-backend/node_modules/jest-runner/build/testWorker.js:106:12)</failure>
    </testcase>
    <testcase classname="Admin Module - Focused Tests (e2e)  Profit Pool Management" name="should get all profit pools" time="0.001">
      <failure>Error: Failed to login user: {&quot;statusCode&quot;:429,&quot;message&quot;:&quot;ThrottlerException: Too Many Requests&quot;}
    at TestHelpers.createUserAndGetToken (/home/osarugue-enehizena/Documents/code-projects/work/creativeferry/forage/forage-stores-backend/test/helpers/test.helpers.ts:116:13)
    at processTicksAndRejections (node:internal/process/task_queues:95:5)
    at TestHelpers.createTestData (/home/osarugue-enehizena/Documents/code-projects/work/creativeferry/forage/forage-stores-backend/test/helpers/test.helpers.ts:179:34)
    at Object.&lt;anonymous&gt; (/home/osarugue-enehizena/Documents/code-projects/work/creativeferry/forage/forage-stores-backend/test/admin-focused.e2e-spec.ts:44:16)</failure>
    </testcase>
    <testcase classname="Admin Module - Focused Tests (e2e)  Profit Pool Management" name="should get profit pool details" time="0">
      <failure>Error: Failed to login user: {&quot;statusCode&quot;:429,&quot;message&quot;:&quot;ThrottlerException: Too Many Requests&quot;}
    at TestHelpers.createUserAndGetToken (/home/osarugue-enehizena/Documents/code-projects/work/creativeferry/forage/forage-stores-backend/test/helpers/test.helpers.ts:116:13)
    at processTicksAndRejections (node:internal/process/task_queues:95:5)
    at TestHelpers.createTestData (/home/osarugue-enehizena/Documents/code-projects/work/creativeferry/forage/forage-stores-backend/test/helpers/test.helpers.ts:179:34)
    at Object.&lt;anonymous&gt; (/home/osarugue-enehizena/Documents/code-projects/work/creativeferry/forage/forage-stores-backend/test/admin-focused.e2e-spec.ts:44:16)</failure>
    </testcase>
    <testcase classname="Admin Module - Focused Tests (e2e)  Profit Pool Management" name="should adjust profit pool distribution" time="0">
      <failure>Error: Failed to login user: {&quot;statusCode&quot;:429,&quot;message&quot;:&quot;ThrottlerException: Too Many Requests&quot;}
    at TestHelpers.createUserAndGetToken (/home/osarugue-enehizena/Documents/code-projects/work/creativeferry/forage/forage-stores-backend/test/helpers/test.helpers.ts:116:13)
    at processTicksAndRejections (node:internal/process/task_queues:95:5)
    at TestHelpers.createTestData (/home/osarugue-enehizena/Documents/code-projects/work/creativeferry/forage/forage-stores-backend/test/helpers/test.helpers.ts:179:34)
    at Object.&lt;anonymous&gt; (/home/osarugue-enehizena/Documents/code-projects/work/creativeferry/forage/forage-stores-backend/test/admin-focused.e2e-spec.ts:44:16)</failure>
    </testcase>
    <testcase classname="Admin Module - Focused Tests (e2e)  Profit Pool Management" name="should generate monthly profit pool report" time="0">
      <failure>Error: Failed to login user: {&quot;statusCode&quot;:429,&quot;message&quot;:&quot;ThrottlerException: Too Many Requests&quot;}
    at TestHelpers.createUserAndGetToken (/home/osarugue-enehizena/Documents/code-projects/work/creativeferry/forage/forage-stores-backend/test/helpers/test.helpers.ts:116:13)
    at processTicksAndRejections (node:internal/process/task_queues:95:5)
    at TestHelpers.createTestData (/home/osarugue-enehizena/Documents/code-projects/work/creativeferry/forage/forage-stores-backend/test/helpers/test.helpers.ts:179:34)
    at Object.&lt;anonymous&gt; (/home/osarugue-enehizena/Documents/code-projects/work/creativeferry/forage/forage-stores-backend/test/admin-focused.e2e-spec.ts:44:16)</failure>
    </testcase>
    <testcase classname="Admin Module - Focused Tests (e2e)  Profit Pool Management" name="should force redistribute profit pool" time="0">
      <failure>Error: Failed to login user: {&quot;statusCode&quot;:429,&quot;message&quot;:&quot;ThrottlerException: Too Many Requests&quot;}
    at TestHelpers.createUserAndGetToken (/home/osarugue-enehizena/Documents/code-projects/work/creativeferry/forage/forage-stores-backend/test/helpers/test.helpers.ts:116:13)
    at processTicksAndRejections (node:internal/process/task_queues:95:5)
    at TestHelpers.createTestData (/home/osarugue-enehizena/Documents/code-projects/work/creativeferry/forage/forage-stores-backend/test/helpers/test.helpers.ts:179:34)
    at Object.&lt;anonymous&gt; (/home/osarugue-enehizena/Documents/code-projects/work/creativeferry/forage/forage-stores-backend/test/admin-focused.e2e-spec.ts:44:16)</failure>
    </testcase>
    <testcase classname="Admin Module - Focused Tests (e2e)  Profit Pool Management" name="should validate admin password for profit pool operations" time="0">
      <failure>Error: Failed to login user: {&quot;statusCode&quot;:429,&quot;message&quot;:&quot;ThrottlerException: Too Many Requests&quot;}
    at TestHelpers.createUserAndGetToken (/home/osarugue-enehizena/Documents/code-projects/work/creativeferry/forage/forage-stores-backend/test/helpers/test.helpers.ts:116:13)
    at processTicksAndRejections (node:internal/process/task_queues:95:5)
    at TestHelpers.createTestData (/home/osarugue-enehizena/Documents/code-projects/work/creativeferry/forage/forage-stores-backend/test/helpers/test.helpers.ts:179:34)
    at Object.&lt;anonymous&gt; (/home/osarugue-enehizena/Documents/code-projects/work/creativeferry/forage/forage-stores-backend/test/admin-focused.e2e-spec.ts:44:16)</failure>
    </testcase>
    <testcase classname="Admin Module - Focused Tests (e2e)  Performance &amp; Reliability" name="should handle multiple concurrent requests" time="0">
      <failure>Error: Failed to login user: {&quot;statusCode&quot;:429,&quot;message&quot;:&quot;ThrottlerException: Too Many Requests&quot;}
    at TestHelpers.createUserAndGetToken (/home/osarugue-enehizena/Documents/code-projects/work/creativeferry/forage/forage-stores-backend/test/helpers/test.helpers.ts:116:13)
    at processTicksAndRejections (node:internal/process/task_queues:95:5)
    at TestHelpers.createTestData (/home/osarugue-enehizena/Documents/code-projects/work/creativeferry/forage/forage-stores-backend/test/helpers/test.helpers.ts:179:34)
    at Object.&lt;anonymous&gt; (/home/osarugue-enehizena/Documents/code-projects/work/creativeferry/forage/forage-stores-backend/test/admin-focused.e2e-spec.ts:44:16)</failure>
    </testcase>
    <testcase classname="Admin Module - Focused Tests (e2e)  Performance &amp; Reliability" name="should handle large dataset requests" time="0">
      <failure>Error: Failed to login user: {&quot;statusCode&quot;:429,&quot;message&quot;:&quot;ThrottlerException: Too Many Requests&quot;}
    at TestHelpers.createUserAndGetToken (/home/osarugue-enehizena/Documents/code-projects/work/creativeferry/forage/forage-stores-backend/test/helpers/test.helpers.ts:116:13)
    at processTicksAndRejections (node:internal/process/task_queues:95:5)
    at TestHelpers.createTestData (/home/osarugue-enehizena/Documents/code-projects/work/creativeferry/forage/forage-stores-backend/test/helpers/test.helpers.ts:179:34)
    at Object.&lt;anonymous&gt; (/home/osarugue-enehizena/Documents/code-projects/work/creativeferry/forage/forage-stores-backend/test/admin-focused.e2e-spec.ts:44:16)</failure>
    </testcase>
    <testcase classname="Admin Module - Focused Tests (e2e)  Performance &amp; Reliability" name="should handle concurrent wallet operations safely" time="0">
      <failure>Error: Failed to login user: {&quot;statusCode&quot;:429,&quot;message&quot;:&quot;ThrottlerException: Too Many Requests&quot;}
    at TestHelpers.createUserAndGetToken (/home/osarugue-enehizena/Documents/code-projects/work/creativeferry/forage/forage-stores-backend/test/helpers/test.helpers.ts:116:13)
    at processTicksAndRejections (node:internal/process/task_queues:95:5)
    at TestHelpers.createTestData (/home/osarugue-enehizena/Documents/code-projects/work/creativeferry/forage/forage-stores-backend/test/helpers/test.helpers.ts:179:34)
    at Object.&lt;anonymous&gt; (/home/osarugue-enehizena/Documents/code-projects/work/creativeferry/forage/forage-stores-backend/test/admin-focused.e2e-spec.ts:44:16)</failure>
    </testcase>
    <testcase classname="Admin Module - Focused Tests (e2e)  Security &amp; Validation" name="should require authentication for all admin endpoints" time="0">
      <failure>Error: Failed to login user: {&quot;statusCode&quot;:429,&quot;message&quot;:&quot;ThrottlerException: Too Many Requests&quot;}
    at TestHelpers.createUserAndGetToken (/home/osarugue-enehizena/Documents/code-projects/work/creativeferry/forage/forage-stores-backend/test/helpers/test.helpers.ts:116:13)
    at processTicksAndRejections (node:internal/process/task_queues:95:5)
    at TestHelpers.createTestData (/home/osarugue-enehizena/Documents/code-projects/work/creativeferry/forage/forage-stores-backend/test/helpers/test.helpers.ts:179:34)
    at Object.&lt;anonymous&gt; (/home/osarugue-enehizena/Documents/code-projects/work/creativeferry/forage/forage-stores-backend/test/admin-focused.e2e-spec.ts:44:16)</failure>
    </testcase>
    <testcase classname="Admin Module - Focused Tests (e2e)  Security &amp; Validation" name="should require admin role for all endpoints" time="0">
      <failure>Error: Failed to login user: {&quot;statusCode&quot;:429,&quot;message&quot;:&quot;ThrottlerException: Too Many Requests&quot;}
    at TestHelpers.createUserAndGetToken (/home/osarugue-enehizena/Documents/code-projects/work/creativeferry/forage/forage-stores-backend/test/helpers/test.helpers.ts:116:13)
    at processTicksAndRejections (node:internal/process/task_queues:95:5)
    at TestHelpers.createTestData (/home/osarugue-enehizena/Documents/code-projects/work/creativeferry/forage/forage-stores-backend/test/helpers/test.helpers.ts:179:34)
    at Object.&lt;anonymous&gt; (/home/osarugue-enehizena/Documents/code-projects/work/creativeferry/forage/forage-stores-backend/test/admin-focused.e2e-spec.ts:44:16)</failure>
    </testcase>
    <testcase classname="Admin Module - Focused Tests (e2e)  Security &amp; Validation" name="should validate input data types" time="0">
      <failure>Error: Failed to login user: {&quot;statusCode&quot;:429,&quot;message&quot;:&quot;ThrottlerException: Too Many Requests&quot;}
    at TestHelpers.createUserAndGetToken (/home/osarugue-enehizena/Documents/code-projects/work/creativeferry/forage/forage-stores-backend/test/helpers/test.helpers.ts:116:13)
    at processTicksAndRejections (node:internal/process/task_queues:95:5)
    at TestHelpers.createTestData (/home/osarugue-enehizena/Documents/code-projects/work/creativeferry/forage/forage-stores-backend/test/helpers/test.helpers.ts:179:34)
    at Object.&lt;anonymous&gt; (/home/osarugue-enehizena/Documents/code-projects/work/creativeferry/forage/forage-stores-backend/test/admin-focused.e2e-spec.ts:44:16)</failure>
    </testcase>
    <testcase classname="Admin Module - Focused Tests (e2e)  Security &amp; Validation" name="should handle malformed JSON gracefully" time="0">
      <failure>Error: Failed to login user: {&quot;statusCode&quot;:429,&quot;message&quot;:&quot;ThrottlerException: Too Many Requests&quot;}
    at TestHelpers.createUserAndGetToken (/home/osarugue-enehizena/Documents/code-projects/work/creativeferry/forage/forage-stores-backend/test/helpers/test.helpers.ts:116:13)
    at processTicksAndRejections (node:internal/process/task_queues:95:5)
    at TestHelpers.createTestData (/home/osarugue-enehizena/Documents/code-projects/work/creativeferry/forage/forage-stores-backend/test/helpers/test.helpers.ts:179:34)
    at Object.&lt;anonymous&gt; (/home/osarugue-enehizena/Documents/code-projects/work/creativeferry/forage/forage-stores-backend/test/admin-focused.e2e-spec.ts:44:16)</failure>
    </testcase>
    <testcase classname="Admin Module - Focused Tests (e2e)  Security &amp; Validation" name="should prevent SQL injection in queries" time="0">
      <failure>Error: Failed to login user: {&quot;statusCode&quot;:429,&quot;message&quot;:&quot;ThrottlerException: Too Many Requests&quot;}
    at TestHelpers.createUserAndGetToken (/home/osarugue-enehizena/Documents/code-projects/work/creativeferry/forage/forage-stores-backend/test/helpers/test.helpers.ts:116:13)
    at processTicksAndRejections (node:internal/process/task_queues:95:5)
    at TestHelpers.createTestData (/home/osarugue-enehizena/Documents/code-projects/work/creativeferry/forage/forage-stores-backend/test/helpers/test.helpers.ts:179:34)
    at Object.&lt;anonymous&gt; (/home/osarugue-enehizena/Documents/code-projects/work/creativeferry/forage/forage-stores-backend/test/admin-focused.e2e-spec.ts:44:16)</failure>
    </testcase>
    <testcase classname="Admin Module - Focused Tests (e2e)  Security &amp; Validation" name="should enforce rate limiting on sensitive operations" time="0">
      <failure>Error: Failed to login user: {&quot;statusCode&quot;:429,&quot;message&quot;:&quot;ThrottlerException: Too Many Requests&quot;}
    at TestHelpers.createUserAndGetToken (/home/osarugue-enehizena/Documents/code-projects/work/creativeferry/forage/forage-stores-backend/test/helpers/test.helpers.ts:116:13)
    at processTicksAndRejections (node:internal/process/task_queues:95:5)
    at TestHelpers.createTestData (/home/osarugue-enehizena/Documents/code-projects/work/creativeferry/forage/forage-stores-backend/test/helpers/test.helpers.ts:179:34)
    at Object.&lt;anonymous&gt; (/home/osarugue-enehizena/Documents/code-projects/work/creativeferry/forage/forage-stores-backend/test/admin-focused.e2e-spec.ts:44:16)</failure>
    </testcase>
  </testsuite>
</testsuites>